<?xml version="1.0" encoding="UTF-8"?>
<testsuite name="apiTests.NotesApiTests.NotesApiTests" tests="32" skipped="0" failures="0" errors="0" timestamp="2025-07-19T13:05:59" hostname="DESKTOP-7SJ24SJ" time="1147.388">
  <properties/>
  <testcase name="Проверка работоспособности сервера API" classname="apiTests.NotesApiTests.NotesApiTests" time="9.826"/>
  <testcase name="Создание заметки с некорректным Content-Type" classname="apiTests.NotesApiTests.NotesApiTests" time="3.743"/>
  <testcase name="Обновление несуществующей заметки" classname="apiTests.NotesApiTests.NotesApiTests" time="3.092"/>
  <testcase name="Создание заметки без токена" classname="apiTests.NotesApiTests.NotesApiTests" time="1.992"/>
  <testcase name="Удаление чужой заметки" classname="apiTests.NotesApiTests.NotesApiTests" time="2.198"/>
  <testcase name="Создание заметки с title &gt; 100 символов" classname="apiTests.NotesApiTests.NotesApiTests" time="1.906"/>
  <testcase name="Создание заметки с пустым title" classname="apiTests.NotesApiTests.NotesApiTests" time="1.932"/>
  <testcase name="Создание заметки" classname="apiTests.NotesApiTests.NotesApiTests" time="1.997"/>
  <testcase name="Обновление заметки по ID" classname="apiTests.NotesApiTests.NotesApiTests" time="4.009"/>
  <testcase name="Создание и получение заметки по ID" classname="apiTests.NotesApiTests.NotesApiTests" time="2.833"/>
  <testcase name="Создание заметки с неизвестной категорией" classname="apiTests.NotesApiTests.NotesApiTests" time="1.802"/>
  <testcase name="Взять все заметки" classname="apiTests.NotesApiTests.NotesApiTests" time="1.858"/>
  <testcase name="Обновление статуса Completed" classname="apiTests.NotesApiTests.NotesApiTests" time="2.603"/>
  <testcase name="Создание заметки с title &lt; 4 символов" classname="apiTests.NotesApiTests.NotesApiTests" time="1.912"/>
  <testcase name="Удаление заметки по Id" classname="apiTests.NotesApiTests.NotesApiTests" time="2.317"/>
  <testcase name="Обновление заметки без тела запроса" classname="apiTests.NotesApiTests.NotesApiTests" time="2.324"/>
  <testcase name="Проверка работоспособности сервера API" classname="apiTests.NotesApiTests.NotesApiTests" time="2.863"/>
  <testcase name="Создание заметки с некорректным Content-Type" classname="apiTests.NotesApiTests.NotesApiTests" time="3.088"/>
  <testcase name="Обновление несуществующей заметки" classname="apiTests.NotesApiTests.NotesApiTests" time="2.393"/>
  <testcase name="Создание заметки без токена" classname="apiTests.NotesApiTests.NotesApiTests" time="2.395"/>
  <testcase name="Удаление чужой заметки" classname="apiTests.NotesApiTests.NotesApiTests" time="2.208"/>
  <testcase name="Создание заметки с title &gt; 100 символов" classname="apiTests.NotesApiTests.NotesApiTests" time="1.836"/>
  <testcase name="Создание заметки с пустым title" classname="apiTests.NotesApiTests.NotesApiTests" time="1.885"/>
  <testcase name="Создание заметки" classname="apiTests.NotesApiTests.NotesApiTests" time="1.824"/>
  <testcase name="Обновление заметки по ID" classname="apiTests.NotesApiTests.NotesApiTests" time="2.101"/>
  <testcase name="Создание и получение заметки по ID" classname="apiTests.NotesApiTests.NotesApiTests" time="2.983"/>
  <testcase name="Создание заметки с неизвестной категорией" classname="apiTests.NotesApiTests.NotesApiTests" time="1.755"/>
  <testcase name="Взять все заметки" classname="apiTests.NotesApiTests.NotesApiTests" time="1.638"/>
  <testcase name="Обновление статуса Completed" classname="apiTests.NotesApiTests.NotesApiTests" time="2.702"/>
  <testcase name="Создание заметки с title &lt; 4 символов" classname="apiTests.NotesApiTests.NotesApiTests" time="2.729"/>
  <testcase name="Удаление заметки по Id" classname="apiTests.NotesApiTests.NotesApiTests" time="3.078"/>
  <testcase name="Обновление заметки без тела запроса" classname="apiTests.NotesApiTests.NotesApiTests" time="2.962"/>
  <system-out><![CDATA[Request URI:	https://practice.expandtesting.com/notes/api/users/register
HTTP/1.1 201 Created
access-control-allow-origin: *
access-control-allow-credentials: true
access-control-allow-methods: GET, POST, PUT, DELETE, PATCH
access-control-allow-headers: Origin, X-Requested-With, Authorization, Content-Type, Accept, X-Auth-Token
content-type: application/json; charset=utf-8
content-encoding: gzip
etag: W/"a6-B51zGGxX89UL70DG5XDNR6tSy/c"
set-cookie: express:sess=eyJmbGFzaCI6e319; path=/; httponly
set-cookie: express:sess.sig=tdt42nQZiQvICqmrvHQ1_16fHk0; path=/; httponly
date: Sat, 19 Jul 2025 13:06:06 GMT
connection: keep-alive
keep-alive: timeout=5
transfer-encoding: chunked

{
    "success": true,
    "status": 201,
    "message": "User account created successfully",
    "data": {
        "id": "687b983e9d1b4b028865d62c",
        "name": "null",
        "email": "alphonso.muller@yahoo.com"
    }
}
Request URI:	https://practice.expandtesting.com/notes/api/users/login
HTTP/1.1 200 OK
access-control-allow-origin: *
access-control-allow-credentials: true
access-control-allow-methods: GET, POST, PUT, DELETE, PATCH
access-control-allow-headers: Origin, X-Requested-With, Authorization, Content-Type, Accept, X-Auth-Token
content-type: application/json; charset=utf-8
content-encoding: gzip
etag: W/"e0-fvWgyHX0JCV4IOvtldfNxurtBOg"
set-cookie: express:sess=eyJmbGFzaCI6e319; path=/; httponly
set-cookie: express:sess.sig=tdt42nQZiQvICqmrvHQ1_16fHk0; path=/; httponly
date: Sat, 19 Jul 2025 13:06:07 GMT
connection: keep-alive
keep-alive: timeout=5
transfer-encoding: chunked

{
    "success": true,
    "status": 200,
    "message": "Login successful",
    "data": {
        "id": "687b983e9d1b4b028865d62c",
        "name": "null",
        "email": "alphonso.muller@yahoo.com",
        "token": "5f28f65c217e4e0dbebf26db2baddd85e084631173b04c86879876cefc01099b"
    }
}
Request URI:	https://practice.expandtesting.com/notes/api/health-check
HTTP/1.1 200 OK
access-control-allow-origin: *
access-control-allow-credentials: true
access-control-allow-methods: GET, POST, PUT, DELETE, PATCH
access-control-allow-headers: Origin, X-Requested-With, Authorization, Content-Type, Accept, X-Auth-Token
content-type: application/json; charset=utf-8
content-encoding: gzip
etag: W/"3e-FE3Nfnlblw5s6WOK197+HBp7tw8"
set-cookie: express:sess=eyJmbGFzaCI6e319; path=/; httponly
set-cookie: express:sess.sig=tdt42nQZiQvICqmrvHQ1_16fHk0; path=/; httponly
date: Sat, 19 Jul 2025 13:06:10 GMT
connection: keep-alive
keep-alive: timeout=5
transfer-encoding: chunked

{
    "success": true,
    "status": 200,
    "message": "Notes API is Running"
}
Request URI:	https://practice.expandtesting.com/notes/api/notes/me
Request URI:	https://practice.expandtesting.com/notes/api/users/register
Request URI:	https://practice.expandtesting.com/notes/api/users/register
HTTP/1.1 201 Created
access-control-allow-origin: *
access-control-allow-credentials: true
access-control-allow-methods: GET, POST, PUT, DELETE, PATCH
access-control-allow-headers: Origin, X-Requested-With, Authorization, Content-Type, Accept, X-Auth-Token
content-type: application/json; charset=utf-8
content-encoding: gzip
etag: W/"a3-o8UQ7zo99e3QzRumt/RJiX75HeQ"
set-cookie: express:sess=eyJmbGFzaCI6e319; path=/; httponly
set-cookie: express:sess.sig=tdt42nQZiQvICqmrvHQ1_16fHk0; path=/; httponly
date: Sat, 19 Jul 2025 13:06:11 GMT
connection: keep-alive
keep-alive: timeout=5
transfer-encoding: chunked

{
    "success": true,
    "status": 201,
    "message": "User account created successfully",
    "data": {
        "id": "687b98439d1b4b028865d634",
        "name": "null",
        "email": "jenae.carter@yahoo.com"
    }
}
Request URI:	https://practice.expandtesting.com/notes/api/users/login
Request URI:	https://practice.expandtesting.com/notes/api/users/login
HTTP/1.1 200 OK
access-control-allow-origin: *
access-control-allow-credentials: true
access-control-allow-methods: GET, POST, PUT, DELETE, PATCH
access-control-allow-headers: Origin, X-Requested-With, Authorization, Content-Type, Accept, X-Auth-Token
content-type: application/json; charset=utf-8
content-encoding: gzip
etag: W/"dd-rjoMkAJYX2hI8P/dK1hJJZpidAk"
set-cookie: express:sess=eyJmbGFzaCI6e319; path=/; httponly
set-cookie: express:sess.sig=tdt42nQZiQvICqmrvHQ1_16fHk0; path=/; httponly
date: Sat, 19 Jul 2025 13:06:12 GMT
connection: keep-alive
keep-alive: timeout=5
transfer-encoding: chunked

{
    "success": true,
    "status": 200,
    "message": "Login successful",
    "data": {
        "id": "687b98439d1b4b028865d634",
        "name": "null",
        "email": "jenae.carter@yahoo.com",
        "token": "01740071f69940ee86a884deadbbcd90bcc30ac0d47d49b09da34b9c244dc113"
    }
}
Request URI:	https://practice.expandtesting.com/notes/api/notes/
Request URI:	https://practice.expandtesting.com/notes/api/notes/
Request method:	PUT
Request URI:	https://practice.expandtesting.com/notes/api/notes/
Proxy:			<none>
Request params:	<none>
Query params:	<none>
Form params:	title=0v54ohnzsud
				description=Fuga dicta vel suscipit.
				category=Home
				completed=false
Path params:	<none>
Headers:		X-Auth-Token=01740071f69940ee86a884deadbbcd90bcc30ac0d47d49b09da34b9c244dc113
				Accept=*/*
				Content-Type=text/plain; charset=ISO-8859-1
Cookies:		<none>
Multiparts:		<none>
Body:			<none>
HTTP/1.1 404 Not Found
access-control-allow-origin: *
access-control-allow-credentials: true
access-control-allow-methods: GET, POST, PUT, DELETE, PATCH
access-control-allow-headers: Origin, X-Requested-With, Authorization, Content-Type, Accept, X-Auth-Token
content-type: text/html; charset=utf-8
content-encoding: gzip
etag: W/"6c6a-OnruAnPYWyFQ3jX6Sve1mkMpQ7g"
set-cookie: express:sess=eyJmbGFzaCI6e319; path=/; httponly
set-cookie: express:sess.sig=tdt42nQZiQvICqmrvHQ1_16fHk0; path=/; httponly
date: Sat, 19 Jul 2025 13:06:13 GMT
connection: keep-alive
keep-alive: timeout=5
transfer-encoding: chunked

<html lang="en">
  <head>
    <meta charset="utf-8"/>
    <meta name="viewport" content="width=device-width,initial-scale=1"/>
    <title>404 Page Not Found</title>
    <meta name="description" content="Practice Test Automation Website | Free Web UI and REST API Examples"/>
    <meta property="og:locale" content="en_US"/>
    <meta property="og:type" content="article"/>
    <link rel="canonical" href="https://practice.expandtesting.com/notes/api/notes/"/>
    <meta property="og:title" content="404 Page Not Found"/>
    <meta name="google-adsense-account" content="ca-pub-1056034821646296"/>
    <meta name="msvalidate.01" content="C7DB002AC3EF3CA1AFB65068DA704F2B"/>
    <link rel="shortcut icon" _="_" href="/assets/images/favicon.png" type="image/png"/>
    <link rel="apple-touch-icon" href="/apple-touch-icon.png"/>
    <link href="https://cdn.jsdelivr.net/npm/bootstrap@5.3.0-alpha1/dist/css/bootstrap.min.css" rel="stylesheet"/>
    <link rel="stylesheet" _="_" href="/assets/css/main.css?v=b7583271"/>
    <style>
		ins.adsbygoogle[data-ad-status="unfilled"] {
			display: none !important;
		}


		#contentbody {
			position: relative;
			margin: 0 auto;
			padding: 2px;
		}


		#menuleft {
			position: relative;
			overflow: hidden;
			float: left;
			width: 15%;
			height: auto;
			margin-top: 1em;
			z-index: 1;
		}


		#core {
			position: relative;
			margin-top: 1em;
			overflow: hidden;
			float: left;
			width: 65%;
			min-width: 500px;
			border-left: 1px solid #c3c3c3;
			border-right: 1px solid #c3c3c3;
		}


		#menuright {
			overflow: hidden;
			position: relative;
			float: left;
			width: 15%;
			height: auto;
			text-align: center;
			margin-top: 1em;
			z-index: 1;
		}
	</style>
    <script src="https://code.jquery.com/jquery-3.6.3.min.js"/>
    <script src="https://cdn.jsdelivr.net/npm/bootstrap@5.2.0/dist/js/bootstrap.bundle.min.js"/>
    <script src="https://cdnjs.cloudflare.com/ajax/libs/popper.js/1.12.9/umd/popper.min.js" crossorigin="anonymous"/>
    <script async="async" src="https://www.googletagmanager.com/gtag/js?id=G-90GRT6N40B"/>
    <script>
		window.dataLayer = window.dataLayer || [];
		function gtag() { dataLayer.push(arguments); }
		gtag('js', new Date());
		gtag('config', 'G-90GRT6N40B');
	</script>
    <script async="async" src="https://pagead2.googlesyndication.com/pagead/js/adsbygoogle.js?client=ca-pub-1056034821646296" crossorigin="anonymous"/>
    <script type="application/ld+json">
		{
			"@context": "https://schema.org",
			"@type": "WebPage",
			"name":  "404 Page Not Found",
			"inLanguage":"en-US",
			"url": "https://practice.expandtesting.com/notes/api/notes/",
			"description": "Practice Test Automation Website | Free Web UI and REST API Examples"
		}
	</script>
  </head>
  <body class="d-flex flex-column min-vh-100">
    <div class="ad-bar">
      <p class="text-center ad-bar-text me-1 ms-1">
        <a shape="rect" href="https://testifystack.com/">TestifyStack</a>

	    | Email, SMS, OTP and Webhooks Testing Stack for QA &amp; Dev
	        </p>
    </div>
    <div class="horizontal-divider" _="_" div="div"/>
    <header class="navbar navbar-expand-md navbar-dark sticky-top main-navbar">
      <nav class="container flex-wrap flex-md-nowrap" aria-label="Main navigation">
        <a shape="rect" class="navbar-brand p-0 me-2 logo_title" href="/" aria-label="SUT">
          <img class="d-block my-1" src="/assets/images/logo.svg" alt="Best Website for Practice Automation Testing: Free UI and REST API Examples and Apps. Using Cypress, Playwright, Selenium, WebdriverIO and Postman." width="45" height="45" role="img"/>
        </a>
        <title>SUT</title>
 Practice
	    
	
	            <button type="button" class="navbar-toggler collapsed" data-bs-toggle="collapse" data-bs-target="#main-navbar" aria-controls="main-navbar" aria-expanded="false" aria-label="Toggle navigation">
          <svg width="32" height="32" class="bi" fill="currentColor" viewbox="0 0 16 16">
            <path fill-rule="evenodd" d="M2.5 11.5A.5.5 0 0 1 3 11h10a.5.5 0 0 1 0 1H3a.5.5 0 0 1-.5-.5zm0-4A.5.5 0 0 1 3 7h10a.5.5 0 0 1 0 1H3a.5.5 0 0 1-.5-.5zm0-4A.5.5 0 0 1 3 3h10a.5.5 0 0 1 0 1H3a.5.5 0 0 1-.5-.5z"/>
          </svg>
        </button>
        <div class="navbar-collapse collapse" id="main-navbar">
          <ul class="navbar-nav flex-row flex-wrap pt-2 py-md-0">
            <li class="nav-item dropdown col-6 col-md-auto">
              <a shape="rect" class="nav-link dropdown-toggle" id="examples-dropdown" href="/#examples" role="button" data-bs-toggle="dropdown" aria-expanded="false">Demos</a>
              <ul class="dropdown-menu" aria-labelledby="examples-dropdown">
                <li>
                  <a shape="rect" class="dropdown-item" href="/#examples">Examples</a>
                </li>
                <li>
                  <hr class="dropdown-divider"/>
                </li>
                <li>
                  <a shape="rect" class="dropdown-item" href="/#apps">Apps</a>
                </li>
                <li>
                  <hr class="dropdown-divider"/>
                </li>
                <li>
                  <a shape="rect" class="dropdown-item" href="/#api">APIs</a>
                </li>
                <li>
                  <hr class="dropdown-divider"/>
                </li>
                <li>
                  <a shape="rect" class="dropdown-item" href="/#assertions">Assertions</a>
                </li>
                <li>
                  <hr class="dropdown-divider"/>
                </li>
                <li>
                  <a shape="rect" class="dropdown-item" href="/#reports">Reports</a>
                </li>
              </ul>
            </li>
            <li class="nav-item col-6 col-md-auto">
              <a shape="rect" class="nav-link p-2" href="/#tools">Tools</a>
            </li>
            <li class="nav-item col-6 col-md-auto">
              <a shape="rect" class="nav-link p-2" alt="Automation Tips" href="/tips">Tips</a>
            </li>
            <li class="nav-item col-6 col-md-auto">
              <a shape="rect" class="nav-link p-2" href="/test-cases">Test Cases</a>
            </li>
            <li class="nav-item nav-item col-6 col-md-auto">
              <a shape="rect" class="nav-link p-2" href="/notes/api/api-docs/">API Testing</a>
            </li>
            <li class="nav-item col-6 col-md-auto">
              <a shape="rect" class="nav-link p-2" href="/about">About</a>
            </li>
          </ul>
          <hr class="d-md-none text-white-50"/>
          <ul class="navbar-nav flex-row flex-wrap ms-md-auto"/>
          <a shape="rect" class="btn btn-sut d-lg-inline-block my-2 my-md-0 ms-md-3" href="https://istqb.expandtesting.com/">Free ISTQB
	        Mock Exams</a>
        </div>
      </nav>
    </header>
    <main class="flex-shrink-0 py-3">
      <div class="container-fluid mt-1 mb-3">
        <div class="row">
          <div class="col-12 border">
            <ins class="adsbygoogle" style="display:block; text-align:center;" data-ad-layout="in-article" data-ad-format="fluid" data-ad-client="ca-pub-1056034821646296" data-ad-slot="4970212221"/>
            <script>
		                (adsbygoogle = window.adsbygoogle || []).push({});
		            </script>
          </div>
        </div>
      </div>
      <div class="container" id="support-coffee">
        <p class="text-center X-border X-border-1 coffee-border px-2 py-2">

		        Do you enjoy this platform? ❤️           <a shape="rect" class="btn btn-expand btn-sm" href="https://www.buymeacoffee.com/expandtesting" target="_blank">Buy us a coffee</a>
        </p>
      </div>
      <div id="contentbody">
        <div id="menuleft">
          <ins class="adsbygoogle" style="display:block" data-ad-client="ca-pub-1056034821646296" data-ad-slot="2406335743" data-ad-format="auto" data-full-width-responsive="true"/>
          <script>
				    (adsbygoogle = window.adsbygoogle || []).push({});
				</script>
        </div>
        <div id="core">
          <div class="page-layout">
            <div class="container">
              <div class="page-inner">
                <div class="not-available text-center mt-xl-5">
                  <div class="clearfix fadeInDown animate mb-4">
                    <svg data-name="Layer 1" width="270" height="200" viewbox="0 0 1097 810">
                      <defs>
                        <linearGradient id="a" x1="588.67" y1="838.15" x2="588.67" y2="115.47" gradientunits="userSpaceOnUse">
                          <stop offset="0" stop-color="gray" stop-opacity=".25"/>
                          <stop offset=".54" stop-color="gray" stop-opacity=".12"/>
                          <stop offset="1" stop-color="gray" stop-opacity=".1"/>
                        </linearGradient>
                      </defs>
                      <path d="M12.07 429.97c17.36 74.2 54.11 138.34 112.19 169.43 120.7 64.61 392.91 31.29 596.07-7a465.21 465.21 0 0 0 264.54-151.19z" fill="currentcolor" class="text-primary" opacity=".1"/>
                      <path d="M799.31 649.72s-67.65 40.8 57.03 103.59c0 0 27.46-51-2.9-92.57a40.94 40.94 0 0 0-53.12-11.64z" fill="currentcolor" class="text-primary"/>
                      <path d="M800.09 648.86s57.88 44.28 56.25 104.45" fill="none" stroke="#535461" stroke-miterlimit="10"/>
                      <path d="M18.31 661.72s-67.65 40.8 57.03 103.59c0 0 27.46-51-2.9-92.57a40.94 40.94 0 0 0-53.12-11.64z" fill="currentcolor" class="text-primary"/>
                      <path d="M19.09 660.86s57.88 44.28 56.25 104.45" fill="none" stroke="#535461" stroke-miterlimit="10"/>
                      <path d="M859.66 759.08s-21.19-72 4-124.91a113.65 113.65 0 0 0 9.19-71.3 191.13 191.13 0 0 0-10.19-33.46" fill="none" stroke="#535461" stroke-miterlimit="10" stroke-width="2"/>
                      <path d="M878.35 495.95c0 8.82-16 34.39-16 34.39s-16-25.57-16-34.39a16 16 0 0 1 31.93 0zM904.74 544.79c-4.79 7.4-32.09 20.19-32.09 20.19s.5-30.14 5.29-37.54a16 16 0 0 1 26.8 17.36zM903.59 628.26c-7.87 4-37.89 1.23-37.89 1.23s15.64-25.77 23.52-29.74a16 16 0 0 1 14.38 28.51zM888.49 691.22c-7.09 5.24-37.14 7.61-37.14 7.61s11.06-28 18.15-33.29a16 16 0 0 1 19 25.67zM839.12 566.69c6.32 6.14 35.79 12.51 35.79 12.51s-7.22-29.27-13.54-35.41a16 16 0 0 0-22.25 22.9zM822.41 640.54c7.87 4 37.89 1.23 37.89 1.23s-15.64-25.77-23.52-29.74a16 16 0 1 0-14.38 28.51zM816.01 714.55c7.09 5.24 37.14 7.61 37.14 7.61s-11.06-28-18.15-33.29a16 16 0 1 0-19 25.67z" fill="currentcolor" class="text-primary"/>
                      <path d="M878.35 495.95c0 8.82-16 34.39-16 34.39s-16-25.57-16-34.39a16 16 0 0 1 31.93 0zM904.74 544.79c-4.79 7.4-32.09 20.19-32.09 20.19s.5-30.14 5.29-37.54a16 16 0 0 1 26.8 17.36zM903.59 628.26c-7.87 4-37.89 1.23-37.89 1.23s15.64-25.77 23.52-29.74a16 16 0 0 1 14.38 28.51zM888.49 691.22c-7.09 5.24-37.14 7.61-37.14 7.61s11.06-28 18.15-33.29a16 16 0 0 1 19 25.67zM839.12 566.69c6.32 6.14 35.79 12.51 35.79 12.51s-7.22-29.27-13.54-35.41a16 16 0 0 0-22.25 22.9zM822.41 640.54c7.87 4 37.89 1.23 37.89 1.23s-15.64-25.77-23.52-29.74a16 16 0 1 0-14.38 28.51zM816.01 714.55c7.09 5.24 37.14 7.61 37.14 7.61s-11.06-28-18.15-33.29a16 16 0 1 0-19 25.67z" opacity=".25"/>
                      <path d="M908.66 760.45s-21.19-72 4-124.91a113.65 113.65 0 0 0 9.19-71.3 191.13 191.13 0 0 0-10.09-33.46" fill="none" stroke="#535461" stroke-miterlimit="10" stroke-width="2"/>
                      <path d="M927.39 497.31c0 8.82-16 34.39-16 34.39s-16-25.57-16-34.39a16 16 0 0 1 31.93 0zM953.78 546.16c-4.79 7.4-32.12 20.15-32.12 20.15s.5-30.14 5.29-37.54a16 16 0 0 1 26.8 17.36zM952.66 629.63c-7.87 4-37.89 1.23-37.89 1.23s15.64-25.77 23.52-29.74a16 16 0 0 1 14.37 28.51zM937.53 692.59c-7.09 5.24-37.14 7.61-37.14 7.61s11.06-28 18.15-33.29a16 16 0 0 1 19 25.67zM888.16 568.06c6.32 6.14 35.79 12.51 35.79 12.51s-7.22-29.27-13.54-35.41a16 16 0 0 0-22.25 22.9zM871.44 641.91c7.87 4 37.89 1.23 37.89 1.23s-15.67-25.77-23.51-29.74a16 16 0 0 0-14.38 28.51zM865.04 715.92c7.09 5.24 37.14 7.61 37.14 7.61s-11.06-28-18.15-33.29a16 16 0 1 0-19 25.67z" fill="currentcolor" class="text-primary"/>
                      <path d="M1077.43 80.72H965.96a9.635 9.635 0 1 1 0-19.27h19.27a9.635 9.635 0 0 1 0-19.27h-13.77a9.635 9.635 0 0 1 0-19.27h58.2c-12.91-6-28-10.27-45.38-12.51C825.64-9.98 769 3.5 749.02 17.4c-24.65 17.1-52.15 29.68-81.54 35.74-97.9 20.17-280.95 44.46-446.82-7.83-82.46-26-143.75 17.92-180.48 91.28h1056.61c-1.38-21.32-5.51-41-13.09-58.24a9.58 9.58 0 0 1-6.27 2.37zM2.66 275.1a491.06 491.06 0 0 0 4.33 129.46l978.67 35.75a460 460 0 0 0 68-103.7zm387 92.35h-19.23a9.635 9.635 0 0 1 0 19.27H258.96a9.635 9.635 0 1 1 0-19.27h19.27a9.635 9.635 0 0 1 0-19.27h-13.77a9.635 9.635 0 0 1 0-19.27h111.47a9.635 9.635 0 1 1 0 19.27h13.73a9.635 9.635 0 0 1 0 19.27zM1096.83 137.31l-1068.49 26c-13 33.41-21.61 71.19-25.59 110.34h1075.36a456.46 456.46 0 0 0 15.55-70.34c3.17-23 4.46-45.29 3.17-66zm-877.17 85.14h-19.23a9.635 9.635 0 0 1 0 19.27H88.96a9.635 9.635 0 1 1 0-19.27h19.27a9.635 9.635 0 0 1 0-19.27H94.46a9.635 9.635 0 0 1 0-19.27h111.47a9.635 9.635 0 1 1 0 19.27h13.73a9.635 9.635 0 0 1 0 19.27z" fill="currentcolor" class="text-primary" opacity=".1"/>
                      <ellipse cx="550.33" cy="777.62" rx="533" ry="33" fill="currentcolor" class="text-primary"/>
                      <path d="M774.44 313.8s-61.81-58.17-70.74-66.87c-3.11-3-6.05-6-8.56-8.53a33.57 33.57 0 0 0-17.73-9.29c-23.16-4.39-46.85-18.63-46.85-18.63-.13-.17-.26-.32-.38-.5a28.17 28.17 0 0 1-4.35-9.3c-.13-.49-.26-1-.37-1.52q.56-.72 1.09-1.47a7.16 7.16 0 0 0 1.17-.53c2.93-1.67 4.58-4.76 5.69-7.8 1-2.69 1.8-5.66 4.18-7.41a8.74 8.74 0 0 0 2.27-1.81 5.33 5.33 0 0 0 .53-3.09c0-6.83-1.09-12.07.5-18.73 2.54-10.66 4.87-24-3.18-31.91a28.11 28.11 0 0 0-15.16-7.55c-5.17-.82-12.82 6.22-18.06 6-13.35-.51-24.6-12.55-37.29-8.66a26.22 26.22 0 0 0-13.7 9.82c-6.26 8.92-5.66 20.46-4.76 31.1a3.87 3.87 0 0 0 .69 2.27c.47.55 1.22.84 1.68 1.39a3.37 3.37 0 0 1 .52 2.49 16.34 16.34 0 0 1-1.24 5 2 2 0 0 0-.19 1.81 1.89 1.89 0 0 0 1 .68 9.09 9.09 0 0 0 1.65.39c-.09.88-.17 1.76-.2 2.65v1.51a39.14 39.14 0 0 0 17.82 32.68c.11.72.23 1.46.34 2.23.34 2.37.65 5 .88 7.86 0 .52.08 1 .12 1.57l-.27-.55-43 21.08a21.31 21.31 0 0 0-8.67 4.25l-.85.42v.25q-.53.44-1.08.94l-37.31-42.14-87 75.52 47.84 51.51 53.76-4.48c-2.65 18.2-4.46 32.15-4.46 32.15s-9.83 42.13 37.79 34.07c-.31 26.57-11.69 70.91-11.69 70.91a23.42 23.42 0 0 0 4.63 4.57l-.27 1.81-3 20.37s-17.86 49.48-20.6 93.61-6.18 68.87-6.18 68.87l-6.18 88.27-8.69 40.36a204.06 204.06 0 0 1-49.4 39.5 6.92 6.92 0 0 0-2.8 9.48c3.52 6.06 14.35 12.35 47.15 2.27 52.2-16 47.39-15.38 47.39-15.38s.77-21.42-1.45-34.12c-.07-.38-.14-.75-.21-1.12 12.5-14.09 6.46-37 6.46-37s24.72-48.14 13-79.57c0 0-2.75-26.75 11.68-39.45.2-.18.41-.38.62-.59l.19-.2.47-.5.21-.23.55-.64.12-.14c.22-.27.45-.56.68-.86l.18-.24.58-.65.22-.32.54-.79.18-.26.73-1.11.14-.22.61-1 .23-.38.56-.94.21-.36.77-1.34.77-1.38.22-.41.59-1.09.23-.44.71-1.35.09-.17.82-1.6.2-.39.64-1.27.24-.48.67-1.36.17-.34.84-1.75.14-.29.7-1.49.24-.51.65-1.39.21-.45.86-1.87.83-1.85.23-.51.65-1.47.22-.51.89-1.91v-.08l.87-2 .19-.43.68-1.58.23-.53.71-1.69.14-.32.86-2 .14-.33.71-1.7.23-.55.65-1.59.19-.46.83-2 .07-.17.75-1.85.23-.57.61-1.52.22-.55.72-1.82.07-.19.78-2 .23-.58.56-1.43.24-.63.59-1.52.17-.45.73-1.89.2-.52.53-1.38.27-.7.47-1.22.25-.66.66-1.75.19-.51.48-1.28.27-.71.4-1.07.27-.73.45-1.21.29-.78.45-1.22.29-.78.31-.84.29-.8.25-.69.67-1.82.11-.31.31-.86.21-.57.32-.87.15-.41c2.87-7.91 4.63-13 4.63-13s13 45.47 11 59.51 12.36 66.2 12.36 66.2-8.24 52.16-3.43 64.86-6.87 60.18-6.87 60.18.89.49 2.4 1.24l-.09 1.29c-.75 10.44-2.38 30.5-4.37 38.26-2.75 10.7-1.37 22.07 20.6 20.73s22.66-14.71 22.66-14.71-7.25-23.38-8.14-37.17c0-.45 0-.89-.06-1.32l.62-.23.18-.07c.25-.11.49-.22.72-.34.22-.12.42-.24.63-.37l.18-.12q.26-.18.51-.38l.12-.1q.3-.25.57-.52l.13-.13q.21-.23.41-.47l.14-.18c.16-.21.32-.43.47-.67 7.55-12 8.24-37.45 8.24-37.45s15.11-85.59 9.62-97-2.75-38.11-2.75-38.11-6.18-40.12.69-59.51c5.14-14.52 8.36-64.66 8.21-88.65v-1.47-.51c5.12-6.36 9-17.52 6.24-37.08-.16-1.11-.28-2.23-.4-3.37 7.8-5.83 15.5-12.68 15.5-12.68l2.66-2.74.85-.88c.74.31 1.52.59 2.33.84 3 1.36 5.14 2.12 5.14 2.12s39.15-32.1 68.68-47.48 5.57-43.6 5.57-43.6zm-46.7 28.08S686.53 368 679 381.34a10 10 0 0 0-1 2.38l-1 .42-1.26.48c6.31-36 23.2-71.49 23.2-71.49s13 11.37 22 16 6.8 12.76 6.8 12.76z" transform="translate(-51.34 -44.69)" fill="url(#a)"/>
                      <path d="M424.39 783.86c-31.64 10-42.09 3.76-45.48-2.25a7 7 0 0 1 2.7-9.39 198.05 198.05 0 0 0 48-39.54c3.52-4 5.37-6.45 5.37-6.45s24.51-4.64 30.47 0c1.49 1.16 2.53 4.4 3.24 8.6 2.14 12.58 1.4 33.8 1.4 33.8s4.64-.67-45.7 15.23zM593.96 774.58s-.66 13.25-21.86 14.57-22.52-9.94-19.87-20.53c1.92-7.68 3.49-27.55 4.21-37.9.27-3.93.42-6.48.42-6.48s33.12-3.31 29.81 6a20.65 20.65 0 0 0-.56 7.56c.86 13.63 7.85 36.78 7.85 36.78z" fill="#5b5877"/>
                      <path d="M468.66 734.83l-.59.68c-12.59 13.91-39.08 0-39.08 0l.59-2.82c3.52-4 5.37-6.45 5.37-6.45s24.51-4.64 30.47 0c1.53 1.15 2.57 4.39 3.24 8.59zM586.66 730.2a20.65 20.65 0 0 0-.56 7.56c-8.66 3-24-4.1-29.67-7 .27-3.93.42-6.48.42-6.48s33.14-3.35 29.81 5.92z" opacity=".1"/>
                      <path d="M607.87 599.71c5.3 11.26-9.27 96-9.27 96s-.66 25.17-7.95 37.09-36.43-4.64-36.43-4.64 11.26-47 6.62-59.62 3.31-64.23 3.31-64.23-13.91-51.67-11.92-65.58-10.6-59-10.6-59-29.15 86.78-43.06 99.36-11.26 39.08-11.26 39.08C498.57 649.3 474.72 697 474.72 697s6 23.18-6.62 37.09-39.08 0-39.08 0l8.64-40.98 6-87.44s3.31-24.51 6-68.23 19.87-92.74 19.87-92.74l2.88-20.18 2.42-16.92s134.47-4.64 137.78-5.3c.83-.17 1.25 4.89 1.29 12.86.15 23.77-3 73.43-7.92 87.82-6.62 19.21-.66 59-.66 59s-2.75 26.47 2.55 37.73z" fill="#5f5d7e"/>
                      <g opacity=".05">
                        <path d="M534.35 479.81s-29.15 86.78-43.06 99.36-11.26 39.08-11.26 39.08c11.26 31.13-12.59 78.83-12.59 78.83s6 23.18-6.62 37.09a19 19 0 0 1-12.22 6c7 .73 14.39-.33 19.5-6 12.59-13.91 6.62-37.09 6.62-37.09s23.85-47.69 12.59-78.83c0 0-2.65-26.5 11.26-39.08 10.69-9.67 30.36-63.11 38.91-87.37-1.76-7.08-3.13-11.99-3.13-11.99zM605.22 561.95s-6-39.74.66-59c5-14.39 8.06-64.05 7.92-87.82 0-8-.46-13-1.29-12.86-.41.08-2.88.23-6.87.42.56 1.36.84 5.92.88 12.45.15 23.77-3 73.43-7.92 87.82-6.62 19.21-.66 59-.66 59s-2.65 26.5 2.65 37.76-9.27 96-9.27 96-.66 25.17-7.95 37.09a8.84 8.84 0 0 1-6.08 4c5.67.84 10.83.14 13.36-4 7.29-11.92 7.95-37.09 7.95-37.09s14.57-84.79 9.27-96-2.65-37.77-2.65-37.77z"/>
                      </g>
                      <path d="M588 175.11l-4.64 45.7s-73.53 15.9-65.58-9.94c3.76-12.23 4-25.36 3.13-35.79-.23-2.82-.52-5.44-.85-7.79a111.52 111.52 0 0 0-2.28-12.06s57-43.06 54.32-13.91a47.46 47.46 0 0 0 1.05 16.47 28.24 28.24 0 0 0 4.2 9.21c4.69 6.62 10.65 8.11 10.65 8.11z" fill="#fdc2cc"/>
                      <path d="M573.16 157.8c-.53.72-1.09 1.43-1.66 2.11a39.09 39.09 0 0 1-51.44 7.4 111.52 111.52 0 0 0-2.28-12.06s57-43.06 54.32-13.91a47.46 47.46 0 0 0 1.06 16.46z" opacity=".1"/>
                      <path d="M580.71 132.71a39.08 39.08 0 0 1-78.16 0v-1.5a39.08 39.08 0 0 1 78.13 1.5z" fill="#fdc2cc"/>
                      <path d="M613.8 415.18a21.3 21.3 0 0 1-13.88 8.33l-30.44 10.65h-.07l-9.23 3.23-3.87-9.52-4.74-11.68v21.2s-58.16 4-79.26-12.89l2.42-16.92s134.47-4.64 137.78-5.3c.83-.13 1.25 4.92 1.29 12.9zM588 175.11l-4.64 45.7s-73.53 15.9-65.58-9.94c3.76-12.23 4-25.36 3.13-35.79 1.27 2.66 10.62 21.48 22.71 24.75a13.11 13.11 0 0 0 4.63.44 15.37 15.37 0 0 0 7.13-2.76c10.88-7.23 20-26.26 22-30.5 4.66 6.61 10.62 8.1 10.62 8.1z" opacity=".1"/>
                      <path d="M711.21 312.89c-28.48 15.24-66.24 47-66.24 47s-27.82-9.94-20.53-23.18 47-39.08 47-39.08 2-7.95-6.62-12.59-21.2-15.9-21.2-15.9-29.81 64.25-23.85 107.31-19.87 45-19.87 45l-30.44 10.65h-.07l-9.23 3.23-3.87-9.52-4.74-11.68v21.2s-67.57 4.64-83.46-17.22c0 0 14.57-58.29 10.6-80.81s-8.61-135.79-8.61-135.79l50.67-25.5s9.91 21.63 22.91 25.16a13.11 13.11 0 0 0 4.63.44 15.37 15.37 0 0 0 7.13-2.76c12.27-8.15 22.35-31.35 22.35-31.35s22.85 14.1 45.19 18.45a32.1 32.1 0 0 1 17.1 9.2c2.42 2.53 5.26 5.44 8.26 8.45 8.61 8.61 68.23 66.24 68.23 66.24s23.11 27.81-5.34 43.05z" fill="#d39999"/>
                      <path d="M645.66 348.66l-8.7 9.21-2.56 2.72s-23.18 21.2-29.15 20.53-15.9-41.07-4-38.42c7.24 1.61 15.71-.93 21.23-3.18a56.17 56.17 0 0 0 5.92-2.78z" fill="#fdc2cc"/>
                      <path d="M580.71 132.71a38.9 38.9 0 0 1-9.22 25.21 5.64 5.64 0 0 1-5.25-2.51c-1.1-1.93-.64-4.35-1.37-6.43s-2.39-3.51-3.44-5.36c-2.66-4.66-1.54-11.72-6.41-14.22-2.24-1.14-4.95-.76-7.45-.34-4.91.81-9.85 2.42-14.69 3.09-5.52.78-10.49-2.81-15.94-2.89-4.86-.08-9.74 2.77-14.35 1.95a39.08 39.08 0 0 1 78.13 1.5z" opacity=".1"/>
                      <path d="M547.57 126.41c2.5-.41 5.21-.8 7.45.35 4.87 2.49 3.75 9.55 6.41 14.21 1.05 1.85 2.75 3.36 3.45 5.36s.27 4.5 1.37 6.43c1.59 2.79 5.9 3.2 8.73 1.54s4.41-4.71 5.48-7.73c.94-2.66 1.73-5.6 4-7.34a8.48 8.48 0 0 0 2.19-1.79 5.4 5.4 0 0 0 .52-3.06c0-6.76-1.05-12 .48-18.55 2.45-10.56 4.69-23.78-3.07-31.61a26.85 26.85 0 0 0-14.62-7.48c-5-.82-12.36 6.16-17.42 6-12.87-.51-23.73-12.43-36-8.58a25.32 25.32 0 0 0-13.22 9.73c-6 8.84-5.46 20.26-4.59 30.81a3.9 3.9 0 0 0 .67 2.25c.45.54 1.18.83 1.62 1.38a3.41 3.41 0 0 1 .5 2.46 16.55 16.55 0 0 1-1.19 5 2.06 2.06 0 0 0-.18 1.8 1.82 1.82 0 0 0 1 .68c5 1.8 10.4-1.67 15.75-1.58s10.43 3.67 15.95 2.89c4.87-.75 9.81-2.36 14.72-3.17z" fill="#865a61"/>
                      <path d="M569.49 432.17h-.07l-9.57 3.56-3.54-9.85-15-41.82 2.35-182.89a13.11 13.11 0 0 0 4.63.44 15.37 15.37 0 0 0 7.13-2.76l-2.84 180z" opacity=".05"/>
                      <circle cx="550.91" cy="208.23" r="1.99" fill="#fff"/>
                      <circle cx="546.93" cy="275.79" r="1.99" fill="#fff"/>
                      <circle cx="543.62" cy="346.01" r="1.99" fill="#fff"/>
                      <circle cx="547.6" cy="381.11" r="1.99" fill="#fff"/>
                      <path opacity=".05" d="M615.83 283.74h-42.4v-42.39l21.2-5.97 21.2 5.97v42.39z"/>
                      <circle cx="548.92" cy="239.36" r="1.99" fill="#fff"/>
                      <circle cx="595.95" cy="241.35" r="1.99" fill="#fff"/>
                      <circle cx="544.95" cy="312.22" r="1.99" fill="#fff"/>
                      <path d="M479.37 196.97s-18.55 2.65-24.51 36.43-11.92 80.81-11.92 80.81-9.94 43.72 39.72 33.1l2.65-15.24s-5 17.55-3.64-17.55 1.66-58 1.66-58z" fill="#d39999"/>
                      <path d="M479.37 196.97s-18.55 2.65-24.51 36.43-11.92 80.81-11.92 80.81-9.94 43.72 39.72 33.1l2.65-15.24s-7.62 16.89-6.29-18.22 4.31-57.3 4.31-57.3z" opacity=".05"/>
                      <path d="M645.66 348.66l-8.7 9.21c-12.37-5-14.77-18.11-14.77-18.11l.32-.24a56.17 56.17 0 0 0 5.92-2.78z" opacity=".1"/>
                      <path d="M633.38 331.77l-9.89 7.33s3.27 17.84 21.81 19.83l7.95-13.91z" fill="#d39999"/>
                      <path fill="#f2f5fb" d="M349.25 235.77l83.88-74.81 38.39 44.67 65.88-3.4 19.97 41.3-62.72 81.92-29.38-44.63-69.88 5.98-46.14-51.03z"/>
                      <path fill="#dde0ed" d="M550.42 243.63l-22.07 28.67-23.55 30.6-10.88 14.15-25.17-39.16-26.4 2.32-42.98 3.77-32.02-35.41-11.01-12.17 44.67-39.84 33.56-29.92 17.29 20.12 18.5 21.53 18.48-.95 42.96-2.22 16.77 34.68 1.85 3.83z"/>
                      <path fill="#abb1d1" d="M411.67 213.48l-44.32 35.09-11.01-12.17 44.67-39.84 10.66 16.92zM462.23 239.33l-3.49-21.99-23.32-27.37 16.44-3.21 18.5 21.53 18.48-.95 6.78 26.19-32.93 8.67-.46-2.87zM550.42 243.63l-22.07 28.67-11.46-17.28 31.68-15.22 1.85 3.83z"/>
                      <path fill="#abb1d1" d="M504.8 302.9l-10.88 14.15-25.17-39.16-26.4 2.32-4.79-33.11 24.67-7.77 2.96 22.62 16.69 2.59 22.92 38.36z"/>
                      <path d="M457.54 248.31a.66.66 0 0 1-.64-.23 38.34 38.34 0 0 0-11.07-9.27.662.662 0 1 1 .64-1.16 39.67 39.67 0 0 1 11.45 9.59.66.66 0 0 1-.39 1.07z" fill="#d7666f"/>
                      <path d="M449.66 250.15a.66.66 0 0 1-.69-1l8.58-14.17a.662.662 0 0 1 1.13.69l-8.58 14.17a.66.66 0 0 1-.44.31z" fill="#d7666f"/>
                      <path fill="#fff" opacity=".1" d="M399.39 283.1l70.82-74.96 61.46-2.99-62.75 72.48-69.53 5.47z"/>
                      <path d="M460.82 319.47s16.56-40.63 24.51-36.41 31.13 29.55 15.24 40.63-27.16 16.36-27.16 16.36l-12.59-1.58z" fill="#fdc2cc"/>
                      <path d="M451.88 319.84s15.19-11.92 27.46 24.18l-11.57 1.66-13.25-7.95z" fill="#d39999"/>
                      <path d="M451.88 319.84s15.19-11.92 27.46 24.18l-11.57 1.66-13.25-7.95z" opacity=".05"/>
                    </svg>
                  </div>
                  <h1 class="display-1 text-dark">404</h1>
                  <p class="text-muted fs-5 mb-4"> Sorry ... The requested page is not available</p>
                  <a shape="rect" class="btn btn-outline-primary fadeInUp animate" href="/"> Back to homepage</a>
                </div>
              </div>
            </div>
          </div>
        </div>
        <div id="menuright">
          <ins class="adsbygoogle" style="display:block" data-ad-client="ca-pub-1056034821646296" data-ad-slot="2406335743" data-ad-format="auto" data-full-width-responsive="true"/>
          <script>
				    (adsbygoogle = window.adsbygoogle || []).push({});
				</script>
        </div>
      </div>
    </main>
    <style>
	  #back-to-top {
	    border: 1px solid #ccc;
	    background: #ec7211;
	  }
	</style>
    <footer class="footer mt-auto bg-light">
      <div class="container">
        <div class="row">
          <div class="col-12 text-center"/>
        </div>
        <div class="copyright bg-footer">
          <div class="border-top border-2">
            <div class="row mt-3">
              <div class="col-12 text-center">
                <h4>Practice Test Automation WebSite for Web UI and Rest API</h4>
                <p id="version" data-testid="build-version">
Version: b7583271 | Copyright                   <a shape="rect" class="my-link" href="https://expandtesting.com/" target="_blank" rel="noopener">Expand Testing</a>
 2025                </p>
              </div>
            </div>
          </div>
        </div>
      </div>
    </footer>
    <script src="/assets/plugins/back-to-top/back-to-top.min.js"/>
    <script defer="defer">
	  document.addEventListener("DOMContentLoaded", function () {
	    addBackToTop({
	      diameter: 50,
	      //backgroundColor: 'rgb(255,188,59)',
	      textColor: '#fff'
	    })
	
	  });
	</script>
    <script src="/assets/js/main.js"/>
    <script src="/script/script.js"/>
    <script src="/socket.io/socket.io.min.js"/>
    <script>
		window.onload = function () {
			const currentURL = window.location.href;
			const socket = io();
			const userData = { page: currentURL };
			socket.emit('pageChange', userData);
		}
	</script>
  </body>
</html>
Request URI:	https://practice.expandtesting.com/notes/api/notes/me
Request URI:	https://practice.expandtesting.com/notes/api/notes/me
Request URI:	https://practice.expandtesting.com/notes/api/users/register
Request URI:	https://practice.expandtesting.com/notes/api/users/register
Request URI:	https://practice.expandtesting.com/notes/api/users/register
HTTP/1.1 201 Created
access-control-allow-origin: *
access-control-allow-credentials: true
access-control-allow-methods: GET, POST, PUT, DELETE, PATCH
access-control-allow-headers: Origin, X-Requested-With, Authorization, Content-Type, Accept, X-Auth-Token
content-type: application/json; charset=utf-8
content-encoding: gzip
etag: W/"ab-MVtMT4SFVO5DPBkLK8FO+UKR/Gc"
set-cookie: express:sess=eyJmbGFzaCI6e319; path=/; httponly
set-cookie: express:sess.sig=tdt42nQZiQvICqmrvHQ1_16fHk0; path=/; httponly
date: Sat, 19 Jul 2025 13:06:15 GMT
connection: keep-alive
keep-alive: timeout=5
transfer-encoding: chunked

{
    "success": true,
    "status": 201,
    "message": "User account created successfully",
    "data": {
        "id": "687b98479d1b4b028865d63c",
        "name": "null",
        "email": "shante.stoltenberg@hotmail.com"
    }
}
Request URI:	https://practice.expandtesting.com/notes/api/users/login
Request URI:	https://practice.expandtesting.com/notes/api/users/login
Request URI:	https://practice.expandtesting.com/notes/api/users/login
HTTP/1.1 200 OK
access-control-allow-origin: *
access-control-allow-credentials: true
access-control-allow-methods: GET, POST, PUT, DELETE, PATCH
access-control-allow-headers: Origin, X-Requested-With, Authorization, Content-Type, Accept, X-Auth-Token
content-type: application/json; charset=utf-8
content-encoding: gzip
etag: W/"e5-KlxnB87upcjkIxzm6cSdxKxOa7I"
set-cookie: express:sess=eyJmbGFzaCI6e319; path=/; httponly
set-cookie: express:sess.sig=tdt42nQZiQvICqmrvHQ1_16fHk0; path=/; httponly
date: Sat, 19 Jul 2025 13:06:15 GMT
connection: keep-alive
keep-alive: timeout=5
transfer-encoding: chunked

{
    "success": true,
    "status": 200,
    "message": "Login successful",
    "data": {
        "id": "687b98479d1b4b028865d63c",
        "name": "null",
        "email": "shante.stoltenberg@hotmail.com",
        "token": "222cdde0174a4e1a9738d59d8c73f967825d3e9233d04dda9e4c74f247ab8979"
    }
}
Request URI:	https://practice.expandtesting.com/notes/api/notes/jly4h4rp6u
Request URI:	https://practice.expandtesting.com/notes/api/notes/jly4h4rp6u
Request URI:	https://practice.expandtesting.com/notes/api/notes/jly4h4rp6u
Request method:	PUT
Request URI:	https://practice.expandtesting.com/notes/api/notes/jly4h4rp6u
Proxy:			<none>
Request params:	<none>
Query params:	<none>
Form params:	<none>
Path params:	id=jly4h4rp6u
Headers:		X-Auth-Token=222cdde0174a4e1a9738d59d8c73f967825d3e9233d04dda9e4c74f247ab8979
				Accept=*/*
				Content-Type=application/json
Cookies:		<none>
Multiparts:		<none>
Body:
{
    "category": "Home",
    "title": "fmdy2tmi11expaloyi",
    "completed": false,
    "description": "Alias laborum quod aut repellendus veritatis fuga."
}
HTTP/1.1 400 Bad Request
access-control-allow-origin: *
access-control-allow-credentials: true
access-control-allow-methods: GET, POST, PUT, DELETE, PATCH
access-control-allow-headers: Origin, X-Requested-With, Authorization, Content-Type, Accept, X-Auth-Token
content-type: application/json; charset=utf-8
content-encoding: gzip
etag: W/"45-6ZxFHn6LXbRQn6xIPMG/1kr6zFI"
set-cookie: express:sess=eyJmbGFzaCI6e319; path=/; httponly
set-cookie: express:sess.sig=tdt42nQZiQvICqmrvHQ1_16fHk0; path=/; httponly
date: Sat, 19 Jul 2025 13:06:17 GMT
connection: keep-alive
keep-alive: timeout=5
transfer-encoding: chunked

{
    "success": false,
    "status": 400,
    "message": "Note ID must be a valid ID"
}
Request URI:	https://practice.expandtesting.com/notes/api/notes/me
Request URI:	https://practice.expandtesting.com/notes/api/notes/me
Request URI:	https://practice.expandtesting.com/notes/api/notes/me
Request URI:	https://practice.expandtesting.com/notes/api/users/register
Request URI:	https://practice.expandtesting.com/notes/api/users/register
Request URI:	https://practice.expandtesting.com/notes/api/users/register
Request URI:	https://practice.expandtesting.com/notes/api/users/register
HTTP/1.1 201 Created
access-control-allow-origin: *
access-control-allow-credentials: true
access-control-allow-methods: GET, POST, PUT, DELETE, PATCH
access-control-allow-headers: Origin, X-Requested-With, Authorization, Content-Type, Accept, X-Auth-Token
content-type: application/json; charset=utf-8
content-encoding: gzip
etag: W/"a6-KSz2/b5tGMu1DQ4e2caphmVu42Q"
set-cookie: express:sess=eyJmbGFzaCI6e319; path=/; httponly
set-cookie: express:sess.sig=tdt42nQZiQvICqmrvHQ1_16fHk0; path=/; httponly
date: Sat, 19 Jul 2025 13:06:18 GMT
connection: keep-alive
keep-alive: timeout=5
transfer-encoding: chunked

{
    "success": true,
    "status": 201,
    "message": "User account created successfully",
    "data": {
        "id": "687b984a9d1b4b028865d645",
        "name": "null",
        "email": "cayla.rosenbaum@gmail.com"
    }
}
Request URI:	https://practice.expandtesting.com/notes/api/users/login
Request URI:	https://practice.expandtesting.com/notes/api/users/login
Request URI:	https://practice.expandtesting.com/notes/api/users/login
Request URI:	https://practice.expandtesting.com/notes/api/users/login
HTTP/1.1 200 OK
access-control-allow-origin: *
access-control-allow-credentials: true
access-control-allow-methods: GET, POST, PUT, DELETE, PATCH
access-control-allow-headers: Origin, X-Requested-With, Authorization, Content-Type, Accept, X-Auth-Token
content-type: application/json; charset=utf-8
content-encoding: gzip
etag: W/"e0-Uyj5PgCv3Cdbl8GZweLdbJo2TV0"
set-cookie: express:sess=eyJmbGFzaCI6e319; path=/; httponly
set-cookie: express:sess.sig=tdt42nQZiQvICqmrvHQ1_16fHk0; path=/; httponly
date: Sat, 19 Jul 2025 13:06:19 GMT
connection: keep-alive
keep-alive: timeout=5
transfer-encoding: chunked

{
    "success": true,
    "status": 200,
    "message": "Login successful",
    "data": {
        "id": "687b984a9d1b4b028865d645",
        "name": "null",
        "email": "cayla.rosenbaum@gmail.com",
        "token": "4670e9cd4cb6403b8d51e61321e8ac943014de6e915f487f8375692db12cbc79"
    }
}
Request URI:	https://practice.expandtesting.com/notes/api/notes
Request URI:	https://practice.expandtesting.com/notes/api/notes
Request URI:	https://practice.expandtesting.com/notes/api/notes
Request URI:	https://practice.expandtesting.com/notes/api/notes
Request method:	POST
Request URI:	https://practice.expandtesting.com/notes/api/notes
Proxy:			<none>
Request params:	<none>
Query params:	<none>
Form params:	<none>
Path params:	<none>
Headers:		Accept=*/*
				Content-Type=application/json
Cookies:		<none>
Multiparts:		<none>
Body:			<none>
HTTP/1.1 401 Unauthorized
access-control-allow-origin: *
access-control-allow-credentials: true
access-control-allow-methods: GET, POST, PUT, DELETE, PATCH
access-control-allow-headers: Origin, X-Requested-With, Authorization, Content-Type, Accept, X-Auth-Token
content-type: application/json; charset=utf-8
content-encoding: gzip
etag: W/"63-kaKfzTW2quBGOpz1E3SeBltpHeE"
set-cookie: express:sess=eyJmbGFzaCI6e319; path=/; httponly
set-cookie: express:sess.sig=tdt42nQZiQvICqmrvHQ1_16fHk0; path=/; httponly
date: Sat, 19 Jul 2025 13:06:19 GMT
connection: keep-alive
keep-alive: timeout=5
transfer-encoding: chunked

{
    "success": false,
    "status": 401,
    "message": "No authentication token specified in x-auth-token header"
}
Request URI:	https://practice.expandtesting.com/notes/api/notes/me
Request URI:	https://practice.expandtesting.com/notes/api/notes/me
Request URI:	https://practice.expandtesting.com/notes/api/notes/me
Request URI:	https://practice.expandtesting.com/notes/api/notes/me
Request URI:	https://practice.expandtesting.com/notes/api/users/register
Request URI:	https://practice.expandtesting.com/notes/api/users/register
Request URI:	https://practice.expandtesting.com/notes/api/users/register
Request URI:	https://practice.expandtesting.com/notes/api/users/register
Request URI:	https://practice.expandtesting.com/notes/api/users/register
HTTP/1.1 201 Created
access-control-allow-origin: *
access-control-allow-credentials: true
access-control-allow-methods: GET, POST, PUT, DELETE, PATCH
access-control-allow-headers: Origin, X-Requested-With, Authorization, Content-Type, Accept, X-Auth-Token
content-type: application/json; charset=utf-8
content-encoding: gzip
etag: W/"a9-lx7s5XBlctd93JC8Vgi+0keXzV8"
set-cookie: express:sess=eyJmbGFzaCI6e319; path=/; httponly
set-cookie: express:sess.sig=tdt42nQZiQvICqmrvHQ1_16fHk0; path=/; httponly
date: Sat, 19 Jul 2025 13:06:20 GMT
connection: keep-alive
keep-alive: timeout=5
transfer-encoding: chunked

{
    "success": true,
    "status": 201,
    "message": "User account created successfully",
    "data": {
        "id": "687b984c9d1b4b028865d64d",
        "name": "null",
        "email": "ezequiel.windler@hotmail.com"
    }
}
Request URI:	https://practice.expandtesting.com/notes/api/users/login
Request URI:	https://practice.expandtesting.com/notes/api/users/login
Request URI:	https://practice.expandtesting.com/notes/api/users/login
Request URI:	https://practice.expandtesting.com/notes/api/users/login
Request URI:	https://practice.expandtesting.com/notes/api/users/login
HTTP/1.1 200 OK
access-control-allow-origin: *
access-control-allow-credentials: true
access-control-allow-methods: GET, POST, PUT, DELETE, PATCH
access-control-allow-headers: Origin, X-Requested-With, Authorization, Content-Type, Accept, X-Auth-Token
content-type: application/json; charset=utf-8
content-encoding: gzip
etag: W/"e3-356/AbtQEqO19CMNq7rLcptAW2g"
set-cookie: express:sess=eyJmbGFzaCI6e319; path=/; httponly
set-cookie: express:sess.sig=tdt42nQZiQvICqmrvHQ1_16fHk0; path=/; httponly
date: Sat, 19 Jul 2025 13:06:21 GMT
connection: keep-alive
keep-alive: timeout=5
transfer-encoding: chunked

{
    "success": true,
    "status": 200,
    "message": "Login successful",
    "data": {
        "id": "687b984c9d1b4b028865d64d",
        "name": "null",
        "email": "ezequiel.windler@hotmail.com",
        "token": "ac6ffe8a708947dabb82cc663a4a67608f4a5adc9d624eb0b3b7967e90aa06e6"
    }
}
Request URI:	https://practice.expandtesting.com/notes/api/notes/ywg2f5345kdmum80yx16ttld
Request URI:	https://practice.expandtesting.com/notes/api/notes/ywg2f5345kdmum80yx16ttld
Request URI:	https://practice.expandtesting.com/notes/api/notes/ywg2f5345kdmum80yx16ttld
Request URI:	https://practice.expandtesting.com/notes/api/notes/ywg2f5345kdmum80yx16ttld
Request URI:	https://practice.expandtesting.com/notes/api/notes/ywg2f5345kdmum80yx16ttld
HTTP/1.1 400 Bad Request
access-control-allow-origin: *
access-control-allow-credentials: true
access-control-allow-methods: GET, POST, PUT, DELETE, PATCH
access-control-allow-headers: Origin, X-Requested-With, Authorization, Content-Type, Accept, X-Auth-Token
content-type: application/json; charset=utf-8
content-encoding: gzip
etag: W/"45-6ZxFHn6LXbRQn6xIPMG/1kr6zFI"
set-cookie: express:sess=eyJmbGFzaCI6e319; path=/; httponly
set-cookie: express:sess.sig=tdt42nQZiQvICqmrvHQ1_16fHk0; path=/; httponly
date: Sat, 19 Jul 2025 13:06:21 GMT
connection: keep-alive
keep-alive: timeout=5
transfer-encoding: chunked

{
    "success": false,
    "status": 400,
    "message": "Note ID must be a valid ID"
}
Request URI:	https://practice.expandtesting.com/notes/api/notes/me
Request URI:	https://practice.expandtesting.com/notes/api/notes/me
Request URI:	https://practice.expandtesting.com/notes/api/notes/me
Request URI:	https://practice.expandtesting.com/notes/api/notes/me
Request URI:	https://practice.expandtesting.com/notes/api/notes/me
Request URI:	https://practice.expandtesting.com/notes/api/users/register
Request URI:	https://practice.expandtesting.com/notes/api/users/register
Request URI:	https://practice.expandtesting.com/notes/api/users/register
Request URI:	https://practice.expandtesting.com/notes/api/users/register
Request URI:	https://practice.expandtesting.com/notes/api/users/register
Request URI:	https://practice.expandtesting.com/notes/api/users/register
HTTP/1.1 201 Created
access-control-allow-origin: *
access-control-allow-credentials: true
access-control-allow-methods: GET, POST, PUT, DELETE, PATCH
access-control-allow-headers: Origin, X-Requested-With, Authorization, Content-Type, Accept, X-Auth-Token
content-type: application/json; charset=utf-8
content-encoding: gzip
etag: W/"a8-RVsmm+xHQsdDU3VhXqJEzcA7ouw"
set-cookie: express:sess=eyJmbGFzaCI6e319; path=/; httponly
set-cookie: express:sess.sig=tdt42nQZiQvICqmrvHQ1_16fHk0; path=/; httponly
date: Sat, 19 Jul 2025 13:06:22 GMT
connection: keep-alive
keep-alive: timeout=5
transfer-encoding: chunked

{
    "success": true,
    "status": 201,
    "message": "User account created successfully",
    "data": {
        "id": "687b984e9d1b4b028865d656",
        "name": "null",
        "email": "charlie.ullrich@hotmail.com"
    }
}
Request URI:	https://practice.expandtesting.com/notes/api/users/login
Request URI:	https://practice.expandtesting.com/notes/api/users/login
Request URI:	https://practice.expandtesting.com/notes/api/users/login
Request URI:	https://practice.expandtesting.com/notes/api/users/login
Request URI:	https://practice.expandtesting.com/notes/api/users/login
Request URI:	https://practice.expandtesting.com/notes/api/users/login
HTTP/1.1 200 OK
access-control-allow-origin: *
access-control-allow-credentials: true
access-control-allow-methods: GET, POST, PUT, DELETE, PATCH
access-control-allow-headers: Origin, X-Requested-With, Authorization, Content-Type, Accept, X-Auth-Token
content-type: application/json; charset=utf-8
content-encoding: gzip
etag: W/"e2-UG5IxZZ7jNpBtd5OlBZ8V2zTHrQ"
set-cookie: express:sess=eyJmbGFzaCI6e319; path=/; httponly
set-cookie: express:sess.sig=tdt42nQZiQvICqmrvHQ1_16fHk0; path=/; httponly
date: Sat, 19 Jul 2025 13:06:23 GMT
connection: keep-alive
keep-alive: timeout=5
transfer-encoding: chunked

{
    "success": true,
    "status": 200,
    "message": "Login successful",
    "data": {
        "id": "687b984e9d1b4b028865d656",
        "name": "null",
        "email": "charlie.ullrich@hotmail.com",
        "token": "10c5e5f27d994055a8a3b7ce42ab2cfdcca1f78f4f2d4550b070423d2542c57f"
    }
}
Request URI:	https://practice.expandtesting.com/notes/api/notes
Request URI:	https://practice.expandtesting.com/notes/api/notes
Request URI:	https://practice.expandtesting.com/notes/api/notes
Request URI:	https://practice.expandtesting.com/notes/api/notes
Request URI:	https://practice.expandtesting.com/notes/api/notes
Request URI:	https://practice.expandtesting.com/notes/api/notes
Request method:	POST
Request URI:	https://practice.expandtesting.com/notes/api/notes
Proxy:			<none>
Request params:	<none>
Query params:	<none>
Form params:	<none>
Path params:	<none>
Headers:		X-Auth-Token=10c5e5f27d994055a8a3b7ce42ab2cfdcca1f78f4f2d4550b070423d2542c57f
				Accept=*/*
				Content-Type=application/json
Cookies:		<none>
Multiparts:		<none>
Body:
{
    "title": "k2gcdr60v9b0ye3bvkuuzi9r1wv0lirt8806ghbzge6ddfamsdgy5bm29extfnaihllg9xdewrn0g6be6v5s3qibmrafr1qqwqu4dq99voad9nf7n7ta4e",
    "description": "Описание для проверки",
    "category": "Home"
}
HTTP/1.1 400 Bad Request
access-control-allow-origin: *
access-control-allow-credentials: true
access-control-allow-methods: GET, POST, PUT, DELETE, PATCH
access-control-allow-headers: Origin, X-Requested-With, Authorization, Content-Type, Accept, X-Auth-Token
content-type: application/json; charset=utf-8
content-encoding: gzip
etag: W/"55-m7rTFXimjgWH5Ep/8NBs2z2X024"
set-cookie: express:sess=eyJmbGFzaCI6e319; path=/; httponly
set-cookie: express:sess.sig=tdt42nQZiQvICqmrvHQ1_16fHk0; path=/; httponly
date: Sat, 19 Jul 2025 13:06:23 GMT
connection: keep-alive
keep-alive: timeout=5
transfer-encoding: chunked

{
    "success": false,
    "status": 400,
    "message": "Title must be between 4 and 100 characters"
}
Request URI:	https://practice.expandtesting.com/notes/api/notes/me
Request URI:	https://practice.expandtesting.com/notes/api/notes/me
Request URI:	https://practice.expandtesting.com/notes/api/notes/me
Request URI:	https://practice.expandtesting.com/notes/api/notes/me
Request URI:	https://practice.expandtesting.com/notes/api/notes/me
Request URI:	https://practice.expandtesting.com/notes/api/notes/me
Request URI:	https://practice.expandtesting.com/notes/api/users/register
Request URI:	https://practice.expandtesting.com/notes/api/users/register
Request URI:	https://practice.expandtesting.com/notes/api/users/register
Request URI:	https://practice.expandtesting.com/notes/api/users/register
Request URI:	https://practice.expandtesting.com/notes/api/users/register
Request URI:	https://practice.expandtesting.com/notes/api/users/register
Request URI:	https://practice.expandtesting.com/notes/api/users/register
HTTP/1.1 201 Created
access-control-allow-origin: *
access-control-allow-credentials: true
access-control-allow-methods: GET, POST, PUT, DELETE, PATCH
access-control-allow-headers: Origin, X-Requested-With, Authorization, Content-Type, Accept, X-Auth-Token
content-type: application/json; charset=utf-8
content-encoding: gzip
etag: W/"a0-MpR3Uoqe5EJN1bbHIjq5L9TDN40"
set-cookie: express:sess=eyJmbGFzaCI6e319; path=/; httponly
set-cookie: express:sess.sig=tdt42nQZiQvICqmrvHQ1_16fHk0; path=/; httponly
date: Sat, 19 Jul 2025 13:06:24 GMT
connection: keep-alive
keep-alive: timeout=5
transfer-encoding: chunked

{
    "success": true,
    "status": 201,
    "message": "User account created successfully",
    "data": {
        "id": "687b98509d1b4b028865d65f",
        "name": "null",
        "email": "nicky.rau@gmail.com"
    }
}
Request URI:	https://practice.expandtesting.com/notes/api/users/login
Request URI:	https://practice.expandtesting.com/notes/api/users/login
Request URI:	https://practice.expandtesting.com/notes/api/users/login
Request URI:	https://practice.expandtesting.com/notes/api/users/login
Request URI:	https://practice.expandtesting.com/notes/api/users/login
Request URI:	https://practice.expandtesting.com/notes/api/users/login
Request URI:	https://practice.expandtesting.com/notes/api/users/login
HTTP/1.1 200 OK
access-control-allow-origin: *
access-control-allow-credentials: true
access-control-allow-methods: GET, POST, PUT, DELETE, PATCH
access-control-allow-headers: Origin, X-Requested-With, Authorization, Content-Type, Accept, X-Auth-Token
content-type: application/json; charset=utf-8
content-encoding: gzip
etag: W/"da-m0RsB+jGycyvs5iC2M/lvC8Wi9o"
set-cookie: express:sess=eyJmbGFzaCI6e319; path=/; httponly
set-cookie: express:sess.sig=tdt42nQZiQvICqmrvHQ1_16fHk0; path=/; httponly
date: Sat, 19 Jul 2025 13:06:25 GMT
connection: keep-alive
keep-alive: timeout=5
transfer-encoding: chunked

{
    "success": true,
    "status": 200,
    "message": "Login successful",
    "data": {
        "id": "687b98509d1b4b028865d65f",
        "name": "null",
        "email": "nicky.rau@gmail.com",
        "token": "bd1cfb6c9be94c1184914b2baca83c8559e0984426bd4b0badc62a67d606d075"
    }
}
Request URI:	https://practice.expandtesting.com/notes/api/notes
Request URI:	https://practice.expandtesting.com/notes/api/notes
Request URI:	https://practice.expandtesting.com/notes/api/notes
Request URI:	https://practice.expandtesting.com/notes/api/notes
Request URI:	https://practice.expandtesting.com/notes/api/notes
Request URI:	https://practice.expandtesting.com/notes/api/notes
Request URI:	https://practice.expandtesting.com/notes/api/notes
Request method:	POST
Request URI:	https://practice.expandtesting.com/notes/api/notes
Proxy:			<none>
Request params:	<none>
Query params:	<none>
Form params:	<none>
Path params:	<none>
Headers:		X-Auth-Token=bd1cfb6c9be94c1184914b2baca83c8559e0984426bd4b0badc62a67d606d075
				Accept=*/*
				Content-Type=application/json
Cookies:		<none>
Multiparts:		<none>
Body:
{
    "title": "",
    "description": "Описание для проверки",
    "category": "Home"
}
HTTP/1.1 400 Bad Request
access-control-allow-origin: *
access-control-allow-credentials: true
access-control-allow-methods: GET, POST, PUT, DELETE, PATCH
access-control-allow-headers: Origin, X-Requested-With, Authorization, Content-Type, Accept, X-Auth-Token
content-type: application/json; charset=utf-8
content-encoding: gzip
etag: W/"55-m7rTFXimjgWH5Ep/8NBs2z2X024"
set-cookie: express:sess=eyJmbGFzaCI6e319; path=/; httponly
set-cookie: express:sess.sig=tdt42nQZiQvICqmrvHQ1_16fHk0; path=/; httponly
date: Sat, 19 Jul 2025 13:06:25 GMT
connection: keep-alive
keep-alive: timeout=5
transfer-encoding: chunked

{
    "success": false,
    "status": 400,
    "message": "Title must be between 4 and 100 characters"
}
Request URI:	https://practice.expandtesting.com/notes/api/notes/me
Request URI:	https://practice.expandtesting.com/notes/api/notes/me
Request URI:	https://practice.expandtesting.com/notes/api/notes/me
Request URI:	https://practice.expandtesting.com/notes/api/notes/me
Request URI:	https://practice.expandtesting.com/notes/api/notes/me
Request URI:	https://practice.expandtesting.com/notes/api/notes/me
Request URI:	https://practice.expandtesting.com/notes/api/notes/me
Request URI:	https://practice.expandtesting.com/notes/api/users/register
Request URI:	https://practice.expandtesting.com/notes/api/users/register
Request URI:	https://practice.expandtesting.com/notes/api/users/register
Request URI:	https://practice.expandtesting.com/notes/api/users/register
Request URI:	https://practice.expandtesting.com/notes/api/users/register
Request URI:	https://practice.expandtesting.com/notes/api/users/register
Request URI:	https://practice.expandtesting.com/notes/api/users/register
Request URI:	https://practice.expandtesting.com/notes/api/users/register
HTTP/1.1 201 Created
access-control-allow-origin: *
access-control-allow-credentials: true
access-control-allow-methods: GET, POST, PUT, DELETE, PATCH
access-control-allow-headers: Origin, X-Requested-With, Authorization, Content-Type, Accept, X-Auth-Token
content-type: application/json; charset=utf-8
content-encoding: gzip
etag: W/"a5-IpxThIEsWJhCFDIpZoGqXSoNEm4"
set-cookie: express:sess=eyJmbGFzaCI6e319; path=/; httponly
set-cookie: express:sess.sig=tdt42nQZiQvICqmrvHQ1_16fHk0; path=/; httponly
date: Sat, 19 Jul 2025 13:06:26 GMT
connection: keep-alive
keep-alive: timeout=5
transfer-encoding: chunked

{
    "success": true,
    "status": 201,
    "message": "User account created successfully",
    "data": {
        "id": "687b98529d1b4b028865d668",
        "name": "null",
        "email": "jonas.becker@hotmail.com"
    }
}
Request URI:	https://practice.expandtesting.com/notes/api/users/login
Request URI:	https://practice.expandtesting.com/notes/api/users/login
Request URI:	https://practice.expandtesting.com/notes/api/users/login
Request URI:	https://practice.expandtesting.com/notes/api/users/login
Request URI:	https://practice.expandtesting.com/notes/api/users/login
Request URI:	https://practice.expandtesting.com/notes/api/users/login
Request URI:	https://practice.expandtesting.com/notes/api/users/login
Request URI:	https://practice.expandtesting.com/notes/api/users/login
HTTP/1.1 200 OK
access-control-allow-origin: *
access-control-allow-credentials: true
access-control-allow-methods: GET, POST, PUT, DELETE, PATCH
access-control-allow-headers: Origin, X-Requested-With, Authorization, Content-Type, Accept, X-Auth-Token
content-type: application/json; charset=utf-8
content-encoding: gzip
etag: W/"df-Ur64ZS2n0fEL7r9EiEXk0+cS49w"
set-cookie: express:sess=eyJmbGFzaCI6e319; path=/; httponly
set-cookie: express:sess.sig=tdt42nQZiQvICqmrvHQ1_16fHk0; path=/; httponly
date: Sat, 19 Jul 2025 13:06:26 GMT
connection: keep-alive
keep-alive: timeout=5
transfer-encoding: chunked

{
    "success": true,
    "status": 200,
    "message": "Login successful",
    "data": {
        "id": "687b98529d1b4b028865d668",
        "name": "null",
        "email": "jonas.becker@hotmail.com",
        "token": "75f68c9628dd49d5ac3ec57c4d02ea4e537311905a5d4943a9d6729d3ba247dc"
    }
}
Request URI:	https://practice.expandtesting.com/notes/api/notes
Request URI:	https://practice.expandtesting.com/notes/api/notes
Request URI:	https://practice.expandtesting.com/notes/api/notes
Request URI:	https://practice.expandtesting.com/notes/api/notes
Request URI:	https://practice.expandtesting.com/notes/api/notes
Request URI:	https://practice.expandtesting.com/notes/api/notes
Request URI:	https://practice.expandtesting.com/notes/api/notes
Request URI:	https://practice.expandtesting.com/notes/api/notes
Request method:	POST
Request URI:	https://practice.expandtesting.com/notes/api/notes
Proxy:			<none>
Request params:	<none>
Query params:	<none>
Form params:	title=i7j9ife6f4oe0g
				description=Necessitatibus aut doloremque maiores.
				category=Personal
Path params:	<none>
Headers:		X-Auth-Token=75f68c9628dd49d5ac3ec57c4d02ea4e537311905a5d4943a9d6729d3ba247dc
				Accept=application/json, application/javascript, text/javascript, text/json
				Content-Type=application/x-www-form-urlencoded; charset=UTF-8
Cookies:		<none>
Multiparts:		<none>
Body:			<none>
HTTP/1.1 200 OK
access-control-allow-origin: *
access-control-allow-credentials: true
access-control-allow-methods: GET, POST, PUT, DELETE, PATCH
access-control-allow-headers: Origin, X-Requested-With, Authorization, Content-Type, Accept, X-Auth-Token
content-type: application/json; charset=utf-8
content-encoding: gzip
etag: W/"159-e0vGvpQAEkDNwbVm3+43re72ZX8"
set-cookie: express:sess=eyJmbGFzaCI6e319; path=/; httponly
set-cookie: express:sess.sig=tdt42nQZiQvICqmrvHQ1_16fHk0; path=/; httponly
date: Sat, 19 Jul 2025 13:06:27 GMT
connection: keep-alive
keep-alive: timeout=5
transfer-encoding: chunked

{
    "success": true,
    "status": 200,
    "message": "Note successfully created",
    "data": {
        "id": "687b98539d1b4b028865d670",
        "title": "i7j9ife6f4oe0g",
        "description": "Necessitatibus aut doloremque maiores.",
        "category": "Personal",
        "completed": false,
        "created_at": "2025-07-19T13:06:27.486Z",
        "updated_at": "2025-07-19T13:06:27.486Z",
        "user_id": "687b98529d1b4b028865d668"
    }
}
Request URI:	https://practice.expandtesting.com/notes/api/notes/me
Request URI:	https://practice.expandtesting.com/notes/api/notes/me
Request URI:	https://practice.expandtesting.com/notes/api/notes/me
Request URI:	https://practice.expandtesting.com/notes/api/notes/me
Request URI:	https://practice.expandtesting.com/notes/api/notes/me
Request URI:	https://practice.expandtesting.com/notes/api/notes/me
Request URI:	https://practice.expandtesting.com/notes/api/notes/me
Request URI:	https://practice.expandtesting.com/notes/api/notes/me
Request URI:	https://practice.expandtesting.com/notes/api/users/register
Request URI:	https://practice.expandtesting.com/notes/api/users/register
Request URI:	https://practice.expandtesting.com/notes/api/users/register
Request URI:	https://practice.expandtesting.com/notes/api/users/register
Request URI:	https://practice.expandtesting.com/notes/api/users/register
Request URI:	https://practice.expandtesting.com/notes/api/users/register
Request URI:	https://practice.expandtesting.com/notes/api/users/register
Request URI:	https://practice.expandtesting.com/notes/api/users/register
Request URI:	https://practice.expandtesting.com/notes/api/users/register
HTTP/1.1 201 Created
access-control-allow-origin: *
access-control-allow-credentials: true
access-control-allow-methods: GET, POST, PUT, DELETE, PATCH
access-control-allow-headers: Origin, X-Requested-With, Authorization, Content-Type, Accept, X-Auth-Token
content-type: application/json; charset=utf-8
content-encoding: gzip
etag: W/"a5-0bVmLGQvks6PKGwUtJXuFb2JHhs"
set-cookie: express:sess=eyJmbGFzaCI6e319; path=/; httponly
set-cookie: express:sess.sig=tdt42nQZiQvICqmrvHQ1_16fHk0; path=/; httponly
date: Sat, 19 Jul 2025 13:06:28 GMT
connection: keep-alive
keep-alive: timeout=5
transfer-encoding: chunked

{
    "success": true,
    "status": 201,
    "message": "User account created successfully",
    "data": {
        "id": "687b98549d1b4b028865d674",
        "name": "null",
        "email": "modesto.heller@gmail.com"
    }
}
Request URI:	https://practice.expandtesting.com/notes/api/users/login
Request URI:	https://practice.expandtesting.com/notes/api/users/login
Request URI:	https://practice.expandtesting.com/notes/api/users/login
Request URI:	https://practice.expandtesting.com/notes/api/users/login
Request URI:	https://practice.expandtesting.com/notes/api/users/login
Request URI:	https://practice.expandtesting.com/notes/api/users/login
Request URI:	https://practice.expandtesting.com/notes/api/users/login
Request URI:	https://practice.expandtesting.com/notes/api/users/login
Request URI:	https://practice.expandtesting.com/notes/api/users/login
HTTP/1.1 200 OK
access-control-allow-origin: *
access-control-allow-credentials: true
access-control-allow-methods: GET, POST, PUT, DELETE, PATCH
access-control-allow-headers: Origin, X-Requested-With, Authorization, Content-Type, Accept, X-Auth-Token
content-type: application/json; charset=utf-8
content-encoding: gzip
etag: W/"df-+ReqdHM1VPUbyfQ/eL8jnGHnaV0"
set-cookie: express:sess=eyJmbGFzaCI6e319; path=/; httponly
set-cookie: express:sess.sig=tdt42nQZiQvICqmrvHQ1_16fHk0; path=/; httponly
date: Sat, 19 Jul 2025 13:06:29 GMT
connection: keep-alive
keep-alive: timeout=5
transfer-encoding: chunked

{
    "success": true,
    "status": 200,
    "message": "Login successful",
    "data": {
        "id": "687b98549d1b4b028865d674",
        "name": "null",
        "email": "modesto.heller@gmail.com",
        "token": "c6ea6a0ec52e48c6839987246943a2c3a01f070e22094e93b64a67e9ed2cfd3c"
    }
}
Request URI:	https://practice.expandtesting.com/notes/api/notes
Request URI:	https://practice.expandtesting.com/notes/api/notes
Request URI:	https://practice.expandtesting.com/notes/api/notes
Request URI:	https://practice.expandtesting.com/notes/api/notes
Request URI:	https://practice.expandtesting.com/notes/api/notes
Request URI:	https://practice.expandtesting.com/notes/api/notes
Request URI:	https://practice.expandtesting.com/notes/api/notes
Request URI:	https://practice.expandtesting.com/notes/api/notes
Request URI:	https://practice.expandtesting.com/notes/api/notes
Request method:	POST
Request URI:	https://practice.expandtesting.com/notes/api/notes
Proxy:			<none>
Request params:	<none>
Query params:	<none>
Form params:	title=0bz5nnebk2oy3xfms7jglhvd
				description=Porro voluptate veniam.
				category=Work
Path params:	<none>
Headers:		X-Auth-Token=c6ea6a0ec52e48c6839987246943a2c3a01f070e22094e93b64a67e9ed2cfd3c
				Accept=application/json, application/javascript, text/javascript, text/json
				Content-Type=application/x-www-form-urlencoded; charset=UTF-8
Cookies:		<none>
Multiparts:		<none>
Body:			<none>
HTTP/1.1 200 OK
access-control-allow-origin: *
access-control-allow-credentials: true
access-control-allow-methods: GET, POST, PUT, DELETE, PATCH
access-control-allow-headers: Origin, X-Requested-With, Authorization, Content-Type, Accept, X-Auth-Token
content-type: application/json; charset=utf-8
content-encoding: gzip
etag: W/"150-koi9dclaIwtWBLH725MczYC/a3Y"
set-cookie: express:sess=eyJmbGFzaCI6e319; path=/; httponly
set-cookie: express:sess.sig=tdt42nQZiQvICqmrvHQ1_16fHk0; path=/; httponly
date: Sat, 19 Jul 2025 13:06:30 GMT
connection: keep-alive
keep-alive: timeout=5
transfer-encoding: chunked

{
    "success": true,
    "status": 200,
    "message": "Note successfully created",
    "data": {
        "id": "687b98569d1b4b028865d67c",
        "title": "0bz5nnebk2oy3xfms7jglhvd",
        "description": "Porro voluptate veniam.",
        "category": "Work",
        "completed": false,
        "created_at": "2025-07-19T13:06:30.293Z",
        "updated_at": "2025-07-19T13:06:30.293Z",
        "user_id": "687b98549d1b4b028865d674"
    }
}
Request URI:	https://practice.expandtesting.com/notes/api/notes/687b98569d1b4b028865d67c
Request URI:	https://practice.expandtesting.com/notes/api/notes/687b98569d1b4b028865d67c
Request URI:	https://practice.expandtesting.com/notes/api/notes/687b98569d1b4b028865d67c
Request URI:	https://practice.expandtesting.com/notes/api/notes/687b98569d1b4b028865d67c
Request URI:	https://practice.expandtesting.com/notes/api/notes/687b98569d1b4b028865d67c
Request URI:	https://practice.expandtesting.com/notes/api/notes/687b98569d1b4b028865d67c
Request URI:	https://practice.expandtesting.com/notes/api/notes/687b98569d1b4b028865d67c
Request URI:	https://practice.expandtesting.com/notes/api/notes/687b98569d1b4b028865d67c
Request URI:	https://practice.expandtesting.com/notes/api/notes/687b98569d1b4b028865d67c
Request method:	PUT
Request URI:	https://practice.expandtesting.com/notes/api/notes/687b98569d1b4b028865d67c
Proxy:			<none>
Request params:	<none>
Query params:	<none>
Form params:	<none>
Path params:	id=687b98569d1b4b028865d67c
Headers:		X-Auth-Token=c6ea6a0ec52e48c6839987246943a2c3a01f070e22094e93b64a67e9ed2cfd3c
				Accept=*/*
				Content-Type=application/json
Cookies:		<none>
Multiparts:		<none>
Body:
{
    "category": "Work",
    "title": "0bz5nnebk2oy3xfms7jglhvd",
    "completed": false,
    "description": "Porro voluptate veniam."
}
HTTP/1.1 200 OK
access-control-allow-origin: *
access-control-allow-credentials: true
access-control-allow-methods: GET, POST, PUT, DELETE, PATCH
access-control-allow-headers: Origin, X-Requested-With, Authorization, Content-Type, Accept, X-Auth-Token
content-type: application/json; charset=utf-8
content-encoding: gzip
etag: W/"150-au8tNtafNQzYiFAQxs3YdjHremA"
set-cookie: express:sess=eyJmbGFzaCI6e319; path=/; httponly
set-cookie: express:sess.sig=tdt42nQZiQvICqmrvHQ1_16fHk0; path=/; httponly
date: Sat, 19 Jul 2025 13:06:31 GMT
connection: keep-alive
keep-alive: timeout=5
transfer-encoding: chunked

{
    "success": true,
    "status": 200,
    "message": "Note successfully Updated",
    "data": {
        "id": "687b98569d1b4b028865d67c",
        "title": "0bz5nnebk2oy3xfms7jglhvd",
        "description": "Porro voluptate veniam.",
        "category": "Work",
        "completed": false,
        "created_at": "2025-07-19T13:06:30.293Z",
        "updated_at": "2025-07-19T13:06:30.293Z",
        "user_id": "687b98549d1b4b028865d674"
    }
}
Request URI:	https://practice.expandtesting.com/notes/api/notes/me
Request URI:	https://practice.expandtesting.com/notes/api/notes/me
Request URI:	https://practice.expandtesting.com/notes/api/notes/me
Request URI:	https://practice.expandtesting.com/notes/api/notes/me
Request URI:	https://practice.expandtesting.com/notes/api/notes/me
Request URI:	https://practice.expandtesting.com/notes/api/notes/me
Request URI:	https://practice.expandtesting.com/notes/api/notes/me
Request URI:	https://practice.expandtesting.com/notes/api/notes/me
Request URI:	https://practice.expandtesting.com/notes/api/notes/me
Request URI:	https://practice.expandtesting.com/notes/api/users/register
Request URI:	https://practice.expandtesting.com/notes/api/users/register
Request URI:	https://practice.expandtesting.com/notes/api/users/register
Request URI:	https://practice.expandtesting.com/notes/api/users/register
Request URI:	https://practice.expandtesting.com/notes/api/users/register
Request URI:	https://practice.expandtesting.com/notes/api/users/register
Request URI:	https://practice.expandtesting.com/notes/api/users/register
Request URI:	https://practice.expandtesting.com/notes/api/users/register
Request URI:	https://practice.expandtesting.com/notes/api/users/register
Request URI:	https://practice.expandtesting.com/notes/api/users/register
HTTP/1.1 201 Created
access-control-allow-origin: *
access-control-allow-credentials: true
access-control-allow-methods: GET, POST, PUT, DELETE, PATCH
access-control-allow-headers: Origin, X-Requested-With, Authorization, Content-Type, Accept, X-Auth-Token
content-type: application/json; charset=utf-8
content-encoding: gzip
etag: W/"a4-iL3GqFWQNrSP3mRFzIyvK291XPw"
set-cookie: express:sess=eyJmbGFzaCI6e319; path=/; httponly
set-cookie: express:sess.sig=tdt42nQZiQvICqmrvHQ1_16fHk0; path=/; httponly
date: Sat, 19 Jul 2025 13:06:32 GMT
connection: keep-alive
keep-alive: timeout=5
transfer-encoding: chunked

{
    "success": true,
    "status": 201,
    "message": "User account created successfully",
    "data": {
        "id": "687b98589d1b4b028865d683",
        "name": "null",
        "email": "van.bergstrom@yahoo.com"
    }
}
Request URI:	https://practice.expandtesting.com/notes/api/users/login
Request URI:	https://practice.expandtesting.com/notes/api/users/login
Request URI:	https://practice.expandtesting.com/notes/api/users/login
Request URI:	https://practice.expandtesting.com/notes/api/users/login
Request URI:	https://practice.expandtesting.com/notes/api/users/login
Request URI:	https://practice.expandtesting.com/notes/api/users/login
Request URI:	https://practice.expandtesting.com/notes/api/users/login
Request URI:	https://practice.expandtesting.com/notes/api/users/login
Request URI:	https://practice.expandtesting.com/notes/api/users/login
Request URI:	https://practice.expandtesting.com/notes/api/users/login
HTTP/1.1 200 OK
access-control-allow-origin: *
access-control-allow-credentials: true
access-control-allow-methods: GET, POST, PUT, DELETE, PATCH
access-control-allow-headers: Origin, X-Requested-With, Authorization, Content-Type, Accept, X-Auth-Token
content-type: application/json; charset=utf-8
content-encoding: gzip
etag: W/"de-AAHK9cHyTVe0dUV8pNQpIFdknVI"
set-cookie: express:sess=eyJmbGFzaCI6e319; path=/; httponly
set-cookie: express:sess.sig=tdt42nQZiQvICqmrvHQ1_16fHk0; path=/; httponly
date: Sat, 19 Jul 2025 13:06:33 GMT
connection: keep-alive
keep-alive: timeout=5
transfer-encoding: chunked

{
    "success": true,
    "status": 200,
    "message": "Login successful",
    "data": {
        "id": "687b98589d1b4b028865d683",
        "name": "null",
        "email": "van.bergstrom@yahoo.com",
        "token": "7c603d0f60d44dfbbde97534affe6a8995735b0643604584b07e6d0d43beb372"
    }
}
Request URI:	https://practice.expandtesting.com/notes/api/notes
Request URI:	https://practice.expandtesting.com/notes/api/notes
Request URI:	https://practice.expandtesting.com/notes/api/notes
Request URI:	https://practice.expandtesting.com/notes/api/notes
Request URI:	https://practice.expandtesting.com/notes/api/notes
Request URI:	https://practice.expandtesting.com/notes/api/notes
Request URI:	https://practice.expandtesting.com/notes/api/notes
Request URI:	https://practice.expandtesting.com/notes/api/notes
Request URI:	https://practice.expandtesting.com/notes/api/notes
Request URI:	https://practice.expandtesting.com/notes/api/notes
Request method:	POST
Request URI:	https://practice.expandtesting.com/notes/api/notes
Proxy:			<none>
Request params:	<none>
Query params:	<none>
Form params:	title=t45qwrmll61f7gqg02pwquhg06
				description=Ducimus suscipit qui.
				category=Home
Path params:	<none>
Headers:		X-Auth-Token=7c603d0f60d44dfbbde97534affe6a8995735b0643604584b07e6d0d43beb372
				Accept=application/json, application/javascript, text/javascript, text/json
				Content-Type=application/x-www-form-urlencoded; charset=UTF-8
Cookies:		<none>
Multiparts:		<none>
Body:			<none>
HTTP/1.1 200 OK
access-control-allow-origin: *
access-control-allow-credentials: true
access-control-allow-methods: GET, POST, PUT, DELETE, PATCH
access-control-allow-headers: Origin, X-Requested-With, Authorization, Content-Type, Accept, X-Auth-Token
content-type: application/json; charset=utf-8
content-encoding: gzip
etag: W/"150-X0mdgKFqMDC82HQ5dunG9KxK2Xw"
set-cookie: express:sess=eyJmbGFzaCI6e319; path=/; httponly
set-cookie: express:sess.sig=tdt42nQZiQvICqmrvHQ1_16fHk0; path=/; httponly
date: Sat, 19 Jul 2025 13:06:33 GMT
connection: keep-alive
keep-alive: timeout=5
transfer-encoding: chunked

{
    "success": true,
    "status": 200,
    "message": "Note successfully created",
    "data": {
        "id": "687b98599d1b4b028865d68b",
        "title": "t45qwrmll61f7gqg02pwquhg06",
        "description": "Ducimus suscipit qui.",
        "category": "Home",
        "completed": false,
        "created_at": "2025-07-19T13:06:33.844Z",
        "updated_at": "2025-07-19T13:06:33.844Z",
        "user_id": "687b98589d1b4b028865d683"
    }
}
Request URI:	https://practice.expandtesting.com/notes/api/notes/687b98599d1b4b028865d68b
Request URI:	https://practice.expandtesting.com/notes/api/notes/687b98599d1b4b028865d68b
Request URI:	https://practice.expandtesting.com/notes/api/notes/687b98599d1b4b028865d68b
Request URI:	https://practice.expandtesting.com/notes/api/notes/687b98599d1b4b028865d68b
Request URI:	https://practice.expandtesting.com/notes/api/notes/687b98599d1b4b028865d68b
Request URI:	https://practice.expandtesting.com/notes/api/notes/687b98599d1b4b028865d68b
Request URI:	https://practice.expandtesting.com/notes/api/notes/687b98599d1b4b028865d68b
Request URI:	https://practice.expandtesting.com/notes/api/notes/687b98599d1b4b028865d68b
Request URI:	https://practice.expandtesting.com/notes/api/notes/687b98599d1b4b028865d68b
Request URI:	https://practice.expandtesting.com/notes/api/notes/687b98599d1b4b028865d68b
Request method:	GET
Request URI:	https://practice.expandtesting.com/notes/api/notes/687b98599d1b4b028865d68b
Proxy:			<none>
Request params:	<none>
Query params:	<none>
Form params:	<none>
Path params:	id=687b98599d1b4b028865d68b
Headers:		X-Auth-Token=7c603d0f60d44dfbbde97534affe6a8995735b0643604584b07e6d0d43beb372
				Accept=application/json, application/javascript, text/javascript, text/json
				Content-Type=application/json
Cookies:		<none>
Multiparts:		<none>
Body:			<none>
HTTP/1.1 200 OK
access-control-allow-origin: *
access-control-allow-credentials: true
access-control-allow-methods: GET, POST, PUT, DELETE, PATCH
access-control-allow-headers: Origin, X-Requested-With, Authorization, Content-Type, Accept, X-Auth-Token
content-type: application/json; charset=utf-8
content-encoding: gzip
etag: W/"152-1EJkMULK/OGOozp7yrSIIe2PIMM"
set-cookie: express:sess=eyJmbGFzaCI6e319; path=/; httponly
set-cookie: express:sess.sig=tdt42nQZiQvICqmrvHQ1_16fHk0; path=/; httponly
date: Sat, 19 Jul 2025 13:06:34 GMT
connection: keep-alive
keep-alive: timeout=5
transfer-encoding: chunked

{
    "success": true,
    "status": 200,
    "message": "Note successfully retrieved",
    "data": {
        "id": "687b98599d1b4b028865d68b",
        "title": "t45qwrmll61f7gqg02pwquhg06",
        "description": "Ducimus suscipit qui.",
        "category": "Home",
        "completed": false,
        "created_at": "2025-07-19T13:06:33.844Z",
        "updated_at": "2025-07-19T13:06:33.844Z",
        "user_id": "687b98589d1b4b028865d683"
    }
}
Request URI:	https://practice.expandtesting.com/notes/api/notes/me
Request URI:	https://practice.expandtesting.com/notes/api/notes/me
Request URI:	https://practice.expandtesting.com/notes/api/notes/me
Request URI:	https://practice.expandtesting.com/notes/api/notes/me
Request URI:	https://practice.expandtesting.com/notes/api/notes/me
Request URI:	https://practice.expandtesting.com/notes/api/notes/me
Request URI:	https://practice.expandtesting.com/notes/api/notes/me
Request URI:	https://practice.expandtesting.com/notes/api/notes/me
Request URI:	https://practice.expandtesting.com/notes/api/notes/me
Request URI:	https://practice.expandtesting.com/notes/api/notes/me
Request URI:	https://practice.expandtesting.com/notes/api/users/register
Request URI:	https://practice.expandtesting.com/notes/api/users/register
Request URI:	https://practice.expandtesting.com/notes/api/users/register
Request URI:	https://practice.expandtesting.com/notes/api/users/register
Request URI:	https://practice.expandtesting.com/notes/api/users/register
Request URI:	https://practice.expandtesting.com/notes/api/users/register
Request URI:	https://practice.expandtesting.com/notes/api/users/register
Request URI:	https://practice.expandtesting.com/notes/api/users/register
Request URI:	https://practice.expandtesting.com/notes/api/users/register
Request URI:	https://practice.expandtesting.com/notes/api/users/register
Request URI:	https://practice.expandtesting.com/notes/api/users/register
HTTP/1.1 201 Created
access-control-allow-origin: *
access-control-allow-credentials: true
access-control-allow-methods: GET, POST, PUT, DELETE, PATCH
access-control-allow-headers: Origin, X-Requested-With, Authorization, Content-Type, Accept, X-Auth-Token
content-type: application/json; charset=utf-8
content-encoding: gzip
etag: W/"a4-CBpyfGlrbW088gJS7V8YopdbBmM"
set-cookie: express:sess=eyJmbGFzaCI6e319; path=/; httponly
set-cookie: express:sess.sig=tdt42nQZiQvICqmrvHQ1_16fHk0; path=/; httponly
date: Sat, 19 Jul 2025 13:06:35 GMT
connection: keep-alive
keep-alive: timeout=5
transfer-encoding: chunked

{
    "success": true,
    "status": 201,
    "message": "User account created successfully",
    "data": {
        "id": "687b985b9d1b4b028865d691",
        "name": "null",
        "email": "dexter.schumm@yahoo.com"
    }
}
Request URI:	https://practice.expandtesting.com/notes/api/users/login
Request URI:	https://practice.expandtesting.com/notes/api/users/login
Request URI:	https://practice.expandtesting.com/notes/api/users/login
Request URI:	https://practice.expandtesting.com/notes/api/users/login
Request URI:	https://practice.expandtesting.com/notes/api/users/login
Request URI:	https://practice.expandtesting.com/notes/api/users/login
Request URI:	https://practice.expandtesting.com/notes/api/users/login
Request URI:	https://practice.expandtesting.com/notes/api/users/login
Request URI:	https://practice.expandtesting.com/notes/api/users/login
Request URI:	https://practice.expandtesting.com/notes/api/users/login
Request URI:	https://practice.expandtesting.com/notes/api/users/login
HTTP/1.1 200 OK
access-control-allow-origin: *
access-control-allow-credentials: true
access-control-allow-methods: GET, POST, PUT, DELETE, PATCH
access-control-allow-headers: Origin, X-Requested-With, Authorization, Content-Type, Accept, X-Auth-Token
content-type: application/json; charset=utf-8
content-encoding: gzip
etag: W/"de-N/xtaH3oONnFvqOvMthGfgsFnGY"
set-cookie: express:sess=eyJmbGFzaCI6e319; path=/; httponly
set-cookie: express:sess.sig=tdt42nQZiQvICqmrvHQ1_16fHk0; path=/; httponly
date: Sat, 19 Jul 2025 13:06:35 GMT
connection: keep-alive
keep-alive: timeout=5
transfer-encoding: chunked

{
    "success": true,
    "status": 200,
    "message": "Login successful",
    "data": {
        "id": "687b985b9d1b4b028865d691",
        "name": "null",
        "email": "dexter.schumm@yahoo.com",
        "token": "019cbf3081604319882adeabec0f2cad1578b2b9ccec4bfdb0e29423c30fec57"
    }
}
Request URI:	https://practice.expandtesting.com/notes/api/notes
Request URI:	https://practice.expandtesting.com/notes/api/notes
Request URI:	https://practice.expandtesting.com/notes/api/notes
Request URI:	https://practice.expandtesting.com/notes/api/notes
Request URI:	https://practice.expandtesting.com/notes/api/notes
Request URI:	https://practice.expandtesting.com/notes/api/notes
Request URI:	https://practice.expandtesting.com/notes/api/notes
Request URI:	https://practice.expandtesting.com/notes/api/notes
Request URI:	https://practice.expandtesting.com/notes/api/notes
Request URI:	https://practice.expandtesting.com/notes/api/notes
Request URI:	https://practice.expandtesting.com/notes/api/notes
Request method:	POST
Request URI:	https://practice.expandtesting.com/notes/api/notes
Proxy:			<none>
Request params:	<none>
Query params:	<none>
Form params:	<none>
Path params:	<none>
Headers:		X-Auth-Token=019cbf3081604319882adeabec0f2cad1578b2b9ccec4bfdb0e29423c30fec57
				Accept=*/*
				Content-Type=application/json
Cookies:		<none>
Multiparts:		<none>
Body:
{
    "title": "kopkki1m8lajq3wdf515xxlocd80p51splkwqoeut",
    "description": "Facilis quasi omnis vitae rerum voluptas nemo officia.",
    "category": "QWERTY"
}
HTTP/1.1 400 Bad Request
access-control-allow-origin: *
access-control-allow-credentials: true
access-control-allow-methods: GET, POST, PUT, DELETE, PATCH
access-control-allow-headers: Origin, X-Requested-With, Authorization, Content-Type, Accept, X-Auth-Token
content-type: application/json; charset=utf-8
content-encoding: gzip
etag: W/"67-lBMv/t7IkBp0wmnE3FtY7qujgcQ"
set-cookie: express:sess=eyJmbGFzaCI6e319; path=/; httponly
set-cookie: express:sess.sig=tdt42nQZiQvICqmrvHQ1_16fHk0; path=/; httponly
date: Sat, 19 Jul 2025 13:06:36 GMT
connection: keep-alive
keep-alive: timeout=5
transfer-encoding: chunked

{
    "success": false,
    "status": 400,
    "message": "Category must be one of the categories: Home, Work, Personal"
}
Request URI:	https://practice.expandtesting.com/notes/api/notes/me
Request URI:	https://practice.expandtesting.com/notes/api/notes/me
Request URI:	https://practice.expandtesting.com/notes/api/notes/me
Request URI:	https://practice.expandtesting.com/notes/api/notes/me
Request URI:	https://practice.expandtesting.com/notes/api/notes/me
Request URI:	https://practice.expandtesting.com/notes/api/notes/me
Request URI:	https://practice.expandtesting.com/notes/api/notes/me
Request URI:	https://practice.expandtesting.com/notes/api/notes/me
Request URI:	https://practice.expandtesting.com/notes/api/notes/me
Request URI:	https://practice.expandtesting.com/notes/api/notes/me
Request URI:	https://practice.expandtesting.com/notes/api/notes/me
Request URI:	https://practice.expandtesting.com/notes/api/users/register
Request URI:	https://practice.expandtesting.com/notes/api/users/register
Request URI:	https://practice.expandtesting.com/notes/api/users/register
Request URI:	https://practice.expandtesting.com/notes/api/users/register
Request URI:	https://practice.expandtesting.com/notes/api/users/register
Request URI:	https://practice.expandtesting.com/notes/api/users/register
Request URI:	https://practice.expandtesting.com/notes/api/users/register
Request URI:	https://practice.expandtesting.com/notes/api/users/register
Request URI:	https://practice.expandtesting.com/notes/api/users/register
Request URI:	https://practice.expandtesting.com/notes/api/users/register
Request URI:	https://practice.expandtesting.com/notes/api/users/register
Request URI:	https://practice.expandtesting.com/notes/api/users/register
HTTP/1.1 201 Created
access-control-allow-origin: *
access-control-allow-credentials: true
access-control-allow-methods: GET, POST, PUT, DELETE, PATCH
access-control-allow-headers: Origin, X-Requested-With, Authorization, Content-Type, Accept, X-Auth-Token
content-type: application/json; charset=utf-8
content-encoding: gzip
etag: W/"a8-NpnAXMvKjRUnklTjCAdAKHSz9Kc"
set-cookie: express:sess=eyJmbGFzaCI6e319; path=/; httponly
set-cookie: express:sess.sig=tdt42nQZiQvICqmrvHQ1_16fHk0; path=/; httponly
date: Sat, 19 Jul 2025 13:06:37 GMT
connection: keep-alive
keep-alive: timeout=5
transfer-encoding: chunked

{
    "success": true,
    "status": 201,
    "message": "User account created successfully",
    "data": {
        "id": "687b985d9d1b4b028865d69a",
        "name": "null",
        "email": "melissia.franecki@gmail.com"
    }
}
Request URI:	https://practice.expandtesting.com/notes/api/users/login
Request URI:	https://practice.expandtesting.com/notes/api/users/login
Request URI:	https://practice.expandtesting.com/notes/api/users/login
Request URI:	https://practice.expandtesting.com/notes/api/users/login
Request URI:	https://practice.expandtesting.com/notes/api/users/login
Request URI:	https://practice.expandtesting.com/notes/api/users/login
Request URI:	https://practice.expandtesting.com/notes/api/users/login
Request URI:	https://practice.expandtesting.com/notes/api/users/login
Request URI:	https://practice.expandtesting.com/notes/api/users/login
Request URI:	https://practice.expandtesting.com/notes/api/users/login
Request URI:	https://practice.expandtesting.com/notes/api/users/login
Request URI:	https://practice.expandtesting.com/notes/api/users/login
HTTP/1.1 200 OK
access-control-allow-origin: *
access-control-allow-credentials: true
access-control-allow-methods: GET, POST, PUT, DELETE, PATCH
access-control-allow-headers: Origin, X-Requested-With, Authorization, Content-Type, Accept, X-Auth-Token
content-type: application/json; charset=utf-8
content-encoding: gzip
etag: W/"e2-851HeFHNMZ5Rhw5ZWSfeTGN2Xb8"
set-cookie: express:sess=eyJmbGFzaCI6e319; path=/; httponly
set-cookie: express:sess.sig=tdt42nQZiQvICqmrvHQ1_16fHk0; path=/; httponly
date: Sat, 19 Jul 2025 13:06:37 GMT
connection: keep-alive
keep-alive: timeout=5
transfer-encoding: chunked

{
    "success": true,
    "status": 200,
    "message": "Login successful",
    "data": {
        "id": "687b985d9d1b4b028865d69a",
        "name": "null",
        "email": "melissia.franecki@gmail.com",
        "token": "253494228bfd4e819e1a94aa9eb82da784a7064dbac14500be136a649e0a0fa2"
    }
}
Request URI:	https://practice.expandtesting.com/notes/api/notes
Request URI:	https://practice.expandtesting.com/notes/api/notes
Request URI:	https://practice.expandtesting.com/notes/api/notes
Request URI:	https://practice.expandtesting.com/notes/api/notes
Request URI:	https://practice.expandtesting.com/notes/api/notes
Request URI:	https://practice.expandtesting.com/notes/api/notes
Request URI:	https://practice.expandtesting.com/notes/api/notes
Request URI:	https://practice.expandtesting.com/notes/api/notes
Request URI:	https://practice.expandtesting.com/notes/api/notes
Request URI:	https://practice.expandtesting.com/notes/api/notes
Request URI:	https://practice.expandtesting.com/notes/api/notes
Request URI:	https://practice.expandtesting.com/notes/api/notes
HTTP/1.1 200 OK
access-control-allow-origin: *
access-control-allow-credentials: true
access-control-allow-methods: GET, POST, PUT, DELETE, PATCH
access-control-allow-headers: Origin, X-Requested-With, Authorization, Content-Type, Accept, X-Auth-Token
content-type: application/json; charset=utf-8
content-encoding: gzip
etag: W/"42-+gnRam/I/fj7L6+KoS9/Dl6iEoo"
set-cookie: express:sess=eyJmbGFzaCI6e319; path=/; httponly
set-cookie: express:sess.sig=tdt42nQZiQvICqmrvHQ1_16fHk0; path=/; httponly
date: Sat, 19 Jul 2025 13:06:38 GMT
connection: keep-alive
keep-alive: timeout=5
transfer-encoding: chunked

{
    "success": true,
    "status": 200,
    "message": "No notes found",
    "data": [
        
    ]
}
Request URI:	https://practice.expandtesting.com/notes/api/notes/me
Request URI:	https://practice.expandtesting.com/notes/api/notes/me
Request URI:	https://practice.expandtesting.com/notes/api/notes/me
Request URI:	https://practice.expandtesting.com/notes/api/notes/me
Request URI:	https://practice.expandtesting.com/notes/api/notes/me
Request URI:	https://practice.expandtesting.com/notes/api/notes/me
Request URI:	https://practice.expandtesting.com/notes/api/notes/me
Request URI:	https://practice.expandtesting.com/notes/api/notes/me
Request URI:	https://practice.expandtesting.com/notes/api/notes/me
Request URI:	https://practice.expandtesting.com/notes/api/notes/me
Request URI:	https://practice.expandtesting.com/notes/api/notes/me
Request URI:	https://practice.expandtesting.com/notes/api/notes/me
Request URI:	https://practice.expandtesting.com/notes/api/users/register
Request URI:	https://practice.expandtesting.com/notes/api/users/register
Request URI:	https://practice.expandtesting.com/notes/api/users/register
Request URI:	https://practice.expandtesting.com/notes/api/users/register
Request URI:	https://practice.expandtesting.com/notes/api/users/register
Request URI:	https://practice.expandtesting.com/notes/api/users/register
Request URI:	https://practice.expandtesting.com/notes/api/users/register
Request URI:	https://practice.expandtesting.com/notes/api/users/register
Request URI:	https://practice.expandtesting.com/notes/api/users/register
Request URI:	https://practice.expandtesting.com/notes/api/users/register
Request URI:	https://practice.expandtesting.com/notes/api/users/register
Request URI:	https://practice.expandtesting.com/notes/api/users/register
Request URI:	https://practice.expandtesting.com/notes/api/users/register
HTTP/1.1 201 Created
access-control-allow-origin: *
access-control-allow-credentials: true
access-control-allow-methods: GET, POST, PUT, DELETE, PATCH
access-control-allow-headers: Origin, X-Requested-With, Authorization, Content-Type, Accept, X-Auth-Token
content-type: application/json; charset=utf-8
content-encoding: gzip
etag: W/"a1-ETi9jinBrgGuBUdEGXk8jwZAcyc"
set-cookie: express:sess=eyJmbGFzaCI6e319; path=/; httponly
set-cookie: express:sess.sig=tdt42nQZiQvICqmrvHQ1_16fHk0; path=/; httponly
date: Sat, 19 Jul 2025 13:06:38 GMT
connection: keep-alive
keep-alive: timeout=5
transfer-encoding: chunked

{
    "success": true,
    "status": 201,
    "message": "User account created successfully",
    "data": {
        "id": "687b985e9d1b4b028865d6a4",
        "name": "null",
        "email": "isiah.rowe@gmail.com"
    }
}
Request URI:	https://practice.expandtesting.com/notes/api/users/login
Request URI:	https://practice.expandtesting.com/notes/api/users/login
Request URI:	https://practice.expandtesting.com/notes/api/users/login
Request URI:	https://practice.expandtesting.com/notes/api/users/login
Request URI:	https://practice.expandtesting.com/notes/api/users/login
Request URI:	https://practice.expandtesting.com/notes/api/users/login
Request URI:	https://practice.expandtesting.com/notes/api/users/login
Request URI:	https://practice.expandtesting.com/notes/api/users/login
Request URI:	https://practice.expandtesting.com/notes/api/users/login
Request URI:	https://practice.expandtesting.com/notes/api/users/login
Request URI:	https://practice.expandtesting.com/notes/api/users/login
Request URI:	https://practice.expandtesting.com/notes/api/users/login
Request URI:	https://practice.expandtesting.com/notes/api/users/login
HTTP/1.1 200 OK
access-control-allow-origin: *
access-control-allow-credentials: true
access-control-allow-methods: GET, POST, PUT, DELETE, PATCH
access-control-allow-headers: Origin, X-Requested-With, Authorization, Content-Type, Accept, X-Auth-Token
content-type: application/json; charset=utf-8
content-encoding: gzip
etag: W/"db-OcRP/9CatCaB+C1v8hstGCev2B8"
set-cookie: express:sess=eyJmbGFzaCI6e319; path=/; httponly
set-cookie: express:sess.sig=tdt42nQZiQvICqmrvHQ1_16fHk0; path=/; httponly
date: Sat, 19 Jul 2025 13:06:39 GMT
connection: keep-alive
keep-alive: timeout=5
transfer-encoding: chunked

{
    "success": true,
    "status": 200,
    "message": "Login successful",
    "data": {
        "id": "687b985e9d1b4b028865d6a4",
        "name": "null",
        "email": "isiah.rowe@gmail.com",
        "token": "c1e45b162e4b40d79b822586c219531b19e19eecde8a4520b9cf7a04d40d22f1"
    }
}
Request URI:	https://practice.expandtesting.com/notes/api/notes
Request URI:	https://practice.expandtesting.com/notes/api/notes
Request URI:	https://practice.expandtesting.com/notes/api/notes
Request URI:	https://practice.expandtesting.com/notes/api/notes
Request URI:	https://practice.expandtesting.com/notes/api/notes
Request URI:	https://practice.expandtesting.com/notes/api/notes
Request URI:	https://practice.expandtesting.com/notes/api/notes
Request URI:	https://practice.expandtesting.com/notes/api/notes
Request URI:	https://practice.expandtesting.com/notes/api/notes
Request URI:	https://practice.expandtesting.com/notes/api/notes
Request URI:	https://practice.expandtesting.com/notes/api/notes
Request URI:	https://practice.expandtesting.com/notes/api/notes
Request URI:	https://practice.expandtesting.com/notes/api/notes
Request method:	POST
Request URI:	https://practice.expandtesting.com/notes/api/notes
Proxy:			<none>
Request params:	<none>
Query params:	<none>
Form params:	title=uod53e4ainsfx5edt3xwbfkyf71z15udp0rn
				description=Et aliquid est veritatis veniam rerum inventore animi.
				category=Home
Path params:	<none>
Headers:		X-Auth-Token=c1e45b162e4b40d79b822586c219531b19e19eecde8a4520b9cf7a04d40d22f1
				Accept=application/json, application/javascript, text/javascript, text/json
				Content-Type=application/x-www-form-urlencoded; charset=UTF-8
Cookies:		<none>
Multiparts:		<none>
Body:			<none>
HTTP/1.1 200 OK
access-control-allow-origin: *
access-control-allow-credentials: true
access-control-allow-methods: GET, POST, PUT, DELETE, PATCH
access-control-allow-headers: Origin, X-Requested-With, Authorization, Content-Type, Accept, X-Auth-Token
content-type: application/json; charset=utf-8
content-encoding: gzip
etag: W/"17b-74+J3fydG+uG8bZ8jvnKUk96yx4"
set-cookie: express:sess=eyJmbGFzaCI6e319; path=/; httponly
set-cookie: express:sess.sig=tdt42nQZiQvICqmrvHQ1_16fHk0; path=/; httponly
date: Sat, 19 Jul 2025 13:06:40 GMT
connection: keep-alive
keep-alive: timeout=5
transfer-encoding: chunked

{
    "success": true,
    "status": 200,
    "message": "Note successfully created",
    "data": {
        "id": "687b98609d1b4b028865d6ac",
        "title": "uod53e4ainsfx5edt3xwbfkyf71z15udp0rn",
        "description": "Et aliquid est veritatis veniam rerum inventore animi.",
        "category": "Home",
        "completed": false,
        "created_at": "2025-07-19T13:06:40.093Z",
        "updated_at": "2025-07-19T13:06:40.093Z",
        "user_id": "687b985e9d1b4b028865d6a4"
    }
}
Request URI:	https://practice.expandtesting.com/notes/api/notes/687b98609d1b4b028865d6ac
Request URI:	https://practice.expandtesting.com/notes/api/notes/687b98609d1b4b028865d6ac
Request URI:	https://practice.expandtesting.com/notes/api/notes/687b98609d1b4b028865d6ac
Request URI:	https://practice.expandtesting.com/notes/api/notes/687b98609d1b4b028865d6ac
Request URI:	https://practice.expandtesting.com/notes/api/notes/687b98609d1b4b028865d6ac
Request URI:	https://practice.expandtesting.com/notes/api/notes/687b98609d1b4b028865d6ac
Request URI:	https://practice.expandtesting.com/notes/api/notes/687b98609d1b4b028865d6ac
Request URI:	https://practice.expandtesting.com/notes/api/notes/687b98609d1b4b028865d6ac
Request URI:	https://practice.expandtesting.com/notes/api/notes/687b98609d1b4b028865d6ac
Request URI:	https://practice.expandtesting.com/notes/api/notes/687b98609d1b4b028865d6ac
Request URI:	https://practice.expandtesting.com/notes/api/notes/687b98609d1b4b028865d6ac
Request URI:	https://practice.expandtesting.com/notes/api/notes/687b98609d1b4b028865d6ac
Request URI:	https://practice.expandtesting.com/notes/api/notes/687b98609d1b4b028865d6ac
Request method:	PATCH
Request URI:	https://practice.expandtesting.com/notes/api/notes/687b98609d1b4b028865d6ac
Proxy:			<none>
Request params:	<none>
Query params:	<none>
Form params:	<none>
Path params:	id=687b98609d1b4b028865d6ac
Headers:		X-Auth-Token=c1e45b162e4b40d79b822586c219531b19e19eecde8a4520b9cf7a04d40d22f1
				Accept=*/*
				Content-Type=application/json
Cookies:		<none>
Multiparts:		<none>
Body:
{
    "completed": false
}
HTTP/1.1 200 OK
access-control-allow-origin: *
access-control-allow-credentials: true
access-control-allow-methods: GET, POST, PUT, DELETE, PATCH
access-control-allow-headers: Origin, X-Requested-With, Authorization, Content-Type, Accept, X-Auth-Token
content-type: application/json; charset=utf-8
content-encoding: gzip
etag: W/"17b-X2m43HOCQlfN6EjrNHNvtFBT8u8"
set-cookie: express:sess=eyJmbGFzaCI6e319; path=/; httponly
set-cookie: express:sess.sig=tdt42nQZiQvICqmrvHQ1_16fHk0; path=/; httponly
date: Sat, 19 Jul 2025 13:06:40 GMT
connection: keep-alive
keep-alive: timeout=5
transfer-encoding: chunked

{
    "success": true,
    "status": 200,
    "message": "Note successfully Updated",
    "data": {
        "id": "687b98609d1b4b028865d6ac",
        "title": "uod53e4ainsfx5edt3xwbfkyf71z15udp0rn",
        "description": "Et aliquid est veritatis veniam rerum inventore animi.",
        "category": "Home",
        "completed": false,
        "created_at": "2025-07-19T13:06:40.093Z",
        "updated_at": "2025-07-19T13:06:40.093Z",
        "user_id": "687b985e9d1b4b028865d6a4"
    }
}
Request URI:	https://practice.expandtesting.com/notes/api/notes/me
Request URI:	https://practice.expandtesting.com/notes/api/notes/me
Request URI:	https://practice.expandtesting.com/notes/api/notes/me
Request URI:	https://practice.expandtesting.com/notes/api/notes/me
Request URI:	https://practice.expandtesting.com/notes/api/notes/me
Request URI:	https://practice.expandtesting.com/notes/api/notes/me
Request URI:	https://practice.expandtesting.com/notes/api/notes/me
Request URI:	https://practice.expandtesting.com/notes/api/notes/me
Request URI:	https://practice.expandtesting.com/notes/api/notes/me
Request URI:	https://practice.expandtesting.com/notes/api/notes/me
Request URI:	https://practice.expandtesting.com/notes/api/notes/me
Request URI:	https://practice.expandtesting.com/notes/api/notes/me
Request URI:	https://practice.expandtesting.com/notes/api/notes/me
Request URI:	https://practice.expandtesting.com/notes/api/users/register
Request URI:	https://practice.expandtesting.com/notes/api/users/register
Request URI:	https://practice.expandtesting.com/notes/api/users/register
Request URI:	https://practice.expandtesting.com/notes/api/users/register
Request URI:	https://practice.expandtesting.com/notes/api/users/register
Request URI:	https://practice.expandtesting.com/notes/api/users/register
Request URI:	https://practice.expandtesting.com/notes/api/users/register
Request URI:	https://practice.expandtesting.com/notes/api/users/register
Request URI:	https://practice.expandtesting.com/notes/api/users/register
Request URI:	https://practice.expandtesting.com/notes/api/users/register
Request URI:	https://practice.expandtesting.com/notes/api/users/register
Request URI:	https://practice.expandtesting.com/notes/api/users/register
Request URI:	https://practice.expandtesting.com/notes/api/users/register
Request URI:	https://practice.expandtesting.com/notes/api/users/register
HTTP/1.1 201 Created
access-control-allow-origin: *
access-control-allow-credentials: true
access-control-allow-methods: GET, POST, PUT, DELETE, PATCH
access-control-allow-headers: Origin, X-Requested-With, Authorization, Content-Type, Accept, X-Auth-Token
content-type: application/json; charset=utf-8
content-encoding: gzip
etag: W/"a3-3rAnnbyQH4gdWpWzUNNh7Ax9ss8"
set-cookie: express:sess=eyJmbGFzaCI6e319; path=/; httponly
set-cookie: express:sess.sig=tdt42nQZiQvICqmrvHQ1_16fHk0; path=/; httponly
date: Sat, 19 Jul 2025 13:06:41 GMT
connection: keep-alive
keep-alive: timeout=5
transfer-encoding: chunked

{
    "success": true,
    "status": 201,
    "message": "User account created successfully",
    "data": {
        "id": "687b98619d1b4b028865d6b3",
        "name": "null",
        "email": "hermina.rice@gmail.com"
    }
}
Request URI:	https://practice.expandtesting.com/notes/api/users/login
Request URI:	https://practice.expandtesting.com/notes/api/users/login
Request URI:	https://practice.expandtesting.com/notes/api/users/login
Request URI:	https://practice.expandtesting.com/notes/api/users/login
Request URI:	https://practice.expandtesting.com/notes/api/users/login
Request URI:	https://practice.expandtesting.com/notes/api/users/login
Request URI:	https://practice.expandtesting.com/notes/api/users/login
Request URI:	https://practice.expandtesting.com/notes/api/users/login
Request URI:	https://practice.expandtesting.com/notes/api/users/login
Request URI:	https://practice.expandtesting.com/notes/api/users/login
Request URI:	https://practice.expandtesting.com/notes/api/users/login
Request URI:	https://practice.expandtesting.com/notes/api/users/login
Request URI:	https://practice.expandtesting.com/notes/api/users/login
Request URI:	https://practice.expandtesting.com/notes/api/users/login
HTTP/1.1 200 OK
access-control-allow-origin: *
access-control-allow-credentials: true
access-control-allow-methods: GET, POST, PUT, DELETE, PATCH
access-control-allow-headers: Origin, X-Requested-With, Authorization, Content-Type, Accept, X-Auth-Token
content-type: application/json; charset=utf-8
content-encoding: gzip
etag: W/"dd-4BRTBMtUQSBbsznJPlXo2wR8YpM"
set-cookie: express:sess=eyJmbGFzaCI6e319; path=/; httponly
set-cookie: express:sess.sig=tdt42nQZiQvICqmrvHQ1_16fHk0; path=/; httponly
date: Sat, 19 Jul 2025 13:06:42 GMT
connection: keep-alive
keep-alive: timeout=5
transfer-encoding: chunked

{
    "success": true,
    "status": 200,
    "message": "Login successful",
    "data": {
        "id": "687b98619d1b4b028865d6b3",
        "name": "null",
        "email": "hermina.rice@gmail.com",
        "token": "1ba2b5437d01419bb0ec2c2eead4ee1f5d5944c0ee374fdeb9e84bdaf938d0c1"
    }
}
Request URI:	https://practice.expandtesting.com/notes/api/notes
Request URI:	https://practice.expandtesting.com/notes/api/notes
Request URI:	https://practice.expandtesting.com/notes/api/notes
Request URI:	https://practice.expandtesting.com/notes/api/notes
Request URI:	https://practice.expandtesting.com/notes/api/notes
Request URI:	https://practice.expandtesting.com/notes/api/notes
Request URI:	https://practice.expandtesting.com/notes/api/notes
Request URI:	https://practice.expandtesting.com/notes/api/notes
Request URI:	https://practice.expandtesting.com/notes/api/notes
Request URI:	https://practice.expandtesting.com/notes/api/notes
Request URI:	https://practice.expandtesting.com/notes/api/notes
Request URI:	https://practice.expandtesting.com/notes/api/notes
Request URI:	https://practice.expandtesting.com/notes/api/notes
Request URI:	https://practice.expandtesting.com/notes/api/notes
Request method:	POST
Request URI:	https://practice.expandtesting.com/notes/api/notes
Proxy:			<none>
Request params:	<none>
Query params:	<none>
Form params:	<none>
Path params:	<none>
Headers:		X-Auth-Token=1ba2b5437d01419bb0ec2c2eead4ee1f5d5944c0ee374fdeb9e84bdaf938d0c1
				Accept=*/*
				Content-Type=application/json
Cookies:		<none>
Multiparts:		<none>
Body:
{
    "title": "RTY",
    "description": "Описание для проверки",
    "category": "Home"
}
HTTP/1.1 400 Bad Request
access-control-allow-origin: *
access-control-allow-credentials: true
access-control-allow-methods: GET, POST, PUT, DELETE, PATCH
access-control-allow-headers: Origin, X-Requested-With, Authorization, Content-Type, Accept, X-Auth-Token
content-type: application/json; charset=utf-8
content-encoding: gzip
etag: W/"55-m7rTFXimjgWH5Ep/8NBs2z2X024"
set-cookie: express:sess=eyJmbGFzaCI6e319; path=/; httponly
set-cookie: express:sess.sig=tdt42nQZiQvICqmrvHQ1_16fHk0; path=/; httponly
date: Sat, 19 Jul 2025 13:06:42 GMT
connection: keep-alive
keep-alive: timeout=5
transfer-encoding: chunked

{
    "success": false,
    "status": 400,
    "message": "Title must be between 4 and 100 characters"
}
Request URI:	https://practice.expandtesting.com/notes/api/notes/me
Request URI:	https://practice.expandtesting.com/notes/api/notes/me
Request URI:	https://practice.expandtesting.com/notes/api/notes/me
Request URI:	https://practice.expandtesting.com/notes/api/notes/me
Request URI:	https://practice.expandtesting.com/notes/api/notes/me
Request URI:	https://practice.expandtesting.com/notes/api/notes/me
Request URI:	https://practice.expandtesting.com/notes/api/notes/me
Request URI:	https://practice.expandtesting.com/notes/api/notes/me
Request URI:	https://practice.expandtesting.com/notes/api/notes/me
Request URI:	https://practice.expandtesting.com/notes/api/notes/me
Request URI:	https://practice.expandtesting.com/notes/api/notes/me
Request URI:	https://practice.expandtesting.com/notes/api/notes/me
Request URI:	https://practice.expandtesting.com/notes/api/notes/me
Request URI:	https://practice.expandtesting.com/notes/api/notes/me
Request URI:	https://practice.expandtesting.com/notes/api/users/register
Request URI:	https://practice.expandtesting.com/notes/api/users/register
Request URI:	https://practice.expandtesting.com/notes/api/users/register
Request URI:	https://practice.expandtesting.com/notes/api/users/register
Request URI:	https://practice.expandtesting.com/notes/api/users/register
Request URI:	https://practice.expandtesting.com/notes/api/users/register
Request URI:	https://practice.expandtesting.com/notes/api/users/register
Request URI:	https://practice.expandtesting.com/notes/api/users/register
Request URI:	https://practice.expandtesting.com/notes/api/users/register
Request URI:	https://practice.expandtesting.com/notes/api/users/register
Request URI:	https://practice.expandtesting.com/notes/api/users/register
Request URI:	https://practice.expandtesting.com/notes/api/users/register
Request URI:	https://practice.expandtesting.com/notes/api/users/register
Request URI:	https://practice.expandtesting.com/notes/api/users/register
Request URI:	https://practice.expandtesting.com/notes/api/users/register
HTTP/1.1 201 Created
access-control-allow-origin: *
access-control-allow-credentials: true
access-control-allow-methods: GET, POST, PUT, DELETE, PATCH
access-control-allow-headers: Origin, X-Requested-With, Authorization, Content-Type, Accept, X-Auth-Token
content-type: application/json; charset=utf-8
content-encoding: gzip
etag: W/"a5-N26r/pJW2UN61mZfXzyG10u9DCo"
set-cookie: express:sess=eyJmbGFzaCI6e319; path=/; httponly
set-cookie: express:sess.sig=tdt42nQZiQvICqmrvHQ1_16fHk0; path=/; httponly
date: Sat, 19 Jul 2025 13:06:43 GMT
connection: keep-alive
keep-alive: timeout=5
transfer-encoding: chunked

{
    "success": true,
    "status": 201,
    "message": "User account created successfully",
    "data": {
        "id": "687b98639d1b4b028865d6bc",
        "name": "null",
        "email": "basilia.corwin@gmail.com"
    }
}
Request URI:	https://practice.expandtesting.com/notes/api/users/login
Request URI:	https://practice.expandtesting.com/notes/api/users/login
Request URI:	https://practice.expandtesting.com/notes/api/users/login
Request URI:	https://practice.expandtesting.com/notes/api/users/login
Request URI:	https://practice.expandtesting.com/notes/api/users/login
Request URI:	https://practice.expandtesting.com/notes/api/users/login
Request URI:	https://practice.expandtesting.com/notes/api/users/login
Request URI:	https://practice.expandtesting.com/notes/api/users/login
Request URI:	https://practice.expandtesting.com/notes/api/users/login
Request URI:	https://practice.expandtesting.com/notes/api/users/login
Request URI:	https://practice.expandtesting.com/notes/api/users/login
Request URI:	https://practice.expandtesting.com/notes/api/users/login
Request URI:	https://practice.expandtesting.com/notes/api/users/login
Request URI:	https://practice.expandtesting.com/notes/api/users/login
Request URI:	https://practice.expandtesting.com/notes/api/users/login
HTTP/1.1 200 OK
access-control-allow-origin: *
access-control-allow-credentials: true
access-control-allow-methods: GET, POST, PUT, DELETE, PATCH
access-control-allow-headers: Origin, X-Requested-With, Authorization, Content-Type, Accept, X-Auth-Token
content-type: application/json; charset=utf-8
content-encoding: gzip
etag: W/"df-T7eRv3+gCPiHtKqU7gK0pC86BIA"
set-cookie: express:sess=eyJmbGFzaCI6e319; path=/; httponly
set-cookie: express:sess.sig=tdt42nQZiQvICqmrvHQ1_16fHk0; path=/; httponly
date: Sat, 19 Jul 2025 13:06:44 GMT
connection: keep-alive
keep-alive: timeout=5
transfer-encoding: chunked

{
    "success": true,
    "status": 200,
    "message": "Login successful",
    "data": {
        "id": "687b98639d1b4b028865d6bc",
        "name": "null",
        "email": "basilia.corwin@gmail.com",
        "token": "bf1a33a1b1724f76be3379996ce101df94fab763351041d08a25836a492bc576"
    }
}
Request URI:	https://practice.expandtesting.com/notes/api/notes
Request URI:	https://practice.expandtesting.com/notes/api/notes
Request URI:	https://practice.expandtesting.com/notes/api/notes
Request URI:	https://practice.expandtesting.com/notes/api/notes
Request URI:	https://practice.expandtesting.com/notes/api/notes
Request URI:	https://practice.expandtesting.com/notes/api/notes
Request URI:	https://practice.expandtesting.com/notes/api/notes
Request URI:	https://practice.expandtesting.com/notes/api/notes
Request URI:	https://practice.expandtesting.com/notes/api/notes
Request URI:	https://practice.expandtesting.com/notes/api/notes
Request URI:	https://practice.expandtesting.com/notes/api/notes
Request URI:	https://practice.expandtesting.com/notes/api/notes
Request URI:	https://practice.expandtesting.com/notes/api/notes
Request URI:	https://practice.expandtesting.com/notes/api/notes
Request URI:	https://practice.expandtesting.com/notes/api/notes
Request method:	POST
Request URI:	https://practice.expandtesting.com/notes/api/notes
Proxy:			<none>
Request params:	<none>
Query params:	<none>
Form params:	title=chxj4wd2xa3wustpaceyoo2cdzv2ka
				description=Dignissimos ducimus beatae facilis quidem facilis consequuntur.
				category=Home
Path params:	<none>
Headers:		X-Auth-Token=bf1a33a1b1724f76be3379996ce101df94fab763351041d08a25836a492bc576
				Accept=application/json, application/javascript, text/javascript, text/json
				Content-Type=application/x-www-form-urlencoded; charset=UTF-8
Cookies:		<none>
Multiparts:		<none>
Body:			<none>
HTTP/1.1 200 OK
access-control-allow-origin: *
access-control-allow-credentials: true
access-control-allow-methods: GET, POST, PUT, DELETE, PATCH
access-control-allow-headers: Origin, X-Requested-With, Authorization, Content-Type, Accept, X-Auth-Token
content-type: application/json; charset=utf-8
content-encoding: gzip
etag: W/"17e-RfLNl8yPv5Dy5QwCvWNeC9umeCA"
set-cookie: express:sess=eyJmbGFzaCI6e319; path=/; httponly
set-cookie: express:sess.sig=tdt42nQZiQvICqmrvHQ1_16fHk0; path=/; httponly
date: Sat, 19 Jul 2025 13:06:44 GMT
connection: keep-alive
keep-alive: timeout=5
transfer-encoding: chunked

{
    "success": true,
    "status": 200,
    "message": "Note successfully created",
    "data": {
        "id": "687b98649d1b4b028865d6c4",
        "title": "chxj4wd2xa3wustpaceyoo2cdzv2ka",
        "description": "Dignissimos ducimus beatae facilis quidem facilis consequuntur.",
        "category": "Home",
        "completed": false,
        "created_at": "2025-07-19T13:06:44.508Z",
        "updated_at": "2025-07-19T13:06:44.508Z",
        "user_id": "687b98639d1b4b028865d6bc"
    }
}
Request URI:	https://practice.expandtesting.com/notes/api/notes/687b98649d1b4b028865d6c4
Request URI:	https://practice.expandtesting.com/notes/api/notes/687b98649d1b4b028865d6c4
Request URI:	https://practice.expandtesting.com/notes/api/notes/687b98649d1b4b028865d6c4
Request URI:	https://practice.expandtesting.com/notes/api/notes/687b98649d1b4b028865d6c4
Request URI:	https://practice.expandtesting.com/notes/api/notes/687b98649d1b4b028865d6c4
Request URI:	https://practice.expandtesting.com/notes/api/notes/687b98649d1b4b028865d6c4
Request URI:	https://practice.expandtesting.com/notes/api/notes/687b98649d1b4b028865d6c4
Request URI:	https://practice.expandtesting.com/notes/api/notes/687b98649d1b4b028865d6c4
Request URI:	https://practice.expandtesting.com/notes/api/notes/687b98649d1b4b028865d6c4
Request URI:	https://practice.expandtesting.com/notes/api/notes/687b98649d1b4b028865d6c4
Request URI:	https://practice.expandtesting.com/notes/api/notes/687b98649d1b4b028865d6c4
Request URI:	https://practice.expandtesting.com/notes/api/notes/687b98649d1b4b028865d6c4
Request URI:	https://practice.expandtesting.com/notes/api/notes/687b98649d1b4b028865d6c4
Request URI:	https://practice.expandtesting.com/notes/api/notes/687b98649d1b4b028865d6c4
Request URI:	https://practice.expandtesting.com/notes/api/notes/687b98649d1b4b028865d6c4
Request method:	DELETE
Request URI:	https://practice.expandtesting.com/notes/api/notes/687b98649d1b4b028865d6c4
Proxy:			<none>
Request params:	<none>
Query params:	<none>
Form params:	<none>
Path params:	id=687b98649d1b4b028865d6c4
Headers:		X-Auth-Token=bf1a33a1b1724f76be3379996ce101df94fab763351041d08a25836a492bc576
				Accept=*/*
				Content-Type=application/json
Cookies:		<none>
Multiparts:		<none>
Body:			<none>
HTTP/1.1 200 OK
access-control-allow-origin: *
access-control-allow-credentials: true
access-control-allow-methods: GET, POST, PUT, DELETE, PATCH
access-control-allow-headers: Origin, X-Requested-With, Authorization, Content-Type, Accept, X-Auth-Token
content-type: application/json; charset=utf-8
content-encoding: gzip
etag: W/"43-NRjYUraIosLt+x2lOOhDKG8vqCU"
set-cookie: express:sess=eyJmbGFzaCI6e319; path=/; httponly
set-cookie: express:sess.sig=tdt42nQZiQvICqmrvHQ1_16fHk0; path=/; httponly
date: Sat, 19 Jul 2025 13:06:44 GMT
connection: keep-alive
keep-alive: timeout=5
transfer-encoding: chunked

{
    "success": true,
    "status": 200,
    "message": "Note successfully deleted"
}
Request URI:	https://practice.expandtesting.com/notes/api/notes/me
Request URI:	https://practice.expandtesting.com/notes/api/notes/me
Request URI:	https://practice.expandtesting.com/notes/api/notes/me
Request URI:	https://practice.expandtesting.com/notes/api/notes/me
Request URI:	https://practice.expandtesting.com/notes/api/notes/me
Request URI:	https://practice.expandtesting.com/notes/api/notes/me
Request URI:	https://practice.expandtesting.com/notes/api/notes/me
Request URI:	https://practice.expandtesting.com/notes/api/notes/me
Request URI:	https://practice.expandtesting.com/notes/api/notes/me
Request URI:	https://practice.expandtesting.com/notes/api/notes/me
Request URI:	https://practice.expandtesting.com/notes/api/notes/me
Request URI:	https://practice.expandtesting.com/notes/api/notes/me
Request URI:	https://practice.expandtesting.com/notes/api/notes/me
Request URI:	https://practice.expandtesting.com/notes/api/notes/me
Request URI:	https://practice.expandtesting.com/notes/api/notes/me
Request URI:	https://practice.expandtesting.com/notes/api/users/register
Request URI:	https://practice.expandtesting.com/notes/api/users/register
Request URI:	https://practice.expandtesting.com/notes/api/users/register
Request URI:	https://practice.expandtesting.com/notes/api/users/register
Request URI:	https://practice.expandtesting.com/notes/api/users/register
Request URI:	https://practice.expandtesting.com/notes/api/users/register
Request URI:	https://practice.expandtesting.com/notes/api/users/register
Request URI:	https://practice.expandtesting.com/notes/api/users/register
Request URI:	https://practice.expandtesting.com/notes/api/users/register
Request URI:	https://practice.expandtesting.com/notes/api/users/register
Request URI:	https://practice.expandtesting.com/notes/api/users/register
Request URI:	https://practice.expandtesting.com/notes/api/users/register
Request URI:	https://practice.expandtesting.com/notes/api/users/register
Request URI:	https://practice.expandtesting.com/notes/api/users/register
Request URI:	https://practice.expandtesting.com/notes/api/users/register
Request URI:	https://practice.expandtesting.com/notes/api/users/register
HTTP/1.1 201 Created
access-control-allow-origin: *
access-control-allow-credentials: true
access-control-allow-methods: GET, POST, PUT, DELETE, PATCH
access-control-allow-headers: Origin, X-Requested-With, Authorization, Content-Type, Accept, X-Auth-Token
content-type: application/json; charset=utf-8
content-encoding: gzip
etag: W/"a7-tqKGdWdivkK1th5R8z35bcyd2og"
set-cookie: express:sess=eyJmbGFzaCI6e319; path=/; httponly
set-cookie: express:sess.sig=tdt42nQZiQvICqmrvHQ1_16fHk0; path=/; httponly
date: Sat, 19 Jul 2025 13:06:45 GMT
connection: keep-alive
keep-alive: timeout=5
transfer-encoding: chunked

{
    "success": true,
    "status": 201,
    "message": "User account created successfully",
    "data": {
        "id": "687b98659d1b4b028865d6cb",
        "name": "null",
        "email": "jimmy.gorczany@hotmail.com"
    }
}
Request URI:	https://practice.expandtesting.com/notes/api/users/login
Request URI:	https://practice.expandtesting.com/notes/api/users/login
Request URI:	https://practice.expandtesting.com/notes/api/users/login
Request URI:	https://practice.expandtesting.com/notes/api/users/login
Request URI:	https://practice.expandtesting.com/notes/api/users/login
Request URI:	https://practice.expandtesting.com/notes/api/users/login
Request URI:	https://practice.expandtesting.com/notes/api/users/login
Request URI:	https://practice.expandtesting.com/notes/api/users/login
Request URI:	https://practice.expandtesting.com/notes/api/users/login
Request URI:	https://practice.expandtesting.com/notes/api/users/login
Request URI:	https://practice.expandtesting.com/notes/api/users/login
Request URI:	https://practice.expandtesting.com/notes/api/users/login
Request URI:	https://practice.expandtesting.com/notes/api/users/login
Request URI:	https://practice.expandtesting.com/notes/api/users/login
Request URI:	https://practice.expandtesting.com/notes/api/users/login
Request URI:	https://practice.expandtesting.com/notes/api/users/login
HTTP/1.1 200 OK
access-control-allow-origin: *
access-control-allow-credentials: true
access-control-allow-methods: GET, POST, PUT, DELETE, PATCH
access-control-allow-headers: Origin, X-Requested-With, Authorization, Content-Type, Accept, X-Auth-Token
content-type: application/json; charset=utf-8
content-encoding: gzip
etag: W/"e1-0DOvzh/0Amdet/Vi6OitbrE5OjA"
set-cookie: express:sess=eyJmbGFzaCI6e319; path=/; httponly
set-cookie: express:sess.sig=tdt42nQZiQvICqmrvHQ1_16fHk0; path=/; httponly
date: Sat, 19 Jul 2025 13:06:46 GMT
connection: keep-alive
keep-alive: timeout=5
transfer-encoding: chunked

{
    "success": true,
    "status": 200,
    "message": "Login successful",
    "data": {
        "id": "687b98659d1b4b028865d6cb",
        "name": "null",
        "email": "jimmy.gorczany@hotmail.com",
        "token": "a8ec33b48ebc4859969c0b3e6ffe51553e0bf7bee2fa4357bd1a65ca7f8773b1"
    }
}
Request URI:	https://practice.expandtesting.com/notes/api/notes
Request URI:	https://practice.expandtesting.com/notes/api/notes
Request URI:	https://practice.expandtesting.com/notes/api/notes
Request URI:	https://practice.expandtesting.com/notes/api/notes
Request URI:	https://practice.expandtesting.com/notes/api/notes
Request URI:	https://practice.expandtesting.com/notes/api/notes
Request URI:	https://practice.expandtesting.com/notes/api/notes
Request URI:	https://practice.expandtesting.com/notes/api/notes
Request URI:	https://practice.expandtesting.com/notes/api/notes
Request URI:	https://practice.expandtesting.com/notes/api/notes
Request URI:	https://practice.expandtesting.com/notes/api/notes
Request URI:	https://practice.expandtesting.com/notes/api/notes
Request URI:	https://practice.expandtesting.com/notes/api/notes
Request URI:	https://practice.expandtesting.com/notes/api/notes
Request URI:	https://practice.expandtesting.com/notes/api/notes
Request URI:	https://practice.expandtesting.com/notes/api/notes
Request method:	POST
Request URI:	https://practice.expandtesting.com/notes/api/notes
Proxy:			<none>
Request params:	<none>
Query params:	<none>
Form params:	title=ush02tc9jp91jcvtnvaqxusclyebljg0y0qz
				description=Cupiditate aliquid ut sunt et omnis.
				category=Personal
Path params:	<none>
Headers:		X-Auth-Token=a8ec33b48ebc4859969c0b3e6ffe51553e0bf7bee2fa4357bd1a65ca7f8773b1
				Accept=application/json, application/javascript, text/javascript, text/json
				Content-Type=application/x-www-form-urlencoded; charset=UTF-8
Cookies:		<none>
Multiparts:		<none>
Body:			<none>
HTTP/1.1 200 OK
access-control-allow-origin: *
access-control-allow-credentials: true
access-control-allow-methods: GET, POST, PUT, DELETE, PATCH
access-control-allow-headers: Origin, X-Requested-With, Authorization, Content-Type, Accept, X-Auth-Token
content-type: application/json; charset=utf-8
content-encoding: gzip
etag: W/"16d-IVjWRqTRGIkTDBSyyhAy3RajgHM"
set-cookie: express:sess=eyJmbGFzaCI6e319; path=/; httponly
set-cookie: express:sess.sig=tdt42nQZiQvICqmrvHQ1_16fHk0; path=/; httponly
date: Sat, 19 Jul 2025 13:06:46 GMT
connection: keep-alive
keep-alive: timeout=5
transfer-encoding: chunked

{
    "success": true,
    "status": 200,
    "message": "Note successfully created",
    "data": {
        "id": "687b98669d1b4b028865d6d3",
        "title": "ush02tc9jp91jcvtnvaqxusclyebljg0y0qz",
        "description": "Cupiditate aliquid ut sunt et omnis.",
        "category": "Personal",
        "completed": false,
        "created_at": "2025-07-19T13:06:46.928Z",
        "updated_at": "2025-07-19T13:06:46.928Z",
        "user_id": "687b98659d1b4b028865d6cb"
    }
}
Request URI:	https://practice.expandtesting.com/notes/api/notes/687b98669d1b4b028865d6d3
Request URI:	https://practice.expandtesting.com/notes/api/notes/687b98669d1b4b028865d6d3
Request URI:	https://practice.expandtesting.com/notes/api/notes/687b98669d1b4b028865d6d3
Request URI:	https://practice.expandtesting.com/notes/api/notes/687b98669d1b4b028865d6d3
Request URI:	https://practice.expandtesting.com/notes/api/notes/687b98669d1b4b028865d6d3
Request URI:	https://practice.expandtesting.com/notes/api/notes/687b98669d1b4b028865d6d3
Request URI:	https://practice.expandtesting.com/notes/api/notes/687b98669d1b4b028865d6d3
Request URI:	https://practice.expandtesting.com/notes/api/notes/687b98669d1b4b028865d6d3
Request URI:	https://practice.expandtesting.com/notes/api/notes/687b98669d1b4b028865d6d3
Request URI:	https://practice.expandtesting.com/notes/api/notes/687b98669d1b4b028865d6d3
Request URI:	https://practice.expandtesting.com/notes/api/notes/687b98669d1b4b028865d6d3
Request URI:	https://practice.expandtesting.com/notes/api/notes/687b98669d1b4b028865d6d3
Request URI:	https://practice.expandtesting.com/notes/api/notes/687b98669d1b4b028865d6d3
Request URI:	https://practice.expandtesting.com/notes/api/notes/687b98669d1b4b028865d6d3
Request URI:	https://practice.expandtesting.com/notes/api/notes/687b98669d1b4b028865d6d3
Request URI:	https://practice.expandtesting.com/notes/api/notes/687b98669d1b4b028865d6d3
Request method:	PUT
Request URI:	https://practice.expandtesting.com/notes/api/notes/687b98669d1b4b028865d6d3
Proxy:			<none>
Request params:	<none>
Query params:	<none>
Form params:	<none>
Path params:	<none>
Headers:		X-Auth-Token=a8ec33b48ebc4859969c0b3e6ffe51553e0bf7bee2fa4357bd1a65ca7f8773b1
				Accept=*/*
				Content-Type=application/json
Cookies:		<none>
Multiparts:		<none>
Body:
HTTP/1.1 400 Bad Request
access-control-allow-origin: *
access-control-allow-credentials: true
access-control-allow-methods: GET, POST, PUT, DELETE, PATCH
access-control-allow-headers: Origin, X-Requested-With, Authorization, Content-Type, Accept, X-Auth-Token
content-type: application/json; charset=utf-8
content-encoding: gzip
etag: W/"55-m7rTFXimjgWH5Ep/8NBs2z2X024"
set-cookie: express:sess=eyJmbGFzaCI6e319; path=/; httponly
set-cookie: express:sess.sig=tdt42nQZiQvICqmrvHQ1_16fHk0; path=/; httponly
date: Sat, 19 Jul 2025 13:06:47 GMT
connection: keep-alive
keep-alive: timeout=5
transfer-encoding: chunked

{
    "success": false,
    "status": 400,
    "message": "Title must be between 4 and 100 characters"
}
Request URI:	https://practice.expandtesting.com/notes/api/notes/me
Request URI:	https://practice.expandtesting.com/notes/api/notes/me
Request URI:	https://practice.expandtesting.com/notes/api/notes/me
Request URI:	https://practice.expandtesting.com/notes/api/notes/me
Request URI:	https://practice.expandtesting.com/notes/api/notes/me
Request URI:	https://practice.expandtesting.com/notes/api/notes/me
Request URI:	https://practice.expandtesting.com/notes/api/notes/me
Request URI:	https://practice.expandtesting.com/notes/api/notes/me
Request URI:	https://practice.expandtesting.com/notes/api/notes/me
Request URI:	https://practice.expandtesting.com/notes/api/notes/me
Request URI:	https://practice.expandtesting.com/notes/api/notes/me
Request URI:	https://practice.expandtesting.com/notes/api/notes/me
Request URI:	https://practice.expandtesting.com/notes/api/notes/me
Request URI:	https://practice.expandtesting.com/notes/api/notes/me
Request URI:	https://practice.expandtesting.com/notes/api/notes/me
Request URI:	https://practice.expandtesting.com/notes/api/notes/me
Request URI:	https://practice.expandtesting.com/notes/api/users/register
Request URI:	https://practice.expandtesting.com/notes/api/users/register
Request URI:	https://practice.expandtesting.com/notes/api/users/register
Request URI:	https://practice.expandtesting.com/notes/api/users/register
Request URI:	https://practice.expandtesting.com/notes/api/users/register
Request URI:	https://practice.expandtesting.com/notes/api/users/register
Request URI:	https://practice.expandtesting.com/notes/api/users/register
Request URI:	https://practice.expandtesting.com/notes/api/users/register
Request URI:	https://practice.expandtesting.com/notes/api/users/register
Request URI:	https://practice.expandtesting.com/notes/api/users/register
Request URI:	https://practice.expandtesting.com/notes/api/users/register
Request URI:	https://practice.expandtesting.com/notes/api/users/register
Request URI:	https://practice.expandtesting.com/notes/api/users/register
Request URI:	https://practice.expandtesting.com/notes/api/users/register
Request URI:	https://practice.expandtesting.com/notes/api/users/register
Request URI:	https://practice.expandtesting.com/notes/api/users/register
Request URI:	https://practice.expandtesting.com/notes/api/users/register
Request URI:	https://practice.expandtesting.com/notes/api/users/register
Request URI:	https://practice.expandtesting.com/notes/api/users/register
Request URI:	https://practice.expandtesting.com/notes/api/users/register
Request URI:	https://practice.expandtesting.com/notes/api/users/register
Request URI:	https://practice.expandtesting.com/notes/api/users/register
Request URI:	https://practice.expandtesting.com/notes/api/users/register
Request URI:	https://practice.expandtesting.com/notes/api/users/register
Request URI:	https://practice.expandtesting.com/notes/api/users/register
Request URI:	https://practice.expandtesting.com/notes/api/users/register
Request URI:	https://practice.expandtesting.com/notes/api/users/register
Request URI:	https://practice.expandtesting.com/notes/api/users/register
Request URI:	https://practice.expandtesting.com/notes/api/users/register
Request URI:	https://practice.expandtesting.com/notes/api/users/register
Request URI:	https://practice.expandtesting.com/notes/api/users/register
Request URI:	https://practice.expandtesting.com/notes/api/users/register
Request URI:	https://practice.expandtesting.com/notes/api/users/register
Request URI:	https://practice.expandtesting.com/notes/api/users/register
Request URI:	https://practice.expandtesting.com/notes/api/users/register
HTTP/1.1 201 Created
access-control-allow-origin: *
access-control-allow-credentials: true
access-control-allow-methods: GET, POST, PUT, DELETE, PATCH
access-control-allow-headers: Origin, X-Requested-With, Authorization, Content-Type, Accept, X-Auth-Token
content-type: application/json; charset=utf-8
content-encoding: gzip
etag: W/"b7-D1YvyM+k3t+Y3dIUfT0MaTLmWrA"
set-cookie: express:sess=eyJmbGFzaCI6e319; path=/; httponly
set-cookie: express:sess.sig=tdt42nQZiQvICqmrvHQ1_16fHk0; path=/; httponly
date: Sat, 19 Jul 2025 13:24:30 GMT
connection: keep-alive
keep-alive: timeout=5
transfer-encoding: chunked

{
    "success": true,
    "status": 201,
    "message": "User account created successfully",
    "data": {
        "id": "687b9c8e9d1b4b028865d7e2",
        "name": "devora.gutkowski",
        "email": "sharolyn.stoltenberg@gmail.com"
    }
}
Request URI:	https://practice.expandtesting.com/notes/api/users/login
Request URI:	https://practice.expandtesting.com/notes/api/users/login
Request URI:	https://practice.expandtesting.com/notes/api/users/login
Request URI:	https://practice.expandtesting.com/notes/api/users/login
Request URI:	https://practice.expandtesting.com/notes/api/users/login
Request URI:	https://practice.expandtesting.com/notes/api/users/login
Request URI:	https://practice.expandtesting.com/notes/api/users/login
Request URI:	https://practice.expandtesting.com/notes/api/users/login
Request URI:	https://practice.expandtesting.com/notes/api/users/login
Request URI:	https://practice.expandtesting.com/notes/api/users/login
Request URI:	https://practice.expandtesting.com/notes/api/users/login
Request URI:	https://practice.expandtesting.com/notes/api/users/login
Request URI:	https://practice.expandtesting.com/notes/api/users/login
Request URI:	https://practice.expandtesting.com/notes/api/users/login
Request URI:	https://practice.expandtesting.com/notes/api/users/login
Request URI:	https://practice.expandtesting.com/notes/api/users/login
Request URI:	https://practice.expandtesting.com/notes/api/users/login
Request URI:	https://practice.expandtesting.com/notes/api/users/login
Request URI:	https://practice.expandtesting.com/notes/api/users/login
Request URI:	https://practice.expandtesting.com/notes/api/users/login
Request URI:	https://practice.expandtesting.com/notes/api/users/login
Request URI:	https://practice.expandtesting.com/notes/api/users/login
Request URI:	https://practice.expandtesting.com/notes/api/users/login
Request URI:	https://practice.expandtesting.com/notes/api/users/login
Request URI:	https://practice.expandtesting.com/notes/api/users/login
Request URI:	https://practice.expandtesting.com/notes/api/users/login
Request URI:	https://practice.expandtesting.com/notes/api/users/login
Request URI:	https://practice.expandtesting.com/notes/api/users/login
Request URI:	https://practice.expandtesting.com/notes/api/users/login
Request URI:	https://practice.expandtesting.com/notes/api/users/login
Request URI:	https://practice.expandtesting.com/notes/api/users/login
Request URI:	https://practice.expandtesting.com/notes/api/users/login
Request URI:	https://practice.expandtesting.com/notes/api/users/login
Request URI:	https://practice.expandtesting.com/notes/api/users/login
Request URI:	https://practice.expandtesting.com/notes/api/users/login
HTTP/1.1 200 OK
access-control-allow-origin: *
access-control-allow-credentials: true
access-control-allow-methods: GET, POST, PUT, DELETE, PATCH
access-control-allow-headers: Origin, X-Requested-With, Authorization, Content-Type, Accept, X-Auth-Token
content-type: application/json; charset=utf-8
content-encoding: gzip
etag: W/"f1-+IJXRSzPcP0fpNfY0Xjg9HBpzNA"
set-cookie: express:sess=eyJmbGFzaCI6e319; path=/; httponly
set-cookie: express:sess.sig=tdt42nQZiQvICqmrvHQ1_16fHk0; path=/; httponly
date: Sat, 19 Jul 2025 13:24:31 GMT
connection: keep-alive
keep-alive: timeout=5
transfer-encoding: chunked

{
    "success": true,
    "status": 200,
    "message": "Login successful",
    "data": {
        "id": "687b9c8e9d1b4b028865d7e2",
        "name": "devora.gutkowski",
        "email": "sharolyn.stoltenberg@gmail.com",
        "token": "0bae8fa9ad6d4e65b4038de2ec0e292c596ded20e0f34257a0ea9c561df0ce4e"
    }
}
Request URI:	https://practice.expandtesting.com/notes/api/health-check
Request URI:	https://practice.expandtesting.com/notes/api/health-check
Request URI:	https://practice.expandtesting.com/notes/api/health-check
Request URI:	https://practice.expandtesting.com/notes/api/health-check
Request URI:	https://practice.expandtesting.com/notes/api/health-check
Request URI:	https://practice.expandtesting.com/notes/api/health-check
Request URI:	https://practice.expandtesting.com/notes/api/health-check
Request URI:	https://practice.expandtesting.com/notes/api/health-check
Request URI:	https://practice.expandtesting.com/notes/api/health-check
Request URI:	https://practice.expandtesting.com/notes/api/health-check
Request URI:	https://practice.expandtesting.com/notes/api/health-check
Request URI:	https://practice.expandtesting.com/notes/api/health-check
Request URI:	https://practice.expandtesting.com/notes/api/health-check
Request URI:	https://practice.expandtesting.com/notes/api/health-check
Request URI:	https://practice.expandtesting.com/notes/api/health-check
Request URI:	https://practice.expandtesting.com/notes/api/health-check
Request URI:	https://practice.expandtesting.com/notes/api/health-check
Request URI:	https://practice.expandtesting.com/notes/api/health-check
Request URI:	https://practice.expandtesting.com/notes/api/health-check
Request URI:	https://practice.expandtesting.com/notes/api/health-check
Request URI:	https://practice.expandtesting.com/notes/api/health-check
Request URI:	https://practice.expandtesting.com/notes/api/health-check
Request URI:	https://practice.expandtesting.com/notes/api/health-check
Request URI:	https://practice.expandtesting.com/notes/api/health-check
Request URI:	https://practice.expandtesting.com/notes/api/health-check
Request URI:	https://practice.expandtesting.com/notes/api/health-check
Request URI:	https://practice.expandtesting.com/notes/api/health-check
Request URI:	https://practice.expandtesting.com/notes/api/health-check
Request URI:	https://practice.expandtesting.com/notes/api/health-check
Request URI:	https://practice.expandtesting.com/notes/api/health-check
Request URI:	https://practice.expandtesting.com/notes/api/health-check
Request URI:	https://practice.expandtesting.com/notes/api/health-check
Request URI:	https://practice.expandtesting.com/notes/api/health-check
Request URI:	https://practice.expandtesting.com/notes/api/health-check
Request URI:	https://practice.expandtesting.com/notes/api/health-check
HTTP/1.1 200 OK
access-control-allow-origin: *
access-control-allow-credentials: true
access-control-allow-methods: GET, POST, PUT, DELETE, PATCH
access-control-allow-headers: Origin, X-Requested-With, Authorization, Content-Type, Accept, X-Auth-Token
content-type: application/json; charset=utf-8
content-encoding: gzip
etag: W/"3e-FE3Nfnlblw5s6WOK197+HBp7tw8"
set-cookie: express:sess=eyJmbGFzaCI6e319; path=/; httponly
set-cookie: express:sess.sig=tdt42nQZiQvICqmrvHQ1_16fHk0; path=/; httponly
date: Sat, 19 Jul 2025 13:24:32 GMT
connection: keep-alive
keep-alive: timeout=5
transfer-encoding: chunked

{
    "success": true,
    "status": 200,
    "message": "Notes API is Running"
}
Request URI:	https://practice.expandtesting.com/notes/api/notes/me
Request URI:	https://practice.expandtesting.com/notes/api/notes/me
Request URI:	https://practice.expandtesting.com/notes/api/notes/me
Request URI:	https://practice.expandtesting.com/notes/api/notes/me
Request URI:	https://practice.expandtesting.com/notes/api/notes/me
Request URI:	https://practice.expandtesting.com/notes/api/notes/me
Request URI:	https://practice.expandtesting.com/notes/api/notes/me
Request URI:	https://practice.expandtesting.com/notes/api/notes/me
Request URI:	https://practice.expandtesting.com/notes/api/notes/me
Request URI:	https://practice.expandtesting.com/notes/api/notes/me
Request URI:	https://practice.expandtesting.com/notes/api/notes/me
Request URI:	https://practice.expandtesting.com/notes/api/notes/me
Request URI:	https://practice.expandtesting.com/notes/api/notes/me
Request URI:	https://practice.expandtesting.com/notes/api/notes/me
Request URI:	https://practice.expandtesting.com/notes/api/notes/me
Request URI:	https://practice.expandtesting.com/notes/api/notes/me
Request URI:	https://practice.expandtesting.com/notes/api/notes/me
Request URI:	https://practice.expandtesting.com/notes/api/notes/me
Request URI:	https://practice.expandtesting.com/notes/api/notes/me
Request URI:	https://practice.expandtesting.com/notes/api/notes/me
Request URI:	https://practice.expandtesting.com/notes/api/notes/me
Request URI:	https://practice.expandtesting.com/notes/api/notes/me
Request URI:	https://practice.expandtesting.com/notes/api/notes/me
Request URI:	https://practice.expandtesting.com/notes/api/notes/me
Request URI:	https://practice.expandtesting.com/notes/api/notes/me
Request URI:	https://practice.expandtesting.com/notes/api/notes/me
Request URI:	https://practice.expandtesting.com/notes/api/notes/me
Request URI:	https://practice.expandtesting.com/notes/api/notes/me
Request URI:	https://practice.expandtesting.com/notes/api/notes/me
Request URI:	https://practice.expandtesting.com/notes/api/notes/me
Request URI:	https://practice.expandtesting.com/notes/api/notes/me
Request URI:	https://practice.expandtesting.com/notes/api/notes/me
Request URI:	https://practice.expandtesting.com/notes/api/notes/me
Request URI:	https://practice.expandtesting.com/notes/api/notes/me
Request URI:	https://practice.expandtesting.com/notes/api/notes/me
Request URI:	https://practice.expandtesting.com/notes/api/users/register
Request URI:	https://practice.expandtesting.com/notes/api/users/register
Request URI:	https://practice.expandtesting.com/notes/api/users/register
Request URI:	https://practice.expandtesting.com/notes/api/users/register
Request URI:	https://practice.expandtesting.com/notes/api/users/register
Request URI:	https://practice.expandtesting.com/notes/api/users/register
Request URI:	https://practice.expandtesting.com/notes/api/users/register
Request URI:	https://practice.expandtesting.com/notes/api/users/register
Request URI:	https://practice.expandtesting.com/notes/api/users/register
Request URI:	https://practice.expandtesting.com/notes/api/users/register
Request URI:	https://practice.expandtesting.com/notes/api/users/register
Request URI:	https://practice.expandtesting.com/notes/api/users/register
Request URI:	https://practice.expandtesting.com/notes/api/users/register
Request URI:	https://practice.expandtesting.com/notes/api/users/register
Request URI:	https://practice.expandtesting.com/notes/api/users/register
Request URI:	https://practice.expandtesting.com/notes/api/users/register
Request URI:	https://practice.expandtesting.com/notes/api/users/register
Request URI:	https://practice.expandtesting.com/notes/api/users/register
Request URI:	https://practice.expandtesting.com/notes/api/users/register
Request URI:	https://practice.expandtesting.com/notes/api/users/register
Request URI:	https://practice.expandtesting.com/notes/api/users/register
Request URI:	https://practice.expandtesting.com/notes/api/users/register
Request URI:	https://practice.expandtesting.com/notes/api/users/register
Request URI:	https://practice.expandtesting.com/notes/api/users/register
Request URI:	https://practice.expandtesting.com/notes/api/users/register
Request URI:	https://practice.expandtesting.com/notes/api/users/register
Request URI:	https://practice.expandtesting.com/notes/api/users/register
Request URI:	https://practice.expandtesting.com/notes/api/users/register
Request URI:	https://practice.expandtesting.com/notes/api/users/register
Request URI:	https://practice.expandtesting.com/notes/api/users/register
Request URI:	https://practice.expandtesting.com/notes/api/users/register
Request URI:	https://practice.expandtesting.com/notes/api/users/register
Request URI:	https://practice.expandtesting.com/notes/api/users/register
Request URI:	https://practice.expandtesting.com/notes/api/users/register
Request URI:	https://practice.expandtesting.com/notes/api/users/register
Request URI:	https://practice.expandtesting.com/notes/api/users/register
HTTP/1.1 201 Created
access-control-allow-origin: *
access-control-allow-credentials: true
access-control-allow-methods: GET, POST, PUT, DELETE, PATCH
access-control-allow-headers: Origin, X-Requested-With, Authorization, Content-Type, Accept, X-Auth-Token
content-type: application/json; charset=utf-8
content-encoding: gzip
etag: W/"b3-OzdTC0O2imNGDCQYT5weRVcOt+A"
set-cookie: express:sess=eyJmbGFzaCI6e319; path=/; httponly
set-cookie: express:sess.sig=tdt42nQZiQvICqmrvHQ1_16fHk0; path=/; httponly
date: Sat, 19 Jul 2025 13:24:33 GMT
connection: keep-alive
keep-alive: timeout=5
transfer-encoding: chunked

{
    "success": true,
    "status": 201,
    "message": "User account created successfully",
    "data": {
        "id": "687b9c919d1b4b028865d7ea",
        "name": "devora.gutkowski",
        "email": "angila.heathcote@yahoo.com"
    }
}
Request URI:	https://practice.expandtesting.com/notes/api/users/login
Request URI:	https://practice.expandtesting.com/notes/api/users/login
Request URI:	https://practice.expandtesting.com/notes/api/users/login
Request URI:	https://practice.expandtesting.com/notes/api/users/login
Request URI:	https://practice.expandtesting.com/notes/api/users/login
Request URI:	https://practice.expandtesting.com/notes/api/users/login
Request URI:	https://practice.expandtesting.com/notes/api/users/login
Request URI:	https://practice.expandtesting.com/notes/api/users/login
Request URI:	https://practice.expandtesting.com/notes/api/users/login
Request URI:	https://practice.expandtesting.com/notes/api/users/login
Request URI:	https://practice.expandtesting.com/notes/api/users/login
Request URI:	https://practice.expandtesting.com/notes/api/users/login
Request URI:	https://practice.expandtesting.com/notes/api/users/login
Request URI:	https://practice.expandtesting.com/notes/api/users/login
Request URI:	https://practice.expandtesting.com/notes/api/users/login
Request URI:	https://practice.expandtesting.com/notes/api/users/login
Request URI:	https://practice.expandtesting.com/notes/api/users/login
Request URI:	https://practice.expandtesting.com/notes/api/users/login
Request URI:	https://practice.expandtesting.com/notes/api/users/login
Request URI:	https://practice.expandtesting.com/notes/api/users/login
Request URI:	https://practice.expandtesting.com/notes/api/users/login
Request URI:	https://practice.expandtesting.com/notes/api/users/login
Request URI:	https://practice.expandtesting.com/notes/api/users/login
Request URI:	https://practice.expandtesting.com/notes/api/users/login
Request URI:	https://practice.expandtesting.com/notes/api/users/login
Request URI:	https://practice.expandtesting.com/notes/api/users/login
Request URI:	https://practice.expandtesting.com/notes/api/users/login
Request URI:	https://practice.expandtesting.com/notes/api/users/login
Request URI:	https://practice.expandtesting.com/notes/api/users/login
Request URI:	https://practice.expandtesting.com/notes/api/users/login
Request URI:	https://practice.expandtesting.com/notes/api/users/login
Request URI:	https://practice.expandtesting.com/notes/api/users/login
Request URI:	https://practice.expandtesting.com/notes/api/users/login
Request URI:	https://practice.expandtesting.com/notes/api/users/login
Request URI:	https://practice.expandtesting.com/notes/api/users/login
Request URI:	https://practice.expandtesting.com/notes/api/users/login
HTTP/1.1 200 OK
access-control-allow-origin: *
access-control-allow-credentials: true
access-control-allow-methods: GET, POST, PUT, DELETE, PATCH
access-control-allow-headers: Origin, X-Requested-With, Authorization, Content-Type, Accept, X-Auth-Token
content-type: application/json; charset=utf-8
content-encoding: gzip
etag: W/"ed-7zjyI+FplMnQ9y+b6+Ebrtb3ltU"
set-cookie: express:sess=eyJmbGFzaCI6e319; path=/; httponly
set-cookie: express:sess.sig=tdt42nQZiQvICqmrvHQ1_16fHk0; path=/; httponly
date: Sat, 19 Jul 2025 13:24:33 GMT
connection: keep-alive
keep-alive: timeout=5
transfer-encoding: chunked

{
    "success": true,
    "status": 200,
    "message": "Login successful",
    "data": {
        "id": "687b9c919d1b4b028865d7ea",
        "name": "devora.gutkowski",
        "email": "angila.heathcote@yahoo.com",
        "token": "18a98f6ea50a401a99162220fb520c4e4fbd0994f8004143831056f71713a059"
    }
}
Request URI:	https://practice.expandtesting.com/notes/api/notes/
Request URI:	https://practice.expandtesting.com/notes/api/notes/
Request URI:	https://practice.expandtesting.com/notes/api/notes/
Request URI:	https://practice.expandtesting.com/notes/api/notes/
Request URI:	https://practice.expandtesting.com/notes/api/notes/
Request URI:	https://practice.expandtesting.com/notes/api/notes/
Request URI:	https://practice.expandtesting.com/notes/api/notes/
Request URI:	https://practice.expandtesting.com/notes/api/notes/
Request URI:	https://practice.expandtesting.com/notes/api/notes/
Request URI:	https://practice.expandtesting.com/notes/api/notes/
Request URI:	https://practice.expandtesting.com/notes/api/notes/
Request URI:	https://practice.expandtesting.com/notes/api/notes/
Request URI:	https://practice.expandtesting.com/notes/api/notes/
Request URI:	https://practice.expandtesting.com/notes/api/notes/
Request URI:	https://practice.expandtesting.com/notes/api/notes/
Request URI:	https://practice.expandtesting.com/notes/api/notes/
Request URI:	https://practice.expandtesting.com/notes/api/notes/
Request URI:	https://practice.expandtesting.com/notes/api/notes/
Request URI:	https://practice.expandtesting.com/notes/api/notes/
Request URI:	https://practice.expandtesting.com/notes/api/notes/
Request URI:	https://practice.expandtesting.com/notes/api/notes/
Request URI:	https://practice.expandtesting.com/notes/api/notes/
Request URI:	https://practice.expandtesting.com/notes/api/notes/
Request URI:	https://practice.expandtesting.com/notes/api/notes/
Request URI:	https://practice.expandtesting.com/notes/api/notes/
Request URI:	https://practice.expandtesting.com/notes/api/notes/
Request URI:	https://practice.expandtesting.com/notes/api/notes/
Request URI:	https://practice.expandtesting.com/notes/api/notes/
Request URI:	https://practice.expandtesting.com/notes/api/notes/
Request URI:	https://practice.expandtesting.com/notes/api/notes/
Request URI:	https://practice.expandtesting.com/notes/api/notes/
Request URI:	https://practice.expandtesting.com/notes/api/notes/
Request URI:	https://practice.expandtesting.com/notes/api/notes/
Request URI:	https://practice.expandtesting.com/notes/api/notes/
Request URI:	https://practice.expandtesting.com/notes/api/notes/
Request URI:	https://practice.expandtesting.com/notes/api/notes/
Request method:	PUT
Request URI:	https://practice.expandtesting.com/notes/api/notes/
Proxy:			<none>
Request params:	<none>
Query params:	<none>
Form params:	title=alyegeutqainlekmkc7digjalg93qojo9cidaf5oa4
				description=Velit est adipisci ullam.
				category=Home
				completed=false
Path params:	<none>
Headers:		X-Auth-Token=18a98f6ea50a401a99162220fb520c4e4fbd0994f8004143831056f71713a059
				Accept=*/*
				Content-Type=text/plain; charset=ISO-8859-1
Cookies:		<none>
Multiparts:		<none>
Body:			<none>
HTTP/1.1 404 Not Found
access-control-allow-origin: *
access-control-allow-credentials: true
access-control-allow-methods: GET, POST, PUT, DELETE, PATCH
access-control-allow-headers: Origin, X-Requested-With, Authorization, Content-Type, Accept, X-Auth-Token
content-type: text/html; charset=utf-8
content-encoding: gzip
etag: W/"6c6a-OnruAnPYWyFQ3jX6Sve1mkMpQ7g"
set-cookie: express:sess=eyJmbGFzaCI6e319; path=/; httponly
set-cookie: express:sess.sig=tdt42nQZiQvICqmrvHQ1_16fHk0; path=/; httponly
date: Sat, 19 Jul 2025 13:24:35 GMT
connection: keep-alive
keep-alive: timeout=5
transfer-encoding: chunked

<html lang="en">
  <head>
    <meta charset="utf-8"/>
    <meta name="viewport" content="width=device-width,initial-scale=1"/>
    <title>404 Page Not Found</title>
    <meta name="description" content="Practice Test Automation Website | Free Web UI and REST API Examples"/>
    <meta property="og:locale" content="en_US"/>
    <meta property="og:type" content="article"/>
    <link rel="canonical" href="https://practice.expandtesting.com/notes/api/notes/"/>
    <meta property="og:title" content="404 Page Not Found"/>
    <meta name="google-adsense-account" content="ca-pub-1056034821646296"/>
    <meta name="msvalidate.01" content="C7DB002AC3EF3CA1AFB65068DA704F2B"/>
    <link rel="shortcut icon" _="_" href="/assets/images/favicon.png" type="image/png"/>
    <link rel="apple-touch-icon" href="/apple-touch-icon.png"/>
    <link href="https://cdn.jsdelivr.net/npm/bootstrap@5.3.0-alpha1/dist/css/bootstrap.min.css" rel="stylesheet"/>
    <link rel="stylesheet" _="_" href="/assets/css/main.css?v=b7583271"/>
    <style>
		ins.adsbygoogle[data-ad-status="unfilled"] {
			display: none !important;
		}


		#contentbody {
			position: relative;
			margin: 0 auto;
			padding: 2px;
		}


		#menuleft {
			position: relative;
			overflow: hidden;
			float: left;
			width: 15%;
			height: auto;
			margin-top: 1em;
			z-index: 1;
		}


		#core {
			position: relative;
			margin-top: 1em;
			overflow: hidden;
			float: left;
			width: 65%;
			min-width: 500px;
			border-left: 1px solid #c3c3c3;
			border-right: 1px solid #c3c3c3;
		}


		#menuright {
			overflow: hidden;
			position: relative;
			float: left;
			width: 15%;
			height: auto;
			text-align: center;
			margin-top: 1em;
			z-index: 1;
		}
	</style>
    <script src="https://code.jquery.com/jquery-3.6.3.min.js"/>
    <script src="https://cdn.jsdelivr.net/npm/bootstrap@5.2.0/dist/js/bootstrap.bundle.min.js"/>
    <script src="https://cdnjs.cloudflare.com/ajax/libs/popper.js/1.12.9/umd/popper.min.js" crossorigin="anonymous"/>
    <script async="async" src="https://www.googletagmanager.com/gtag/js?id=G-90GRT6N40B"/>
    <script>
		window.dataLayer = window.dataLayer || [];
		function gtag() { dataLayer.push(arguments); }
		gtag('js', new Date());
		gtag('config', 'G-90GRT6N40B');
	</script>
    <script async="async" src="https://pagead2.googlesyndication.com/pagead/js/adsbygoogle.js?client=ca-pub-1056034821646296" crossorigin="anonymous"/>
    <script type="application/ld+json">
		{
			"@context": "https://schema.org",
			"@type": "WebPage",
			"name":  "404 Page Not Found",
			"inLanguage":"en-US",
			"url": "https://practice.expandtesting.com/notes/api/notes/",
			"description": "Practice Test Automation Website | Free Web UI and REST API Examples"
		}
	</script>
  </head>
  <body class="d-flex flex-column min-vh-100">
    <div class="ad-bar">
      <p class="text-center ad-bar-text me-1 ms-1">
        <a shape="rect" href="https://testifystack.com/">TestifyStack</a>

	    | Email, SMS, OTP and Webhooks Testing Stack for QA &amp; Dev
	        </p>
    </div>
    <div class="horizontal-divider" _="_" div="div"/>
    <header class="navbar navbar-expand-md navbar-dark sticky-top main-navbar">
      <nav class="container flex-wrap flex-md-nowrap" aria-label="Main navigation">
        <a shape="rect" class="navbar-brand p-0 me-2 logo_title" href="/" aria-label="SUT">
          <img class="d-block my-1" src="/assets/images/logo.svg" alt="Best Website for Practice Automation Testing: Free UI and REST API Examples and Apps. Using Cypress, Playwright, Selenium, WebdriverIO and Postman." width="45" height="45" role="img"/>
        </a>
        <title>SUT</title>
 Practice
	    
	
	            <button type="button" class="navbar-toggler collapsed" data-bs-toggle="collapse" data-bs-target="#main-navbar" aria-controls="main-navbar" aria-expanded="false" aria-label="Toggle navigation">
          <svg width="32" height="32" class="bi" fill="currentColor" viewbox="0 0 16 16">
            <path fill-rule="evenodd" d="M2.5 11.5A.5.5 0 0 1 3 11h10a.5.5 0 0 1 0 1H3a.5.5 0 0 1-.5-.5zm0-4A.5.5 0 0 1 3 7h10a.5.5 0 0 1 0 1H3a.5.5 0 0 1-.5-.5zm0-4A.5.5 0 0 1 3 3h10a.5.5 0 0 1 0 1H3a.5.5 0 0 1-.5-.5z"/>
          </svg>
        </button>
        <div class="navbar-collapse collapse" id="main-navbar">
          <ul class="navbar-nav flex-row flex-wrap pt-2 py-md-0">
            <li class="nav-item dropdown col-6 col-md-auto">
              <a shape="rect" class="nav-link dropdown-toggle" id="examples-dropdown" href="/#examples" role="button" data-bs-toggle="dropdown" aria-expanded="false">Demos</a>
              <ul class="dropdown-menu" aria-labelledby="examples-dropdown">
                <li>
                  <a shape="rect" class="dropdown-item" href="/#examples">Examples</a>
                </li>
                <li>
                  <hr class="dropdown-divider"/>
                </li>
                <li>
                  <a shape="rect" class="dropdown-item" href="/#apps">Apps</a>
                </li>
                <li>
                  <hr class="dropdown-divider"/>
                </li>
                <li>
                  <a shape="rect" class="dropdown-item" href="/#api">APIs</a>
                </li>
                <li>
                  <hr class="dropdown-divider"/>
                </li>
                <li>
                  <a shape="rect" class="dropdown-item" href="/#assertions">Assertions</a>
                </li>
                <li>
                  <hr class="dropdown-divider"/>
                </li>
                <li>
                  <a shape="rect" class="dropdown-item" href="/#reports">Reports</a>
                </li>
              </ul>
            </li>
            <li class="nav-item col-6 col-md-auto">
              <a shape="rect" class="nav-link p-2" href="/#tools">Tools</a>
            </li>
            <li class="nav-item col-6 col-md-auto">
              <a shape="rect" class="nav-link p-2" alt="Automation Tips" href="/tips">Tips</a>
            </li>
            <li class="nav-item col-6 col-md-auto">
              <a shape="rect" class="nav-link p-2" href="/test-cases">Test Cases</a>
            </li>
            <li class="nav-item nav-item col-6 col-md-auto">
              <a shape="rect" class="nav-link p-2" href="/notes/api/api-docs/">API Testing</a>
            </li>
            <li class="nav-item col-6 col-md-auto">
              <a shape="rect" class="nav-link p-2" href="/about">About</a>
            </li>
          </ul>
          <hr class="d-md-none text-white-50"/>
          <ul class="navbar-nav flex-row flex-wrap ms-md-auto"/>
          <a shape="rect" class="btn btn-sut d-lg-inline-block my-2 my-md-0 ms-md-3" href="https://istqb.expandtesting.com/">Free ISTQB
	        Mock Exams</a>
        </div>
      </nav>
    </header>
    <main class="flex-shrink-0 py-3">
      <div class="container-fluid mt-1 mb-3">
        <div class="row">
          <div class="col-12 border">
            <ins class="adsbygoogle" style="display:block; text-align:center;" data-ad-layout="in-article" data-ad-format="fluid" data-ad-client="ca-pub-1056034821646296" data-ad-slot="4970212221"/>
            <script>
		                (adsbygoogle = window.adsbygoogle || []).push({});
		            </script>
          </div>
        </div>
      </div>
      <div class="container" id="support-coffee">
        <p class="text-center X-border X-border-1 coffee-border px-2 py-2">

		        Do you enjoy this platform? ❤️           <a shape="rect" class="btn btn-expand btn-sm" href="https://www.buymeacoffee.com/expandtesting" target="_blank">Buy us a coffee</a>
        </p>
      </div>
      <div id="contentbody">
        <div id="menuleft">
          <ins class="adsbygoogle" style="display:block" data-ad-client="ca-pub-1056034821646296" data-ad-slot="2406335743" data-ad-format="auto" data-full-width-responsive="true"/>
          <script>
				    (adsbygoogle = window.adsbygoogle || []).push({});
				</script>
        </div>
        <div id="core">
          <div class="page-layout">
            <div class="container">
              <div class="page-inner">
                <div class="not-available text-center mt-xl-5">
                  <div class="clearfix fadeInDown animate mb-4">
                    <svg data-name="Layer 1" width="270" height="200" viewbox="0 0 1097 810">
                      <defs>
                        <linearGradient id="a" x1="588.67" y1="838.15" x2="588.67" y2="115.47" gradientunits="userSpaceOnUse">
                          <stop offset="0" stop-color="gray" stop-opacity=".25"/>
                          <stop offset=".54" stop-color="gray" stop-opacity=".12"/>
                          <stop offset="1" stop-color="gray" stop-opacity=".1"/>
                        </linearGradient>
                      </defs>
                      <path d="M12.07 429.97c17.36 74.2 54.11 138.34 112.19 169.43 120.7 64.61 392.91 31.29 596.07-7a465.21 465.21 0 0 0 264.54-151.19z" fill="currentcolor" class="text-primary" opacity=".1"/>
                      <path d="M799.31 649.72s-67.65 40.8 57.03 103.59c0 0 27.46-51-2.9-92.57a40.94 40.94 0 0 0-53.12-11.64z" fill="currentcolor" class="text-primary"/>
                      <path d="M800.09 648.86s57.88 44.28 56.25 104.45" fill="none" stroke="#535461" stroke-miterlimit="10"/>
                      <path d="M18.31 661.72s-67.65 40.8 57.03 103.59c0 0 27.46-51-2.9-92.57a40.94 40.94 0 0 0-53.12-11.64z" fill="currentcolor" class="text-primary"/>
                      <path d="M19.09 660.86s57.88 44.28 56.25 104.45" fill="none" stroke="#535461" stroke-miterlimit="10"/>
                      <path d="M859.66 759.08s-21.19-72 4-124.91a113.65 113.65 0 0 0 9.19-71.3 191.13 191.13 0 0 0-10.19-33.46" fill="none" stroke="#535461" stroke-miterlimit="10" stroke-width="2"/>
                      <path d="M878.35 495.95c0 8.82-16 34.39-16 34.39s-16-25.57-16-34.39a16 16 0 0 1 31.93 0zM904.74 544.79c-4.79 7.4-32.09 20.19-32.09 20.19s.5-30.14 5.29-37.54a16 16 0 0 1 26.8 17.36zM903.59 628.26c-7.87 4-37.89 1.23-37.89 1.23s15.64-25.77 23.52-29.74a16 16 0 0 1 14.38 28.51zM888.49 691.22c-7.09 5.24-37.14 7.61-37.14 7.61s11.06-28 18.15-33.29a16 16 0 0 1 19 25.67zM839.12 566.69c6.32 6.14 35.79 12.51 35.79 12.51s-7.22-29.27-13.54-35.41a16 16 0 0 0-22.25 22.9zM822.41 640.54c7.87 4 37.89 1.23 37.89 1.23s-15.64-25.77-23.52-29.74a16 16 0 1 0-14.38 28.51zM816.01 714.55c7.09 5.24 37.14 7.61 37.14 7.61s-11.06-28-18.15-33.29a16 16 0 1 0-19 25.67z" fill="currentcolor" class="text-primary"/>
                      <path d="M878.35 495.95c0 8.82-16 34.39-16 34.39s-16-25.57-16-34.39a16 16 0 0 1 31.93 0zM904.74 544.79c-4.79 7.4-32.09 20.19-32.09 20.19s.5-30.14 5.29-37.54a16 16 0 0 1 26.8 17.36zM903.59 628.26c-7.87 4-37.89 1.23-37.89 1.23s15.64-25.77 23.52-29.74a16 16 0 0 1 14.38 28.51zM888.49 691.22c-7.09 5.24-37.14 7.61-37.14 7.61s11.06-28 18.15-33.29a16 16 0 0 1 19 25.67zM839.12 566.69c6.32 6.14 35.79 12.51 35.79 12.51s-7.22-29.27-13.54-35.41a16 16 0 0 0-22.25 22.9zM822.41 640.54c7.87 4 37.89 1.23 37.89 1.23s-15.64-25.77-23.52-29.74a16 16 0 1 0-14.38 28.51zM816.01 714.55c7.09 5.24 37.14 7.61 37.14 7.61s-11.06-28-18.15-33.29a16 16 0 1 0-19 25.67z" opacity=".25"/>
                      <path d="M908.66 760.45s-21.19-72 4-124.91a113.65 113.65 0 0 0 9.19-71.3 191.13 191.13 0 0 0-10.09-33.46" fill="none" stroke="#535461" stroke-miterlimit="10" stroke-width="2"/>
                      <path d="M927.39 497.31c0 8.82-16 34.39-16 34.39s-16-25.57-16-34.39a16 16 0 0 1 31.93 0zM953.78 546.16c-4.79 7.4-32.12 20.15-32.12 20.15s.5-30.14 5.29-37.54a16 16 0 0 1 26.8 17.36zM952.66 629.63c-7.87 4-37.89 1.23-37.89 1.23s15.64-25.77 23.52-29.74a16 16 0 0 1 14.37 28.51zM937.53 692.59c-7.09 5.24-37.14 7.61-37.14 7.61s11.06-28 18.15-33.29a16 16 0 0 1 19 25.67zM888.16 568.06c6.32 6.14 35.79 12.51 35.79 12.51s-7.22-29.27-13.54-35.41a16 16 0 0 0-22.25 22.9zM871.44 641.91c7.87 4 37.89 1.23 37.89 1.23s-15.67-25.77-23.51-29.74a16 16 0 0 0-14.38 28.51zM865.04 715.92c7.09 5.24 37.14 7.61 37.14 7.61s-11.06-28-18.15-33.29a16 16 0 1 0-19 25.67z" fill="currentcolor" class="text-primary"/>
                      <path d="M1077.43 80.72H965.96a9.635 9.635 0 1 1 0-19.27h19.27a9.635 9.635 0 0 1 0-19.27h-13.77a9.635 9.635 0 0 1 0-19.27h58.2c-12.91-6-28-10.27-45.38-12.51C825.64-9.98 769 3.5 749.02 17.4c-24.65 17.1-52.15 29.68-81.54 35.74-97.9 20.17-280.95 44.46-446.82-7.83-82.46-26-143.75 17.92-180.48 91.28h1056.61c-1.38-21.32-5.51-41-13.09-58.24a9.58 9.58 0 0 1-6.27 2.37zM2.66 275.1a491.06 491.06 0 0 0 4.33 129.46l978.67 35.75a460 460 0 0 0 68-103.7zm387 92.35h-19.23a9.635 9.635 0 0 1 0 19.27H258.96a9.635 9.635 0 1 1 0-19.27h19.27a9.635 9.635 0 0 1 0-19.27h-13.77a9.635 9.635 0 0 1 0-19.27h111.47a9.635 9.635 0 1 1 0 19.27h13.73a9.635 9.635 0 0 1 0 19.27zM1096.83 137.31l-1068.49 26c-13 33.41-21.61 71.19-25.59 110.34h1075.36a456.46 456.46 0 0 0 15.55-70.34c3.17-23 4.46-45.29 3.17-66zm-877.17 85.14h-19.23a9.635 9.635 0 0 1 0 19.27H88.96a9.635 9.635 0 1 1 0-19.27h19.27a9.635 9.635 0 0 1 0-19.27H94.46a9.635 9.635 0 0 1 0-19.27h111.47a9.635 9.635 0 1 1 0 19.27h13.73a9.635 9.635 0 0 1 0 19.27z" fill="currentcolor" class="text-primary" opacity=".1"/>
                      <ellipse cx="550.33" cy="777.62" rx="533" ry="33" fill="currentcolor" class="text-primary"/>
                      <path d="M774.44 313.8s-61.81-58.17-70.74-66.87c-3.11-3-6.05-6-8.56-8.53a33.57 33.57 0 0 0-17.73-9.29c-23.16-4.39-46.85-18.63-46.85-18.63-.13-.17-.26-.32-.38-.5a28.17 28.17 0 0 1-4.35-9.3c-.13-.49-.26-1-.37-1.52q.56-.72 1.09-1.47a7.16 7.16 0 0 0 1.17-.53c2.93-1.67 4.58-4.76 5.69-7.8 1-2.69 1.8-5.66 4.18-7.41a8.74 8.74 0 0 0 2.27-1.81 5.33 5.33 0 0 0 .53-3.09c0-6.83-1.09-12.07.5-18.73 2.54-10.66 4.87-24-3.18-31.91a28.11 28.11 0 0 0-15.16-7.55c-5.17-.82-12.82 6.22-18.06 6-13.35-.51-24.6-12.55-37.29-8.66a26.22 26.22 0 0 0-13.7 9.82c-6.26 8.92-5.66 20.46-4.76 31.1a3.87 3.87 0 0 0 .69 2.27c.47.55 1.22.84 1.68 1.39a3.37 3.37 0 0 1 .52 2.49 16.34 16.34 0 0 1-1.24 5 2 2 0 0 0-.19 1.81 1.89 1.89 0 0 0 1 .68 9.09 9.09 0 0 0 1.65.39c-.09.88-.17 1.76-.2 2.65v1.51a39.14 39.14 0 0 0 17.82 32.68c.11.72.23 1.46.34 2.23.34 2.37.65 5 .88 7.86 0 .52.08 1 .12 1.57l-.27-.55-43 21.08a21.31 21.31 0 0 0-8.67 4.25l-.85.42v.25q-.53.44-1.08.94l-37.31-42.14-87 75.52 47.84 51.51 53.76-4.48c-2.65 18.2-4.46 32.15-4.46 32.15s-9.83 42.13 37.79 34.07c-.31 26.57-11.69 70.91-11.69 70.91a23.42 23.42 0 0 0 4.63 4.57l-.27 1.81-3 20.37s-17.86 49.48-20.6 93.61-6.18 68.87-6.18 68.87l-6.18 88.27-8.69 40.36a204.06 204.06 0 0 1-49.4 39.5 6.92 6.92 0 0 0-2.8 9.48c3.52 6.06 14.35 12.35 47.15 2.27 52.2-16 47.39-15.38 47.39-15.38s.77-21.42-1.45-34.12c-.07-.38-.14-.75-.21-1.12 12.5-14.09 6.46-37 6.46-37s24.72-48.14 13-79.57c0 0-2.75-26.75 11.68-39.45.2-.18.41-.38.62-.59l.19-.2.47-.5.21-.23.55-.64.12-.14c.22-.27.45-.56.68-.86l.18-.24.58-.65.22-.32.54-.79.18-.26.73-1.11.14-.22.61-1 .23-.38.56-.94.21-.36.77-1.34.77-1.38.22-.41.59-1.09.23-.44.71-1.35.09-.17.82-1.6.2-.39.64-1.27.24-.48.67-1.36.17-.34.84-1.75.14-.29.7-1.49.24-.51.65-1.39.21-.45.86-1.87.83-1.85.23-.51.65-1.47.22-.51.89-1.91v-.08l.87-2 .19-.43.68-1.58.23-.53.71-1.69.14-.32.86-2 .14-.33.71-1.7.23-.55.65-1.59.19-.46.83-2 .07-.17.75-1.85.23-.57.61-1.52.22-.55.72-1.82.07-.19.78-2 .23-.58.56-1.43.24-.63.59-1.52.17-.45.73-1.89.2-.52.53-1.38.27-.7.47-1.22.25-.66.66-1.75.19-.51.48-1.28.27-.71.4-1.07.27-.73.45-1.21.29-.78.45-1.22.29-.78.31-.84.29-.8.25-.69.67-1.82.11-.31.31-.86.21-.57.32-.87.15-.41c2.87-7.91 4.63-13 4.63-13s13 45.47 11 59.51 12.36 66.2 12.36 66.2-8.24 52.16-3.43 64.86-6.87 60.18-6.87 60.18.89.49 2.4 1.24l-.09 1.29c-.75 10.44-2.38 30.5-4.37 38.26-2.75 10.7-1.37 22.07 20.6 20.73s22.66-14.71 22.66-14.71-7.25-23.38-8.14-37.17c0-.45 0-.89-.06-1.32l.62-.23.18-.07c.25-.11.49-.22.72-.34.22-.12.42-.24.63-.37l.18-.12q.26-.18.51-.38l.12-.1q.3-.25.57-.52l.13-.13q.21-.23.41-.47l.14-.18c.16-.21.32-.43.47-.67 7.55-12 8.24-37.45 8.24-37.45s15.11-85.59 9.62-97-2.75-38.11-2.75-38.11-6.18-40.12.69-59.51c5.14-14.52 8.36-64.66 8.21-88.65v-1.47-.51c5.12-6.36 9-17.52 6.24-37.08-.16-1.11-.28-2.23-.4-3.37 7.8-5.83 15.5-12.68 15.5-12.68l2.66-2.74.85-.88c.74.31 1.52.59 2.33.84 3 1.36 5.14 2.12 5.14 2.12s39.15-32.1 68.68-47.48 5.57-43.6 5.57-43.6zm-46.7 28.08S686.53 368 679 381.34a10 10 0 0 0-1 2.38l-1 .42-1.26.48c6.31-36 23.2-71.49 23.2-71.49s13 11.37 22 16 6.8 12.76 6.8 12.76z" transform="translate(-51.34 -44.69)" fill="url(#a)"/>
                      <path d="M424.39 783.86c-31.64 10-42.09 3.76-45.48-2.25a7 7 0 0 1 2.7-9.39 198.05 198.05 0 0 0 48-39.54c3.52-4 5.37-6.45 5.37-6.45s24.51-4.64 30.47 0c1.49 1.16 2.53 4.4 3.24 8.6 2.14 12.58 1.4 33.8 1.4 33.8s4.64-.67-45.7 15.23zM593.96 774.58s-.66 13.25-21.86 14.57-22.52-9.94-19.87-20.53c1.92-7.68 3.49-27.55 4.21-37.9.27-3.93.42-6.48.42-6.48s33.12-3.31 29.81 6a20.65 20.65 0 0 0-.56 7.56c.86 13.63 7.85 36.78 7.85 36.78z" fill="#5b5877"/>
                      <path d="M468.66 734.83l-.59.68c-12.59 13.91-39.08 0-39.08 0l.59-2.82c3.52-4 5.37-6.45 5.37-6.45s24.51-4.64 30.47 0c1.53 1.15 2.57 4.39 3.24 8.59zM586.66 730.2a20.65 20.65 0 0 0-.56 7.56c-8.66 3-24-4.1-29.67-7 .27-3.93.42-6.48.42-6.48s33.14-3.35 29.81 5.92z" opacity=".1"/>
                      <path d="M607.87 599.71c5.3 11.26-9.27 96-9.27 96s-.66 25.17-7.95 37.09-36.43-4.64-36.43-4.64 11.26-47 6.62-59.62 3.31-64.23 3.31-64.23-13.91-51.67-11.92-65.58-10.6-59-10.6-59-29.15 86.78-43.06 99.36-11.26 39.08-11.26 39.08C498.57 649.3 474.72 697 474.72 697s6 23.18-6.62 37.09-39.08 0-39.08 0l8.64-40.98 6-87.44s3.31-24.51 6-68.23 19.87-92.74 19.87-92.74l2.88-20.18 2.42-16.92s134.47-4.64 137.78-5.3c.83-.17 1.25 4.89 1.29 12.86.15 23.77-3 73.43-7.92 87.82-6.62 19.21-.66 59-.66 59s-2.75 26.47 2.55 37.73z" fill="#5f5d7e"/>
                      <g opacity=".05">
                        <path d="M534.35 479.81s-29.15 86.78-43.06 99.36-11.26 39.08-11.26 39.08c11.26 31.13-12.59 78.83-12.59 78.83s6 23.18-6.62 37.09a19 19 0 0 1-12.22 6c7 .73 14.39-.33 19.5-6 12.59-13.91 6.62-37.09 6.62-37.09s23.85-47.69 12.59-78.83c0 0-2.65-26.5 11.26-39.08 10.69-9.67 30.36-63.11 38.91-87.37-1.76-7.08-3.13-11.99-3.13-11.99zM605.22 561.95s-6-39.74.66-59c5-14.39 8.06-64.05 7.92-87.82 0-8-.46-13-1.29-12.86-.41.08-2.88.23-6.87.42.56 1.36.84 5.92.88 12.45.15 23.77-3 73.43-7.92 87.82-6.62 19.21-.66 59-.66 59s-2.65 26.5 2.65 37.76-9.27 96-9.27 96-.66 25.17-7.95 37.09a8.84 8.84 0 0 1-6.08 4c5.67.84 10.83.14 13.36-4 7.29-11.92 7.95-37.09 7.95-37.09s14.57-84.79 9.27-96-2.65-37.77-2.65-37.77z"/>
                      </g>
                      <path d="M588 175.11l-4.64 45.7s-73.53 15.9-65.58-9.94c3.76-12.23 4-25.36 3.13-35.79-.23-2.82-.52-5.44-.85-7.79a111.52 111.52 0 0 0-2.28-12.06s57-43.06 54.32-13.91a47.46 47.46 0 0 0 1.05 16.47 28.24 28.24 0 0 0 4.2 9.21c4.69 6.62 10.65 8.11 10.65 8.11z" fill="#fdc2cc"/>
                      <path d="M573.16 157.8c-.53.72-1.09 1.43-1.66 2.11a39.09 39.09 0 0 1-51.44 7.4 111.52 111.52 0 0 0-2.28-12.06s57-43.06 54.32-13.91a47.46 47.46 0 0 0 1.06 16.46z" opacity=".1"/>
                      <path d="M580.71 132.71a39.08 39.08 0 0 1-78.16 0v-1.5a39.08 39.08 0 0 1 78.13 1.5z" fill="#fdc2cc"/>
                      <path d="M613.8 415.18a21.3 21.3 0 0 1-13.88 8.33l-30.44 10.65h-.07l-9.23 3.23-3.87-9.52-4.74-11.68v21.2s-58.16 4-79.26-12.89l2.42-16.92s134.47-4.64 137.78-5.3c.83-.13 1.25 4.92 1.29 12.9zM588 175.11l-4.64 45.7s-73.53 15.9-65.58-9.94c3.76-12.23 4-25.36 3.13-35.79 1.27 2.66 10.62 21.48 22.71 24.75a13.11 13.11 0 0 0 4.63.44 15.37 15.37 0 0 0 7.13-2.76c10.88-7.23 20-26.26 22-30.5 4.66 6.61 10.62 8.1 10.62 8.1z" opacity=".1"/>
                      <path d="M711.21 312.89c-28.48 15.24-66.24 47-66.24 47s-27.82-9.94-20.53-23.18 47-39.08 47-39.08 2-7.95-6.62-12.59-21.2-15.9-21.2-15.9-29.81 64.25-23.85 107.31-19.87 45-19.87 45l-30.44 10.65h-.07l-9.23 3.23-3.87-9.52-4.74-11.68v21.2s-67.57 4.64-83.46-17.22c0 0 14.57-58.29 10.6-80.81s-8.61-135.79-8.61-135.79l50.67-25.5s9.91 21.63 22.91 25.16a13.11 13.11 0 0 0 4.63.44 15.37 15.37 0 0 0 7.13-2.76c12.27-8.15 22.35-31.35 22.35-31.35s22.85 14.1 45.19 18.45a32.1 32.1 0 0 1 17.1 9.2c2.42 2.53 5.26 5.44 8.26 8.45 8.61 8.61 68.23 66.24 68.23 66.24s23.11 27.81-5.34 43.05z" fill="#d39999"/>
                      <path d="M645.66 348.66l-8.7 9.21-2.56 2.72s-23.18 21.2-29.15 20.53-15.9-41.07-4-38.42c7.24 1.61 15.71-.93 21.23-3.18a56.17 56.17 0 0 0 5.92-2.78z" fill="#fdc2cc"/>
                      <path d="M580.71 132.71a38.9 38.9 0 0 1-9.22 25.21 5.64 5.64 0 0 1-5.25-2.51c-1.1-1.93-.64-4.35-1.37-6.43s-2.39-3.51-3.44-5.36c-2.66-4.66-1.54-11.72-6.41-14.22-2.24-1.14-4.95-.76-7.45-.34-4.91.81-9.85 2.42-14.69 3.09-5.52.78-10.49-2.81-15.94-2.89-4.86-.08-9.74 2.77-14.35 1.95a39.08 39.08 0 0 1 78.13 1.5z" opacity=".1"/>
                      <path d="M547.57 126.41c2.5-.41 5.21-.8 7.45.35 4.87 2.49 3.75 9.55 6.41 14.21 1.05 1.85 2.75 3.36 3.45 5.36s.27 4.5 1.37 6.43c1.59 2.79 5.9 3.2 8.73 1.54s4.41-4.71 5.48-7.73c.94-2.66 1.73-5.6 4-7.34a8.48 8.48 0 0 0 2.19-1.79 5.4 5.4 0 0 0 .52-3.06c0-6.76-1.05-12 .48-18.55 2.45-10.56 4.69-23.78-3.07-31.61a26.85 26.85 0 0 0-14.62-7.48c-5-.82-12.36 6.16-17.42 6-12.87-.51-23.73-12.43-36-8.58a25.32 25.32 0 0 0-13.22 9.73c-6 8.84-5.46 20.26-4.59 30.81a3.9 3.9 0 0 0 .67 2.25c.45.54 1.18.83 1.62 1.38a3.41 3.41 0 0 1 .5 2.46 16.55 16.55 0 0 1-1.19 5 2.06 2.06 0 0 0-.18 1.8 1.82 1.82 0 0 0 1 .68c5 1.8 10.4-1.67 15.75-1.58s10.43 3.67 15.95 2.89c4.87-.75 9.81-2.36 14.72-3.17z" fill="#865a61"/>
                      <path d="M569.49 432.17h-.07l-9.57 3.56-3.54-9.85-15-41.82 2.35-182.89a13.11 13.11 0 0 0 4.63.44 15.37 15.37 0 0 0 7.13-2.76l-2.84 180z" opacity=".05"/>
                      <circle cx="550.91" cy="208.23" r="1.99" fill="#fff"/>
                      <circle cx="546.93" cy="275.79" r="1.99" fill="#fff"/>
                      <circle cx="543.62" cy="346.01" r="1.99" fill="#fff"/>
                      <circle cx="547.6" cy="381.11" r="1.99" fill="#fff"/>
                      <path opacity=".05" d="M615.83 283.74h-42.4v-42.39l21.2-5.97 21.2 5.97v42.39z"/>
                      <circle cx="548.92" cy="239.36" r="1.99" fill="#fff"/>
                      <circle cx="595.95" cy="241.35" r="1.99" fill="#fff"/>
                      <circle cx="544.95" cy="312.22" r="1.99" fill="#fff"/>
                      <path d="M479.37 196.97s-18.55 2.65-24.51 36.43-11.92 80.81-11.92 80.81-9.94 43.72 39.72 33.1l2.65-15.24s-5 17.55-3.64-17.55 1.66-58 1.66-58z" fill="#d39999"/>
                      <path d="M479.37 196.97s-18.55 2.65-24.51 36.43-11.92 80.81-11.92 80.81-9.94 43.72 39.72 33.1l2.65-15.24s-7.62 16.89-6.29-18.22 4.31-57.3 4.31-57.3z" opacity=".05"/>
                      <path d="M645.66 348.66l-8.7 9.21c-12.37-5-14.77-18.11-14.77-18.11l.32-.24a56.17 56.17 0 0 0 5.92-2.78z" opacity=".1"/>
                      <path d="M633.38 331.77l-9.89 7.33s3.27 17.84 21.81 19.83l7.95-13.91z" fill="#d39999"/>
                      <path fill="#f2f5fb" d="M349.25 235.77l83.88-74.81 38.39 44.67 65.88-3.4 19.97 41.3-62.72 81.92-29.38-44.63-69.88 5.98-46.14-51.03z"/>
                      <path fill="#dde0ed" d="M550.42 243.63l-22.07 28.67-23.55 30.6-10.88 14.15-25.17-39.16-26.4 2.32-42.98 3.77-32.02-35.41-11.01-12.17 44.67-39.84 33.56-29.92 17.29 20.12 18.5 21.53 18.48-.95 42.96-2.22 16.77 34.68 1.85 3.83z"/>
                      <path fill="#abb1d1" d="M411.67 213.48l-44.32 35.09-11.01-12.17 44.67-39.84 10.66 16.92zM462.23 239.33l-3.49-21.99-23.32-27.37 16.44-3.21 18.5 21.53 18.48-.95 6.78 26.19-32.93 8.67-.46-2.87zM550.42 243.63l-22.07 28.67-11.46-17.28 31.68-15.22 1.85 3.83z"/>
                      <path fill="#abb1d1" d="M504.8 302.9l-10.88 14.15-25.17-39.16-26.4 2.32-4.79-33.11 24.67-7.77 2.96 22.62 16.69 2.59 22.92 38.36z"/>
                      <path d="M457.54 248.31a.66.66 0 0 1-.64-.23 38.34 38.34 0 0 0-11.07-9.27.662.662 0 1 1 .64-1.16 39.67 39.67 0 0 1 11.45 9.59.66.66 0 0 1-.39 1.07z" fill="#d7666f"/>
                      <path d="M449.66 250.15a.66.66 0 0 1-.69-1l8.58-14.17a.662.662 0 0 1 1.13.69l-8.58 14.17a.66.66 0 0 1-.44.31z" fill="#d7666f"/>
                      <path fill="#fff" opacity=".1" d="M399.39 283.1l70.82-74.96 61.46-2.99-62.75 72.48-69.53 5.47z"/>
                      <path d="M460.82 319.47s16.56-40.63 24.51-36.41 31.13 29.55 15.24 40.63-27.16 16.36-27.16 16.36l-12.59-1.58z" fill="#fdc2cc"/>
                      <path d="M451.88 319.84s15.19-11.92 27.46 24.18l-11.57 1.66-13.25-7.95z" fill="#d39999"/>
                      <path d="M451.88 319.84s15.19-11.92 27.46 24.18l-11.57 1.66-13.25-7.95z" opacity=".05"/>
                    </svg>
                  </div>
                  <h1 class="display-1 text-dark">404</h1>
                  <p class="text-muted fs-5 mb-4"> Sorry ... The requested page is not available</p>
                  <a shape="rect" class="btn btn-outline-primary fadeInUp animate" href="/"> Back to homepage</a>
                </div>
              </div>
            </div>
          </div>
        </div>
        <div id="menuright">
          <ins class="adsbygoogle" style="display:block" data-ad-client="ca-pub-1056034821646296" data-ad-slot="2406335743" data-ad-format="auto" data-full-width-responsive="true"/>
          <script>
				    (adsbygoogle = window.adsbygoogle || []).push({});
				</script>
        </div>
      </div>
    </main>
    <style>
	  #back-to-top {
	    border: 1px solid #ccc;
	    background: #ec7211;
	  }
	</style>
    <footer class="footer mt-auto bg-light">
      <div class="container">
        <div class="row">
          <div class="col-12 text-center"/>
        </div>
        <div class="copyright bg-footer">
          <div class="border-top border-2">
            <div class="row mt-3">
              <div class="col-12 text-center">
                <h4>Practice Test Automation WebSite for Web UI and Rest API</h4>
                <p id="version" data-testid="build-version">
Version: b7583271 | Copyright                   <a shape="rect" class="my-link" href="https://expandtesting.com/" target="_blank" rel="noopener">Expand Testing</a>
 2025                </p>
              </div>
            </div>
          </div>
        </div>
      </div>
    </footer>
    <script src="/assets/plugins/back-to-top/back-to-top.min.js"/>
    <script defer="defer">
	  document.addEventListener("DOMContentLoaded", function () {
	    addBackToTop({
	      diameter: 50,
	      //backgroundColor: 'rgb(255,188,59)',
	      textColor: '#fff'
	    })
	
	  });
	</script>
    <script src="/assets/js/main.js"/>
    <script src="/script/script.js"/>
    <script src="/socket.io/socket.io.min.js"/>
    <script>
		window.onload = function () {
			const currentURL = window.location.href;
			const socket = io();
			const userData = { page: currentURL };
			socket.emit('pageChange', userData);
		}
	</script>
  </body>
</html>
Request URI:	https://practice.expandtesting.com/notes/api/notes/me
Request URI:	https://practice.expandtesting.com/notes/api/notes/me
Request URI:	https://practice.expandtesting.com/notes/api/notes/me
Request URI:	https://practice.expandtesting.com/notes/api/notes/me
Request URI:	https://practice.expandtesting.com/notes/api/notes/me
Request URI:	https://practice.expandtesting.com/notes/api/notes/me
Request URI:	https://practice.expandtesting.com/notes/api/notes/me
Request URI:	https://practice.expandtesting.com/notes/api/notes/me
Request URI:	https://practice.expandtesting.com/notes/api/notes/me
Request URI:	https://practice.expandtesting.com/notes/api/notes/me
Request URI:	https://practice.expandtesting.com/notes/api/notes/me
Request URI:	https://practice.expandtesting.com/notes/api/notes/me
Request URI:	https://practice.expandtesting.com/notes/api/notes/me
Request URI:	https://practice.expandtesting.com/notes/api/notes/me
Request URI:	https://practice.expandtesting.com/notes/api/notes/me
Request URI:	https://practice.expandtesting.com/notes/api/notes/me
Request URI:	https://practice.expandtesting.com/notes/api/notes/me
Request URI:	https://practice.expandtesting.com/notes/api/notes/me
Request URI:	https://practice.expandtesting.com/notes/api/notes/me
Request URI:	https://practice.expandtesting.com/notes/api/notes/me
Request URI:	https://practice.expandtesting.com/notes/api/notes/me
Request URI:	https://practice.expandtesting.com/notes/api/notes/me
Request URI:	https://practice.expandtesting.com/notes/api/notes/me
Request URI:	https://practice.expandtesting.com/notes/api/notes/me
Request URI:	https://practice.expandtesting.com/notes/api/notes/me
Request URI:	https://practice.expandtesting.com/notes/api/notes/me
Request URI:	https://practice.expandtesting.com/notes/api/notes/me
Request URI:	https://practice.expandtesting.com/notes/api/notes/me
Request URI:	https://practice.expandtesting.com/notes/api/notes/me
Request URI:	https://practice.expandtesting.com/notes/api/notes/me
Request URI:	https://practice.expandtesting.com/notes/api/notes/me
Request URI:	https://practice.expandtesting.com/notes/api/notes/me
Request URI:	https://practice.expandtesting.com/notes/api/notes/me
Request URI:	https://practice.expandtesting.com/notes/api/notes/me
Request URI:	https://practice.expandtesting.com/notes/api/notes/me
Request URI:	https://practice.expandtesting.com/notes/api/notes/me
Request URI:	https://practice.expandtesting.com/notes/api/users/register
Request URI:	https://practice.expandtesting.com/notes/api/users/register
Request URI:	https://practice.expandtesting.com/notes/api/users/register
Request URI:	https://practice.expandtesting.com/notes/api/users/register
Request URI:	https://practice.expandtesting.com/notes/api/users/register
Request URI:	https://practice.expandtesting.com/notes/api/users/register
Request URI:	https://practice.expandtesting.com/notes/api/users/register
Request URI:	https://practice.expandtesting.com/notes/api/users/register
Request URI:	https://practice.expandtesting.com/notes/api/users/register
Request URI:	https://practice.expandtesting.com/notes/api/users/register
Request URI:	https://practice.expandtesting.com/notes/api/users/register
Request URI:	https://practice.expandtesting.com/notes/api/users/register
Request URI:	https://practice.expandtesting.com/notes/api/users/register
Request URI:	https://practice.expandtesting.com/notes/api/users/register
Request URI:	https://practice.expandtesting.com/notes/api/users/register
Request URI:	https://practice.expandtesting.com/notes/api/users/register
Request URI:	https://practice.expandtesting.com/notes/api/users/register
Request URI:	https://practice.expandtesting.com/notes/api/users/register
Request URI:	https://practice.expandtesting.com/notes/api/users/register
Request URI:	https://practice.expandtesting.com/notes/api/users/register
Request URI:	https://practice.expandtesting.com/notes/api/users/register
Request URI:	https://practice.expandtesting.com/notes/api/users/register
Request URI:	https://practice.expandtesting.com/notes/api/users/register
Request URI:	https://practice.expandtesting.com/notes/api/users/register
Request URI:	https://practice.expandtesting.com/notes/api/users/register
Request URI:	https://practice.expandtesting.com/notes/api/users/register
Request URI:	https://practice.expandtesting.com/notes/api/users/register
Request URI:	https://practice.expandtesting.com/notes/api/users/register
Request URI:	https://practice.expandtesting.com/notes/api/users/register
Request URI:	https://practice.expandtesting.com/notes/api/users/register
Request URI:	https://practice.expandtesting.com/notes/api/users/register
Request URI:	https://practice.expandtesting.com/notes/api/users/register
Request URI:	https://practice.expandtesting.com/notes/api/users/register
Request URI:	https://practice.expandtesting.com/notes/api/users/register
Request URI:	https://practice.expandtesting.com/notes/api/users/register
Request URI:	https://practice.expandtesting.com/notes/api/users/register
Request URI:	https://practice.expandtesting.com/notes/api/users/register
HTTP/1.1 201 Created
access-control-allow-origin: *
access-control-allow-credentials: true
access-control-allow-methods: GET, POST, PUT, DELETE, PATCH
access-control-allow-headers: Origin, X-Requested-With, Authorization, Content-Type, Accept, X-Auth-Token
content-type: application/json; charset=utf-8
content-encoding: gzip
etag: W/"ae-JDnELxlEf5TaMlLwDeN+OnkrY5E"
set-cookie: express:sess=eyJmbGFzaCI6e319; path=/; httponly
set-cookie: express:sess.sig=tdt42nQZiQvICqmrvHQ1_16fHk0; path=/; httponly
date: Sat, 19 Jul 2025 13:24:36 GMT
connection: keep-alive
keep-alive: timeout=5
transfer-encoding: chunked

{
    "success": true,
    "status": 201,
    "message": "User account created successfully",
    "data": {
        "id": "687b9c949d1b4b028865d7f2",
        "name": "devora.gutkowski",
        "email": "abel.brekke@gmail.com"
    }
}
Request URI:	https://practice.expandtesting.com/notes/api/users/login
Request URI:	https://practice.expandtesting.com/notes/api/users/login
Request URI:	https://practice.expandtesting.com/notes/api/users/login
Request URI:	https://practice.expandtesting.com/notes/api/users/login
Request URI:	https://practice.expandtesting.com/notes/api/users/login
Request URI:	https://practice.expandtesting.com/notes/api/users/login
Request URI:	https://practice.expandtesting.com/notes/api/users/login
Request URI:	https://practice.expandtesting.com/notes/api/users/login
Request URI:	https://practice.expandtesting.com/notes/api/users/login
Request URI:	https://practice.expandtesting.com/notes/api/users/login
Request URI:	https://practice.expandtesting.com/notes/api/users/login
Request URI:	https://practice.expandtesting.com/notes/api/users/login
Request URI:	https://practice.expandtesting.com/notes/api/users/login
Request URI:	https://practice.expandtesting.com/notes/api/users/login
Request URI:	https://practice.expandtesting.com/notes/api/users/login
Request URI:	https://practice.expandtesting.com/notes/api/users/login
Request URI:	https://practice.expandtesting.com/notes/api/users/login
Request URI:	https://practice.expandtesting.com/notes/api/users/login
Request URI:	https://practice.expandtesting.com/notes/api/users/login
Request URI:	https://practice.expandtesting.com/notes/api/users/login
Request URI:	https://practice.expandtesting.com/notes/api/users/login
Request URI:	https://practice.expandtesting.com/notes/api/users/login
Request URI:	https://practice.expandtesting.com/notes/api/users/login
Request URI:	https://practice.expandtesting.com/notes/api/users/login
Request URI:	https://practice.expandtesting.com/notes/api/users/login
Request URI:	https://practice.expandtesting.com/notes/api/users/login
Request URI:	https://practice.expandtesting.com/notes/api/users/login
Request URI:	https://practice.expandtesting.com/notes/api/users/login
Request URI:	https://practice.expandtesting.com/notes/api/users/login
Request URI:	https://practice.expandtesting.com/notes/api/users/login
Request URI:	https://practice.expandtesting.com/notes/api/users/login
Request URI:	https://practice.expandtesting.com/notes/api/users/login
Request URI:	https://practice.expandtesting.com/notes/api/users/login
Request URI:	https://practice.expandtesting.com/notes/api/users/login
Request URI:	https://practice.expandtesting.com/notes/api/users/login
Request URI:	https://practice.expandtesting.com/notes/api/users/login
Request URI:	https://practice.expandtesting.com/notes/api/users/login
HTTP/1.1 200 OK
access-control-allow-origin: *
access-control-allow-credentials: true
access-control-allow-methods: GET, POST, PUT, DELETE, PATCH
access-control-allow-headers: Origin, X-Requested-With, Authorization, Content-Type, Accept, X-Auth-Token
content-type: application/json; charset=utf-8
content-encoding: gzip
etag: W/"e8-qGluP5XFeGTM02DV9m3OUY88GKo"
set-cookie: express:sess=eyJmbGFzaCI6e319; path=/; httponly
set-cookie: express:sess.sig=tdt42nQZiQvICqmrvHQ1_16fHk0; path=/; httponly
date: Sat, 19 Jul 2025 13:24:36 GMT
connection: keep-alive
keep-alive: timeout=5
transfer-encoding: chunked

{
    "success": true,
    "status": 200,
    "message": "Login successful",
    "data": {
        "id": "687b9c949d1b4b028865d7f2",
        "name": "devora.gutkowski",
        "email": "abel.brekke@gmail.com",
        "token": "b0029deadee448c9aa9374a13caa8b27f64e598019b94f9ca7e9fc5dce0d390c"
    }
}
Request URI:	https://practice.expandtesting.com/notes/api/notes/94279iiqau
Request URI:	https://practice.expandtesting.com/notes/api/notes/94279iiqau
Request URI:	https://practice.expandtesting.com/notes/api/notes/94279iiqau
Request URI:	https://practice.expandtesting.com/notes/api/notes/94279iiqau
Request URI:	https://practice.expandtesting.com/notes/api/notes/94279iiqau
Request URI:	https://practice.expandtesting.com/notes/api/notes/94279iiqau
Request URI:	https://practice.expandtesting.com/notes/api/notes/94279iiqau
Request URI:	https://practice.expandtesting.com/notes/api/notes/94279iiqau
Request URI:	https://practice.expandtesting.com/notes/api/notes/94279iiqau
Request URI:	https://practice.expandtesting.com/notes/api/notes/94279iiqau
Request URI:	https://practice.expandtesting.com/notes/api/notes/94279iiqau
Request URI:	https://practice.expandtesting.com/notes/api/notes/94279iiqau
Request URI:	https://practice.expandtesting.com/notes/api/notes/94279iiqau
Request URI:	https://practice.expandtesting.com/notes/api/notes/94279iiqau
Request URI:	https://practice.expandtesting.com/notes/api/notes/94279iiqau
Request URI:	https://practice.expandtesting.com/notes/api/notes/94279iiqau
Request URI:	https://practice.expandtesting.com/notes/api/notes/94279iiqau
Request URI:	https://practice.expandtesting.com/notes/api/notes/94279iiqau
Request URI:	https://practice.expandtesting.com/notes/api/notes/94279iiqau
Request URI:	https://practice.expandtesting.com/notes/api/notes/94279iiqau
Request URI:	https://practice.expandtesting.com/notes/api/notes/94279iiqau
Request URI:	https://practice.expandtesting.com/notes/api/notes/94279iiqau
Request URI:	https://practice.expandtesting.com/notes/api/notes/94279iiqau
Request URI:	https://practice.expandtesting.com/notes/api/notes/94279iiqau
Request URI:	https://practice.expandtesting.com/notes/api/notes/94279iiqau
Request URI:	https://practice.expandtesting.com/notes/api/notes/94279iiqau
Request URI:	https://practice.expandtesting.com/notes/api/notes/94279iiqau
Request URI:	https://practice.expandtesting.com/notes/api/notes/94279iiqau
Request URI:	https://practice.expandtesting.com/notes/api/notes/94279iiqau
Request URI:	https://practice.expandtesting.com/notes/api/notes/94279iiqau
Request URI:	https://practice.expandtesting.com/notes/api/notes/94279iiqau
Request URI:	https://practice.expandtesting.com/notes/api/notes/94279iiqau
Request URI:	https://practice.expandtesting.com/notes/api/notes/94279iiqau
Request URI:	https://practice.expandtesting.com/notes/api/notes/94279iiqau
Request URI:	https://practice.expandtesting.com/notes/api/notes/94279iiqau
Request URI:	https://practice.expandtesting.com/notes/api/notes/94279iiqau
Request URI:	https://practice.expandtesting.com/notes/api/notes/94279iiqau
Request method:	PUT
Request URI:	https://practice.expandtesting.com/notes/api/notes/94279iiqau
Proxy:			<none>
Request params:	<none>
Query params:	<none>
Form params:	<none>
Path params:	id=94279iiqau
Headers:		X-Auth-Token=b0029deadee448c9aa9374a13caa8b27f64e598019b94f9ca7e9fc5dce0d390c
				Accept=*/*
				Content-Type=application/json
Cookies:		<none>
Multiparts:		<none>
Body:
{
    "category": "Work",
    "title": "n7yn5l5d2bm2nyvqq6ves8cjcc02aw9n999ke8j1lw8y3y2o7",
    "completed": false,
    "description": "Blanditiis voluptatum similique."
}
HTTP/1.1 400 Bad Request
access-control-allow-origin: *
access-control-allow-credentials: true
access-control-allow-methods: GET, POST, PUT, DELETE, PATCH
access-control-allow-headers: Origin, X-Requested-With, Authorization, Content-Type, Accept, X-Auth-Token
content-type: application/json; charset=utf-8
content-encoding: gzip
etag: W/"45-6ZxFHn6LXbRQn6xIPMG/1kr6zFI"
set-cookie: express:sess=eyJmbGFzaCI6e319; path=/; httponly
set-cookie: express:sess.sig=tdt42nQZiQvICqmrvHQ1_16fHk0; path=/; httponly
date: Sat, 19 Jul 2025 13:24:37 GMT
connection: keep-alive
keep-alive: timeout=5
transfer-encoding: chunked

{
    "success": false,
    "status": 400,
    "message": "Note ID must be a valid ID"
}
Request URI:	https://practice.expandtesting.com/notes/api/notes/me
Request URI:	https://practice.expandtesting.com/notes/api/notes/me
Request URI:	https://practice.expandtesting.com/notes/api/notes/me
Request URI:	https://practice.expandtesting.com/notes/api/notes/me
Request URI:	https://practice.expandtesting.com/notes/api/notes/me
Request URI:	https://practice.expandtesting.com/notes/api/notes/me
Request URI:	https://practice.expandtesting.com/notes/api/notes/me
Request URI:	https://practice.expandtesting.com/notes/api/notes/me
Request URI:	https://practice.expandtesting.com/notes/api/notes/me
Request URI:	https://practice.expandtesting.com/notes/api/notes/me
Request URI:	https://practice.expandtesting.com/notes/api/notes/me
Request URI:	https://practice.expandtesting.com/notes/api/notes/me
Request URI:	https://practice.expandtesting.com/notes/api/notes/me
Request URI:	https://practice.expandtesting.com/notes/api/notes/me
Request URI:	https://practice.expandtesting.com/notes/api/notes/me
Request URI:	https://practice.expandtesting.com/notes/api/notes/me
Request URI:	https://practice.expandtesting.com/notes/api/notes/me
Request URI:	https://practice.expandtesting.com/notes/api/notes/me
Request URI:	https://practice.expandtesting.com/notes/api/notes/me
Request URI:	https://practice.expandtesting.com/notes/api/notes/me
Request URI:	https://practice.expandtesting.com/notes/api/notes/me
Request URI:	https://practice.expandtesting.com/notes/api/notes/me
Request URI:	https://practice.expandtesting.com/notes/api/notes/me
Request URI:	https://practice.expandtesting.com/notes/api/notes/me
Request URI:	https://practice.expandtesting.com/notes/api/notes/me
Request URI:	https://practice.expandtesting.com/notes/api/notes/me
Request URI:	https://practice.expandtesting.com/notes/api/notes/me
Request URI:	https://practice.expandtesting.com/notes/api/notes/me
Request URI:	https://practice.expandtesting.com/notes/api/notes/me
Request URI:	https://practice.expandtesting.com/notes/api/notes/me
Request URI:	https://practice.expandtesting.com/notes/api/notes/me
Request URI:	https://practice.expandtesting.com/notes/api/notes/me
Request URI:	https://practice.expandtesting.com/notes/api/notes/me
Request URI:	https://practice.expandtesting.com/notes/api/notes/me
Request URI:	https://practice.expandtesting.com/notes/api/notes/me
Request URI:	https://practice.expandtesting.com/notes/api/notes/me
Request URI:	https://practice.expandtesting.com/notes/api/notes/me
Request URI:	https://practice.expandtesting.com/notes/api/users/register
Request URI:	https://practice.expandtesting.com/notes/api/users/register
Request URI:	https://practice.expandtesting.com/notes/api/users/register
Request URI:	https://practice.expandtesting.com/notes/api/users/register
Request URI:	https://practice.expandtesting.com/notes/api/users/register
Request URI:	https://practice.expandtesting.com/notes/api/users/register
Request URI:	https://practice.expandtesting.com/notes/api/users/register
Request URI:	https://practice.expandtesting.com/notes/api/users/register
Request URI:	https://practice.expandtesting.com/notes/api/users/register
Request URI:	https://practice.expandtesting.com/notes/api/users/register
Request URI:	https://practice.expandtesting.com/notes/api/users/register
Request URI:	https://practice.expandtesting.com/notes/api/users/register
Request URI:	https://practice.expandtesting.com/notes/api/users/register
Request URI:	https://practice.expandtesting.com/notes/api/users/register
Request URI:	https://practice.expandtesting.com/notes/api/users/register
Request URI:	https://practice.expandtesting.com/notes/api/users/register
Request URI:	https://practice.expandtesting.com/notes/api/users/register
Request URI:	https://practice.expandtesting.com/notes/api/users/register
Request URI:	https://practice.expandtesting.com/notes/api/users/register
Request URI:	https://practice.expandtesting.com/notes/api/users/register
Request URI:	https://practice.expandtesting.com/notes/api/users/register
Request URI:	https://practice.expandtesting.com/notes/api/users/register
Request URI:	https://practice.expandtesting.com/notes/api/users/register
Request URI:	https://practice.expandtesting.com/notes/api/users/register
Request URI:	https://practice.expandtesting.com/notes/api/users/register
Request URI:	https://practice.expandtesting.com/notes/api/users/register
Request URI:	https://practice.expandtesting.com/notes/api/users/register
Request URI:	https://practice.expandtesting.com/notes/api/users/register
Request URI:	https://practice.expandtesting.com/notes/api/users/register
Request URI:	https://practice.expandtesting.com/notes/api/users/register
Request URI:	https://practice.expandtesting.com/notes/api/users/register
Request URI:	https://practice.expandtesting.com/notes/api/users/register
Request URI:	https://practice.expandtesting.com/notes/api/users/register
Request URI:	https://practice.expandtesting.com/notes/api/users/register
Request URI:	https://practice.expandtesting.com/notes/api/users/register
Request URI:	https://practice.expandtesting.com/notes/api/users/register
Request URI:	https://practice.expandtesting.com/notes/api/users/register
Request URI:	https://practice.expandtesting.com/notes/api/users/register
HTTP/1.1 201 Created
access-control-allow-origin: *
access-control-allow-credentials: true
access-control-allow-methods: GET, POST, PUT, DELETE, PATCH
access-control-allow-headers: Origin, X-Requested-With, Authorization, Content-Type, Accept, X-Auth-Token
content-type: application/json; charset=utf-8
content-encoding: gzip
etag: W/"b1-pldUY6djno5nBc9YDB0x0YnxagA"
set-cookie: express:sess=eyJmbGFzaCI6e319; path=/; httponly
set-cookie: express:sess.sig=tdt42nQZiQvICqmrvHQ1_16fHk0; path=/; httponly
date: Sat, 19 Jul 2025 13:24:38 GMT
connection: keep-alive
keep-alive: timeout=5
transfer-encoding: chunked

{
    "success": true,
    "status": 201,
    "message": "User account created successfully",
    "data": {
        "id": "687b9c969d1b4b028865d7fb",
        "name": "devora.gutkowski",
        "email": "lottie.farrell@yahoo.com"
    }
}
Request URI:	https://practice.expandtesting.com/notes/api/users/login
Request URI:	https://practice.expandtesting.com/notes/api/users/login
Request URI:	https://practice.expandtesting.com/notes/api/users/login
Request URI:	https://practice.expandtesting.com/notes/api/users/login
Request URI:	https://practice.expandtesting.com/notes/api/users/login
Request URI:	https://practice.expandtesting.com/notes/api/users/login
Request URI:	https://practice.expandtesting.com/notes/api/users/login
Request URI:	https://practice.expandtesting.com/notes/api/users/login
Request URI:	https://practice.expandtesting.com/notes/api/users/login
Request URI:	https://practice.expandtesting.com/notes/api/users/login
Request URI:	https://practice.expandtesting.com/notes/api/users/login
Request URI:	https://practice.expandtesting.com/notes/api/users/login
Request URI:	https://practice.expandtesting.com/notes/api/users/login
Request URI:	https://practice.expandtesting.com/notes/api/users/login
Request URI:	https://practice.expandtesting.com/notes/api/users/login
Request URI:	https://practice.expandtesting.com/notes/api/users/login
Request URI:	https://practice.expandtesting.com/notes/api/users/login
Request URI:	https://practice.expandtesting.com/notes/api/users/login
Request URI:	https://practice.expandtesting.com/notes/api/users/login
Request URI:	https://practice.expandtesting.com/notes/api/users/login
Request URI:	https://practice.expandtesting.com/notes/api/users/login
Request URI:	https://practice.expandtesting.com/notes/api/users/login
Request URI:	https://practice.expandtesting.com/notes/api/users/login
Request URI:	https://practice.expandtesting.com/notes/api/users/login
Request URI:	https://practice.expandtesting.com/notes/api/users/login
Request URI:	https://practice.expandtesting.com/notes/api/users/login
Request URI:	https://practice.expandtesting.com/notes/api/users/login
Request URI:	https://practice.expandtesting.com/notes/api/users/login
Request URI:	https://practice.expandtesting.com/notes/api/users/login
Request URI:	https://practice.expandtesting.com/notes/api/users/login
Request URI:	https://practice.expandtesting.com/notes/api/users/login
Request URI:	https://practice.expandtesting.com/notes/api/users/login
Request URI:	https://practice.expandtesting.com/notes/api/users/login
Request URI:	https://practice.expandtesting.com/notes/api/users/login
Request URI:	https://practice.expandtesting.com/notes/api/users/login
Request URI:	https://practice.expandtesting.com/notes/api/users/login
Request URI:	https://practice.expandtesting.com/notes/api/users/login
Request URI:	https://practice.expandtesting.com/notes/api/users/login
HTTP/1.1 200 OK
access-control-allow-origin: *
access-control-allow-credentials: true
access-control-allow-methods: GET, POST, PUT, DELETE, PATCH
access-control-allow-headers: Origin, X-Requested-With, Authorization, Content-Type, Accept, X-Auth-Token
content-type: application/json; charset=utf-8
content-encoding: gzip
etag: W/"eb-+F3n1a+3TE4wHcYNS2eyIiOcu1c"
set-cookie: express:sess=eyJmbGFzaCI6e319; path=/; httponly
set-cookie: express:sess.sig=tdt42nQZiQvICqmrvHQ1_16fHk0; path=/; httponly
date: Sat, 19 Jul 2025 13:24:39 GMT
connection: keep-alive
keep-alive: timeout=5
transfer-encoding: chunked

{
    "success": true,
    "status": 200,
    "message": "Login successful",
    "data": {
        "id": "687b9c969d1b4b028865d7fb",
        "name": "devora.gutkowski",
        "email": "lottie.farrell@yahoo.com",
        "token": "454ce4ca008640a8a98f631ee750578479d7cb12748847cabd8d7f527b5d5fef"
    }
}
Request URI:	https://practice.expandtesting.com/notes/api/notes
Request URI:	https://practice.expandtesting.com/notes/api/notes
Request URI:	https://practice.expandtesting.com/notes/api/notes
Request URI:	https://practice.expandtesting.com/notes/api/notes
Request URI:	https://practice.expandtesting.com/notes/api/notes
Request URI:	https://practice.expandtesting.com/notes/api/notes
Request URI:	https://practice.expandtesting.com/notes/api/notes
Request URI:	https://practice.expandtesting.com/notes/api/notes
Request URI:	https://practice.expandtesting.com/notes/api/notes
Request URI:	https://practice.expandtesting.com/notes/api/notes
Request URI:	https://practice.expandtesting.com/notes/api/notes
Request URI:	https://practice.expandtesting.com/notes/api/notes
Request URI:	https://practice.expandtesting.com/notes/api/notes
Request URI:	https://practice.expandtesting.com/notes/api/notes
Request URI:	https://practice.expandtesting.com/notes/api/notes
Request URI:	https://practice.expandtesting.com/notes/api/notes
Request URI:	https://practice.expandtesting.com/notes/api/notes
Request URI:	https://practice.expandtesting.com/notes/api/notes
Request URI:	https://practice.expandtesting.com/notes/api/notes
Request URI:	https://practice.expandtesting.com/notes/api/notes
Request URI:	https://practice.expandtesting.com/notes/api/notes
Request URI:	https://practice.expandtesting.com/notes/api/notes
Request URI:	https://practice.expandtesting.com/notes/api/notes
Request URI:	https://practice.expandtesting.com/notes/api/notes
Request URI:	https://practice.expandtesting.com/notes/api/notes
Request URI:	https://practice.expandtesting.com/notes/api/notes
Request URI:	https://practice.expandtesting.com/notes/api/notes
Request URI:	https://practice.expandtesting.com/notes/api/notes
Request URI:	https://practice.expandtesting.com/notes/api/notes
Request URI:	https://practice.expandtesting.com/notes/api/notes
Request URI:	https://practice.expandtesting.com/notes/api/notes
Request URI:	https://practice.expandtesting.com/notes/api/notes
Request URI:	https://practice.expandtesting.com/notes/api/notes
Request URI:	https://practice.expandtesting.com/notes/api/notes
Request URI:	https://practice.expandtesting.com/notes/api/notes
Request URI:	https://practice.expandtesting.com/notes/api/notes
Request URI:	https://practice.expandtesting.com/notes/api/notes
Request URI:	https://practice.expandtesting.com/notes/api/notes
Request method:	POST
Request URI:	https://practice.expandtesting.com/notes/api/notes
Proxy:			<none>
Request params:	<none>
Query params:	<none>
Form params:	<none>
Path params:	<none>
Headers:		Accept=*/*
				Content-Type=application/json
Cookies:		<none>
Multiparts:		<none>
Body:			<none>
HTTP/1.1 401 Unauthorized
access-control-allow-origin: *
access-control-allow-credentials: true
access-control-allow-methods: GET, POST, PUT, DELETE, PATCH
access-control-allow-headers: Origin, X-Requested-With, Authorization, Content-Type, Accept, X-Auth-Token
content-type: application/json; charset=utf-8
content-encoding: gzip
etag: W/"63-kaKfzTW2quBGOpz1E3SeBltpHeE"
set-cookie: express:sess=eyJmbGFzaCI6e319; path=/; httponly
set-cookie: express:sess.sig=tdt42nQZiQvICqmrvHQ1_16fHk0; path=/; httponly
date: Sat, 19 Jul 2025 13:24:40 GMT
connection: keep-alive
keep-alive: timeout=5
transfer-encoding: chunked

{
    "success": false,
    "status": 401,
    "message": "No authentication token specified in x-auth-token header"
}
Request URI:	https://practice.expandtesting.com/notes/api/notes/me
Request URI:	https://practice.expandtesting.com/notes/api/notes/me
Request URI:	https://practice.expandtesting.com/notes/api/notes/me
Request URI:	https://practice.expandtesting.com/notes/api/notes/me
Request URI:	https://practice.expandtesting.com/notes/api/notes/me
Request URI:	https://practice.expandtesting.com/notes/api/notes/me
Request URI:	https://practice.expandtesting.com/notes/api/notes/me
Request URI:	https://practice.expandtesting.com/notes/api/notes/me
Request URI:	https://practice.expandtesting.com/notes/api/notes/me
Request URI:	https://practice.expandtesting.com/notes/api/notes/me
Request URI:	https://practice.expandtesting.com/notes/api/notes/me
Request URI:	https://practice.expandtesting.com/notes/api/notes/me
Request URI:	https://practice.expandtesting.com/notes/api/notes/me
Request URI:	https://practice.expandtesting.com/notes/api/notes/me
Request URI:	https://practice.expandtesting.com/notes/api/notes/me
Request URI:	https://practice.expandtesting.com/notes/api/notes/me
Request URI:	https://practice.expandtesting.com/notes/api/notes/me
Request URI:	https://practice.expandtesting.com/notes/api/notes/me
Request URI:	https://practice.expandtesting.com/notes/api/notes/me
Request URI:	https://practice.expandtesting.com/notes/api/notes/me
Request URI:	https://practice.expandtesting.com/notes/api/notes/me
Request URI:	https://practice.expandtesting.com/notes/api/notes/me
Request URI:	https://practice.expandtesting.com/notes/api/notes/me
Request URI:	https://practice.expandtesting.com/notes/api/notes/me
Request URI:	https://practice.expandtesting.com/notes/api/notes/me
Request URI:	https://practice.expandtesting.com/notes/api/notes/me
Request URI:	https://practice.expandtesting.com/notes/api/notes/me
Request URI:	https://practice.expandtesting.com/notes/api/notes/me
Request URI:	https://practice.expandtesting.com/notes/api/notes/me
Request URI:	https://practice.expandtesting.com/notes/api/notes/me
Request URI:	https://practice.expandtesting.com/notes/api/notes/me
Request URI:	https://practice.expandtesting.com/notes/api/notes/me
Request URI:	https://practice.expandtesting.com/notes/api/notes/me
Request URI:	https://practice.expandtesting.com/notes/api/notes/me
Request URI:	https://practice.expandtesting.com/notes/api/notes/me
Request URI:	https://practice.expandtesting.com/notes/api/notes/me
Request URI:	https://practice.expandtesting.com/notes/api/notes/me
Request URI:	https://practice.expandtesting.com/notes/api/notes/me
Request URI:	https://practice.expandtesting.com/notes/api/users/register
Request URI:	https://practice.expandtesting.com/notes/api/users/register
Request URI:	https://practice.expandtesting.com/notes/api/users/register
Request URI:	https://practice.expandtesting.com/notes/api/users/register
Request URI:	https://practice.expandtesting.com/notes/api/users/register
Request URI:	https://practice.expandtesting.com/notes/api/users/register
Request URI:	https://practice.expandtesting.com/notes/api/users/register
Request URI:	https://practice.expandtesting.com/notes/api/users/register
Request URI:	https://practice.expandtesting.com/notes/api/users/register
Request URI:	https://practice.expandtesting.com/notes/api/users/register
Request URI:	https://practice.expandtesting.com/notes/api/users/register
Request URI:	https://practice.expandtesting.com/notes/api/users/register
Request URI:	https://practice.expandtesting.com/notes/api/users/register
Request URI:	https://practice.expandtesting.com/notes/api/users/register
Request URI:	https://practice.expandtesting.com/notes/api/users/register
Request URI:	https://practice.expandtesting.com/notes/api/users/register
Request URI:	https://practice.expandtesting.com/notes/api/users/register
Request URI:	https://practice.expandtesting.com/notes/api/users/register
Request URI:	https://practice.expandtesting.com/notes/api/users/register
Request URI:	https://practice.expandtesting.com/notes/api/users/register
Request URI:	https://practice.expandtesting.com/notes/api/users/register
Request URI:	https://practice.expandtesting.com/notes/api/users/register
Request URI:	https://practice.expandtesting.com/notes/api/users/register
Request URI:	https://practice.expandtesting.com/notes/api/users/register
Request URI:	https://practice.expandtesting.com/notes/api/users/register
Request URI:	https://practice.expandtesting.com/notes/api/users/register
Request URI:	https://practice.expandtesting.com/notes/api/users/register
Request URI:	https://practice.expandtesting.com/notes/api/users/register
Request URI:	https://practice.expandtesting.com/notes/api/users/register
Request URI:	https://practice.expandtesting.com/notes/api/users/register
Request URI:	https://practice.expandtesting.com/notes/api/users/register
Request URI:	https://practice.expandtesting.com/notes/api/users/register
Request URI:	https://practice.expandtesting.com/notes/api/users/register
Request URI:	https://practice.expandtesting.com/notes/api/users/register
Request URI:	https://practice.expandtesting.com/notes/api/users/register
Request URI:	https://practice.expandtesting.com/notes/api/users/register
Request URI:	https://practice.expandtesting.com/notes/api/users/register
Request URI:	https://practice.expandtesting.com/notes/api/users/register
Request URI:	https://practice.expandtesting.com/notes/api/users/register
HTTP/1.1 201 Created
access-control-allow-origin: *
access-control-allow-credentials: true
access-control-allow-methods: GET, POST, PUT, DELETE, PATCH
access-control-allow-headers: Origin, X-Requested-With, Authorization, Content-Type, Accept, X-Auth-Token
content-type: application/json; charset=utf-8
content-encoding: gzip
etag: W/"ae-DSWlamxpa3n5Wp+1eFap6McS2LY"
set-cookie: express:sess=eyJmbGFzaCI6e319; path=/; httponly
set-cookie: express:sess.sig=tdt42nQZiQvICqmrvHQ1_16fHk0; path=/; httponly
date: Sat, 19 Jul 2025 13:24:40 GMT
connection: keep-alive
keep-alive: timeout=5
transfer-encoding: chunked

{
    "success": true,
    "status": 201,
    "message": "User account created successfully",
    "data": {
        "id": "687b9c989d1b4b028865d803",
        "name": "devora.gutkowski",
        "email": "keith.feest@gmail.com"
    }
}
Request URI:	https://practice.expandtesting.com/notes/api/users/login
Request URI:	https://practice.expandtesting.com/notes/api/users/login
Request URI:	https://practice.expandtesting.com/notes/api/users/login
Request URI:	https://practice.expandtesting.com/notes/api/users/login
Request URI:	https://practice.expandtesting.com/notes/api/users/login
Request URI:	https://practice.expandtesting.com/notes/api/users/login
Request URI:	https://practice.expandtesting.com/notes/api/users/login
Request URI:	https://practice.expandtesting.com/notes/api/users/login
Request URI:	https://practice.expandtesting.com/notes/api/users/login
Request URI:	https://practice.expandtesting.com/notes/api/users/login
Request URI:	https://practice.expandtesting.com/notes/api/users/login
Request URI:	https://practice.expandtesting.com/notes/api/users/login
Request URI:	https://practice.expandtesting.com/notes/api/users/login
Request URI:	https://practice.expandtesting.com/notes/api/users/login
Request URI:	https://practice.expandtesting.com/notes/api/users/login
Request URI:	https://practice.expandtesting.com/notes/api/users/login
Request URI:	https://practice.expandtesting.com/notes/api/users/login
Request URI:	https://practice.expandtesting.com/notes/api/users/login
Request URI:	https://practice.expandtesting.com/notes/api/users/login
Request URI:	https://practice.expandtesting.com/notes/api/users/login
Request URI:	https://practice.expandtesting.com/notes/api/users/login
Request URI:	https://practice.expandtesting.com/notes/api/users/login
Request URI:	https://practice.expandtesting.com/notes/api/users/login
Request URI:	https://practice.expandtesting.com/notes/api/users/login
Request URI:	https://practice.expandtesting.com/notes/api/users/login
Request URI:	https://practice.expandtesting.com/notes/api/users/login
Request URI:	https://practice.expandtesting.com/notes/api/users/login
Request URI:	https://practice.expandtesting.com/notes/api/users/login
Request URI:	https://practice.expandtesting.com/notes/api/users/login
Request URI:	https://practice.expandtesting.com/notes/api/users/login
Request URI:	https://practice.expandtesting.com/notes/api/users/login
Request URI:	https://practice.expandtesting.com/notes/api/users/login
Request URI:	https://practice.expandtesting.com/notes/api/users/login
Request URI:	https://practice.expandtesting.com/notes/api/users/login
Request URI:	https://practice.expandtesting.com/notes/api/users/login
Request URI:	https://practice.expandtesting.com/notes/api/users/login
Request URI:	https://practice.expandtesting.com/notes/api/users/login
Request URI:	https://practice.expandtesting.com/notes/api/users/login
Request URI:	https://practice.expandtesting.com/notes/api/users/login
HTTP/1.1 200 OK
access-control-allow-origin: *
access-control-allow-credentials: true
access-control-allow-methods: GET, POST, PUT, DELETE, PATCH
access-control-allow-headers: Origin, X-Requested-With, Authorization, Content-Type, Accept, X-Auth-Token
content-type: application/json; charset=utf-8
content-encoding: gzip
etag: W/"e8-YaVGDFz9s1YDViEcnbSYW0GhtsQ"
set-cookie: express:sess=eyJmbGFzaCI6e319; path=/; httponly
set-cookie: express:sess.sig=tdt42nQZiQvICqmrvHQ1_16fHk0; path=/; httponly
date: Sat, 19 Jul 2025 13:24:41 GMT
connection: keep-alive
keep-alive: timeout=5
transfer-encoding: chunked

{
    "success": true,
    "status": 200,
    "message": "Login successful",
    "data": {
        "id": "687b9c989d1b4b028865d803",
        "name": "devora.gutkowski",
        "email": "keith.feest@gmail.com",
        "token": "dff46dea317e423cbe4daaf25b233a23673ab3306b384d49a01b59a46399bb92"
    }
}
Request URI:	https://practice.expandtesting.com/notes/api/notes/xy0dq947mbe9pyilxqwj5xip
Request URI:	https://practice.expandtesting.com/notes/api/notes/xy0dq947mbe9pyilxqwj5xip
Request URI:	https://practice.expandtesting.com/notes/api/notes/xy0dq947mbe9pyilxqwj5xip
Request URI:	https://practice.expandtesting.com/notes/api/notes/xy0dq947mbe9pyilxqwj5xip
Request URI:	https://practice.expandtesting.com/notes/api/notes/xy0dq947mbe9pyilxqwj5xip
Request URI:	https://practice.expandtesting.com/notes/api/notes/xy0dq947mbe9pyilxqwj5xip
Request URI:	https://practice.expandtesting.com/notes/api/notes/xy0dq947mbe9pyilxqwj5xip
Request URI:	https://practice.expandtesting.com/notes/api/notes/xy0dq947mbe9pyilxqwj5xip
Request URI:	https://practice.expandtesting.com/notes/api/notes/xy0dq947mbe9pyilxqwj5xip
Request URI:	https://practice.expandtesting.com/notes/api/notes/xy0dq947mbe9pyilxqwj5xip
Request URI:	https://practice.expandtesting.com/notes/api/notes/xy0dq947mbe9pyilxqwj5xip
Request URI:	https://practice.expandtesting.com/notes/api/notes/xy0dq947mbe9pyilxqwj5xip
Request URI:	https://practice.expandtesting.com/notes/api/notes/xy0dq947mbe9pyilxqwj5xip
Request URI:	https://practice.expandtesting.com/notes/api/notes/xy0dq947mbe9pyilxqwj5xip
Request URI:	https://practice.expandtesting.com/notes/api/notes/xy0dq947mbe9pyilxqwj5xip
Request URI:	https://practice.expandtesting.com/notes/api/notes/xy0dq947mbe9pyilxqwj5xip
Request URI:	https://practice.expandtesting.com/notes/api/notes/xy0dq947mbe9pyilxqwj5xip
Request URI:	https://practice.expandtesting.com/notes/api/notes/xy0dq947mbe9pyilxqwj5xip
Request URI:	https://practice.expandtesting.com/notes/api/notes/xy0dq947mbe9pyilxqwj5xip
Request URI:	https://practice.expandtesting.com/notes/api/notes/xy0dq947mbe9pyilxqwj5xip
Request URI:	https://practice.expandtesting.com/notes/api/notes/xy0dq947mbe9pyilxqwj5xip
Request URI:	https://practice.expandtesting.com/notes/api/notes/xy0dq947mbe9pyilxqwj5xip
Request URI:	https://practice.expandtesting.com/notes/api/notes/xy0dq947mbe9pyilxqwj5xip
Request URI:	https://practice.expandtesting.com/notes/api/notes/xy0dq947mbe9pyilxqwj5xip
Request URI:	https://practice.expandtesting.com/notes/api/notes/xy0dq947mbe9pyilxqwj5xip
Request URI:	https://practice.expandtesting.com/notes/api/notes/xy0dq947mbe9pyilxqwj5xip
Request URI:	https://practice.expandtesting.com/notes/api/notes/xy0dq947mbe9pyilxqwj5xip
Request URI:	https://practice.expandtesting.com/notes/api/notes/xy0dq947mbe9pyilxqwj5xip
Request URI:	https://practice.expandtesting.com/notes/api/notes/xy0dq947mbe9pyilxqwj5xip
Request URI:	https://practice.expandtesting.com/notes/api/notes/xy0dq947mbe9pyilxqwj5xip
Request URI:	https://practice.expandtesting.com/notes/api/notes/xy0dq947mbe9pyilxqwj5xip
Request URI:	https://practice.expandtesting.com/notes/api/notes/xy0dq947mbe9pyilxqwj5xip
Request URI:	https://practice.expandtesting.com/notes/api/notes/xy0dq947mbe9pyilxqwj5xip
Request URI:	https://practice.expandtesting.com/notes/api/notes/xy0dq947mbe9pyilxqwj5xip
Request URI:	https://practice.expandtesting.com/notes/api/notes/xy0dq947mbe9pyilxqwj5xip
Request URI:	https://practice.expandtesting.com/notes/api/notes/xy0dq947mbe9pyilxqwj5xip
Request URI:	https://practice.expandtesting.com/notes/api/notes/xy0dq947mbe9pyilxqwj5xip
Request URI:	https://practice.expandtesting.com/notes/api/notes/xy0dq947mbe9pyilxqwj5xip
Request URI:	https://practice.expandtesting.com/notes/api/notes/xy0dq947mbe9pyilxqwj5xip
HTTP/1.1 400 Bad Request
access-control-allow-origin: *
access-control-allow-credentials: true
access-control-allow-methods: GET, POST, PUT, DELETE, PATCH
access-control-allow-headers: Origin, X-Requested-With, Authorization, Content-Type, Accept, X-Auth-Token
content-type: application/json; charset=utf-8
content-encoding: gzip
etag: W/"45-6ZxFHn6LXbRQn6xIPMG/1kr6zFI"
set-cookie: express:sess=eyJmbGFzaCI6e319; path=/; httponly
set-cookie: express:sess.sig=tdt42nQZiQvICqmrvHQ1_16fHk0; path=/; httponly
date: Sat, 19 Jul 2025 13:24:42 GMT
connection: keep-alive
keep-alive: timeout=5
transfer-encoding: chunked

{
    "success": false,
    "status": 400,
    "message": "Note ID must be a valid ID"
}
Request URI:	https://practice.expandtesting.com/notes/api/notes/me
Request URI:	https://practice.expandtesting.com/notes/api/notes/me
Request URI:	https://practice.expandtesting.com/notes/api/notes/me
Request URI:	https://practice.expandtesting.com/notes/api/notes/me
Request URI:	https://practice.expandtesting.com/notes/api/notes/me
Request URI:	https://practice.expandtesting.com/notes/api/notes/me
Request URI:	https://practice.expandtesting.com/notes/api/notes/me
Request URI:	https://practice.expandtesting.com/notes/api/notes/me
Request URI:	https://practice.expandtesting.com/notes/api/notes/me
Request URI:	https://practice.expandtesting.com/notes/api/notes/me
Request URI:	https://practice.expandtesting.com/notes/api/notes/me
Request URI:	https://practice.expandtesting.com/notes/api/notes/me
Request URI:	https://practice.expandtesting.com/notes/api/notes/me
Request URI:	https://practice.expandtesting.com/notes/api/notes/me
Request URI:	https://practice.expandtesting.com/notes/api/notes/me
Request URI:	https://practice.expandtesting.com/notes/api/notes/me
Request URI:	https://practice.expandtesting.com/notes/api/notes/me
Request URI:	https://practice.expandtesting.com/notes/api/notes/me
Request URI:	https://practice.expandtesting.com/notes/api/notes/me
Request URI:	https://practice.expandtesting.com/notes/api/notes/me
Request URI:	https://practice.expandtesting.com/notes/api/notes/me
Request URI:	https://practice.expandtesting.com/notes/api/notes/me
Request URI:	https://practice.expandtesting.com/notes/api/notes/me
Request URI:	https://practice.expandtesting.com/notes/api/notes/me
Request URI:	https://practice.expandtesting.com/notes/api/notes/me
Request URI:	https://practice.expandtesting.com/notes/api/notes/me
Request URI:	https://practice.expandtesting.com/notes/api/notes/me
Request URI:	https://practice.expandtesting.com/notes/api/notes/me
Request URI:	https://practice.expandtesting.com/notes/api/notes/me
Request URI:	https://practice.expandtesting.com/notes/api/notes/me
Request URI:	https://practice.expandtesting.com/notes/api/notes/me
Request URI:	https://practice.expandtesting.com/notes/api/notes/me
Request URI:	https://practice.expandtesting.com/notes/api/notes/me
Request URI:	https://practice.expandtesting.com/notes/api/notes/me
Request URI:	https://practice.expandtesting.com/notes/api/notes/me
Request URI:	https://practice.expandtesting.com/notes/api/notes/me
Request URI:	https://practice.expandtesting.com/notes/api/notes/me
Request URI:	https://practice.expandtesting.com/notes/api/notes/me
Request URI:	https://practice.expandtesting.com/notes/api/notes/me
Request URI:	https://practice.expandtesting.com/notes/api/users/register
Request URI:	https://practice.expandtesting.com/notes/api/users/register
Request URI:	https://practice.expandtesting.com/notes/api/users/register
Request URI:	https://practice.expandtesting.com/notes/api/users/register
Request URI:	https://practice.expandtesting.com/notes/api/users/register
Request URI:	https://practice.expandtesting.com/notes/api/users/register
Request URI:	https://practice.expandtesting.com/notes/api/users/register
Request URI:	https://practice.expandtesting.com/notes/api/users/register
Request URI:	https://practice.expandtesting.com/notes/api/users/register
Request URI:	https://practice.expandtesting.com/notes/api/users/register
Request URI:	https://practice.expandtesting.com/notes/api/users/register
Request URI:	https://practice.expandtesting.com/notes/api/users/register
Request URI:	https://practice.expandtesting.com/notes/api/users/register
Request URI:	https://practice.expandtesting.com/notes/api/users/register
Request URI:	https://practice.expandtesting.com/notes/api/users/register
Request URI:	https://practice.expandtesting.com/notes/api/users/register
Request URI:	https://practice.expandtesting.com/notes/api/users/register
Request URI:	https://practice.expandtesting.com/notes/api/users/register
Request URI:	https://practice.expandtesting.com/notes/api/users/register
Request URI:	https://practice.expandtesting.com/notes/api/users/register
Request URI:	https://practice.expandtesting.com/notes/api/users/register
Request URI:	https://practice.expandtesting.com/notes/api/users/register
Request URI:	https://practice.expandtesting.com/notes/api/users/register
Request URI:	https://practice.expandtesting.com/notes/api/users/register
Request URI:	https://practice.expandtesting.com/notes/api/users/register
Request URI:	https://practice.expandtesting.com/notes/api/users/register
Request URI:	https://practice.expandtesting.com/notes/api/users/register
Request URI:	https://practice.expandtesting.com/notes/api/users/register
Request URI:	https://practice.expandtesting.com/notes/api/users/register
Request URI:	https://practice.expandtesting.com/notes/api/users/register
Request URI:	https://practice.expandtesting.com/notes/api/users/register
Request URI:	https://practice.expandtesting.com/notes/api/users/register
Request URI:	https://practice.expandtesting.com/notes/api/users/register
Request URI:	https://practice.expandtesting.com/notes/api/users/register
Request URI:	https://practice.expandtesting.com/notes/api/users/register
Request URI:	https://practice.expandtesting.com/notes/api/users/register
Request URI:	https://practice.expandtesting.com/notes/api/users/register
Request URI:	https://practice.expandtesting.com/notes/api/users/register
Request URI:	https://practice.expandtesting.com/notes/api/users/register
Request URI:	https://practice.expandtesting.com/notes/api/users/register
HTTP/1.1 201 Created
access-control-allow-origin: *
access-control-allow-credentials: true
access-control-allow-methods: GET, POST, PUT, DELETE, PATCH
access-control-allow-headers: Origin, X-Requested-With, Authorization, Content-Type, Accept, X-Auth-Token
content-type: application/json; charset=utf-8
content-encoding: gzip
etag: W/"af-RizbY2Gn3Svv7WZ05P6WSNNaz58"
set-cookie: express:sess=eyJmbGFzaCI6e319; path=/; httponly
set-cookie: express:sess.sig=tdt42nQZiQvICqmrvHQ1_16fHk0; path=/; httponly
date: Sat, 19 Jul 2025 13:24:43 GMT
connection: keep-alive
keep-alive: timeout=5
transfer-encoding: chunked

{
    "success": true,
    "status": 201,
    "message": "User account created successfully",
    "data": {
        "id": "687b9c9b9d1b4b028865d80c",
        "name": "devora.gutkowski",
        "email": "mabel.harber@gmail.com"
    }
}
Request URI:	https://practice.expandtesting.com/notes/api/users/login
Request URI:	https://practice.expandtesting.com/notes/api/users/login
Request URI:	https://practice.expandtesting.com/notes/api/users/login
Request URI:	https://practice.expandtesting.com/notes/api/users/login
Request URI:	https://practice.expandtesting.com/notes/api/users/login
Request URI:	https://practice.expandtesting.com/notes/api/users/login
Request URI:	https://practice.expandtesting.com/notes/api/users/login
Request URI:	https://practice.expandtesting.com/notes/api/users/login
Request URI:	https://practice.expandtesting.com/notes/api/users/login
Request URI:	https://practice.expandtesting.com/notes/api/users/login
Request URI:	https://practice.expandtesting.com/notes/api/users/login
Request URI:	https://practice.expandtesting.com/notes/api/users/login
Request URI:	https://practice.expandtesting.com/notes/api/users/login
Request URI:	https://practice.expandtesting.com/notes/api/users/login
Request URI:	https://practice.expandtesting.com/notes/api/users/login
Request URI:	https://practice.expandtesting.com/notes/api/users/login
Request URI:	https://practice.expandtesting.com/notes/api/users/login
Request URI:	https://practice.expandtesting.com/notes/api/users/login
Request URI:	https://practice.expandtesting.com/notes/api/users/login
Request URI:	https://practice.expandtesting.com/notes/api/users/login
Request URI:	https://practice.expandtesting.com/notes/api/users/login
Request URI:	https://practice.expandtesting.com/notes/api/users/login
Request URI:	https://practice.expandtesting.com/notes/api/users/login
Request URI:	https://practice.expandtesting.com/notes/api/users/login
Request URI:	https://practice.expandtesting.com/notes/api/users/login
Request URI:	https://practice.expandtesting.com/notes/api/users/login
Request URI:	https://practice.expandtesting.com/notes/api/users/login
Request URI:	https://practice.expandtesting.com/notes/api/users/login
Request URI:	https://practice.expandtesting.com/notes/api/users/login
Request URI:	https://practice.expandtesting.com/notes/api/users/login
Request URI:	https://practice.expandtesting.com/notes/api/users/login
Request URI:	https://practice.expandtesting.com/notes/api/users/login
Request URI:	https://practice.expandtesting.com/notes/api/users/login
Request URI:	https://practice.expandtesting.com/notes/api/users/login
Request URI:	https://practice.expandtesting.com/notes/api/users/login
Request URI:	https://practice.expandtesting.com/notes/api/users/login
Request URI:	https://practice.expandtesting.com/notes/api/users/login
Request URI:	https://practice.expandtesting.com/notes/api/users/login
Request URI:	https://practice.expandtesting.com/notes/api/users/login
Request URI:	https://practice.expandtesting.com/notes/api/users/login
HTTP/1.1 200 OK
access-control-allow-origin: *
access-control-allow-credentials: true
access-control-allow-methods: GET, POST, PUT, DELETE, PATCH
access-control-allow-headers: Origin, X-Requested-With, Authorization, Content-Type, Accept, X-Auth-Token
content-type: application/json; charset=utf-8
content-encoding: gzip
etag: W/"e9-A2XLBVF7DjU1eeEUPgswxP5OlVk"
set-cookie: express:sess=eyJmbGFzaCI6e319; path=/; httponly
set-cookie: express:sess.sig=tdt42nQZiQvICqmrvHQ1_16fHk0; path=/; httponly
date: Sat, 19 Jul 2025 13:24:43 GMT
connection: keep-alive
keep-alive: timeout=5
transfer-encoding: chunked

{
    "success": true,
    "status": 200,
    "message": "Login successful",
    "data": {
        "id": "687b9c9b9d1b4b028865d80c",
        "name": "devora.gutkowski",
        "email": "mabel.harber@gmail.com",
        "token": "e6c87485392e404aa52e92ac536f0769d2261664d9f7445789d4d2665ced24be"
    }
}
Request URI:	https://practice.expandtesting.com/notes/api/notes
Request URI:	https://practice.expandtesting.com/notes/api/notes
Request URI:	https://practice.expandtesting.com/notes/api/notes
Request URI:	https://practice.expandtesting.com/notes/api/notes
Request URI:	https://practice.expandtesting.com/notes/api/notes
Request URI:	https://practice.expandtesting.com/notes/api/notes
Request URI:	https://practice.expandtesting.com/notes/api/notes
Request URI:	https://practice.expandtesting.com/notes/api/notes
Request URI:	https://practice.expandtesting.com/notes/api/notes
Request URI:	https://practice.expandtesting.com/notes/api/notes
Request URI:	https://practice.expandtesting.com/notes/api/notes
Request URI:	https://practice.expandtesting.com/notes/api/notes
Request URI:	https://practice.expandtesting.com/notes/api/notes
Request URI:	https://practice.expandtesting.com/notes/api/notes
Request URI:	https://practice.expandtesting.com/notes/api/notes
Request URI:	https://practice.expandtesting.com/notes/api/notes
Request URI:	https://practice.expandtesting.com/notes/api/notes
Request URI:	https://practice.expandtesting.com/notes/api/notes
Request URI:	https://practice.expandtesting.com/notes/api/notes
Request URI:	https://practice.expandtesting.com/notes/api/notes
Request URI:	https://practice.expandtesting.com/notes/api/notes
Request URI:	https://practice.expandtesting.com/notes/api/notes
Request URI:	https://practice.expandtesting.com/notes/api/notes
Request URI:	https://practice.expandtesting.com/notes/api/notes
Request URI:	https://practice.expandtesting.com/notes/api/notes
Request URI:	https://practice.expandtesting.com/notes/api/notes
Request URI:	https://practice.expandtesting.com/notes/api/notes
Request URI:	https://practice.expandtesting.com/notes/api/notes
Request URI:	https://practice.expandtesting.com/notes/api/notes
Request URI:	https://practice.expandtesting.com/notes/api/notes
Request URI:	https://practice.expandtesting.com/notes/api/notes
Request URI:	https://practice.expandtesting.com/notes/api/notes
Request URI:	https://practice.expandtesting.com/notes/api/notes
Request URI:	https://practice.expandtesting.com/notes/api/notes
Request URI:	https://practice.expandtesting.com/notes/api/notes
Request URI:	https://practice.expandtesting.com/notes/api/notes
Request URI:	https://practice.expandtesting.com/notes/api/notes
Request URI:	https://practice.expandtesting.com/notes/api/notes
Request URI:	https://practice.expandtesting.com/notes/api/notes
Request URI:	https://practice.expandtesting.com/notes/api/notes
Request method:	POST
Request URI:	https://practice.expandtesting.com/notes/api/notes
Proxy:			<none>
Request params:	<none>
Query params:	<none>
Form params:	<none>
Path params:	<none>
Headers:		X-Auth-Token=e6c87485392e404aa52e92ac536f0769d2261664d9f7445789d4d2665ced24be
				Accept=*/*
				Content-Type=application/json
Cookies:		<none>
Multiparts:		<none>
Body:
{
    "title": "mns5kxr83qf37ekpbyvdjcpgv5dd7sgl11kznz2yaz4xmbzk14af6pa4awt95im77nm97gpjabc818ciltpibbk2nk70632q973yzh3x6sc7l2on6",
    "description": "Описание для проверки",
    "category": "Home"
}
HTTP/1.1 400 Bad Request
access-control-allow-origin: *
access-control-allow-credentials: true
access-control-allow-methods: GET, POST, PUT, DELETE, PATCH
access-control-allow-headers: Origin, X-Requested-With, Authorization, Content-Type, Accept, X-Auth-Token
content-type: application/json; charset=utf-8
content-encoding: gzip
etag: W/"55-m7rTFXimjgWH5Ep/8NBs2z2X024"
set-cookie: express:sess=eyJmbGFzaCI6e319; path=/; httponly
set-cookie: express:sess.sig=tdt42nQZiQvICqmrvHQ1_16fHk0; path=/; httponly
date: Sat, 19 Jul 2025 13:24:44 GMT
connection: keep-alive
keep-alive: timeout=5
transfer-encoding: chunked

{
    "success": false,
    "status": 400,
    "message": "Title must be between 4 and 100 characters"
}
Request URI:	https://practice.expandtesting.com/notes/api/notes/me
Request URI:	https://practice.expandtesting.com/notes/api/notes/me
Request URI:	https://practice.expandtesting.com/notes/api/notes/me
Request URI:	https://practice.expandtesting.com/notes/api/notes/me
Request URI:	https://practice.expandtesting.com/notes/api/notes/me
Request URI:	https://practice.expandtesting.com/notes/api/notes/me
Request URI:	https://practice.expandtesting.com/notes/api/notes/me
Request URI:	https://practice.expandtesting.com/notes/api/notes/me
Request URI:	https://practice.expandtesting.com/notes/api/notes/me
Request URI:	https://practice.expandtesting.com/notes/api/notes/me
Request URI:	https://practice.expandtesting.com/notes/api/notes/me
Request URI:	https://practice.expandtesting.com/notes/api/notes/me
Request URI:	https://practice.expandtesting.com/notes/api/notes/me
Request URI:	https://practice.expandtesting.com/notes/api/notes/me
Request URI:	https://practice.expandtesting.com/notes/api/notes/me
Request URI:	https://practice.expandtesting.com/notes/api/notes/me
Request URI:	https://practice.expandtesting.com/notes/api/notes/me
Request URI:	https://practice.expandtesting.com/notes/api/notes/me
Request URI:	https://practice.expandtesting.com/notes/api/notes/me
Request URI:	https://practice.expandtesting.com/notes/api/notes/me
Request URI:	https://practice.expandtesting.com/notes/api/notes/me
Request URI:	https://practice.expandtesting.com/notes/api/notes/me
Request URI:	https://practice.expandtesting.com/notes/api/notes/me
Request URI:	https://practice.expandtesting.com/notes/api/notes/me
Request URI:	https://practice.expandtesting.com/notes/api/notes/me
Request URI:	https://practice.expandtesting.com/notes/api/notes/me
Request URI:	https://practice.expandtesting.com/notes/api/notes/me
Request URI:	https://practice.expandtesting.com/notes/api/notes/me
Request URI:	https://practice.expandtesting.com/notes/api/notes/me
Request URI:	https://practice.expandtesting.com/notes/api/notes/me
Request URI:	https://practice.expandtesting.com/notes/api/notes/me
Request URI:	https://practice.expandtesting.com/notes/api/notes/me
Request URI:	https://practice.expandtesting.com/notes/api/notes/me
Request URI:	https://practice.expandtesting.com/notes/api/notes/me
Request URI:	https://practice.expandtesting.com/notes/api/notes/me
Request URI:	https://practice.expandtesting.com/notes/api/notes/me
Request URI:	https://practice.expandtesting.com/notes/api/notes/me
Request URI:	https://practice.expandtesting.com/notes/api/notes/me
Request URI:	https://practice.expandtesting.com/notes/api/notes/me
Request URI:	https://practice.expandtesting.com/notes/api/notes/me
Request URI:	https://practice.expandtesting.com/notes/api/users/register
Request URI:	https://practice.expandtesting.com/notes/api/users/register
Request URI:	https://practice.expandtesting.com/notes/api/users/register
Request URI:	https://practice.expandtesting.com/notes/api/users/register
Request URI:	https://practice.expandtesting.com/notes/api/users/register
Request URI:	https://practice.expandtesting.com/notes/api/users/register
Request URI:	https://practice.expandtesting.com/notes/api/users/register
Request URI:	https://practice.expandtesting.com/notes/api/users/register
Request URI:	https://practice.expandtesting.com/notes/api/users/register
Request URI:	https://practice.expandtesting.com/notes/api/users/register
Request URI:	https://practice.expandtesting.com/notes/api/users/register
Request URI:	https://practice.expandtesting.com/notes/api/users/register
Request URI:	https://practice.expandtesting.com/notes/api/users/register
Request URI:	https://practice.expandtesting.com/notes/api/users/register
Request URI:	https://practice.expandtesting.com/notes/api/users/register
Request URI:	https://practice.expandtesting.com/notes/api/users/register
Request URI:	https://practice.expandtesting.com/notes/api/users/register
Request URI:	https://practice.expandtesting.com/notes/api/users/register
Request URI:	https://practice.expandtesting.com/notes/api/users/register
Request URI:	https://practice.expandtesting.com/notes/api/users/register
Request URI:	https://practice.expandtesting.com/notes/api/users/register
Request URI:	https://practice.expandtesting.com/notes/api/users/register
Request URI:	https://practice.expandtesting.com/notes/api/users/register
Request URI:	https://practice.expandtesting.com/notes/api/users/register
Request URI:	https://practice.expandtesting.com/notes/api/users/register
Request URI:	https://practice.expandtesting.com/notes/api/users/register
Request URI:	https://practice.expandtesting.com/notes/api/users/register
Request URI:	https://practice.expandtesting.com/notes/api/users/register
Request URI:	https://practice.expandtesting.com/notes/api/users/register
Request URI:	https://practice.expandtesting.com/notes/api/users/register
Request URI:	https://practice.expandtesting.com/notes/api/users/register
Request URI:	https://practice.expandtesting.com/notes/api/users/register
Request URI:	https://practice.expandtesting.com/notes/api/users/register
Request URI:	https://practice.expandtesting.com/notes/api/users/register
Request URI:	https://practice.expandtesting.com/notes/api/users/register
Request URI:	https://practice.expandtesting.com/notes/api/users/register
Request URI:	https://practice.expandtesting.com/notes/api/users/register
Request URI:	https://practice.expandtesting.com/notes/api/users/register
Request URI:	https://practice.expandtesting.com/notes/api/users/register
Request URI:	https://practice.expandtesting.com/notes/api/users/register
Request URI:	https://practice.expandtesting.com/notes/api/users/register
HTTP/1.1 201 Created
access-control-allow-origin: *
access-control-allow-credentials: true
access-control-allow-methods: GET, POST, PUT, DELETE, PATCH
access-control-allow-headers: Origin, X-Requested-With, Authorization, Content-Type, Accept, X-Auth-Token
content-type: application/json; charset=utf-8
content-encoding: gzip
etag: W/"b0-iudBoKtWq4F/TmmohQTeShKWuRk"
set-cookie: express:sess=eyJmbGFzaCI6e319; path=/; httponly
set-cookie: express:sess.sig=tdt42nQZiQvICqmrvHQ1_16fHk0; path=/; httponly
date: Sat, 19 Jul 2025 13:24:45 GMT
connection: keep-alive
keep-alive: timeout=5
transfer-encoding: chunked

{
    "success": true,
    "status": 201,
    "message": "User account created successfully",
    "data": {
        "id": "687b9c9c9d1b4b028865d815",
        "name": "devora.gutkowski",
        "email": "shawna.paucek@yahoo.com"
    }
}
Request URI:	https://practice.expandtesting.com/notes/api/users/login
Request URI:	https://practice.expandtesting.com/notes/api/users/login
Request URI:	https://practice.expandtesting.com/notes/api/users/login
Request URI:	https://practice.expandtesting.com/notes/api/users/login
Request URI:	https://practice.expandtesting.com/notes/api/users/login
Request URI:	https://practice.expandtesting.com/notes/api/users/login
Request URI:	https://practice.expandtesting.com/notes/api/users/login
Request URI:	https://practice.expandtesting.com/notes/api/users/login
Request URI:	https://practice.expandtesting.com/notes/api/users/login
Request URI:	https://practice.expandtesting.com/notes/api/users/login
Request URI:	https://practice.expandtesting.com/notes/api/users/login
Request URI:	https://practice.expandtesting.com/notes/api/users/login
Request URI:	https://practice.expandtesting.com/notes/api/users/login
Request URI:	https://practice.expandtesting.com/notes/api/users/login
Request URI:	https://practice.expandtesting.com/notes/api/users/login
Request URI:	https://practice.expandtesting.com/notes/api/users/login
Request URI:	https://practice.expandtesting.com/notes/api/users/login
Request URI:	https://practice.expandtesting.com/notes/api/users/login
Request URI:	https://practice.expandtesting.com/notes/api/users/login
Request URI:	https://practice.expandtesting.com/notes/api/users/login
Request URI:	https://practice.expandtesting.com/notes/api/users/login
Request URI:	https://practice.expandtesting.com/notes/api/users/login
Request URI:	https://practice.expandtesting.com/notes/api/users/login
Request URI:	https://practice.expandtesting.com/notes/api/users/login
Request URI:	https://practice.expandtesting.com/notes/api/users/login
Request URI:	https://practice.expandtesting.com/notes/api/users/login
Request URI:	https://practice.expandtesting.com/notes/api/users/login
Request URI:	https://practice.expandtesting.com/notes/api/users/login
Request URI:	https://practice.expandtesting.com/notes/api/users/login
Request URI:	https://practice.expandtesting.com/notes/api/users/login
Request URI:	https://practice.expandtesting.com/notes/api/users/login
Request URI:	https://practice.expandtesting.com/notes/api/users/login
Request URI:	https://practice.expandtesting.com/notes/api/users/login
Request URI:	https://practice.expandtesting.com/notes/api/users/login
Request URI:	https://practice.expandtesting.com/notes/api/users/login
Request URI:	https://practice.expandtesting.com/notes/api/users/login
Request URI:	https://practice.expandtesting.com/notes/api/users/login
Request URI:	https://practice.expandtesting.com/notes/api/users/login
Request URI:	https://practice.expandtesting.com/notes/api/users/login
Request URI:	https://practice.expandtesting.com/notes/api/users/login
Request URI:	https://practice.expandtesting.com/notes/api/users/login
HTTP/1.1 200 OK
access-control-allow-origin: *
access-control-allow-credentials: true
access-control-allow-methods: GET, POST, PUT, DELETE, PATCH
access-control-allow-headers: Origin, X-Requested-With, Authorization, Content-Type, Accept, X-Auth-Token
content-type: application/json; charset=utf-8
content-encoding: gzip
etag: W/"ea-U1/tSLUAZdwxLIvS7oVbqlCWy4s"
set-cookie: express:sess=eyJmbGFzaCI6e319; path=/; httponly
set-cookie: express:sess.sig=tdt42nQZiQvICqmrvHQ1_16fHk0; path=/; httponly
date: Sat, 19 Jul 2025 13:24:45 GMT
connection: keep-alive
keep-alive: timeout=5
transfer-encoding: chunked

{
    "success": true,
    "status": 200,
    "message": "Login successful",
    "data": {
        "id": "687b9c9c9d1b4b028865d815",
        "name": "devora.gutkowski",
        "email": "shawna.paucek@yahoo.com",
        "token": "88f92b7f025748a7a76574d9b1c93fe806360f35c11e419490e71fc648276600"
    }
}
Request URI:	https://practice.expandtesting.com/notes/api/notes
Request URI:	https://practice.expandtesting.com/notes/api/notes
Request URI:	https://practice.expandtesting.com/notes/api/notes
Request URI:	https://practice.expandtesting.com/notes/api/notes
Request URI:	https://practice.expandtesting.com/notes/api/notes
Request URI:	https://practice.expandtesting.com/notes/api/notes
Request URI:	https://practice.expandtesting.com/notes/api/notes
Request URI:	https://practice.expandtesting.com/notes/api/notes
Request URI:	https://practice.expandtesting.com/notes/api/notes
Request URI:	https://practice.expandtesting.com/notes/api/notes
Request URI:	https://practice.expandtesting.com/notes/api/notes
Request URI:	https://practice.expandtesting.com/notes/api/notes
Request URI:	https://practice.expandtesting.com/notes/api/notes
Request URI:	https://practice.expandtesting.com/notes/api/notes
Request URI:	https://practice.expandtesting.com/notes/api/notes
Request URI:	https://practice.expandtesting.com/notes/api/notes
Request URI:	https://practice.expandtesting.com/notes/api/notes
Request URI:	https://practice.expandtesting.com/notes/api/notes
Request URI:	https://practice.expandtesting.com/notes/api/notes
Request URI:	https://practice.expandtesting.com/notes/api/notes
Request URI:	https://practice.expandtesting.com/notes/api/notes
Request URI:	https://practice.expandtesting.com/notes/api/notes
Request URI:	https://practice.expandtesting.com/notes/api/notes
Request URI:	https://practice.expandtesting.com/notes/api/notes
Request URI:	https://practice.expandtesting.com/notes/api/notes
Request URI:	https://practice.expandtesting.com/notes/api/notes
Request URI:	https://practice.expandtesting.com/notes/api/notes
Request URI:	https://practice.expandtesting.com/notes/api/notes
Request URI:	https://practice.expandtesting.com/notes/api/notes
Request URI:	https://practice.expandtesting.com/notes/api/notes
Request URI:	https://practice.expandtesting.com/notes/api/notes
Request URI:	https://practice.expandtesting.com/notes/api/notes
Request URI:	https://practice.expandtesting.com/notes/api/notes
Request URI:	https://practice.expandtesting.com/notes/api/notes
Request URI:	https://practice.expandtesting.com/notes/api/notes
Request URI:	https://practice.expandtesting.com/notes/api/notes
Request URI:	https://practice.expandtesting.com/notes/api/notes
Request URI:	https://practice.expandtesting.com/notes/api/notes
Request URI:	https://practice.expandtesting.com/notes/api/notes
Request URI:	https://practice.expandtesting.com/notes/api/notes
Request URI:	https://practice.expandtesting.com/notes/api/notes
Request method:	POST
Request URI:	https://practice.expandtesting.com/notes/api/notes
Proxy:			<none>
Request params:	<none>
Query params:	<none>
Form params:	<none>
Path params:	<none>
Headers:		X-Auth-Token=88f92b7f025748a7a76574d9b1c93fe806360f35c11e419490e71fc648276600
				Accept=*/*
				Content-Type=application/json
Cookies:		<none>
Multiparts:		<none>
Body:
{
    "title": "",
    "description": "Описание для проверки",
    "category": "Home"
}
HTTP/1.1 400 Bad Request
access-control-allow-origin: *
access-control-allow-credentials: true
access-control-allow-methods: GET, POST, PUT, DELETE, PATCH
access-control-allow-headers: Origin, X-Requested-With, Authorization, Content-Type, Accept, X-Auth-Token
content-type: application/json; charset=utf-8
content-encoding: gzip
etag: W/"55-m7rTFXimjgWH5Ep/8NBs2z2X024"
set-cookie: express:sess=eyJmbGFzaCI6e319; path=/; httponly
set-cookie: express:sess.sig=tdt42nQZiQvICqmrvHQ1_16fHk0; path=/; httponly
date: Sat, 19 Jul 2025 13:24:46 GMT
connection: keep-alive
keep-alive: timeout=5
transfer-encoding: chunked

{
    "success": false,
    "status": 400,
    "message": "Title must be between 4 and 100 characters"
}
Request URI:	https://practice.expandtesting.com/notes/api/notes/me
Request URI:	https://practice.expandtesting.com/notes/api/notes/me
Request URI:	https://practice.expandtesting.com/notes/api/notes/me
Request URI:	https://practice.expandtesting.com/notes/api/notes/me
Request URI:	https://practice.expandtesting.com/notes/api/notes/me
Request URI:	https://practice.expandtesting.com/notes/api/notes/me
Request URI:	https://practice.expandtesting.com/notes/api/notes/me
Request URI:	https://practice.expandtesting.com/notes/api/notes/me
Request URI:	https://practice.expandtesting.com/notes/api/notes/me
Request URI:	https://practice.expandtesting.com/notes/api/notes/me
Request URI:	https://practice.expandtesting.com/notes/api/notes/me
Request URI:	https://practice.expandtesting.com/notes/api/notes/me
Request URI:	https://practice.expandtesting.com/notes/api/notes/me
Request URI:	https://practice.expandtesting.com/notes/api/notes/me
Request URI:	https://practice.expandtesting.com/notes/api/notes/me
Request URI:	https://practice.expandtesting.com/notes/api/notes/me
Request URI:	https://practice.expandtesting.com/notes/api/notes/me
Request URI:	https://practice.expandtesting.com/notes/api/notes/me
Request URI:	https://practice.expandtesting.com/notes/api/notes/me
Request URI:	https://practice.expandtesting.com/notes/api/notes/me
Request URI:	https://practice.expandtesting.com/notes/api/notes/me
Request URI:	https://practice.expandtesting.com/notes/api/notes/me
Request URI:	https://practice.expandtesting.com/notes/api/notes/me
Request URI:	https://practice.expandtesting.com/notes/api/notes/me
Request URI:	https://practice.expandtesting.com/notes/api/notes/me
Request URI:	https://practice.expandtesting.com/notes/api/notes/me
Request URI:	https://practice.expandtesting.com/notes/api/notes/me
Request URI:	https://practice.expandtesting.com/notes/api/notes/me
Request URI:	https://practice.expandtesting.com/notes/api/notes/me
Request URI:	https://practice.expandtesting.com/notes/api/notes/me
Request URI:	https://practice.expandtesting.com/notes/api/notes/me
Request URI:	https://practice.expandtesting.com/notes/api/notes/me
Request URI:	https://practice.expandtesting.com/notes/api/notes/me
Request URI:	https://practice.expandtesting.com/notes/api/notes/me
Request URI:	https://practice.expandtesting.com/notes/api/notes/me
Request URI:	https://practice.expandtesting.com/notes/api/notes/me
Request URI:	https://practice.expandtesting.com/notes/api/notes/me
Request URI:	https://practice.expandtesting.com/notes/api/notes/me
Request URI:	https://practice.expandtesting.com/notes/api/notes/me
Request URI:	https://practice.expandtesting.com/notes/api/notes/me
Request URI:	https://practice.expandtesting.com/notes/api/notes/me
Request URI:	https://practice.expandtesting.com/notes/api/users/register
Request URI:	https://practice.expandtesting.com/notes/api/users/register
Request URI:	https://practice.expandtesting.com/notes/api/users/register
Request URI:	https://practice.expandtesting.com/notes/api/users/register
Request URI:	https://practice.expandtesting.com/notes/api/users/register
Request URI:	https://practice.expandtesting.com/notes/api/users/register
Request URI:	https://practice.expandtesting.com/notes/api/users/register
Request URI:	https://practice.expandtesting.com/notes/api/users/register
Request URI:	https://practice.expandtesting.com/notes/api/users/register
Request URI:	https://practice.expandtesting.com/notes/api/users/register
Request URI:	https://practice.expandtesting.com/notes/api/users/register
Request URI:	https://practice.expandtesting.com/notes/api/users/register
Request URI:	https://practice.expandtesting.com/notes/api/users/register
Request URI:	https://practice.expandtesting.com/notes/api/users/register
Request URI:	https://practice.expandtesting.com/notes/api/users/register
Request URI:	https://practice.expandtesting.com/notes/api/users/register
Request URI:	https://practice.expandtesting.com/notes/api/users/register
Request URI:	https://practice.expandtesting.com/notes/api/users/register
Request URI:	https://practice.expandtesting.com/notes/api/users/register
Request URI:	https://practice.expandtesting.com/notes/api/users/register
Request URI:	https://practice.expandtesting.com/notes/api/users/register
Request URI:	https://practice.expandtesting.com/notes/api/users/register
Request URI:	https://practice.expandtesting.com/notes/api/users/register
Request URI:	https://practice.expandtesting.com/notes/api/users/register
Request URI:	https://practice.expandtesting.com/notes/api/users/register
Request URI:	https://practice.expandtesting.com/notes/api/users/register
Request URI:	https://practice.expandtesting.com/notes/api/users/register
Request URI:	https://practice.expandtesting.com/notes/api/users/register
Request URI:	https://practice.expandtesting.com/notes/api/users/register
Request URI:	https://practice.expandtesting.com/notes/api/users/register
Request URI:	https://practice.expandtesting.com/notes/api/users/register
Request URI:	https://practice.expandtesting.com/notes/api/users/register
Request URI:	https://practice.expandtesting.com/notes/api/users/register
Request URI:	https://practice.expandtesting.com/notes/api/users/register
Request URI:	https://practice.expandtesting.com/notes/api/users/register
Request URI:	https://practice.expandtesting.com/notes/api/users/register
Request URI:	https://practice.expandtesting.com/notes/api/users/register
Request URI:	https://practice.expandtesting.com/notes/api/users/register
Request URI:	https://practice.expandtesting.com/notes/api/users/register
Request URI:	https://practice.expandtesting.com/notes/api/users/register
Request URI:	https://practice.expandtesting.com/notes/api/users/register
Request URI:	https://practice.expandtesting.com/notes/api/users/register
HTTP/1.1 201 Created
access-control-allow-origin: *
access-control-allow-credentials: true
access-control-allow-methods: GET, POST, PUT, DELETE, PATCH
access-control-allow-headers: Origin, X-Requested-With, Authorization, Content-Type, Accept, X-Auth-Token
content-type: application/json; charset=utf-8
content-encoding: gzip
etag: W/"ae-9KKGHraXp+w3Rl8hNx1rXb5GcdQ"
set-cookie: express:sess=eyJmbGFzaCI6e319; path=/; httponly
set-cookie: express:sess.sig=tdt42nQZiQvICqmrvHQ1_16fHk0; path=/; httponly
date: Sat, 19 Jul 2025 13:24:46 GMT
connection: keep-alive
keep-alive: timeout=5
transfer-encoding: chunked

{
    "success": true,
    "status": 201,
    "message": "User account created successfully",
    "data": {
        "id": "687b9c9e9d1b4b028865d81e",
        "name": "devora.gutkowski",
        "email": "ali.dibbert@gmail.com"
    }
}
Request URI:	https://practice.expandtesting.com/notes/api/users/login
Request URI:	https://practice.expandtesting.com/notes/api/users/login
Request URI:	https://practice.expandtesting.com/notes/api/users/login
Request URI:	https://practice.expandtesting.com/notes/api/users/login
Request URI:	https://practice.expandtesting.com/notes/api/users/login
Request URI:	https://practice.expandtesting.com/notes/api/users/login
Request URI:	https://practice.expandtesting.com/notes/api/users/login
Request URI:	https://practice.expandtesting.com/notes/api/users/login
Request URI:	https://practice.expandtesting.com/notes/api/users/login
Request URI:	https://practice.expandtesting.com/notes/api/users/login
Request URI:	https://practice.expandtesting.com/notes/api/users/login
Request URI:	https://practice.expandtesting.com/notes/api/users/login
Request URI:	https://practice.expandtesting.com/notes/api/users/login
Request URI:	https://practice.expandtesting.com/notes/api/users/login
Request URI:	https://practice.expandtesting.com/notes/api/users/login
Request URI:	https://practice.expandtesting.com/notes/api/users/login
Request URI:	https://practice.expandtesting.com/notes/api/users/login
Request URI:	https://practice.expandtesting.com/notes/api/users/login
Request URI:	https://practice.expandtesting.com/notes/api/users/login
Request URI:	https://practice.expandtesting.com/notes/api/users/login
Request URI:	https://practice.expandtesting.com/notes/api/users/login
Request URI:	https://practice.expandtesting.com/notes/api/users/login
Request URI:	https://practice.expandtesting.com/notes/api/users/login
Request URI:	https://practice.expandtesting.com/notes/api/users/login
Request URI:	https://practice.expandtesting.com/notes/api/users/login
Request URI:	https://practice.expandtesting.com/notes/api/users/login
Request URI:	https://practice.expandtesting.com/notes/api/users/login
Request URI:	https://practice.expandtesting.com/notes/api/users/login
Request URI:	https://practice.expandtesting.com/notes/api/users/login
Request URI:	https://practice.expandtesting.com/notes/api/users/login
Request URI:	https://practice.expandtesting.com/notes/api/users/login
Request URI:	https://practice.expandtesting.com/notes/api/users/login
Request URI:	https://practice.expandtesting.com/notes/api/users/login
Request URI:	https://practice.expandtesting.com/notes/api/users/login
Request URI:	https://practice.expandtesting.com/notes/api/users/login
Request URI:	https://practice.expandtesting.com/notes/api/users/login
Request URI:	https://practice.expandtesting.com/notes/api/users/login
Request URI:	https://practice.expandtesting.com/notes/api/users/login
Request URI:	https://practice.expandtesting.com/notes/api/users/login
Request URI:	https://practice.expandtesting.com/notes/api/users/login
Request URI:	https://practice.expandtesting.com/notes/api/users/login
Request URI:	https://practice.expandtesting.com/notes/api/users/login
HTTP/1.1 200 OK
access-control-allow-origin: *
access-control-allow-credentials: true
access-control-allow-methods: GET, POST, PUT, DELETE, PATCH
access-control-allow-headers: Origin, X-Requested-With, Authorization, Content-Type, Accept, X-Auth-Token
content-type: application/json; charset=utf-8
content-encoding: gzip
etag: W/"e8-dH451J5Q76kLnN5rYLEwqus6WP8"
set-cookie: express:sess=eyJmbGFzaCI6e319; path=/; httponly
set-cookie: express:sess.sig=tdt42nQZiQvICqmrvHQ1_16fHk0; path=/; httponly
date: Sat, 19 Jul 2025 13:24:47 GMT
connection: keep-alive
keep-alive: timeout=5
transfer-encoding: chunked

{
    "success": true,
    "status": 200,
    "message": "Login successful",
    "data": {
        "id": "687b9c9e9d1b4b028865d81e",
        "name": "devora.gutkowski",
        "email": "ali.dibbert@gmail.com",
        "token": "c816b7f00fc449fbb08e587cb3fedd11f239d6c2e78749cd91f20afd7aab8011"
    }
}
Request URI:	https://practice.expandtesting.com/notes/api/notes
Request URI:	https://practice.expandtesting.com/notes/api/notes
Request URI:	https://practice.expandtesting.com/notes/api/notes
Request URI:	https://practice.expandtesting.com/notes/api/notes
Request URI:	https://practice.expandtesting.com/notes/api/notes
Request URI:	https://practice.expandtesting.com/notes/api/notes
Request URI:	https://practice.expandtesting.com/notes/api/notes
Request URI:	https://practice.expandtesting.com/notes/api/notes
Request URI:	https://practice.expandtesting.com/notes/api/notes
Request URI:	https://practice.expandtesting.com/notes/api/notes
Request URI:	https://practice.expandtesting.com/notes/api/notes
Request URI:	https://practice.expandtesting.com/notes/api/notes
Request URI:	https://practice.expandtesting.com/notes/api/notes
Request URI:	https://practice.expandtesting.com/notes/api/notes
Request URI:	https://practice.expandtesting.com/notes/api/notes
Request URI:	https://practice.expandtesting.com/notes/api/notes
Request URI:	https://practice.expandtesting.com/notes/api/notes
Request URI:	https://practice.expandtesting.com/notes/api/notes
Request URI:	https://practice.expandtesting.com/notes/api/notes
Request URI:	https://practice.expandtesting.com/notes/api/notes
Request URI:	https://practice.expandtesting.com/notes/api/notes
Request URI:	https://practice.expandtesting.com/notes/api/notes
Request URI:	https://practice.expandtesting.com/notes/api/notes
Request URI:	https://practice.expandtesting.com/notes/api/notes
Request URI:	https://practice.expandtesting.com/notes/api/notes
Request URI:	https://practice.expandtesting.com/notes/api/notes
Request URI:	https://practice.expandtesting.com/notes/api/notes
Request URI:	https://practice.expandtesting.com/notes/api/notes
Request URI:	https://practice.expandtesting.com/notes/api/notes
Request URI:	https://practice.expandtesting.com/notes/api/notes
Request URI:	https://practice.expandtesting.com/notes/api/notes
Request URI:	https://practice.expandtesting.com/notes/api/notes
Request URI:	https://practice.expandtesting.com/notes/api/notes
Request URI:	https://practice.expandtesting.com/notes/api/notes
Request URI:	https://practice.expandtesting.com/notes/api/notes
Request URI:	https://practice.expandtesting.com/notes/api/notes
Request URI:	https://practice.expandtesting.com/notes/api/notes
Request URI:	https://practice.expandtesting.com/notes/api/notes
Request URI:	https://practice.expandtesting.com/notes/api/notes
Request URI:	https://practice.expandtesting.com/notes/api/notes
Request URI:	https://practice.expandtesting.com/notes/api/notes
Request URI:	https://practice.expandtesting.com/notes/api/notes
Request method:	POST
Request URI:	https://practice.expandtesting.com/notes/api/notes
Proxy:			<none>
Request params:	<none>
Query params:	<none>
Form params:	title=csxxvuwc9qxfclxrbfgdt
				description=Qui distinctio placeat esse.
				category=Personal
Path params:	<none>
Headers:		X-Auth-Token=c816b7f00fc449fbb08e587cb3fedd11f239d6c2e78749cd91f20afd7aab8011
				Accept=application/json, application/javascript, text/javascript, text/json
				Content-Type=application/x-www-form-urlencoded; charset=UTF-8
Cookies:		<none>
Multiparts:		<none>
Body:			<none>
HTTP/1.1 200 OK
access-control-allow-origin: *
access-control-allow-credentials: true
access-control-allow-methods: GET, POST, PUT, DELETE, PATCH
access-control-allow-headers: Origin, X-Requested-With, Authorization, Content-Type, Accept, X-Auth-Token
content-type: application/json; charset=utf-8
content-encoding: gzip
etag: W/"156-holydooW/qt3+MKpu3+e0bbPdB4"
set-cookie: express:sess=eyJmbGFzaCI6e319; path=/; httponly
set-cookie: express:sess.sig=tdt42nQZiQvICqmrvHQ1_16fHk0; path=/; httponly
date: Sat, 19 Jul 2025 13:24:47 GMT
connection: keep-alive
keep-alive: timeout=5
transfer-encoding: chunked

{
    "success": true,
    "status": 200,
    "message": "Note successfully created",
    "data": {
        "id": "687b9c9f9d1b4b028865d826",
        "title": "csxxvuwc9qxfclxrbfgdt",
        "description": "Qui distinctio placeat esse.",
        "category": "Personal",
        "completed": false,
        "created_at": "2025-07-19T13:24:47.900Z",
        "updated_at": "2025-07-19T13:24:47.900Z",
        "user_id": "687b9c9e9d1b4b028865d81e"
    }
}
Request URI:	https://practice.expandtesting.com/notes/api/notes/me
Request URI:	https://practice.expandtesting.com/notes/api/notes/me
Request URI:	https://practice.expandtesting.com/notes/api/notes/me
Request URI:	https://practice.expandtesting.com/notes/api/notes/me
Request URI:	https://practice.expandtesting.com/notes/api/notes/me
Request URI:	https://practice.expandtesting.com/notes/api/notes/me
Request URI:	https://practice.expandtesting.com/notes/api/notes/me
Request URI:	https://practice.expandtesting.com/notes/api/notes/me
Request URI:	https://practice.expandtesting.com/notes/api/notes/me
Request URI:	https://practice.expandtesting.com/notes/api/notes/me
Request URI:	https://practice.expandtesting.com/notes/api/notes/me
Request URI:	https://practice.expandtesting.com/notes/api/notes/me
Request URI:	https://practice.expandtesting.com/notes/api/notes/me
Request URI:	https://practice.expandtesting.com/notes/api/notes/me
Request URI:	https://practice.expandtesting.com/notes/api/notes/me
Request URI:	https://practice.expandtesting.com/notes/api/notes/me
Request URI:	https://practice.expandtesting.com/notes/api/notes/me
Request URI:	https://practice.expandtesting.com/notes/api/notes/me
Request URI:	https://practice.expandtesting.com/notes/api/notes/me
Request URI:	https://practice.expandtesting.com/notes/api/notes/me
Request URI:	https://practice.expandtesting.com/notes/api/notes/me
Request URI:	https://practice.expandtesting.com/notes/api/notes/me
Request URI:	https://practice.expandtesting.com/notes/api/notes/me
Request URI:	https://practice.expandtesting.com/notes/api/notes/me
Request URI:	https://practice.expandtesting.com/notes/api/notes/me
Request URI:	https://practice.expandtesting.com/notes/api/notes/me
Request URI:	https://practice.expandtesting.com/notes/api/notes/me
Request URI:	https://practice.expandtesting.com/notes/api/notes/me
Request URI:	https://practice.expandtesting.com/notes/api/notes/me
Request URI:	https://practice.expandtesting.com/notes/api/notes/me
Request URI:	https://practice.expandtesting.com/notes/api/notes/me
Request URI:	https://practice.expandtesting.com/notes/api/notes/me
Request URI:	https://practice.expandtesting.com/notes/api/notes/me
Request URI:	https://practice.expandtesting.com/notes/api/notes/me
Request URI:	https://practice.expandtesting.com/notes/api/notes/me
Request URI:	https://practice.expandtesting.com/notes/api/notes/me
Request URI:	https://practice.expandtesting.com/notes/api/notes/me
Request URI:	https://practice.expandtesting.com/notes/api/notes/me
Request URI:	https://practice.expandtesting.com/notes/api/notes/me
Request URI:	https://practice.expandtesting.com/notes/api/notes/me
Request URI:	https://practice.expandtesting.com/notes/api/notes/me
Request URI:	https://practice.expandtesting.com/notes/api/notes/me
Request URI:	https://practice.expandtesting.com/notes/api/users/register
Request URI:	https://practice.expandtesting.com/notes/api/users/register
Request URI:	https://practice.expandtesting.com/notes/api/users/register
Request URI:	https://practice.expandtesting.com/notes/api/users/register
Request URI:	https://practice.expandtesting.com/notes/api/users/register
Request URI:	https://practice.expandtesting.com/notes/api/users/register
Request URI:	https://practice.expandtesting.com/notes/api/users/register
Request URI:	https://practice.expandtesting.com/notes/api/users/register
Request URI:	https://practice.expandtesting.com/notes/api/users/register
Request URI:	https://practice.expandtesting.com/notes/api/users/register
Request URI:	https://practice.expandtesting.com/notes/api/users/register
Request URI:	https://practice.expandtesting.com/notes/api/users/register
Request URI:	https://practice.expandtesting.com/notes/api/users/register
Request URI:	https://practice.expandtesting.com/notes/api/users/register
Request URI:	https://practice.expandtesting.com/notes/api/users/register
Request URI:	https://practice.expandtesting.com/notes/api/users/register
Request URI:	https://practice.expandtesting.com/notes/api/users/register
Request URI:	https://practice.expandtesting.com/notes/api/users/register
Request URI:	https://practice.expandtesting.com/notes/api/users/register
Request URI:	https://practice.expandtesting.com/notes/api/users/register
Request URI:	https://practice.expandtesting.com/notes/api/users/register
Request URI:	https://practice.expandtesting.com/notes/api/users/register
Request URI:	https://practice.expandtesting.com/notes/api/users/register
Request URI:	https://practice.expandtesting.com/notes/api/users/register
Request URI:	https://practice.expandtesting.com/notes/api/users/register
Request URI:	https://practice.expandtesting.com/notes/api/users/register
Request URI:	https://practice.expandtesting.com/notes/api/users/register
Request URI:	https://practice.expandtesting.com/notes/api/users/register
Request URI:	https://practice.expandtesting.com/notes/api/users/register
Request URI:	https://practice.expandtesting.com/notes/api/users/register
Request URI:	https://practice.expandtesting.com/notes/api/users/register
Request URI:	https://practice.expandtesting.com/notes/api/users/register
Request URI:	https://practice.expandtesting.com/notes/api/users/register
Request URI:	https://practice.expandtesting.com/notes/api/users/register
Request URI:	https://practice.expandtesting.com/notes/api/users/register
Request URI:	https://practice.expandtesting.com/notes/api/users/register
Request URI:	https://practice.expandtesting.com/notes/api/users/register
Request URI:	https://practice.expandtesting.com/notes/api/users/register
Request URI:	https://practice.expandtesting.com/notes/api/users/register
Request URI:	https://practice.expandtesting.com/notes/api/users/register
Request URI:	https://practice.expandtesting.com/notes/api/users/register
Request URI:	https://practice.expandtesting.com/notes/api/users/register
Request URI:	https://practice.expandtesting.com/notes/api/users/register
HTTP/1.1 201 Created
access-control-allow-origin: *
access-control-allow-credentials: true
access-control-allow-methods: GET, POST, PUT, DELETE, PATCH
access-control-allow-headers: Origin, X-Requested-With, Authorization, Content-Type, Accept, X-Auth-Token
content-type: application/json; charset=utf-8
content-encoding: gzip
etag: W/"af-5BrbCqaqidkSNBCexHJFhg2IEBM"
set-cookie: express:sess=eyJmbGFzaCI6e319; path=/; httponly
set-cookie: express:sess.sig=tdt42nQZiQvICqmrvHQ1_16fHk0; path=/; httponly
date: Sat, 19 Jul 2025 13:24:48 GMT
connection: keep-alive
keep-alive: timeout=5
transfer-encoding: chunked

{
    "success": true,
    "status": 201,
    "message": "User account created successfully",
    "data": {
        "id": "687b9ca09d1b4b028865d82a",
        "name": "devora.gutkowski",
        "email": "jann.mueller@gmail.com"
    }
}
Request URI:	https://practice.expandtesting.com/notes/api/users/login
Request URI:	https://practice.expandtesting.com/notes/api/users/login
Request URI:	https://practice.expandtesting.com/notes/api/users/login
Request URI:	https://practice.expandtesting.com/notes/api/users/login
Request URI:	https://practice.expandtesting.com/notes/api/users/login
Request URI:	https://practice.expandtesting.com/notes/api/users/login
Request URI:	https://practice.expandtesting.com/notes/api/users/login
Request URI:	https://practice.expandtesting.com/notes/api/users/login
Request URI:	https://practice.expandtesting.com/notes/api/users/login
Request URI:	https://practice.expandtesting.com/notes/api/users/login
Request URI:	https://practice.expandtesting.com/notes/api/users/login
Request URI:	https://practice.expandtesting.com/notes/api/users/login
Request URI:	https://practice.expandtesting.com/notes/api/users/login
Request URI:	https://practice.expandtesting.com/notes/api/users/login
Request URI:	https://practice.expandtesting.com/notes/api/users/login
Request URI:	https://practice.expandtesting.com/notes/api/users/login
Request URI:	https://practice.expandtesting.com/notes/api/users/login
Request URI:	https://practice.expandtesting.com/notes/api/users/login
Request URI:	https://practice.expandtesting.com/notes/api/users/login
Request URI:	https://practice.expandtesting.com/notes/api/users/login
Request URI:	https://practice.expandtesting.com/notes/api/users/login
Request URI:	https://practice.expandtesting.com/notes/api/users/login
Request URI:	https://practice.expandtesting.com/notes/api/users/login
Request URI:	https://practice.expandtesting.com/notes/api/users/login
Request URI:	https://practice.expandtesting.com/notes/api/users/login
Request URI:	https://practice.expandtesting.com/notes/api/users/login
Request URI:	https://practice.expandtesting.com/notes/api/users/login
Request URI:	https://practice.expandtesting.com/notes/api/users/login
Request URI:	https://practice.expandtesting.com/notes/api/users/login
Request URI:	https://practice.expandtesting.com/notes/api/users/login
Request URI:	https://practice.expandtesting.com/notes/api/users/login
Request URI:	https://practice.expandtesting.com/notes/api/users/login
Request URI:	https://practice.expandtesting.com/notes/api/users/login
Request URI:	https://practice.expandtesting.com/notes/api/users/login
Request URI:	https://practice.expandtesting.com/notes/api/users/login
Request URI:	https://practice.expandtesting.com/notes/api/users/login
Request URI:	https://practice.expandtesting.com/notes/api/users/login
Request URI:	https://practice.expandtesting.com/notes/api/users/login
Request URI:	https://practice.expandtesting.com/notes/api/users/login
Request URI:	https://practice.expandtesting.com/notes/api/users/login
Request URI:	https://practice.expandtesting.com/notes/api/users/login
Request URI:	https://practice.expandtesting.com/notes/api/users/login
Request URI:	https://practice.expandtesting.com/notes/api/users/login
HTTP/1.1 200 OK
access-control-allow-origin: *
access-control-allow-credentials: true
access-control-allow-methods: GET, POST, PUT, DELETE, PATCH
access-control-allow-headers: Origin, X-Requested-With, Authorization, Content-Type, Accept, X-Auth-Token
content-type: application/json; charset=utf-8
content-encoding: gzip
etag: W/"e9-5JoHBXzdb85QVDy8H4ZkrlOuizA"
set-cookie: express:sess=eyJmbGFzaCI6e319; path=/; httponly
set-cookie: express:sess.sig=tdt42nQZiQvICqmrvHQ1_16fHk0; path=/; httponly
date: Sat, 19 Jul 2025 13:24:49 GMT
connection: keep-alive
keep-alive: timeout=5
transfer-encoding: chunked

{
    "success": true,
    "status": 200,
    "message": "Login successful",
    "data": {
        "id": "687b9ca09d1b4b028865d82a",
        "name": "devora.gutkowski",
        "email": "jann.mueller@gmail.com",
        "token": "a4b8ddd6f38e40d0bbd7f0a68664f67a147229819f43451cb8e2906be45098e5"
    }
}
Request URI:	https://practice.expandtesting.com/notes/api/notes
Request URI:	https://practice.expandtesting.com/notes/api/notes
Request URI:	https://practice.expandtesting.com/notes/api/notes
Request URI:	https://practice.expandtesting.com/notes/api/notes
Request URI:	https://practice.expandtesting.com/notes/api/notes
Request URI:	https://practice.expandtesting.com/notes/api/notes
Request URI:	https://practice.expandtesting.com/notes/api/notes
Request URI:	https://practice.expandtesting.com/notes/api/notes
Request URI:	https://practice.expandtesting.com/notes/api/notes
Request URI:	https://practice.expandtesting.com/notes/api/notes
Request URI:	https://practice.expandtesting.com/notes/api/notes
Request URI:	https://practice.expandtesting.com/notes/api/notes
Request URI:	https://practice.expandtesting.com/notes/api/notes
Request URI:	https://practice.expandtesting.com/notes/api/notes
Request URI:	https://practice.expandtesting.com/notes/api/notes
Request URI:	https://practice.expandtesting.com/notes/api/notes
Request URI:	https://practice.expandtesting.com/notes/api/notes
Request URI:	https://practice.expandtesting.com/notes/api/notes
Request URI:	https://practice.expandtesting.com/notes/api/notes
Request URI:	https://practice.expandtesting.com/notes/api/notes
Request URI:	https://practice.expandtesting.com/notes/api/notes
Request URI:	https://practice.expandtesting.com/notes/api/notes
Request URI:	https://practice.expandtesting.com/notes/api/notes
Request URI:	https://practice.expandtesting.com/notes/api/notes
Request URI:	https://practice.expandtesting.com/notes/api/notes
Request URI:	https://practice.expandtesting.com/notes/api/notes
Request URI:	https://practice.expandtesting.com/notes/api/notes
Request URI:	https://practice.expandtesting.com/notes/api/notes
Request URI:	https://practice.expandtesting.com/notes/api/notes
Request URI:	https://practice.expandtesting.com/notes/api/notes
Request URI:	https://practice.expandtesting.com/notes/api/notes
Request URI:	https://practice.expandtesting.com/notes/api/notes
Request URI:	https://practice.expandtesting.com/notes/api/notes
Request URI:	https://practice.expandtesting.com/notes/api/notes
Request URI:	https://practice.expandtesting.com/notes/api/notes
Request URI:	https://practice.expandtesting.com/notes/api/notes
Request URI:	https://practice.expandtesting.com/notes/api/notes
Request URI:	https://practice.expandtesting.com/notes/api/notes
Request URI:	https://practice.expandtesting.com/notes/api/notes
Request URI:	https://practice.expandtesting.com/notes/api/notes
Request URI:	https://practice.expandtesting.com/notes/api/notes
Request URI:	https://practice.expandtesting.com/notes/api/notes
Request URI:	https://practice.expandtesting.com/notes/api/notes
Request method:	POST
Request URI:	https://practice.expandtesting.com/notes/api/notes
Proxy:			<none>
Request params:	<none>
Query params:	<none>
Form params:	title=s63mknqgk7ovuyamgyprfcphdwdx3yotsrltqwbd
				description=Et maxime quisquam necessitatibus aspernatur voluptatem animi voluptates.
				category=Home
Path params:	<none>
Headers:		X-Auth-Token=a4b8ddd6f38e40d0bbd7f0a68664f67a147229819f43451cb8e2906be45098e5
				Accept=application/json, application/javascript, text/javascript, text/json
				Content-Type=application/x-www-form-urlencoded; charset=UTF-8
Cookies:		<none>
Multiparts:		<none>
Body:			<none>
HTTP/1.1 200 OK
access-control-allow-origin: *
access-control-allow-credentials: true
access-control-allow-methods: GET, POST, PUT, DELETE, PATCH
access-control-allow-headers: Origin, X-Requested-With, Authorization, Content-Type, Accept, X-Auth-Token
content-type: application/json; charset=utf-8
content-encoding: gzip
etag: W/"192-cTfWUYNlbzaUhchY224syKEjQwA"
set-cookie: express:sess=eyJmbGFzaCI6e319; path=/; httponly
set-cookie: express:sess.sig=tdt42nQZiQvICqmrvHQ1_16fHk0; path=/; httponly
date: Sat, 19 Jul 2025 13:24:49 GMT
connection: keep-alive
keep-alive: timeout=5
transfer-encoding: chunked

{
    "success": true,
    "status": 200,
    "message": "Note successfully created",
    "data": {
        "id": "687b9ca19d1b4b028865d832",
        "title": "s63mknqgk7ovuyamgyprfcphdwdx3yotsrltqwbd",
        "description": "Et maxime quisquam necessitatibus aspernatur voluptatem animi voluptates.",
        "category": "Home",
        "completed": false,
        "created_at": "2025-07-19T13:24:49.575Z",
        "updated_at": "2025-07-19T13:24:49.575Z",
        "user_id": "687b9ca09d1b4b028865d82a"
    }
}
Request URI:	https://practice.expandtesting.com/notes/api/notes/687b9ca19d1b4b028865d832
Request URI:	https://practice.expandtesting.com/notes/api/notes/687b9ca19d1b4b028865d832
Request URI:	https://practice.expandtesting.com/notes/api/notes/687b9ca19d1b4b028865d832
Request URI:	https://practice.expandtesting.com/notes/api/notes/687b9ca19d1b4b028865d832
Request URI:	https://practice.expandtesting.com/notes/api/notes/687b9ca19d1b4b028865d832
Request URI:	https://practice.expandtesting.com/notes/api/notes/687b9ca19d1b4b028865d832
Request URI:	https://practice.expandtesting.com/notes/api/notes/687b9ca19d1b4b028865d832
Request URI:	https://practice.expandtesting.com/notes/api/notes/687b9ca19d1b4b028865d832
Request URI:	https://practice.expandtesting.com/notes/api/notes/687b9ca19d1b4b028865d832
Request URI:	https://practice.expandtesting.com/notes/api/notes/687b9ca19d1b4b028865d832
Request URI:	https://practice.expandtesting.com/notes/api/notes/687b9ca19d1b4b028865d832
Request URI:	https://practice.expandtesting.com/notes/api/notes/687b9ca19d1b4b028865d832
Request URI:	https://practice.expandtesting.com/notes/api/notes/687b9ca19d1b4b028865d832
Request URI:	https://practice.expandtesting.com/notes/api/notes/687b9ca19d1b4b028865d832
Request URI:	https://practice.expandtesting.com/notes/api/notes/687b9ca19d1b4b028865d832
Request URI:	https://practice.expandtesting.com/notes/api/notes/687b9ca19d1b4b028865d832
Request URI:	https://practice.expandtesting.com/notes/api/notes/687b9ca19d1b4b028865d832
Request URI:	https://practice.expandtesting.com/notes/api/notes/687b9ca19d1b4b028865d832
Request URI:	https://practice.expandtesting.com/notes/api/notes/687b9ca19d1b4b028865d832
Request URI:	https://practice.expandtesting.com/notes/api/notes/687b9ca19d1b4b028865d832
Request URI:	https://practice.expandtesting.com/notes/api/notes/687b9ca19d1b4b028865d832
Request URI:	https://practice.expandtesting.com/notes/api/notes/687b9ca19d1b4b028865d832
Request URI:	https://practice.expandtesting.com/notes/api/notes/687b9ca19d1b4b028865d832
Request URI:	https://practice.expandtesting.com/notes/api/notes/687b9ca19d1b4b028865d832
Request URI:	https://practice.expandtesting.com/notes/api/notes/687b9ca19d1b4b028865d832
Request URI:	https://practice.expandtesting.com/notes/api/notes/687b9ca19d1b4b028865d832
Request URI:	https://practice.expandtesting.com/notes/api/notes/687b9ca19d1b4b028865d832
Request URI:	https://practice.expandtesting.com/notes/api/notes/687b9ca19d1b4b028865d832
Request URI:	https://practice.expandtesting.com/notes/api/notes/687b9ca19d1b4b028865d832
Request URI:	https://practice.expandtesting.com/notes/api/notes/687b9ca19d1b4b028865d832
Request URI:	https://practice.expandtesting.com/notes/api/notes/687b9ca19d1b4b028865d832
Request URI:	https://practice.expandtesting.com/notes/api/notes/687b9ca19d1b4b028865d832
Request URI:	https://practice.expandtesting.com/notes/api/notes/687b9ca19d1b4b028865d832
Request URI:	https://practice.expandtesting.com/notes/api/notes/687b9ca19d1b4b028865d832
Request URI:	https://practice.expandtesting.com/notes/api/notes/687b9ca19d1b4b028865d832
Request URI:	https://practice.expandtesting.com/notes/api/notes/687b9ca19d1b4b028865d832
Request URI:	https://practice.expandtesting.com/notes/api/notes/687b9ca19d1b4b028865d832
Request URI:	https://practice.expandtesting.com/notes/api/notes/687b9ca19d1b4b028865d832
Request URI:	https://practice.expandtesting.com/notes/api/notes/687b9ca19d1b4b028865d832
Request URI:	https://practice.expandtesting.com/notes/api/notes/687b9ca19d1b4b028865d832
Request URI:	https://practice.expandtesting.com/notes/api/notes/687b9ca19d1b4b028865d832
Request URI:	https://practice.expandtesting.com/notes/api/notes/687b9ca19d1b4b028865d832
Request URI:	https://practice.expandtesting.com/notes/api/notes/687b9ca19d1b4b028865d832
Request method:	PUT
Request URI:	https://practice.expandtesting.com/notes/api/notes/687b9ca19d1b4b028865d832
Proxy:			<none>
Request params:	<none>
Query params:	<none>
Form params:	<none>
Path params:	id=687b9ca19d1b4b028865d832
Headers:		X-Auth-Token=a4b8ddd6f38e40d0bbd7f0a68664f67a147229819f43451cb8e2906be45098e5
				Accept=*/*
				Content-Type=application/json
Cookies:		<none>
Multiparts:		<none>
Body:
{
    "category": "Home",
    "title": "s63mknqgk7ovuyamgyprfcphdwdx3yotsrltqwbd",
    "completed": false,
    "description": "Et maxime quisquam necessitatibus aspernatur voluptatem animi voluptates."
}
HTTP/1.1 200 OK
access-control-allow-origin: *
access-control-allow-credentials: true
access-control-allow-methods: GET, POST, PUT, DELETE, PATCH
access-control-allow-headers: Origin, X-Requested-With, Authorization, Content-Type, Accept, X-Auth-Token
content-type: application/json; charset=utf-8
content-encoding: gzip
etag: W/"192-A5oNnDGVleFNCEF9VYhOKQDCfX0"
set-cookie: express:sess=eyJmbGFzaCI6e319; path=/; httponly
set-cookie: express:sess.sig=tdt42nQZiQvICqmrvHQ1_16fHk0; path=/; httponly
date: Sat, 19 Jul 2025 13:24:50 GMT
connection: keep-alive
keep-alive: timeout=5
transfer-encoding: chunked

{
    "success": true,
    "status": 200,
    "message": "Note successfully Updated",
    "data": {
        "id": "687b9ca19d1b4b028865d832",
        "title": "s63mknqgk7ovuyamgyprfcphdwdx3yotsrltqwbd",
        "description": "Et maxime quisquam necessitatibus aspernatur voluptatem animi voluptates.",
        "category": "Home",
        "completed": false,
        "created_at": "2025-07-19T13:24:49.575Z",
        "updated_at": "2025-07-19T13:24:49.575Z",
        "user_id": "687b9ca09d1b4b028865d82a"
    }
}
Request URI:	https://practice.expandtesting.com/notes/api/notes/me
Request URI:	https://practice.expandtesting.com/notes/api/notes/me
Request URI:	https://practice.expandtesting.com/notes/api/notes/me
Request URI:	https://practice.expandtesting.com/notes/api/notes/me
Request URI:	https://practice.expandtesting.com/notes/api/notes/me
Request URI:	https://practice.expandtesting.com/notes/api/notes/me
Request URI:	https://practice.expandtesting.com/notes/api/notes/me
Request URI:	https://practice.expandtesting.com/notes/api/notes/me
Request URI:	https://practice.expandtesting.com/notes/api/notes/me
Request URI:	https://practice.expandtesting.com/notes/api/notes/me
Request URI:	https://practice.expandtesting.com/notes/api/notes/me
Request URI:	https://practice.expandtesting.com/notes/api/notes/me
Request URI:	https://practice.expandtesting.com/notes/api/notes/me
Request URI:	https://practice.expandtesting.com/notes/api/notes/me
Request URI:	https://practice.expandtesting.com/notes/api/notes/me
Request URI:	https://practice.expandtesting.com/notes/api/notes/me
Request URI:	https://practice.expandtesting.com/notes/api/notes/me
Request URI:	https://practice.expandtesting.com/notes/api/notes/me
Request URI:	https://practice.expandtesting.com/notes/api/notes/me
Request URI:	https://practice.expandtesting.com/notes/api/notes/me
Request URI:	https://practice.expandtesting.com/notes/api/notes/me
Request URI:	https://practice.expandtesting.com/notes/api/notes/me
Request URI:	https://practice.expandtesting.com/notes/api/notes/me
Request URI:	https://practice.expandtesting.com/notes/api/notes/me
Request URI:	https://practice.expandtesting.com/notes/api/notes/me
Request URI:	https://practice.expandtesting.com/notes/api/notes/me
Request URI:	https://practice.expandtesting.com/notes/api/notes/me
Request URI:	https://practice.expandtesting.com/notes/api/notes/me
Request URI:	https://practice.expandtesting.com/notes/api/notes/me
Request URI:	https://practice.expandtesting.com/notes/api/notes/me
Request URI:	https://practice.expandtesting.com/notes/api/notes/me
Request URI:	https://practice.expandtesting.com/notes/api/notes/me
Request URI:	https://practice.expandtesting.com/notes/api/notes/me
Request URI:	https://practice.expandtesting.com/notes/api/notes/me
Request URI:	https://practice.expandtesting.com/notes/api/notes/me
Request URI:	https://practice.expandtesting.com/notes/api/notes/me
Request URI:	https://practice.expandtesting.com/notes/api/notes/me
Request URI:	https://practice.expandtesting.com/notes/api/notes/me
Request URI:	https://practice.expandtesting.com/notes/api/notes/me
Request URI:	https://practice.expandtesting.com/notes/api/notes/me
Request URI:	https://practice.expandtesting.com/notes/api/notes/me
Request URI:	https://practice.expandtesting.com/notes/api/notes/me
Request URI:	https://practice.expandtesting.com/notes/api/notes/me
Request URI:	https://practice.expandtesting.com/notes/api/users/register
Request URI:	https://practice.expandtesting.com/notes/api/users/register
Request URI:	https://practice.expandtesting.com/notes/api/users/register
Request URI:	https://practice.expandtesting.com/notes/api/users/register
Request URI:	https://practice.expandtesting.com/notes/api/users/register
Request URI:	https://practice.expandtesting.com/notes/api/users/register
Request URI:	https://practice.expandtesting.com/notes/api/users/register
Request URI:	https://practice.expandtesting.com/notes/api/users/register
Request URI:	https://practice.expandtesting.com/notes/api/users/register
Request URI:	https://practice.expandtesting.com/notes/api/users/register
Request URI:	https://practice.expandtesting.com/notes/api/users/register
Request URI:	https://practice.expandtesting.com/notes/api/users/register
Request URI:	https://practice.expandtesting.com/notes/api/users/register
Request URI:	https://practice.expandtesting.com/notes/api/users/register
Request URI:	https://practice.expandtesting.com/notes/api/users/register
Request URI:	https://practice.expandtesting.com/notes/api/users/register
Request URI:	https://practice.expandtesting.com/notes/api/users/register
Request URI:	https://practice.expandtesting.com/notes/api/users/register
Request URI:	https://practice.expandtesting.com/notes/api/users/register
Request URI:	https://practice.expandtesting.com/notes/api/users/register
Request URI:	https://practice.expandtesting.com/notes/api/users/register
Request URI:	https://practice.expandtesting.com/notes/api/users/register
Request URI:	https://practice.expandtesting.com/notes/api/users/register
Request URI:	https://practice.expandtesting.com/notes/api/users/register
Request URI:	https://practice.expandtesting.com/notes/api/users/register
Request URI:	https://practice.expandtesting.com/notes/api/users/register
Request URI:	https://practice.expandtesting.com/notes/api/users/register
Request URI:	https://practice.expandtesting.com/notes/api/users/register
Request URI:	https://practice.expandtesting.com/notes/api/users/register
Request URI:	https://practice.expandtesting.com/notes/api/users/register
Request URI:	https://practice.expandtesting.com/notes/api/users/register
Request URI:	https://practice.expandtesting.com/notes/api/users/register
Request URI:	https://practice.expandtesting.com/notes/api/users/register
Request URI:	https://practice.expandtesting.com/notes/api/users/register
Request URI:	https://practice.expandtesting.com/notes/api/users/register
Request URI:	https://practice.expandtesting.com/notes/api/users/register
Request URI:	https://practice.expandtesting.com/notes/api/users/register
Request URI:	https://practice.expandtesting.com/notes/api/users/register
Request URI:	https://practice.expandtesting.com/notes/api/users/register
Request URI:	https://practice.expandtesting.com/notes/api/users/register
Request URI:	https://practice.expandtesting.com/notes/api/users/register
Request URI:	https://practice.expandtesting.com/notes/api/users/register
Request URI:	https://practice.expandtesting.com/notes/api/users/register
Request URI:	https://practice.expandtesting.com/notes/api/users/register
HTTP/1.1 201 Created
access-control-allow-origin: *
access-control-allow-credentials: true
access-control-allow-methods: GET, POST, PUT, DELETE, PATCH
access-control-allow-headers: Origin, X-Requested-With, Authorization, Content-Type, Accept, X-Auth-Token
content-type: application/json; charset=utf-8
content-encoding: gzip
etag: W/"b1-sJyCofvNACqRIRzN1xnEMwRo8t8"
set-cookie: express:sess=eyJmbGFzaCI6e319; path=/; httponly
set-cookie: express:sess.sig=tdt42nQZiQvICqmrvHQ1_16fHk0; path=/; httponly
date: Sat, 19 Jul 2025 13:24:50 GMT
connection: keep-alive
keep-alive: timeout=5
transfer-encoding: chunked

{
    "success": true,
    "status": 201,
    "message": "User account created successfully",
    "data": {
        "id": "687b9ca29d1b4b028865d839",
        "name": "devora.gutkowski",
        "email": "ocie.treutel@hotmail.com"
    }
}
Request URI:	https://practice.expandtesting.com/notes/api/users/login
Request URI:	https://practice.expandtesting.com/notes/api/users/login
Request URI:	https://practice.expandtesting.com/notes/api/users/login
Request URI:	https://practice.expandtesting.com/notes/api/users/login
Request URI:	https://practice.expandtesting.com/notes/api/users/login
Request URI:	https://practice.expandtesting.com/notes/api/users/login
Request URI:	https://practice.expandtesting.com/notes/api/users/login
Request URI:	https://practice.expandtesting.com/notes/api/users/login
Request URI:	https://practice.expandtesting.com/notes/api/users/login
Request URI:	https://practice.expandtesting.com/notes/api/users/login
Request URI:	https://practice.expandtesting.com/notes/api/users/login
Request URI:	https://practice.expandtesting.com/notes/api/users/login
Request URI:	https://practice.expandtesting.com/notes/api/users/login
Request URI:	https://practice.expandtesting.com/notes/api/users/login
Request URI:	https://practice.expandtesting.com/notes/api/users/login
Request URI:	https://practice.expandtesting.com/notes/api/users/login
Request URI:	https://practice.expandtesting.com/notes/api/users/login
Request URI:	https://practice.expandtesting.com/notes/api/users/login
Request URI:	https://practice.expandtesting.com/notes/api/users/login
Request URI:	https://practice.expandtesting.com/notes/api/users/login
Request URI:	https://practice.expandtesting.com/notes/api/users/login
Request URI:	https://practice.expandtesting.com/notes/api/users/login
Request URI:	https://practice.expandtesting.com/notes/api/users/login
Request URI:	https://practice.expandtesting.com/notes/api/users/login
Request URI:	https://practice.expandtesting.com/notes/api/users/login
Request URI:	https://practice.expandtesting.com/notes/api/users/login
Request URI:	https://practice.expandtesting.com/notes/api/users/login
Request URI:	https://practice.expandtesting.com/notes/api/users/login
Request URI:	https://practice.expandtesting.com/notes/api/users/login
Request URI:	https://practice.expandtesting.com/notes/api/users/login
Request URI:	https://practice.expandtesting.com/notes/api/users/login
Request URI:	https://practice.expandtesting.com/notes/api/users/login
Request URI:	https://practice.expandtesting.com/notes/api/users/login
Request URI:	https://practice.expandtesting.com/notes/api/users/login
Request URI:	https://practice.expandtesting.com/notes/api/users/login
Request URI:	https://practice.expandtesting.com/notes/api/users/login
Request URI:	https://practice.expandtesting.com/notes/api/users/login
Request URI:	https://practice.expandtesting.com/notes/api/users/login
Request URI:	https://practice.expandtesting.com/notes/api/users/login
Request URI:	https://practice.expandtesting.com/notes/api/users/login
Request URI:	https://practice.expandtesting.com/notes/api/users/login
Request URI:	https://practice.expandtesting.com/notes/api/users/login
Request URI:	https://practice.expandtesting.com/notes/api/users/login
Request URI:	https://practice.expandtesting.com/notes/api/users/login
HTTP/1.1 200 OK
access-control-allow-origin: *
access-control-allow-credentials: true
access-control-allow-methods: GET, POST, PUT, DELETE, PATCH
access-control-allow-headers: Origin, X-Requested-With, Authorization, Content-Type, Accept, X-Auth-Token
content-type: application/json; charset=utf-8
content-encoding: gzip
etag: W/"eb-o8tGd5HxNDDZDb2jDiUk5lpoQh4"
set-cookie: express:sess=eyJmbGFzaCI6e319; path=/; httponly
set-cookie: express:sess.sig=tdt42nQZiQvICqmrvHQ1_16fHk0; path=/; httponly
date: Sat, 19 Jul 2025 13:24:51 GMT
connection: keep-alive
keep-alive: timeout=5
transfer-encoding: chunked

{
    "success": true,
    "status": 200,
    "message": "Login successful",
    "data": {
        "id": "687b9ca29d1b4b028865d839",
        "name": "devora.gutkowski",
        "email": "ocie.treutel@hotmail.com",
        "token": "97714c73c0e54a5c9439bd434941ac54e778c029f5ff4bf280a151612dd3a6f2"
    }
}
Request URI:	https://practice.expandtesting.com/notes/api/notes
Request URI:	https://practice.expandtesting.com/notes/api/notes
Request URI:	https://practice.expandtesting.com/notes/api/notes
Request URI:	https://practice.expandtesting.com/notes/api/notes
Request URI:	https://practice.expandtesting.com/notes/api/notes
Request URI:	https://practice.expandtesting.com/notes/api/notes
Request URI:	https://practice.expandtesting.com/notes/api/notes
Request URI:	https://practice.expandtesting.com/notes/api/notes
Request URI:	https://practice.expandtesting.com/notes/api/notes
Request URI:	https://practice.expandtesting.com/notes/api/notes
Request URI:	https://practice.expandtesting.com/notes/api/notes
Request URI:	https://practice.expandtesting.com/notes/api/notes
Request URI:	https://practice.expandtesting.com/notes/api/notes
Request URI:	https://practice.expandtesting.com/notes/api/notes
Request URI:	https://practice.expandtesting.com/notes/api/notes
Request URI:	https://practice.expandtesting.com/notes/api/notes
Request URI:	https://practice.expandtesting.com/notes/api/notes
Request URI:	https://practice.expandtesting.com/notes/api/notes
Request URI:	https://practice.expandtesting.com/notes/api/notes
Request URI:	https://practice.expandtesting.com/notes/api/notes
Request URI:	https://practice.expandtesting.com/notes/api/notes
Request URI:	https://practice.expandtesting.com/notes/api/notes
Request URI:	https://practice.expandtesting.com/notes/api/notes
Request URI:	https://practice.expandtesting.com/notes/api/notes
Request URI:	https://practice.expandtesting.com/notes/api/notes
Request URI:	https://practice.expandtesting.com/notes/api/notes
Request URI:	https://practice.expandtesting.com/notes/api/notes
Request URI:	https://practice.expandtesting.com/notes/api/notes
Request URI:	https://practice.expandtesting.com/notes/api/notes
Request URI:	https://practice.expandtesting.com/notes/api/notes
Request URI:	https://practice.expandtesting.com/notes/api/notes
Request URI:	https://practice.expandtesting.com/notes/api/notes
Request URI:	https://practice.expandtesting.com/notes/api/notes
Request URI:	https://practice.expandtesting.com/notes/api/notes
Request URI:	https://practice.expandtesting.com/notes/api/notes
Request URI:	https://practice.expandtesting.com/notes/api/notes
Request URI:	https://practice.expandtesting.com/notes/api/notes
Request URI:	https://practice.expandtesting.com/notes/api/notes
Request URI:	https://practice.expandtesting.com/notes/api/notes
Request URI:	https://practice.expandtesting.com/notes/api/notes
Request URI:	https://practice.expandtesting.com/notes/api/notes
Request URI:	https://practice.expandtesting.com/notes/api/notes
Request URI:	https://practice.expandtesting.com/notes/api/notes
Request URI:	https://practice.expandtesting.com/notes/api/notes
Request method:	POST
Request URI:	https://practice.expandtesting.com/notes/api/notes
Proxy:			<none>
Request params:	<none>
Query params:	<none>
Form params:	title=w2c7fu84gm5ub65g83qpgthhvoow395pg1fd1dqsgwbf62
				description=Totam rerum ducimus.
				category=Home
Path params:	<none>
Headers:		X-Auth-Token=97714c73c0e54a5c9439bd434941ac54e778c029f5ff4bf280a151612dd3a6f2
				Accept=application/json, application/javascript, text/javascript, text/json
				Content-Type=application/x-www-form-urlencoded; charset=UTF-8
Cookies:		<none>
Multiparts:		<none>
Body:			<none>
HTTP/1.1 200 OK
access-control-allow-origin: *
access-control-allow-credentials: true
access-control-allow-methods: GET, POST, PUT, DELETE, PATCH
access-control-allow-headers: Origin, X-Requested-With, Authorization, Content-Type, Accept, X-Auth-Token
content-type: application/json; charset=utf-8
content-encoding: gzip
etag: W/"163-C2ePAtHHMaCkZRAlg46PFf/gvTk"
set-cookie: express:sess=eyJmbGFzaCI6e319; path=/; httponly
set-cookie: express:sess.sig=tdt42nQZiQvICqmrvHQ1_16fHk0; path=/; httponly
date: Sat, 19 Jul 2025 13:24:52 GMT
connection: keep-alive
keep-alive: timeout=5
transfer-encoding: chunked

{
    "success": true,
    "status": 200,
    "message": "Note successfully created",
    "data": {
        "id": "687b9ca49d1b4b028865d841",
        "title": "w2c7fu84gm5ub65g83qpgthhvoow395pg1fd1dqsgwbf62",
        "description": "Totam rerum ducimus.",
        "category": "Home",
        "completed": false,
        "created_at": "2025-07-19T13:24:52.375Z",
        "updated_at": "2025-07-19T13:24:52.375Z",
        "user_id": "687b9ca29d1b4b028865d839"
    }
}
Request URI:	https://practice.expandtesting.com/notes/api/notes/687b9ca49d1b4b028865d841
Request URI:	https://practice.expandtesting.com/notes/api/notes/687b9ca49d1b4b028865d841
Request URI:	https://practice.expandtesting.com/notes/api/notes/687b9ca49d1b4b028865d841
Request URI:	https://practice.expandtesting.com/notes/api/notes/687b9ca49d1b4b028865d841
Request URI:	https://practice.expandtesting.com/notes/api/notes/687b9ca49d1b4b028865d841
Request URI:	https://practice.expandtesting.com/notes/api/notes/687b9ca49d1b4b028865d841
Request URI:	https://practice.expandtesting.com/notes/api/notes/687b9ca49d1b4b028865d841
Request URI:	https://practice.expandtesting.com/notes/api/notes/687b9ca49d1b4b028865d841
Request URI:	https://practice.expandtesting.com/notes/api/notes/687b9ca49d1b4b028865d841
Request URI:	https://practice.expandtesting.com/notes/api/notes/687b9ca49d1b4b028865d841
Request URI:	https://practice.expandtesting.com/notes/api/notes/687b9ca49d1b4b028865d841
Request URI:	https://practice.expandtesting.com/notes/api/notes/687b9ca49d1b4b028865d841
Request URI:	https://practice.expandtesting.com/notes/api/notes/687b9ca49d1b4b028865d841
Request URI:	https://practice.expandtesting.com/notes/api/notes/687b9ca49d1b4b028865d841
Request URI:	https://practice.expandtesting.com/notes/api/notes/687b9ca49d1b4b028865d841
Request URI:	https://practice.expandtesting.com/notes/api/notes/687b9ca49d1b4b028865d841
Request URI:	https://practice.expandtesting.com/notes/api/notes/687b9ca49d1b4b028865d841
Request URI:	https://practice.expandtesting.com/notes/api/notes/687b9ca49d1b4b028865d841
Request URI:	https://practice.expandtesting.com/notes/api/notes/687b9ca49d1b4b028865d841
Request URI:	https://practice.expandtesting.com/notes/api/notes/687b9ca49d1b4b028865d841
Request URI:	https://practice.expandtesting.com/notes/api/notes/687b9ca49d1b4b028865d841
Request URI:	https://practice.expandtesting.com/notes/api/notes/687b9ca49d1b4b028865d841
Request URI:	https://practice.expandtesting.com/notes/api/notes/687b9ca49d1b4b028865d841
Request URI:	https://practice.expandtesting.com/notes/api/notes/687b9ca49d1b4b028865d841
Request URI:	https://practice.expandtesting.com/notes/api/notes/687b9ca49d1b4b028865d841
Request URI:	https://practice.expandtesting.com/notes/api/notes/687b9ca49d1b4b028865d841
Request URI:	https://practice.expandtesting.com/notes/api/notes/687b9ca49d1b4b028865d841
Request URI:	https://practice.expandtesting.com/notes/api/notes/687b9ca49d1b4b028865d841
Request URI:	https://practice.expandtesting.com/notes/api/notes/687b9ca49d1b4b028865d841
Request URI:	https://practice.expandtesting.com/notes/api/notes/687b9ca49d1b4b028865d841
Request URI:	https://practice.expandtesting.com/notes/api/notes/687b9ca49d1b4b028865d841
Request URI:	https://practice.expandtesting.com/notes/api/notes/687b9ca49d1b4b028865d841
Request URI:	https://practice.expandtesting.com/notes/api/notes/687b9ca49d1b4b028865d841
Request URI:	https://practice.expandtesting.com/notes/api/notes/687b9ca49d1b4b028865d841
Request URI:	https://practice.expandtesting.com/notes/api/notes/687b9ca49d1b4b028865d841
Request URI:	https://practice.expandtesting.com/notes/api/notes/687b9ca49d1b4b028865d841
Request URI:	https://practice.expandtesting.com/notes/api/notes/687b9ca49d1b4b028865d841
Request URI:	https://practice.expandtesting.com/notes/api/notes/687b9ca49d1b4b028865d841
Request URI:	https://practice.expandtesting.com/notes/api/notes/687b9ca49d1b4b028865d841
Request URI:	https://practice.expandtesting.com/notes/api/notes/687b9ca49d1b4b028865d841
Request URI:	https://practice.expandtesting.com/notes/api/notes/687b9ca49d1b4b028865d841
Request URI:	https://practice.expandtesting.com/notes/api/notes/687b9ca49d1b4b028865d841
Request URI:	https://practice.expandtesting.com/notes/api/notes/687b9ca49d1b4b028865d841
Request URI:	https://practice.expandtesting.com/notes/api/notes/687b9ca49d1b4b028865d841
Request method:	GET
Request URI:	https://practice.expandtesting.com/notes/api/notes/687b9ca49d1b4b028865d841
Proxy:			<none>
Request params:	<none>
Query params:	<none>
Form params:	<none>
Path params:	id=687b9ca49d1b4b028865d841
Headers:		X-Auth-Token=97714c73c0e54a5c9439bd434941ac54e778c029f5ff4bf280a151612dd3a6f2
				Accept=application/json, application/javascript, text/javascript, text/json
				Content-Type=application/json
Cookies:		<none>
Multiparts:		<none>
Body:			<none>
HTTP/1.1 200 OK
access-control-allow-origin: *
access-control-allow-credentials: true
access-control-allow-methods: GET, POST, PUT, DELETE, PATCH
access-control-allow-headers: Origin, X-Requested-With, Authorization, Content-Type, Accept, X-Auth-Token
content-type: application/json; charset=utf-8
content-encoding: gzip
etag: W/"165-uEVG4oCh8fjzQGmkQn7SofWfFLc"
set-cookie: express:sess=eyJmbGFzaCI6e319; path=/; httponly
set-cookie: express:sess.sig=tdt42nQZiQvICqmrvHQ1_16fHk0; path=/; httponly
date: Sat, 19 Jul 2025 13:24:52 GMT
connection: keep-alive
keep-alive: timeout=5
transfer-encoding: chunked

{
    "success": true,
    "status": 200,
    "message": "Note successfully retrieved",
    "data": {
        "id": "687b9ca49d1b4b028865d841",
        "title": "w2c7fu84gm5ub65g83qpgthhvoow395pg1fd1dqsgwbf62",
        "description": "Totam rerum ducimus.",
        "category": "Home",
        "completed": false,
        "created_at": "2025-07-19T13:24:52.375Z",
        "updated_at": "2025-07-19T13:24:52.375Z",
        "user_id": "687b9ca29d1b4b028865d839"
    }
}
Request URI:	https://practice.expandtesting.com/notes/api/notes/me
Request URI:	https://practice.expandtesting.com/notes/api/notes/me
Request URI:	https://practice.expandtesting.com/notes/api/notes/me
Request URI:	https://practice.expandtesting.com/notes/api/notes/me
Request URI:	https://practice.expandtesting.com/notes/api/notes/me
Request URI:	https://practice.expandtesting.com/notes/api/notes/me
Request URI:	https://practice.expandtesting.com/notes/api/notes/me
Request URI:	https://practice.expandtesting.com/notes/api/notes/me
Request URI:	https://practice.expandtesting.com/notes/api/notes/me
Request URI:	https://practice.expandtesting.com/notes/api/notes/me
Request URI:	https://practice.expandtesting.com/notes/api/notes/me
Request URI:	https://practice.expandtesting.com/notes/api/notes/me
Request URI:	https://practice.expandtesting.com/notes/api/notes/me
Request URI:	https://practice.expandtesting.com/notes/api/notes/me
Request URI:	https://practice.expandtesting.com/notes/api/notes/me
Request URI:	https://practice.expandtesting.com/notes/api/notes/me
Request URI:	https://practice.expandtesting.com/notes/api/notes/me
Request URI:	https://practice.expandtesting.com/notes/api/notes/me
Request URI:	https://practice.expandtesting.com/notes/api/notes/me
Request URI:	https://practice.expandtesting.com/notes/api/notes/me
Request URI:	https://practice.expandtesting.com/notes/api/notes/me
Request URI:	https://practice.expandtesting.com/notes/api/notes/me
Request URI:	https://practice.expandtesting.com/notes/api/notes/me
Request URI:	https://practice.expandtesting.com/notes/api/notes/me
Request URI:	https://practice.expandtesting.com/notes/api/notes/me
Request URI:	https://practice.expandtesting.com/notes/api/notes/me
Request URI:	https://practice.expandtesting.com/notes/api/notes/me
Request URI:	https://practice.expandtesting.com/notes/api/notes/me
Request URI:	https://practice.expandtesting.com/notes/api/notes/me
Request URI:	https://practice.expandtesting.com/notes/api/notes/me
Request URI:	https://practice.expandtesting.com/notes/api/notes/me
Request URI:	https://practice.expandtesting.com/notes/api/notes/me
Request URI:	https://practice.expandtesting.com/notes/api/notes/me
Request URI:	https://practice.expandtesting.com/notes/api/notes/me
Request URI:	https://practice.expandtesting.com/notes/api/notes/me
Request URI:	https://practice.expandtesting.com/notes/api/notes/me
Request URI:	https://practice.expandtesting.com/notes/api/notes/me
Request URI:	https://practice.expandtesting.com/notes/api/notes/me
Request URI:	https://practice.expandtesting.com/notes/api/notes/me
Request URI:	https://practice.expandtesting.com/notes/api/notes/me
Request URI:	https://practice.expandtesting.com/notes/api/notes/me
Request URI:	https://practice.expandtesting.com/notes/api/notes/me
Request URI:	https://practice.expandtesting.com/notes/api/notes/me
Request URI:	https://practice.expandtesting.com/notes/api/notes/me
Request URI:	https://practice.expandtesting.com/notes/api/users/register
Request URI:	https://practice.expandtesting.com/notes/api/users/register
Request URI:	https://practice.expandtesting.com/notes/api/users/register
Request URI:	https://practice.expandtesting.com/notes/api/users/register
Request URI:	https://practice.expandtesting.com/notes/api/users/register
Request URI:	https://practice.expandtesting.com/notes/api/users/register
Request URI:	https://practice.expandtesting.com/notes/api/users/register
Request URI:	https://practice.expandtesting.com/notes/api/users/register
Request URI:	https://practice.expandtesting.com/notes/api/users/register
Request URI:	https://practice.expandtesting.com/notes/api/users/register
Request URI:	https://practice.expandtesting.com/notes/api/users/register
Request URI:	https://practice.expandtesting.com/notes/api/users/register
Request URI:	https://practice.expandtesting.com/notes/api/users/register
Request URI:	https://practice.expandtesting.com/notes/api/users/register
Request URI:	https://practice.expandtesting.com/notes/api/users/register
Request URI:	https://practice.expandtesting.com/notes/api/users/register
Request URI:	https://practice.expandtesting.com/notes/api/users/register
Request URI:	https://practice.expandtesting.com/notes/api/users/register
Request URI:	https://practice.expandtesting.com/notes/api/users/register
Request URI:	https://practice.expandtesting.com/notes/api/users/register
Request URI:	https://practice.expandtesting.com/notes/api/users/register
Request URI:	https://practice.expandtesting.com/notes/api/users/register
Request URI:	https://practice.expandtesting.com/notes/api/users/register
Request URI:	https://practice.expandtesting.com/notes/api/users/register
Request URI:	https://practice.expandtesting.com/notes/api/users/register
Request URI:	https://practice.expandtesting.com/notes/api/users/register
Request URI:	https://practice.expandtesting.com/notes/api/users/register
Request URI:	https://practice.expandtesting.com/notes/api/users/register
Request URI:	https://practice.expandtesting.com/notes/api/users/register
Request URI:	https://practice.expandtesting.com/notes/api/users/register
Request URI:	https://practice.expandtesting.com/notes/api/users/register
Request URI:	https://practice.expandtesting.com/notes/api/users/register
Request URI:	https://practice.expandtesting.com/notes/api/users/register
Request URI:	https://practice.expandtesting.com/notes/api/users/register
Request URI:	https://practice.expandtesting.com/notes/api/users/register
Request URI:	https://practice.expandtesting.com/notes/api/users/register
Request URI:	https://practice.expandtesting.com/notes/api/users/register
Request URI:	https://practice.expandtesting.com/notes/api/users/register
Request URI:	https://practice.expandtesting.com/notes/api/users/register
Request URI:	https://practice.expandtesting.com/notes/api/users/register
Request URI:	https://practice.expandtesting.com/notes/api/users/register
Request URI:	https://practice.expandtesting.com/notes/api/users/register
Request URI:	https://practice.expandtesting.com/notes/api/users/register
Request URI:	https://practice.expandtesting.com/notes/api/users/register
Request URI:	https://practice.expandtesting.com/notes/api/users/register
HTTP/1.1 201 Created
access-control-allow-origin: *
access-control-allow-credentials: true
access-control-allow-methods: GET, POST, PUT, DELETE, PATCH
access-control-allow-headers: Origin, X-Requested-With, Authorization, Content-Type, Accept, X-Auth-Token
content-type: application/json; charset=utf-8
content-encoding: gzip
etag: W/"b5-/chFyq2byxkr8r1KQEpkDtMinXg"
set-cookie: express:sess=eyJmbGFzaCI6e319; path=/; httponly
set-cookie: express:sess.sig=tdt42nQZiQvICqmrvHQ1_16fHk0; path=/; httponly
date: Sat, 19 Jul 2025 13:24:53 GMT
connection: keep-alive
keep-alive: timeout=5
transfer-encoding: chunked

{
    "success": true,
    "status": 201,
    "message": "User account created successfully",
    "data": {
        "id": "687b9ca59d1b4b028865d847",
        "name": "devora.gutkowski",
        "email": "ingeborg.quigley@hotmail.com"
    }
}
Request URI:	https://practice.expandtesting.com/notes/api/users/login
Request URI:	https://practice.expandtesting.com/notes/api/users/login
Request URI:	https://practice.expandtesting.com/notes/api/users/login
Request URI:	https://practice.expandtesting.com/notes/api/users/login
Request URI:	https://practice.expandtesting.com/notes/api/users/login
Request URI:	https://practice.expandtesting.com/notes/api/users/login
Request URI:	https://practice.expandtesting.com/notes/api/users/login
Request URI:	https://practice.expandtesting.com/notes/api/users/login
Request URI:	https://practice.expandtesting.com/notes/api/users/login
Request URI:	https://practice.expandtesting.com/notes/api/users/login
Request URI:	https://practice.expandtesting.com/notes/api/users/login
Request URI:	https://practice.expandtesting.com/notes/api/users/login
Request URI:	https://practice.expandtesting.com/notes/api/users/login
Request URI:	https://practice.expandtesting.com/notes/api/users/login
Request URI:	https://practice.expandtesting.com/notes/api/users/login
Request URI:	https://practice.expandtesting.com/notes/api/users/login
Request URI:	https://practice.expandtesting.com/notes/api/users/login
Request URI:	https://practice.expandtesting.com/notes/api/users/login
Request URI:	https://practice.expandtesting.com/notes/api/users/login
Request URI:	https://practice.expandtesting.com/notes/api/users/login
Request URI:	https://practice.expandtesting.com/notes/api/users/login
Request URI:	https://practice.expandtesting.com/notes/api/users/login
Request URI:	https://practice.expandtesting.com/notes/api/users/login
Request URI:	https://practice.expandtesting.com/notes/api/users/login
Request URI:	https://practice.expandtesting.com/notes/api/users/login
Request URI:	https://practice.expandtesting.com/notes/api/users/login
Request URI:	https://practice.expandtesting.com/notes/api/users/login
Request URI:	https://practice.expandtesting.com/notes/api/users/login
Request URI:	https://practice.expandtesting.com/notes/api/users/login
Request URI:	https://practice.expandtesting.com/notes/api/users/login
Request URI:	https://practice.expandtesting.com/notes/api/users/login
Request URI:	https://practice.expandtesting.com/notes/api/users/login
Request URI:	https://practice.expandtesting.com/notes/api/users/login
Request URI:	https://practice.expandtesting.com/notes/api/users/login
Request URI:	https://practice.expandtesting.com/notes/api/users/login
Request URI:	https://practice.expandtesting.com/notes/api/users/login
Request URI:	https://practice.expandtesting.com/notes/api/users/login
Request URI:	https://practice.expandtesting.com/notes/api/users/login
Request URI:	https://practice.expandtesting.com/notes/api/users/login
Request URI:	https://practice.expandtesting.com/notes/api/users/login
Request URI:	https://practice.expandtesting.com/notes/api/users/login
Request URI:	https://practice.expandtesting.com/notes/api/users/login
Request URI:	https://practice.expandtesting.com/notes/api/users/login
Request URI:	https://practice.expandtesting.com/notes/api/users/login
Request URI:	https://practice.expandtesting.com/notes/api/users/login
HTTP/1.1 200 OK
access-control-allow-origin: *
access-control-allow-credentials: true
access-control-allow-methods: GET, POST, PUT, DELETE, PATCH
access-control-allow-headers: Origin, X-Requested-With, Authorization, Content-Type, Accept, X-Auth-Token
content-type: application/json; charset=utf-8
content-encoding: gzip
etag: W/"ef-ARWtaq1VtQ4aoxDNBzV5OjPJBa8"
set-cookie: express:sess=eyJmbGFzaCI6e319; path=/; httponly
set-cookie: express:sess.sig=tdt42nQZiQvICqmrvHQ1_16fHk0; path=/; httponly
date: Sat, 19 Jul 2025 13:24:54 GMT
connection: keep-alive
keep-alive: timeout=5
transfer-encoding: chunked

{
    "success": true,
    "status": 200,
    "message": "Login successful",
    "data": {
        "id": "687b9ca59d1b4b028865d847",
        "name": "devora.gutkowski",
        "email": "ingeborg.quigley@hotmail.com",
        "token": "bbfe92974072491c9820017ff62496a46c104045259f454cb7765d43deb703f0"
    }
}
Request URI:	https://practice.expandtesting.com/notes/api/notes
Request URI:	https://practice.expandtesting.com/notes/api/notes
Request URI:	https://practice.expandtesting.com/notes/api/notes
Request URI:	https://practice.expandtesting.com/notes/api/notes
Request URI:	https://practice.expandtesting.com/notes/api/notes
Request URI:	https://practice.expandtesting.com/notes/api/notes
Request URI:	https://practice.expandtesting.com/notes/api/notes
Request URI:	https://practice.expandtesting.com/notes/api/notes
Request URI:	https://practice.expandtesting.com/notes/api/notes
Request URI:	https://practice.expandtesting.com/notes/api/notes
Request URI:	https://practice.expandtesting.com/notes/api/notes
Request URI:	https://practice.expandtesting.com/notes/api/notes
Request URI:	https://practice.expandtesting.com/notes/api/notes
Request URI:	https://practice.expandtesting.com/notes/api/notes
Request URI:	https://practice.expandtesting.com/notes/api/notes
Request URI:	https://practice.expandtesting.com/notes/api/notes
Request URI:	https://practice.expandtesting.com/notes/api/notes
Request URI:	https://practice.expandtesting.com/notes/api/notes
Request URI:	https://practice.expandtesting.com/notes/api/notes
Request URI:	https://practice.expandtesting.com/notes/api/notes
Request URI:	https://practice.expandtesting.com/notes/api/notes
Request URI:	https://practice.expandtesting.com/notes/api/notes
Request URI:	https://practice.expandtesting.com/notes/api/notes
Request URI:	https://practice.expandtesting.com/notes/api/notes
Request URI:	https://practice.expandtesting.com/notes/api/notes
Request URI:	https://practice.expandtesting.com/notes/api/notes
Request URI:	https://practice.expandtesting.com/notes/api/notes
Request URI:	https://practice.expandtesting.com/notes/api/notes
Request URI:	https://practice.expandtesting.com/notes/api/notes
Request URI:	https://practice.expandtesting.com/notes/api/notes
Request URI:	https://practice.expandtesting.com/notes/api/notes
Request URI:	https://practice.expandtesting.com/notes/api/notes
Request URI:	https://practice.expandtesting.com/notes/api/notes
Request URI:	https://practice.expandtesting.com/notes/api/notes
Request URI:	https://practice.expandtesting.com/notes/api/notes
Request URI:	https://practice.expandtesting.com/notes/api/notes
Request URI:	https://practice.expandtesting.com/notes/api/notes
Request URI:	https://practice.expandtesting.com/notes/api/notes
Request URI:	https://practice.expandtesting.com/notes/api/notes
Request URI:	https://practice.expandtesting.com/notes/api/notes
Request URI:	https://practice.expandtesting.com/notes/api/notes
Request URI:	https://practice.expandtesting.com/notes/api/notes
Request URI:	https://practice.expandtesting.com/notes/api/notes
Request URI:	https://practice.expandtesting.com/notes/api/notes
Request URI:	https://practice.expandtesting.com/notes/api/notes
Request method:	POST
Request URI:	https://practice.expandtesting.com/notes/api/notes
Proxy:			<none>
Request params:	<none>
Query params:	<none>
Form params:	<none>
Path params:	<none>
Headers:		X-Auth-Token=bbfe92974072491c9820017ff62496a46c104045259f454cb7765d43deb703f0
				Accept=*/*
				Content-Type=application/json
Cookies:		<none>
Multiparts:		<none>
Body:
{
    "title": "o76q42yxlkpqkef2kp",
    "description": "Sapiente temporibus minus et ex quia.",
    "category": "QWERTY"
}
HTTP/1.1 400 Bad Request
access-control-allow-origin: *
access-control-allow-credentials: true
access-control-allow-methods: GET, POST, PUT, DELETE, PATCH
access-control-allow-headers: Origin, X-Requested-With, Authorization, Content-Type, Accept, X-Auth-Token
content-type: application/json; charset=utf-8
content-encoding: gzip
etag: W/"67-lBMv/t7IkBp0wmnE3FtY7qujgcQ"
set-cookie: express:sess=eyJmbGFzaCI6e319; path=/; httponly
set-cookie: express:sess.sig=tdt42nQZiQvICqmrvHQ1_16fHk0; path=/; httponly
date: Sat, 19 Jul 2025 13:24:54 GMT
connection: keep-alive
keep-alive: timeout=5
transfer-encoding: chunked

{
    "success": false,
    "status": 400,
    "message": "Category must be one of the categories: Home, Work, Personal"
}
Request URI:	https://practice.expandtesting.com/notes/api/notes/me
Request URI:	https://practice.expandtesting.com/notes/api/notes/me
Request URI:	https://practice.expandtesting.com/notes/api/notes/me
Request URI:	https://practice.expandtesting.com/notes/api/notes/me
Request URI:	https://practice.expandtesting.com/notes/api/notes/me
Request URI:	https://practice.expandtesting.com/notes/api/notes/me
Request URI:	https://practice.expandtesting.com/notes/api/notes/me
Request URI:	https://practice.expandtesting.com/notes/api/notes/me
Request URI:	https://practice.expandtesting.com/notes/api/notes/me
Request URI:	https://practice.expandtesting.com/notes/api/notes/me
Request URI:	https://practice.expandtesting.com/notes/api/notes/me
Request URI:	https://practice.expandtesting.com/notes/api/notes/me
Request URI:	https://practice.expandtesting.com/notes/api/notes/me
Request URI:	https://practice.expandtesting.com/notes/api/notes/me
Request URI:	https://practice.expandtesting.com/notes/api/notes/me
Request URI:	https://practice.expandtesting.com/notes/api/notes/me
Request URI:	https://practice.expandtesting.com/notes/api/notes/me
Request URI:	https://practice.expandtesting.com/notes/api/notes/me
Request URI:	https://practice.expandtesting.com/notes/api/notes/me
Request URI:	https://practice.expandtesting.com/notes/api/notes/me
Request URI:	https://practice.expandtesting.com/notes/api/notes/me
Request URI:	https://practice.expandtesting.com/notes/api/notes/me
Request URI:	https://practice.expandtesting.com/notes/api/notes/me
Request URI:	https://practice.expandtesting.com/notes/api/notes/me
Request URI:	https://practice.expandtesting.com/notes/api/notes/me
Request URI:	https://practice.expandtesting.com/notes/api/notes/me
Request URI:	https://practice.expandtesting.com/notes/api/notes/me
Request URI:	https://practice.expandtesting.com/notes/api/notes/me
Request URI:	https://practice.expandtesting.com/notes/api/notes/me
Request URI:	https://practice.expandtesting.com/notes/api/notes/me
Request URI:	https://practice.expandtesting.com/notes/api/notes/me
Request URI:	https://practice.expandtesting.com/notes/api/notes/me
Request URI:	https://practice.expandtesting.com/notes/api/notes/me
Request URI:	https://practice.expandtesting.com/notes/api/notes/me
Request URI:	https://practice.expandtesting.com/notes/api/notes/me
Request URI:	https://practice.expandtesting.com/notes/api/notes/me
Request URI:	https://practice.expandtesting.com/notes/api/notes/me
Request URI:	https://practice.expandtesting.com/notes/api/notes/me
Request URI:	https://practice.expandtesting.com/notes/api/notes/me
Request URI:	https://practice.expandtesting.com/notes/api/notes/me
Request URI:	https://practice.expandtesting.com/notes/api/notes/me
Request URI:	https://practice.expandtesting.com/notes/api/notes/me
Request URI:	https://practice.expandtesting.com/notes/api/notes/me
Request URI:	https://practice.expandtesting.com/notes/api/notes/me
Request URI:	https://practice.expandtesting.com/notes/api/notes/me
Request URI:	https://practice.expandtesting.com/notes/api/users/register
Request URI:	https://practice.expandtesting.com/notes/api/users/register
Request URI:	https://practice.expandtesting.com/notes/api/users/register
Request URI:	https://practice.expandtesting.com/notes/api/users/register
Request URI:	https://practice.expandtesting.com/notes/api/users/register
Request URI:	https://practice.expandtesting.com/notes/api/users/register
Request URI:	https://practice.expandtesting.com/notes/api/users/register
Request URI:	https://practice.expandtesting.com/notes/api/users/register
Request URI:	https://practice.expandtesting.com/notes/api/users/register
Request URI:	https://practice.expandtesting.com/notes/api/users/register
Request URI:	https://practice.expandtesting.com/notes/api/users/register
Request URI:	https://practice.expandtesting.com/notes/api/users/register
Request URI:	https://practice.expandtesting.com/notes/api/users/register
Request URI:	https://practice.expandtesting.com/notes/api/users/register
Request URI:	https://practice.expandtesting.com/notes/api/users/register
Request URI:	https://practice.expandtesting.com/notes/api/users/register
Request URI:	https://practice.expandtesting.com/notes/api/users/register
Request URI:	https://practice.expandtesting.com/notes/api/users/register
Request URI:	https://practice.expandtesting.com/notes/api/users/register
Request URI:	https://practice.expandtesting.com/notes/api/users/register
Request URI:	https://practice.expandtesting.com/notes/api/users/register
Request URI:	https://practice.expandtesting.com/notes/api/users/register
Request URI:	https://practice.expandtesting.com/notes/api/users/register
Request URI:	https://practice.expandtesting.com/notes/api/users/register
Request URI:	https://practice.expandtesting.com/notes/api/users/register
Request URI:	https://practice.expandtesting.com/notes/api/users/register
Request URI:	https://practice.expandtesting.com/notes/api/users/register
Request URI:	https://practice.expandtesting.com/notes/api/users/register
Request URI:	https://practice.expandtesting.com/notes/api/users/register
Request URI:	https://practice.expandtesting.com/notes/api/users/register
Request URI:	https://practice.expandtesting.com/notes/api/users/register
Request URI:	https://practice.expandtesting.com/notes/api/users/register
Request URI:	https://practice.expandtesting.com/notes/api/users/register
Request URI:	https://practice.expandtesting.com/notes/api/users/register
Request URI:	https://practice.expandtesting.com/notes/api/users/register
Request URI:	https://practice.expandtesting.com/notes/api/users/register
Request URI:	https://practice.expandtesting.com/notes/api/users/register
Request URI:	https://practice.expandtesting.com/notes/api/users/register
Request URI:	https://practice.expandtesting.com/notes/api/users/register
Request URI:	https://practice.expandtesting.com/notes/api/users/register
Request URI:	https://practice.expandtesting.com/notes/api/users/register
Request URI:	https://practice.expandtesting.com/notes/api/users/register
Request URI:	https://practice.expandtesting.com/notes/api/users/register
Request URI:	https://practice.expandtesting.com/notes/api/users/register
Request URI:	https://practice.expandtesting.com/notes/api/users/register
Request URI:	https://practice.expandtesting.com/notes/api/users/register
HTTP/1.1 201 Created
access-control-allow-origin: *
access-control-allow-credentials: true
access-control-allow-methods: GET, POST, PUT, DELETE, PATCH
access-control-allow-headers: Origin, X-Requested-With, Authorization, Content-Type, Accept, X-Auth-Token
content-type: application/json; charset=utf-8
content-encoding: gzip
etag: W/"b1-OZe7K78RKsCHP1RaT5iDg9oYxI0"
set-cookie: express:sess=eyJmbGFzaCI6e319; path=/; httponly
set-cookie: express:sess.sig=tdt42nQZiQvICqmrvHQ1_16fHk0; path=/; httponly
date: Sat, 19 Jul 2025 13:24:55 GMT
connection: keep-alive
keep-alive: timeout=5
transfer-encoding: chunked

{
    "success": true,
    "status": 201,
    "message": "User account created successfully",
    "data": {
        "id": "687b9ca79d1b4b028865d850",
        "name": "devora.gutkowski",
        "email": "clifford.kuhic@gmail.com"
    }
}
Request URI:	https://practice.expandtesting.com/notes/api/users/login
Request URI:	https://practice.expandtesting.com/notes/api/users/login
Request URI:	https://practice.expandtesting.com/notes/api/users/login
Request URI:	https://practice.expandtesting.com/notes/api/users/login
Request URI:	https://practice.expandtesting.com/notes/api/users/login
Request URI:	https://practice.expandtesting.com/notes/api/users/login
Request URI:	https://practice.expandtesting.com/notes/api/users/login
Request URI:	https://practice.expandtesting.com/notes/api/users/login
Request URI:	https://practice.expandtesting.com/notes/api/users/login
Request URI:	https://practice.expandtesting.com/notes/api/users/login
Request URI:	https://practice.expandtesting.com/notes/api/users/login
Request URI:	https://practice.expandtesting.com/notes/api/users/login
Request URI:	https://practice.expandtesting.com/notes/api/users/login
Request URI:	https://practice.expandtesting.com/notes/api/users/login
Request URI:	https://practice.expandtesting.com/notes/api/users/login
Request URI:	https://practice.expandtesting.com/notes/api/users/login
Request URI:	https://practice.expandtesting.com/notes/api/users/login
Request URI:	https://practice.expandtesting.com/notes/api/users/login
Request URI:	https://practice.expandtesting.com/notes/api/users/login
Request URI:	https://practice.expandtesting.com/notes/api/users/login
Request URI:	https://practice.expandtesting.com/notes/api/users/login
Request URI:	https://practice.expandtesting.com/notes/api/users/login
Request URI:	https://practice.expandtesting.com/notes/api/users/login
Request URI:	https://practice.expandtesting.com/notes/api/users/login
Request URI:	https://practice.expandtesting.com/notes/api/users/login
Request URI:	https://practice.expandtesting.com/notes/api/users/login
Request URI:	https://practice.expandtesting.com/notes/api/users/login
Request URI:	https://practice.expandtesting.com/notes/api/users/login
Request URI:	https://practice.expandtesting.com/notes/api/users/login
Request URI:	https://practice.expandtesting.com/notes/api/users/login
Request URI:	https://practice.expandtesting.com/notes/api/users/login
Request URI:	https://practice.expandtesting.com/notes/api/users/login
Request URI:	https://practice.expandtesting.com/notes/api/users/login
Request URI:	https://practice.expandtesting.com/notes/api/users/login
Request URI:	https://practice.expandtesting.com/notes/api/users/login
Request URI:	https://practice.expandtesting.com/notes/api/users/login
Request URI:	https://practice.expandtesting.com/notes/api/users/login
Request URI:	https://practice.expandtesting.com/notes/api/users/login
Request URI:	https://practice.expandtesting.com/notes/api/users/login
Request URI:	https://practice.expandtesting.com/notes/api/users/login
Request URI:	https://practice.expandtesting.com/notes/api/users/login
Request URI:	https://practice.expandtesting.com/notes/api/users/login
Request URI:	https://practice.expandtesting.com/notes/api/users/login
Request URI:	https://practice.expandtesting.com/notes/api/users/login
Request URI:	https://practice.expandtesting.com/notes/api/users/login
Request URI:	https://practice.expandtesting.com/notes/api/users/login
HTTP/1.1 200 OK
access-control-allow-origin: *
access-control-allow-credentials: true
access-control-allow-methods: GET, POST, PUT, DELETE, PATCH
access-control-allow-headers: Origin, X-Requested-With, Authorization, Content-Type, Accept, X-Auth-Token
content-type: application/json; charset=utf-8
content-encoding: gzip
etag: W/"eb-2q+1QihU3hCj8xnqK/EqH24TzCU"
set-cookie: express:sess=eyJmbGFzaCI6e319; path=/; httponly
set-cookie: express:sess.sig=tdt42nQZiQvICqmrvHQ1_16fHk0; path=/; httponly
date: Sat, 19 Jul 2025 13:24:56 GMT
connection: keep-alive
keep-alive: timeout=5
transfer-encoding: chunked

{
    "success": true,
    "status": 200,
    "message": "Login successful",
    "data": {
        "id": "687b9ca79d1b4b028865d850",
        "name": "devora.gutkowski",
        "email": "clifford.kuhic@gmail.com",
        "token": "695113fc3f8e42d5b38f4a08ff273b16fb7db1f4249844adb76520e194e8b19c"
    }
}
Request URI:	https://practice.expandtesting.com/notes/api/notes
Request URI:	https://practice.expandtesting.com/notes/api/notes
Request URI:	https://practice.expandtesting.com/notes/api/notes
Request URI:	https://practice.expandtesting.com/notes/api/notes
Request URI:	https://practice.expandtesting.com/notes/api/notes
Request URI:	https://practice.expandtesting.com/notes/api/notes
Request URI:	https://practice.expandtesting.com/notes/api/notes
Request URI:	https://practice.expandtesting.com/notes/api/notes
Request URI:	https://practice.expandtesting.com/notes/api/notes
Request URI:	https://practice.expandtesting.com/notes/api/notes
Request URI:	https://practice.expandtesting.com/notes/api/notes
Request URI:	https://practice.expandtesting.com/notes/api/notes
Request URI:	https://practice.expandtesting.com/notes/api/notes
Request URI:	https://practice.expandtesting.com/notes/api/notes
Request URI:	https://practice.expandtesting.com/notes/api/notes
Request URI:	https://practice.expandtesting.com/notes/api/notes
Request URI:	https://practice.expandtesting.com/notes/api/notes
Request URI:	https://practice.expandtesting.com/notes/api/notes
Request URI:	https://practice.expandtesting.com/notes/api/notes
Request URI:	https://practice.expandtesting.com/notes/api/notes
Request URI:	https://practice.expandtesting.com/notes/api/notes
Request URI:	https://practice.expandtesting.com/notes/api/notes
Request URI:	https://practice.expandtesting.com/notes/api/notes
Request URI:	https://practice.expandtesting.com/notes/api/notes
Request URI:	https://practice.expandtesting.com/notes/api/notes
Request URI:	https://practice.expandtesting.com/notes/api/notes
Request URI:	https://practice.expandtesting.com/notes/api/notes
Request URI:	https://practice.expandtesting.com/notes/api/notes
Request URI:	https://practice.expandtesting.com/notes/api/notes
Request URI:	https://practice.expandtesting.com/notes/api/notes
Request URI:	https://practice.expandtesting.com/notes/api/notes
Request URI:	https://practice.expandtesting.com/notes/api/notes
Request URI:	https://practice.expandtesting.com/notes/api/notes
Request URI:	https://practice.expandtesting.com/notes/api/notes
Request URI:	https://practice.expandtesting.com/notes/api/notes
Request URI:	https://practice.expandtesting.com/notes/api/notes
Request URI:	https://practice.expandtesting.com/notes/api/notes
Request URI:	https://practice.expandtesting.com/notes/api/notes
Request URI:	https://practice.expandtesting.com/notes/api/notes
Request URI:	https://practice.expandtesting.com/notes/api/notes
Request URI:	https://practice.expandtesting.com/notes/api/notes
Request URI:	https://practice.expandtesting.com/notes/api/notes
Request URI:	https://practice.expandtesting.com/notes/api/notes
Request URI:	https://practice.expandtesting.com/notes/api/notes
Request URI:	https://practice.expandtesting.com/notes/api/notes
Request URI:	https://practice.expandtesting.com/notes/api/notes
HTTP/1.1 200 OK
access-control-allow-origin: *
access-control-allow-credentials: true
access-control-allow-methods: GET, POST, PUT, DELETE, PATCH
access-control-allow-headers: Origin, X-Requested-With, Authorization, Content-Type, Accept, X-Auth-Token
content-type: application/json; charset=utf-8
content-encoding: gzip
etag: W/"42-+gnRam/I/fj7L6+KoS9/Dl6iEoo"
set-cookie: express:sess=eyJmbGFzaCI6e319; path=/; httponly
set-cookie: express:sess.sig=tdt42nQZiQvICqmrvHQ1_16fHk0; path=/; httponly
date: Sat, 19 Jul 2025 13:24:56 GMT
connection: keep-alive
keep-alive: timeout=5
transfer-encoding: chunked

{
    "success": true,
    "status": 200,
    "message": "No notes found",
    "data": [
        
    ]
}
Request URI:	https://practice.expandtesting.com/notes/api/notes/me
Request URI:	https://practice.expandtesting.com/notes/api/notes/me
Request URI:	https://practice.expandtesting.com/notes/api/notes/me
Request URI:	https://practice.expandtesting.com/notes/api/notes/me
Request URI:	https://practice.expandtesting.com/notes/api/notes/me
Request URI:	https://practice.expandtesting.com/notes/api/notes/me
Request URI:	https://practice.expandtesting.com/notes/api/notes/me
Request URI:	https://practice.expandtesting.com/notes/api/notes/me
Request URI:	https://practice.expandtesting.com/notes/api/notes/me
Request URI:	https://practice.expandtesting.com/notes/api/notes/me
Request URI:	https://practice.expandtesting.com/notes/api/notes/me
Request URI:	https://practice.expandtesting.com/notes/api/notes/me
Request URI:	https://practice.expandtesting.com/notes/api/notes/me
Request URI:	https://practice.expandtesting.com/notes/api/notes/me
Request URI:	https://practice.expandtesting.com/notes/api/notes/me
Request URI:	https://practice.expandtesting.com/notes/api/notes/me
Request URI:	https://practice.expandtesting.com/notes/api/notes/me
Request URI:	https://practice.expandtesting.com/notes/api/notes/me
Request URI:	https://practice.expandtesting.com/notes/api/notes/me
Request URI:	https://practice.expandtesting.com/notes/api/notes/me
Request URI:	https://practice.expandtesting.com/notes/api/notes/me
Request URI:	https://practice.expandtesting.com/notes/api/notes/me
Request URI:	https://practice.expandtesting.com/notes/api/notes/me
Request URI:	https://practice.expandtesting.com/notes/api/notes/me
Request URI:	https://practice.expandtesting.com/notes/api/notes/me
Request URI:	https://practice.expandtesting.com/notes/api/notes/me
Request URI:	https://practice.expandtesting.com/notes/api/notes/me
Request URI:	https://practice.expandtesting.com/notes/api/notes/me
Request URI:	https://practice.expandtesting.com/notes/api/notes/me
Request URI:	https://practice.expandtesting.com/notes/api/notes/me
Request URI:	https://practice.expandtesting.com/notes/api/notes/me
Request URI:	https://practice.expandtesting.com/notes/api/notes/me
Request URI:	https://practice.expandtesting.com/notes/api/notes/me
Request URI:	https://practice.expandtesting.com/notes/api/notes/me
Request URI:	https://practice.expandtesting.com/notes/api/notes/me
Request URI:	https://practice.expandtesting.com/notes/api/notes/me
Request URI:	https://practice.expandtesting.com/notes/api/notes/me
Request URI:	https://practice.expandtesting.com/notes/api/notes/me
Request URI:	https://practice.expandtesting.com/notes/api/notes/me
Request URI:	https://practice.expandtesting.com/notes/api/notes/me
Request URI:	https://practice.expandtesting.com/notes/api/notes/me
Request URI:	https://practice.expandtesting.com/notes/api/notes/me
Request URI:	https://practice.expandtesting.com/notes/api/notes/me
Request URI:	https://practice.expandtesting.com/notes/api/notes/me
Request URI:	https://practice.expandtesting.com/notes/api/notes/me
Request URI:	https://practice.expandtesting.com/notes/api/notes/me
Request URI:	https://practice.expandtesting.com/notes/api/users/register
Request URI:	https://practice.expandtesting.com/notes/api/users/register
Request URI:	https://practice.expandtesting.com/notes/api/users/register
Request URI:	https://practice.expandtesting.com/notes/api/users/register
Request URI:	https://practice.expandtesting.com/notes/api/users/register
Request URI:	https://practice.expandtesting.com/notes/api/users/register
Request URI:	https://practice.expandtesting.com/notes/api/users/register
Request URI:	https://practice.expandtesting.com/notes/api/users/register
Request URI:	https://practice.expandtesting.com/notes/api/users/register
Request URI:	https://practice.expandtesting.com/notes/api/users/register
Request URI:	https://practice.expandtesting.com/notes/api/users/register
Request URI:	https://practice.expandtesting.com/notes/api/users/register
Request URI:	https://practice.expandtesting.com/notes/api/users/register
Request URI:	https://practice.expandtesting.com/notes/api/users/register
Request URI:	https://practice.expandtesting.com/notes/api/users/register
Request URI:	https://practice.expandtesting.com/notes/api/users/register
Request URI:	https://practice.expandtesting.com/notes/api/users/register
Request URI:	https://practice.expandtesting.com/notes/api/users/register
Request URI:	https://practice.expandtesting.com/notes/api/users/register
Request URI:	https://practice.expandtesting.com/notes/api/users/register
Request URI:	https://practice.expandtesting.com/notes/api/users/register
Request URI:	https://practice.expandtesting.com/notes/api/users/register
Request URI:	https://practice.expandtesting.com/notes/api/users/register
Request URI:	https://practice.expandtesting.com/notes/api/users/register
Request URI:	https://practice.expandtesting.com/notes/api/users/register
Request URI:	https://practice.expandtesting.com/notes/api/users/register
Request URI:	https://practice.expandtesting.com/notes/api/users/register
Request URI:	https://practice.expandtesting.com/notes/api/users/register
Request URI:	https://practice.expandtesting.com/notes/api/users/register
Request URI:	https://practice.expandtesting.com/notes/api/users/register
Request URI:	https://practice.expandtesting.com/notes/api/users/register
Request URI:	https://practice.expandtesting.com/notes/api/users/register
Request URI:	https://practice.expandtesting.com/notes/api/users/register
Request URI:	https://practice.expandtesting.com/notes/api/users/register
Request URI:	https://practice.expandtesting.com/notes/api/users/register
Request URI:	https://practice.expandtesting.com/notes/api/users/register
Request URI:	https://practice.expandtesting.com/notes/api/users/register
Request URI:	https://practice.expandtesting.com/notes/api/users/register
Request URI:	https://practice.expandtesting.com/notes/api/users/register
Request URI:	https://practice.expandtesting.com/notes/api/users/register
Request URI:	https://practice.expandtesting.com/notes/api/users/register
Request URI:	https://practice.expandtesting.com/notes/api/users/register
Request URI:	https://practice.expandtesting.com/notes/api/users/register
Request URI:	https://practice.expandtesting.com/notes/api/users/register
Request URI:	https://practice.expandtesting.com/notes/api/users/register
Request URI:	https://practice.expandtesting.com/notes/api/users/register
Request URI:	https://practice.expandtesting.com/notes/api/users/register
HTTP/1.1 201 Created
access-control-allow-origin: *
access-control-allow-credentials: true
access-control-allow-methods: GET, POST, PUT, DELETE, PATCH
access-control-allow-headers: Origin, X-Requested-With, Authorization, Content-Type, Accept, X-Auth-Token
content-type: application/json; charset=utf-8
content-encoding: gzip
etag: W/"b2-6OgF+Pge/MpAOPUbilC/+p/QPZY"
set-cookie: express:sess=eyJmbGFzaCI6e319; path=/; httponly
set-cookie: express:sess.sig=tdt42nQZiQvICqmrvHQ1_16fHk0; path=/; httponly
date: Sat, 19 Jul 2025 13:24:57 GMT
connection: keep-alive
keep-alive: timeout=5
transfer-encoding: chunked

{
    "success": true,
    "status": 201,
    "message": "User account created successfully",
    "data": {
        "id": "687b9ca99d1b4b028865d85d",
        "name": "devora.gutkowski",
        "email": "bertram.sauer@hotmail.com"
    }
}
Request URI:	https://practice.expandtesting.com/notes/api/users/login
Request URI:	https://practice.expandtesting.com/notes/api/users/login
Request URI:	https://practice.expandtesting.com/notes/api/users/login
Request URI:	https://practice.expandtesting.com/notes/api/users/login
Request URI:	https://practice.expandtesting.com/notes/api/users/login
Request URI:	https://practice.expandtesting.com/notes/api/users/login
Request URI:	https://practice.expandtesting.com/notes/api/users/login
Request URI:	https://practice.expandtesting.com/notes/api/users/login
Request URI:	https://practice.expandtesting.com/notes/api/users/login
Request URI:	https://practice.expandtesting.com/notes/api/users/login
Request URI:	https://practice.expandtesting.com/notes/api/users/login
Request URI:	https://practice.expandtesting.com/notes/api/users/login
Request URI:	https://practice.expandtesting.com/notes/api/users/login
Request URI:	https://practice.expandtesting.com/notes/api/users/login
Request URI:	https://practice.expandtesting.com/notes/api/users/login
Request URI:	https://practice.expandtesting.com/notes/api/users/login
Request URI:	https://practice.expandtesting.com/notes/api/users/login
Request URI:	https://practice.expandtesting.com/notes/api/users/login
Request URI:	https://practice.expandtesting.com/notes/api/users/login
Request URI:	https://practice.expandtesting.com/notes/api/users/login
Request URI:	https://practice.expandtesting.com/notes/api/users/login
Request URI:	https://practice.expandtesting.com/notes/api/users/login
Request URI:	https://practice.expandtesting.com/notes/api/users/login
Request URI:	https://practice.expandtesting.com/notes/api/users/login
Request URI:	https://practice.expandtesting.com/notes/api/users/login
Request URI:	https://practice.expandtesting.com/notes/api/users/login
Request URI:	https://practice.expandtesting.com/notes/api/users/login
Request URI:	https://practice.expandtesting.com/notes/api/users/login
Request URI:	https://practice.expandtesting.com/notes/api/users/login
Request URI:	https://practice.expandtesting.com/notes/api/users/login
Request URI:	https://practice.expandtesting.com/notes/api/users/login
Request URI:	https://practice.expandtesting.com/notes/api/users/login
Request URI:	https://practice.expandtesting.com/notes/api/users/login
Request URI:	https://practice.expandtesting.com/notes/api/users/login
Request URI:	https://practice.expandtesting.com/notes/api/users/login
Request URI:	https://practice.expandtesting.com/notes/api/users/login
Request URI:	https://practice.expandtesting.com/notes/api/users/login
Request URI:	https://practice.expandtesting.com/notes/api/users/login
Request URI:	https://practice.expandtesting.com/notes/api/users/login
Request URI:	https://practice.expandtesting.com/notes/api/users/login
Request URI:	https://practice.expandtesting.com/notes/api/users/login
Request URI:	https://practice.expandtesting.com/notes/api/users/login
Request URI:	https://practice.expandtesting.com/notes/api/users/login
Request URI:	https://practice.expandtesting.com/notes/api/users/login
Request URI:	https://practice.expandtesting.com/notes/api/users/login
Request URI:	https://practice.expandtesting.com/notes/api/users/login
Request URI:	https://practice.expandtesting.com/notes/api/users/login
HTTP/1.1 200 OK
access-control-allow-origin: *
access-control-allow-credentials: true
access-control-allow-methods: GET, POST, PUT, DELETE, PATCH
access-control-allow-headers: Origin, X-Requested-With, Authorization, Content-Type, Accept, X-Auth-Token
content-type: application/json; charset=utf-8
content-encoding: gzip
etag: W/"ec-jBoE55YPiQkDBjVTM+HsmUqqe48"
set-cookie: express:sess=eyJmbGFzaCI6e319; path=/; httponly
set-cookie: express:sess.sig=tdt42nQZiQvICqmrvHQ1_16fHk0; path=/; httponly
date: Sat, 19 Jul 2025 13:24:57 GMT
connection: keep-alive
keep-alive: timeout=5
transfer-encoding: chunked

{
    "success": true,
    "status": 200,
    "message": "Login successful",
    "data": {
        "id": "687b9ca99d1b4b028865d85d",
        "name": "devora.gutkowski",
        "email": "bertram.sauer@hotmail.com",
        "token": "a3b5e4aded034c548dc3439c45b1936ddedf57cc597445519f69ba2c20094641"
    }
}
Request URI:	https://practice.expandtesting.com/notes/api/notes
Request URI:	https://practice.expandtesting.com/notes/api/notes
Request URI:	https://practice.expandtesting.com/notes/api/notes
Request URI:	https://practice.expandtesting.com/notes/api/notes
Request URI:	https://practice.expandtesting.com/notes/api/notes
Request URI:	https://practice.expandtesting.com/notes/api/notes
Request URI:	https://practice.expandtesting.com/notes/api/notes
Request URI:	https://practice.expandtesting.com/notes/api/notes
Request URI:	https://practice.expandtesting.com/notes/api/notes
Request URI:	https://practice.expandtesting.com/notes/api/notes
Request URI:	https://practice.expandtesting.com/notes/api/notes
Request URI:	https://practice.expandtesting.com/notes/api/notes
Request URI:	https://practice.expandtesting.com/notes/api/notes
Request URI:	https://practice.expandtesting.com/notes/api/notes
Request URI:	https://practice.expandtesting.com/notes/api/notes
Request URI:	https://practice.expandtesting.com/notes/api/notes
Request URI:	https://practice.expandtesting.com/notes/api/notes
Request URI:	https://practice.expandtesting.com/notes/api/notes
Request URI:	https://practice.expandtesting.com/notes/api/notes
Request URI:	https://practice.expandtesting.com/notes/api/notes
Request URI:	https://practice.expandtesting.com/notes/api/notes
Request URI:	https://practice.expandtesting.com/notes/api/notes
Request URI:	https://practice.expandtesting.com/notes/api/notes
Request URI:	https://practice.expandtesting.com/notes/api/notes
Request URI:	https://practice.expandtesting.com/notes/api/notes
Request URI:	https://practice.expandtesting.com/notes/api/notes
Request URI:	https://practice.expandtesting.com/notes/api/notes
Request URI:	https://practice.expandtesting.com/notes/api/notes
Request URI:	https://practice.expandtesting.com/notes/api/notes
Request URI:	https://practice.expandtesting.com/notes/api/notes
Request URI:	https://practice.expandtesting.com/notes/api/notes
Request URI:	https://practice.expandtesting.com/notes/api/notes
Request URI:	https://practice.expandtesting.com/notes/api/notes
Request URI:	https://practice.expandtesting.com/notes/api/notes
Request URI:	https://practice.expandtesting.com/notes/api/notes
Request URI:	https://practice.expandtesting.com/notes/api/notes
Request URI:	https://practice.expandtesting.com/notes/api/notes
Request URI:	https://practice.expandtesting.com/notes/api/notes
Request URI:	https://practice.expandtesting.com/notes/api/notes
Request URI:	https://practice.expandtesting.com/notes/api/notes
Request URI:	https://practice.expandtesting.com/notes/api/notes
Request URI:	https://practice.expandtesting.com/notes/api/notes
Request URI:	https://practice.expandtesting.com/notes/api/notes
Request URI:	https://practice.expandtesting.com/notes/api/notes
Request URI:	https://practice.expandtesting.com/notes/api/notes
Request URI:	https://practice.expandtesting.com/notes/api/notes
Request URI:	https://practice.expandtesting.com/notes/api/notes
Request method:	POST
Request URI:	https://practice.expandtesting.com/notes/api/notes
Proxy:			<none>
Request params:	<none>
Query params:	<none>
Form params:	title=fqwk66qo2x
				description=Eos iure quam.
				category=Home
Path params:	<none>
Headers:		X-Auth-Token=a3b5e4aded034c548dc3439c45b1936ddedf57cc597445519f69ba2c20094641
				Accept=application/json, application/javascript, text/javascript, text/json
				Content-Type=application/x-www-form-urlencoded; charset=UTF-8
Cookies:		<none>
Multiparts:		<none>
Body:			<none>
HTTP/1.1 200 OK
access-control-allow-origin: *
access-control-allow-credentials: true
access-control-allow-methods: GET, POST, PUT, DELETE, PATCH
access-control-allow-headers: Origin, X-Requested-With, Authorization, Content-Type, Accept, X-Auth-Token
content-type: application/json; charset=utf-8
content-encoding: gzip
etag: W/"139-O6Vgq1x99sAlLtuHjKo/oXwdbYY"
set-cookie: express:sess=eyJmbGFzaCI6e319; path=/; httponly
set-cookie: express:sess.sig=tdt42nQZiQvICqmrvHQ1_16fHk0; path=/; httponly
date: Sat, 19 Jul 2025 13:24:58 GMT
connection: keep-alive
keep-alive: timeout=5
transfer-encoding: chunked

{
    "success": true,
    "status": 200,
    "message": "Note successfully created",
    "data": {
        "id": "687b9caa9d1b4b028865d865",
        "title": "fqwk66qo2x",
        "description": "Eos iure quam.",
        "category": "Home",
        "completed": false,
        "created_at": "2025-07-19T13:24:58.683Z",
        "updated_at": "2025-07-19T13:24:58.683Z",
        "user_id": "687b9ca99d1b4b028865d85d"
    }
}
Request URI:	https://practice.expandtesting.com/notes/api/notes/687b9caa9d1b4b028865d865
Request URI:	https://practice.expandtesting.com/notes/api/notes/687b9caa9d1b4b028865d865
Request URI:	https://practice.expandtesting.com/notes/api/notes/687b9caa9d1b4b028865d865
Request URI:	https://practice.expandtesting.com/notes/api/notes/687b9caa9d1b4b028865d865
Request URI:	https://practice.expandtesting.com/notes/api/notes/687b9caa9d1b4b028865d865
Request URI:	https://practice.expandtesting.com/notes/api/notes/687b9caa9d1b4b028865d865
Request URI:	https://practice.expandtesting.com/notes/api/notes/687b9caa9d1b4b028865d865
Request URI:	https://practice.expandtesting.com/notes/api/notes/687b9caa9d1b4b028865d865
Request URI:	https://practice.expandtesting.com/notes/api/notes/687b9caa9d1b4b028865d865
Request URI:	https://practice.expandtesting.com/notes/api/notes/687b9caa9d1b4b028865d865
Request URI:	https://practice.expandtesting.com/notes/api/notes/687b9caa9d1b4b028865d865
Request URI:	https://practice.expandtesting.com/notes/api/notes/687b9caa9d1b4b028865d865
Request URI:	https://practice.expandtesting.com/notes/api/notes/687b9caa9d1b4b028865d865
Request URI:	https://practice.expandtesting.com/notes/api/notes/687b9caa9d1b4b028865d865
Request URI:	https://practice.expandtesting.com/notes/api/notes/687b9caa9d1b4b028865d865
Request URI:	https://practice.expandtesting.com/notes/api/notes/687b9caa9d1b4b028865d865
Request URI:	https://practice.expandtesting.com/notes/api/notes/687b9caa9d1b4b028865d865
Request URI:	https://practice.expandtesting.com/notes/api/notes/687b9caa9d1b4b028865d865
Request URI:	https://practice.expandtesting.com/notes/api/notes/687b9caa9d1b4b028865d865
Request URI:	https://practice.expandtesting.com/notes/api/notes/687b9caa9d1b4b028865d865
Request URI:	https://practice.expandtesting.com/notes/api/notes/687b9caa9d1b4b028865d865
Request URI:	https://practice.expandtesting.com/notes/api/notes/687b9caa9d1b4b028865d865
Request URI:	https://practice.expandtesting.com/notes/api/notes/687b9caa9d1b4b028865d865
Request URI:	https://practice.expandtesting.com/notes/api/notes/687b9caa9d1b4b028865d865
Request URI:	https://practice.expandtesting.com/notes/api/notes/687b9caa9d1b4b028865d865
Request URI:	https://practice.expandtesting.com/notes/api/notes/687b9caa9d1b4b028865d865
Request URI:	https://practice.expandtesting.com/notes/api/notes/687b9caa9d1b4b028865d865
Request URI:	https://practice.expandtesting.com/notes/api/notes/687b9caa9d1b4b028865d865
Request URI:	https://practice.expandtesting.com/notes/api/notes/687b9caa9d1b4b028865d865
Request URI:	https://practice.expandtesting.com/notes/api/notes/687b9caa9d1b4b028865d865
Request URI:	https://practice.expandtesting.com/notes/api/notes/687b9caa9d1b4b028865d865
Request URI:	https://practice.expandtesting.com/notes/api/notes/687b9caa9d1b4b028865d865
Request URI:	https://practice.expandtesting.com/notes/api/notes/687b9caa9d1b4b028865d865
Request URI:	https://practice.expandtesting.com/notes/api/notes/687b9caa9d1b4b028865d865
Request URI:	https://practice.expandtesting.com/notes/api/notes/687b9caa9d1b4b028865d865
Request URI:	https://practice.expandtesting.com/notes/api/notes/687b9caa9d1b4b028865d865
Request URI:	https://practice.expandtesting.com/notes/api/notes/687b9caa9d1b4b028865d865
Request URI:	https://practice.expandtesting.com/notes/api/notes/687b9caa9d1b4b028865d865
Request URI:	https://practice.expandtesting.com/notes/api/notes/687b9caa9d1b4b028865d865
Request URI:	https://practice.expandtesting.com/notes/api/notes/687b9caa9d1b4b028865d865
Request URI:	https://practice.expandtesting.com/notes/api/notes/687b9caa9d1b4b028865d865
Request URI:	https://practice.expandtesting.com/notes/api/notes/687b9caa9d1b4b028865d865
Request URI:	https://practice.expandtesting.com/notes/api/notes/687b9caa9d1b4b028865d865
Request URI:	https://practice.expandtesting.com/notes/api/notes/687b9caa9d1b4b028865d865
Request URI:	https://practice.expandtesting.com/notes/api/notes/687b9caa9d1b4b028865d865
Request URI:	https://practice.expandtesting.com/notes/api/notes/687b9caa9d1b4b028865d865
Request URI:	https://practice.expandtesting.com/notes/api/notes/687b9caa9d1b4b028865d865
Request method:	PATCH
Request URI:	https://practice.expandtesting.com/notes/api/notes/687b9caa9d1b4b028865d865
Proxy:			<none>
Request params:	<none>
Query params:	<none>
Form params:	<none>
Path params:	id=687b9caa9d1b4b028865d865
Headers:		X-Auth-Token=a3b5e4aded034c548dc3439c45b1936ddedf57cc597445519f69ba2c20094641
				Accept=*/*
				Content-Type=application/json
Cookies:		<none>
Multiparts:		<none>
Body:
{
    "completed": false
}
HTTP/1.1 200 OK
access-control-allow-origin: *
access-control-allow-credentials: true
access-control-allow-methods: GET, POST, PUT, DELETE, PATCH
access-control-allow-headers: Origin, X-Requested-With, Authorization, Content-Type, Accept, X-Auth-Token
content-type: application/json; charset=utf-8
content-encoding: gzip
etag: W/"139-fe8wvLO2loBTvNMF0To5mCjgRd0"
set-cookie: express:sess=eyJmbGFzaCI6e319; path=/; httponly
set-cookie: express:sess.sig=tdt42nQZiQvICqmrvHQ1_16fHk0; path=/; httponly
date: Sat, 19 Jul 2025 13:24:59 GMT
connection: keep-alive
keep-alive: timeout=5
transfer-encoding: chunked

{
    "success": true,
    "status": 200,
    "message": "Note successfully Updated",
    "data": {
        "id": "687b9caa9d1b4b028865d865",
        "title": "fqwk66qo2x",
        "description": "Eos iure quam.",
        "category": "Home",
        "completed": false,
        "created_at": "2025-07-19T13:24:58.683Z",
        "updated_at": "2025-07-19T13:24:58.683Z",
        "user_id": "687b9ca99d1b4b028865d85d"
    }
}
Request URI:	https://practice.expandtesting.com/notes/api/notes/me
Request URI:	https://practice.expandtesting.com/notes/api/notes/me
Request URI:	https://practice.expandtesting.com/notes/api/notes/me
Request URI:	https://practice.expandtesting.com/notes/api/notes/me
Request URI:	https://practice.expandtesting.com/notes/api/notes/me
Request URI:	https://practice.expandtesting.com/notes/api/notes/me
Request URI:	https://practice.expandtesting.com/notes/api/notes/me
Request URI:	https://practice.expandtesting.com/notes/api/notes/me
Request URI:	https://practice.expandtesting.com/notes/api/notes/me
Request URI:	https://practice.expandtesting.com/notes/api/notes/me
Request URI:	https://practice.expandtesting.com/notes/api/notes/me
Request URI:	https://practice.expandtesting.com/notes/api/notes/me
Request URI:	https://practice.expandtesting.com/notes/api/notes/me
Request URI:	https://practice.expandtesting.com/notes/api/notes/me
Request URI:	https://practice.expandtesting.com/notes/api/notes/me
Request URI:	https://practice.expandtesting.com/notes/api/notes/me
Request URI:	https://practice.expandtesting.com/notes/api/notes/me
Request URI:	https://practice.expandtesting.com/notes/api/notes/me
Request URI:	https://practice.expandtesting.com/notes/api/notes/me
Request URI:	https://practice.expandtesting.com/notes/api/notes/me
Request URI:	https://practice.expandtesting.com/notes/api/notes/me
Request URI:	https://practice.expandtesting.com/notes/api/notes/me
Request URI:	https://practice.expandtesting.com/notes/api/notes/me
Request URI:	https://practice.expandtesting.com/notes/api/notes/me
Request URI:	https://practice.expandtesting.com/notes/api/notes/me
Request URI:	https://practice.expandtesting.com/notes/api/notes/me
Request URI:	https://practice.expandtesting.com/notes/api/notes/me
Request URI:	https://practice.expandtesting.com/notes/api/notes/me
Request URI:	https://practice.expandtesting.com/notes/api/notes/me
Request URI:	https://practice.expandtesting.com/notes/api/notes/me
Request URI:	https://practice.expandtesting.com/notes/api/notes/me
Request URI:	https://practice.expandtesting.com/notes/api/notes/me
Request URI:	https://practice.expandtesting.com/notes/api/notes/me
Request URI:	https://practice.expandtesting.com/notes/api/notes/me
Request URI:	https://practice.expandtesting.com/notes/api/notes/me
Request URI:	https://practice.expandtesting.com/notes/api/notes/me
Request URI:	https://practice.expandtesting.com/notes/api/notes/me
Request URI:	https://practice.expandtesting.com/notes/api/notes/me
Request URI:	https://practice.expandtesting.com/notes/api/notes/me
Request URI:	https://practice.expandtesting.com/notes/api/notes/me
Request URI:	https://practice.expandtesting.com/notes/api/notes/me
Request URI:	https://practice.expandtesting.com/notes/api/notes/me
Request URI:	https://practice.expandtesting.com/notes/api/notes/me
Request URI:	https://practice.expandtesting.com/notes/api/notes/me
Request URI:	https://practice.expandtesting.com/notes/api/notes/me
Request URI:	https://practice.expandtesting.com/notes/api/notes/me
Request URI:	https://practice.expandtesting.com/notes/api/notes/me
Request URI:	https://practice.expandtesting.com/notes/api/users/register
Request URI:	https://practice.expandtesting.com/notes/api/users/register
Request URI:	https://practice.expandtesting.com/notes/api/users/register
Request URI:	https://practice.expandtesting.com/notes/api/users/register
Request URI:	https://practice.expandtesting.com/notes/api/users/register
Request URI:	https://practice.expandtesting.com/notes/api/users/register
Request URI:	https://practice.expandtesting.com/notes/api/users/register
Request URI:	https://practice.expandtesting.com/notes/api/users/register
Request URI:	https://practice.expandtesting.com/notes/api/users/register
Request URI:	https://practice.expandtesting.com/notes/api/users/register
Request URI:	https://practice.expandtesting.com/notes/api/users/register
Request URI:	https://practice.expandtesting.com/notes/api/users/register
Request URI:	https://practice.expandtesting.com/notes/api/users/register
Request URI:	https://practice.expandtesting.com/notes/api/users/register
Request URI:	https://practice.expandtesting.com/notes/api/users/register
Request URI:	https://practice.expandtesting.com/notes/api/users/register
Request URI:	https://practice.expandtesting.com/notes/api/users/register
Request URI:	https://practice.expandtesting.com/notes/api/users/register
Request URI:	https://practice.expandtesting.com/notes/api/users/register
Request URI:	https://practice.expandtesting.com/notes/api/users/register
Request URI:	https://practice.expandtesting.com/notes/api/users/register
Request URI:	https://practice.expandtesting.com/notes/api/users/register
Request URI:	https://practice.expandtesting.com/notes/api/users/register
Request URI:	https://practice.expandtesting.com/notes/api/users/register
Request URI:	https://practice.expandtesting.com/notes/api/users/register
Request URI:	https://practice.expandtesting.com/notes/api/users/register
Request URI:	https://practice.expandtesting.com/notes/api/users/register
Request URI:	https://practice.expandtesting.com/notes/api/users/register
Request URI:	https://practice.expandtesting.com/notes/api/users/register
Request URI:	https://practice.expandtesting.com/notes/api/users/register
Request URI:	https://practice.expandtesting.com/notes/api/users/register
Request URI:	https://practice.expandtesting.com/notes/api/users/register
Request URI:	https://practice.expandtesting.com/notes/api/users/register
Request URI:	https://practice.expandtesting.com/notes/api/users/register
Request URI:	https://practice.expandtesting.com/notes/api/users/register
Request URI:	https://practice.expandtesting.com/notes/api/users/register
Request URI:	https://practice.expandtesting.com/notes/api/users/register
Request URI:	https://practice.expandtesting.com/notes/api/users/register
Request URI:	https://practice.expandtesting.com/notes/api/users/register
Request URI:	https://practice.expandtesting.com/notes/api/users/register
Request URI:	https://practice.expandtesting.com/notes/api/users/register
Request URI:	https://practice.expandtesting.com/notes/api/users/register
Request URI:	https://practice.expandtesting.com/notes/api/users/register
Request URI:	https://practice.expandtesting.com/notes/api/users/register
Request URI:	https://practice.expandtesting.com/notes/api/users/register
Request URI:	https://practice.expandtesting.com/notes/api/users/register
Request URI:	https://practice.expandtesting.com/notes/api/users/register
Request URI:	https://practice.expandtesting.com/notes/api/users/register
HTTP/1.1 201 Created
access-control-allow-origin: *
access-control-allow-credentials: true
access-control-allow-methods: GET, POST, PUT, DELETE, PATCH
access-control-allow-headers: Origin, X-Requested-With, Authorization, Content-Type, Accept, X-Auth-Token
content-type: application/json; charset=utf-8
content-encoding: gzip
etag: W/"b4-VK6FTdJTq9wW0dJ8Ia24B5YkyMw"
set-cookie: express:sess=eyJmbGFzaCI6e319; path=/; httponly
set-cookie: express:sess.sig=tdt42nQZiQvICqmrvHQ1_16fHk0; path=/; httponly
date: Sat, 19 Jul 2025 13:24:59 GMT
connection: keep-alive
keep-alive: timeout=5
transfer-encoding: chunked

{
    "success": true,
    "status": 201,
    "message": "User account created successfully",
    "data": {
        "id": "687b9cab9d1b4b028865d86c",
        "name": "devora.gutkowski",
        "email": "lashandra.witting@gmail.com"
    }
}
Request URI:	https://practice.expandtesting.com/notes/api/users/login
Request URI:	https://practice.expandtesting.com/notes/api/users/login
Request URI:	https://practice.expandtesting.com/notes/api/users/login
Request URI:	https://practice.expandtesting.com/notes/api/users/login
Request URI:	https://practice.expandtesting.com/notes/api/users/login
Request URI:	https://practice.expandtesting.com/notes/api/users/login
Request URI:	https://practice.expandtesting.com/notes/api/users/login
Request URI:	https://practice.expandtesting.com/notes/api/users/login
Request URI:	https://practice.expandtesting.com/notes/api/users/login
Request URI:	https://practice.expandtesting.com/notes/api/users/login
Request URI:	https://practice.expandtesting.com/notes/api/users/login
Request URI:	https://practice.expandtesting.com/notes/api/users/login
Request URI:	https://practice.expandtesting.com/notes/api/users/login
Request URI:	https://practice.expandtesting.com/notes/api/users/login
Request URI:	https://practice.expandtesting.com/notes/api/users/login
Request URI:	https://practice.expandtesting.com/notes/api/users/login
Request URI:	https://practice.expandtesting.com/notes/api/users/login
Request URI:	https://practice.expandtesting.com/notes/api/users/login
Request URI:	https://practice.expandtesting.com/notes/api/users/login
Request URI:	https://practice.expandtesting.com/notes/api/users/login
Request URI:	https://practice.expandtesting.com/notes/api/users/login
Request URI:	https://practice.expandtesting.com/notes/api/users/login
Request URI:	https://practice.expandtesting.com/notes/api/users/login
Request URI:	https://practice.expandtesting.com/notes/api/users/login
Request URI:	https://practice.expandtesting.com/notes/api/users/login
Request URI:	https://practice.expandtesting.com/notes/api/users/login
Request URI:	https://practice.expandtesting.com/notes/api/users/login
Request URI:	https://practice.expandtesting.com/notes/api/users/login
Request URI:	https://practice.expandtesting.com/notes/api/users/login
Request URI:	https://practice.expandtesting.com/notes/api/users/login
Request URI:	https://practice.expandtesting.com/notes/api/users/login
Request URI:	https://practice.expandtesting.com/notes/api/users/login
Request URI:	https://practice.expandtesting.com/notes/api/users/login
Request URI:	https://practice.expandtesting.com/notes/api/users/login
Request URI:	https://practice.expandtesting.com/notes/api/users/login
Request URI:	https://practice.expandtesting.com/notes/api/users/login
Request URI:	https://practice.expandtesting.com/notes/api/users/login
Request URI:	https://practice.expandtesting.com/notes/api/users/login
Request URI:	https://practice.expandtesting.com/notes/api/users/login
Request URI:	https://practice.expandtesting.com/notes/api/users/login
Request URI:	https://practice.expandtesting.com/notes/api/users/login
Request URI:	https://practice.expandtesting.com/notes/api/users/login
Request URI:	https://practice.expandtesting.com/notes/api/users/login
Request URI:	https://practice.expandtesting.com/notes/api/users/login
Request URI:	https://practice.expandtesting.com/notes/api/users/login
Request URI:	https://practice.expandtesting.com/notes/api/users/login
Request URI:	https://practice.expandtesting.com/notes/api/users/login
Request URI:	https://practice.expandtesting.com/notes/api/users/login
HTTP/1.1 200 OK
access-control-allow-origin: *
access-control-allow-credentials: true
access-control-allow-methods: GET, POST, PUT, DELETE, PATCH
access-control-allow-headers: Origin, X-Requested-With, Authorization, Content-Type, Accept, X-Auth-Token
content-type: application/json; charset=utf-8
content-encoding: gzip
etag: W/"ee-0ixuAIkft3Ow4VxhryerPbLXusg"
set-cookie: express:sess=eyJmbGFzaCI6e319; path=/; httponly
set-cookie: express:sess.sig=tdt42nQZiQvICqmrvHQ1_16fHk0; path=/; httponly
date: Sat, 19 Jul 2025 13:25:00 GMT
connection: keep-alive
keep-alive: timeout=5
transfer-encoding: chunked

{
    "success": true,
    "status": 200,
    "message": "Login successful",
    "data": {
        "id": "687b9cab9d1b4b028865d86c",
        "name": "devora.gutkowski",
        "email": "lashandra.witting@gmail.com",
        "token": "537455435583425ea0864d4d00e45292aa5296df50b34eab878c1401fb759f93"
    }
}
Request URI:	https://practice.expandtesting.com/notes/api/notes
Request URI:	https://practice.expandtesting.com/notes/api/notes
Request URI:	https://practice.expandtesting.com/notes/api/notes
Request URI:	https://practice.expandtesting.com/notes/api/notes
Request URI:	https://practice.expandtesting.com/notes/api/notes
Request URI:	https://practice.expandtesting.com/notes/api/notes
Request URI:	https://practice.expandtesting.com/notes/api/notes
Request URI:	https://practice.expandtesting.com/notes/api/notes
Request URI:	https://practice.expandtesting.com/notes/api/notes
Request URI:	https://practice.expandtesting.com/notes/api/notes
Request URI:	https://practice.expandtesting.com/notes/api/notes
Request URI:	https://practice.expandtesting.com/notes/api/notes
Request URI:	https://practice.expandtesting.com/notes/api/notes
Request URI:	https://practice.expandtesting.com/notes/api/notes
Request URI:	https://practice.expandtesting.com/notes/api/notes
Request URI:	https://practice.expandtesting.com/notes/api/notes
Request URI:	https://practice.expandtesting.com/notes/api/notes
Request URI:	https://practice.expandtesting.com/notes/api/notes
Request URI:	https://practice.expandtesting.com/notes/api/notes
Request URI:	https://practice.expandtesting.com/notes/api/notes
Request URI:	https://practice.expandtesting.com/notes/api/notes
Request URI:	https://practice.expandtesting.com/notes/api/notes
Request URI:	https://practice.expandtesting.com/notes/api/notes
Request URI:	https://practice.expandtesting.com/notes/api/notes
Request URI:	https://practice.expandtesting.com/notes/api/notes
Request URI:	https://practice.expandtesting.com/notes/api/notes
Request URI:	https://practice.expandtesting.com/notes/api/notes
Request URI:	https://practice.expandtesting.com/notes/api/notes
Request URI:	https://practice.expandtesting.com/notes/api/notes
Request URI:	https://practice.expandtesting.com/notes/api/notes
Request URI:	https://practice.expandtesting.com/notes/api/notes
Request URI:	https://practice.expandtesting.com/notes/api/notes
Request URI:	https://practice.expandtesting.com/notes/api/notes
Request URI:	https://practice.expandtesting.com/notes/api/notes
Request URI:	https://practice.expandtesting.com/notes/api/notes
Request URI:	https://practice.expandtesting.com/notes/api/notes
Request URI:	https://practice.expandtesting.com/notes/api/notes
Request URI:	https://practice.expandtesting.com/notes/api/notes
Request URI:	https://practice.expandtesting.com/notes/api/notes
Request URI:	https://practice.expandtesting.com/notes/api/notes
Request URI:	https://practice.expandtesting.com/notes/api/notes
Request URI:	https://practice.expandtesting.com/notes/api/notes
Request URI:	https://practice.expandtesting.com/notes/api/notes
Request URI:	https://practice.expandtesting.com/notes/api/notes
Request URI:	https://practice.expandtesting.com/notes/api/notes
Request URI:	https://practice.expandtesting.com/notes/api/notes
Request URI:	https://practice.expandtesting.com/notes/api/notes
Request URI:	https://practice.expandtesting.com/notes/api/notes
Request method:	POST
Request URI:	https://practice.expandtesting.com/notes/api/notes
Proxy:			<none>
Request params:	<none>
Query params:	<none>
Form params:	<none>
Path params:	<none>
Headers:		X-Auth-Token=537455435583425ea0864d4d00e45292aa5296df50b34eab878c1401fb759f93
				Accept=*/*
				Content-Type=application/json
Cookies:		<none>
Multiparts:		<none>
Body:
{
    "title": "RTY",
    "description": "Описание для проверки",
    "category": "Home"
}
HTTP/1.1 400 Bad Request
access-control-allow-origin: *
access-control-allow-credentials: true
access-control-allow-methods: GET, POST, PUT, DELETE, PATCH
access-control-allow-headers: Origin, X-Requested-With, Authorization, Content-Type, Accept, X-Auth-Token
content-type: application/json; charset=utf-8
content-encoding: gzip
etag: W/"55-m7rTFXimjgWH5Ep/8NBs2z2X024"
set-cookie: express:sess=eyJmbGFzaCI6e319; path=/; httponly
set-cookie: express:sess.sig=tdt42nQZiQvICqmrvHQ1_16fHk0; path=/; httponly
date: Sat, 19 Jul 2025 13:25:01 GMT
connection: keep-alive
keep-alive: timeout=5
transfer-encoding: chunked

{
    "success": false,
    "status": 400,
    "message": "Title must be between 4 and 100 characters"
}
Request URI:	https://practice.expandtesting.com/notes/api/notes/me
Request URI:	https://practice.expandtesting.com/notes/api/notes/me
Request URI:	https://practice.expandtesting.com/notes/api/notes/me
Request URI:	https://practice.expandtesting.com/notes/api/notes/me
Request URI:	https://practice.expandtesting.com/notes/api/notes/me
Request URI:	https://practice.expandtesting.com/notes/api/notes/me
Request URI:	https://practice.expandtesting.com/notes/api/notes/me
Request URI:	https://practice.expandtesting.com/notes/api/notes/me
Request URI:	https://practice.expandtesting.com/notes/api/notes/me
Request URI:	https://practice.expandtesting.com/notes/api/notes/me
Request URI:	https://practice.expandtesting.com/notes/api/notes/me
Request URI:	https://practice.expandtesting.com/notes/api/notes/me
Request URI:	https://practice.expandtesting.com/notes/api/notes/me
Request URI:	https://practice.expandtesting.com/notes/api/notes/me
Request URI:	https://practice.expandtesting.com/notes/api/notes/me
Request URI:	https://practice.expandtesting.com/notes/api/notes/me
Request URI:	https://practice.expandtesting.com/notes/api/notes/me
Request URI:	https://practice.expandtesting.com/notes/api/notes/me
Request URI:	https://practice.expandtesting.com/notes/api/notes/me
Request URI:	https://practice.expandtesting.com/notes/api/notes/me
Request URI:	https://practice.expandtesting.com/notes/api/notes/me
Request URI:	https://practice.expandtesting.com/notes/api/notes/me
Request URI:	https://practice.expandtesting.com/notes/api/notes/me
Request URI:	https://practice.expandtesting.com/notes/api/notes/me
Request URI:	https://practice.expandtesting.com/notes/api/notes/me
Request URI:	https://practice.expandtesting.com/notes/api/notes/me
Request URI:	https://practice.expandtesting.com/notes/api/notes/me
Request URI:	https://practice.expandtesting.com/notes/api/notes/me
Request URI:	https://practice.expandtesting.com/notes/api/notes/me
Request URI:	https://practice.expandtesting.com/notes/api/notes/me
Request URI:	https://practice.expandtesting.com/notes/api/notes/me
Request URI:	https://practice.expandtesting.com/notes/api/notes/me
Request URI:	https://practice.expandtesting.com/notes/api/notes/me
Request URI:	https://practice.expandtesting.com/notes/api/notes/me
Request URI:	https://practice.expandtesting.com/notes/api/notes/me
Request URI:	https://practice.expandtesting.com/notes/api/notes/me
Request URI:	https://practice.expandtesting.com/notes/api/notes/me
Request URI:	https://practice.expandtesting.com/notes/api/notes/me
Request URI:	https://practice.expandtesting.com/notes/api/notes/me
Request URI:	https://practice.expandtesting.com/notes/api/notes/me
Request URI:	https://practice.expandtesting.com/notes/api/notes/me
Request URI:	https://practice.expandtesting.com/notes/api/notes/me
Request URI:	https://practice.expandtesting.com/notes/api/notes/me
Request URI:	https://practice.expandtesting.com/notes/api/notes/me
Request URI:	https://practice.expandtesting.com/notes/api/notes/me
Request URI:	https://practice.expandtesting.com/notes/api/notes/me
Request URI:	https://practice.expandtesting.com/notes/api/notes/me
Request URI:	https://practice.expandtesting.com/notes/api/notes/me
Request URI:	https://practice.expandtesting.com/notes/api/users/register
Request URI:	https://practice.expandtesting.com/notes/api/users/register
Request URI:	https://practice.expandtesting.com/notes/api/users/register
Request URI:	https://practice.expandtesting.com/notes/api/users/register
Request URI:	https://practice.expandtesting.com/notes/api/users/register
Request URI:	https://practice.expandtesting.com/notes/api/users/register
Request URI:	https://practice.expandtesting.com/notes/api/users/register
Request URI:	https://practice.expandtesting.com/notes/api/users/register
Request URI:	https://practice.expandtesting.com/notes/api/users/register
Request URI:	https://practice.expandtesting.com/notes/api/users/register
Request URI:	https://practice.expandtesting.com/notes/api/users/register
Request URI:	https://practice.expandtesting.com/notes/api/users/register
Request URI:	https://practice.expandtesting.com/notes/api/users/register
Request URI:	https://practice.expandtesting.com/notes/api/users/register
Request URI:	https://practice.expandtesting.com/notes/api/users/register
Request URI:	https://practice.expandtesting.com/notes/api/users/register
Request URI:	https://practice.expandtesting.com/notes/api/users/register
Request URI:	https://practice.expandtesting.com/notes/api/users/register
Request URI:	https://practice.expandtesting.com/notes/api/users/register
Request URI:	https://practice.expandtesting.com/notes/api/users/register
Request URI:	https://practice.expandtesting.com/notes/api/users/register
Request URI:	https://practice.expandtesting.com/notes/api/users/register
Request URI:	https://practice.expandtesting.com/notes/api/users/register
Request URI:	https://practice.expandtesting.com/notes/api/users/register
Request URI:	https://practice.expandtesting.com/notes/api/users/register
Request URI:	https://practice.expandtesting.com/notes/api/users/register
Request URI:	https://practice.expandtesting.com/notes/api/users/register
Request URI:	https://practice.expandtesting.com/notes/api/users/register
Request URI:	https://practice.expandtesting.com/notes/api/users/register
Request URI:	https://practice.expandtesting.com/notes/api/users/register
Request URI:	https://practice.expandtesting.com/notes/api/users/register
Request URI:	https://practice.expandtesting.com/notes/api/users/register
Request URI:	https://practice.expandtesting.com/notes/api/users/register
Request URI:	https://practice.expandtesting.com/notes/api/users/register
Request URI:	https://practice.expandtesting.com/notes/api/users/register
Request URI:	https://practice.expandtesting.com/notes/api/users/register
Request URI:	https://practice.expandtesting.com/notes/api/users/register
Request URI:	https://practice.expandtesting.com/notes/api/users/register
Request URI:	https://practice.expandtesting.com/notes/api/users/register
Request URI:	https://practice.expandtesting.com/notes/api/users/register
Request URI:	https://practice.expandtesting.com/notes/api/users/register
Request URI:	https://practice.expandtesting.com/notes/api/users/register
Request URI:	https://practice.expandtesting.com/notes/api/users/register
Request URI:	https://practice.expandtesting.com/notes/api/users/register
Request URI:	https://practice.expandtesting.com/notes/api/users/register
Request URI:	https://practice.expandtesting.com/notes/api/users/register
Request URI:	https://practice.expandtesting.com/notes/api/users/register
Request URI:	https://practice.expandtesting.com/notes/api/users/register
Request URI:	https://practice.expandtesting.com/notes/api/users/register
HTTP/1.1 201 Created
access-control-allow-origin: *
access-control-allow-credentials: true
access-control-allow-methods: GET, POST, PUT, DELETE, PATCH
access-control-allow-headers: Origin, X-Requested-With, Authorization, Content-Type, Accept, X-Auth-Token
content-type: application/json; charset=utf-8
content-encoding: gzip
etag: W/"b5-W/EDUBY4HUNDGsfKM4sYoDGGkXo"
set-cookie: express:sess=eyJmbGFzaCI6e319; path=/; httponly
set-cookie: express:sess.sig=tdt42nQZiQvICqmrvHQ1_16fHk0; path=/; httponly
date: Sat, 19 Jul 2025 13:25:02 GMT
connection: keep-alive
keep-alive: timeout=5
transfer-encoding: chunked

{
    "success": true,
    "status": 201,
    "message": "User account created successfully",
    "data": {
        "id": "687b9cae9d1b4b028865d875",
        "name": "devora.gutkowski",
        "email": "rebekah.rutherford@yahoo.com"
    }
}
Request URI:	https://practice.expandtesting.com/notes/api/users/login
Request URI:	https://practice.expandtesting.com/notes/api/users/login
Request URI:	https://practice.expandtesting.com/notes/api/users/login
Request URI:	https://practice.expandtesting.com/notes/api/users/login
Request URI:	https://practice.expandtesting.com/notes/api/users/login
Request URI:	https://practice.expandtesting.com/notes/api/users/login
Request URI:	https://practice.expandtesting.com/notes/api/users/login
Request URI:	https://practice.expandtesting.com/notes/api/users/login
Request URI:	https://practice.expandtesting.com/notes/api/users/login
Request URI:	https://practice.expandtesting.com/notes/api/users/login
Request URI:	https://practice.expandtesting.com/notes/api/users/login
Request URI:	https://practice.expandtesting.com/notes/api/users/login
Request URI:	https://practice.expandtesting.com/notes/api/users/login
Request URI:	https://practice.expandtesting.com/notes/api/users/login
Request URI:	https://practice.expandtesting.com/notes/api/users/login
Request URI:	https://practice.expandtesting.com/notes/api/users/login
Request URI:	https://practice.expandtesting.com/notes/api/users/login
Request URI:	https://practice.expandtesting.com/notes/api/users/login
Request URI:	https://practice.expandtesting.com/notes/api/users/login
Request URI:	https://practice.expandtesting.com/notes/api/users/login
Request URI:	https://practice.expandtesting.com/notes/api/users/login
Request URI:	https://practice.expandtesting.com/notes/api/users/login
Request URI:	https://practice.expandtesting.com/notes/api/users/login
Request URI:	https://practice.expandtesting.com/notes/api/users/login
Request URI:	https://practice.expandtesting.com/notes/api/users/login
Request URI:	https://practice.expandtesting.com/notes/api/users/login
Request URI:	https://practice.expandtesting.com/notes/api/users/login
Request URI:	https://practice.expandtesting.com/notes/api/users/login
Request URI:	https://practice.expandtesting.com/notes/api/users/login
Request URI:	https://practice.expandtesting.com/notes/api/users/login
Request URI:	https://practice.expandtesting.com/notes/api/users/login
Request URI:	https://practice.expandtesting.com/notes/api/users/login
Request URI:	https://practice.expandtesting.com/notes/api/users/login
Request URI:	https://practice.expandtesting.com/notes/api/users/login
Request URI:	https://practice.expandtesting.com/notes/api/users/login
Request URI:	https://practice.expandtesting.com/notes/api/users/login
Request URI:	https://practice.expandtesting.com/notes/api/users/login
Request URI:	https://practice.expandtesting.com/notes/api/users/login
Request URI:	https://practice.expandtesting.com/notes/api/users/login
Request URI:	https://practice.expandtesting.com/notes/api/users/login
Request URI:	https://practice.expandtesting.com/notes/api/users/login
Request URI:	https://practice.expandtesting.com/notes/api/users/login
Request URI:	https://practice.expandtesting.com/notes/api/users/login
Request URI:	https://practice.expandtesting.com/notes/api/users/login
Request URI:	https://practice.expandtesting.com/notes/api/users/login
Request URI:	https://practice.expandtesting.com/notes/api/users/login
Request URI:	https://practice.expandtesting.com/notes/api/users/login
Request URI:	https://practice.expandtesting.com/notes/api/users/login
Request URI:	https://practice.expandtesting.com/notes/api/users/login
HTTP/1.1 200 OK
access-control-allow-origin: *
access-control-allow-credentials: true
access-control-allow-methods: GET, POST, PUT, DELETE, PATCH
access-control-allow-headers: Origin, X-Requested-With, Authorization, Content-Type, Accept, X-Auth-Token
content-type: application/json; charset=utf-8
content-encoding: gzip
etag: W/"ef-5tFEai0EH8uIA4mopke3cWNrDLg"
set-cookie: express:sess=eyJmbGFzaCI6e319; path=/; httponly
set-cookie: express:sess.sig=tdt42nQZiQvICqmrvHQ1_16fHk0; path=/; httponly
date: Sat, 19 Jul 2025 13:25:03 GMT
connection: keep-alive
keep-alive: timeout=5
transfer-encoding: chunked

{
    "success": true,
    "status": 200,
    "message": "Login successful",
    "data": {
        "id": "687b9cae9d1b4b028865d875",
        "name": "devora.gutkowski",
        "email": "rebekah.rutherford@yahoo.com",
        "token": "d1cbfbf4ddeb438ea55d048ded0d0924d0ed0cd94d0b4f75a2471527e698f8fc"
    }
}
Request URI:	https://practice.expandtesting.com/notes/api/notes
Request URI:	https://practice.expandtesting.com/notes/api/notes
Request URI:	https://practice.expandtesting.com/notes/api/notes
Request URI:	https://practice.expandtesting.com/notes/api/notes
Request URI:	https://practice.expandtesting.com/notes/api/notes
Request URI:	https://practice.expandtesting.com/notes/api/notes
Request URI:	https://practice.expandtesting.com/notes/api/notes
Request URI:	https://practice.expandtesting.com/notes/api/notes
Request URI:	https://practice.expandtesting.com/notes/api/notes
Request URI:	https://practice.expandtesting.com/notes/api/notes
Request URI:	https://practice.expandtesting.com/notes/api/notes
Request URI:	https://practice.expandtesting.com/notes/api/notes
Request URI:	https://practice.expandtesting.com/notes/api/notes
Request URI:	https://practice.expandtesting.com/notes/api/notes
Request URI:	https://practice.expandtesting.com/notes/api/notes
Request URI:	https://practice.expandtesting.com/notes/api/notes
Request URI:	https://practice.expandtesting.com/notes/api/notes
Request URI:	https://practice.expandtesting.com/notes/api/notes
Request URI:	https://practice.expandtesting.com/notes/api/notes
Request URI:	https://practice.expandtesting.com/notes/api/notes
Request URI:	https://practice.expandtesting.com/notes/api/notes
Request URI:	https://practice.expandtesting.com/notes/api/notes
Request URI:	https://practice.expandtesting.com/notes/api/notes
Request URI:	https://practice.expandtesting.com/notes/api/notes
Request URI:	https://practice.expandtesting.com/notes/api/notes
Request URI:	https://practice.expandtesting.com/notes/api/notes
Request URI:	https://practice.expandtesting.com/notes/api/notes
Request URI:	https://practice.expandtesting.com/notes/api/notes
Request URI:	https://practice.expandtesting.com/notes/api/notes
Request URI:	https://practice.expandtesting.com/notes/api/notes
Request URI:	https://practice.expandtesting.com/notes/api/notes
Request URI:	https://practice.expandtesting.com/notes/api/notes
Request URI:	https://practice.expandtesting.com/notes/api/notes
Request URI:	https://practice.expandtesting.com/notes/api/notes
Request URI:	https://practice.expandtesting.com/notes/api/notes
Request URI:	https://practice.expandtesting.com/notes/api/notes
Request URI:	https://practice.expandtesting.com/notes/api/notes
Request URI:	https://practice.expandtesting.com/notes/api/notes
Request URI:	https://practice.expandtesting.com/notes/api/notes
Request URI:	https://practice.expandtesting.com/notes/api/notes
Request URI:	https://practice.expandtesting.com/notes/api/notes
Request URI:	https://practice.expandtesting.com/notes/api/notes
Request URI:	https://practice.expandtesting.com/notes/api/notes
Request URI:	https://practice.expandtesting.com/notes/api/notes
Request URI:	https://practice.expandtesting.com/notes/api/notes
Request URI:	https://practice.expandtesting.com/notes/api/notes
Request URI:	https://practice.expandtesting.com/notes/api/notes
Request URI:	https://practice.expandtesting.com/notes/api/notes
Request URI:	https://practice.expandtesting.com/notes/api/notes
Request method:	POST
Request URI:	https://practice.expandtesting.com/notes/api/notes
Proxy:			<none>
Request params:	<none>
Query params:	<none>
Form params:	title=6p8zy4js82k5rat5arl1z67c4rb
				description=Expedita minima vero voluptate suscipit esse quod.
				category=Work
Path params:	<none>
Headers:		X-Auth-Token=d1cbfbf4ddeb438ea55d048ded0d0924d0ed0cd94d0b4f75a2471527e698f8fc
				Accept=application/json, application/javascript, text/javascript, text/json
				Content-Type=application/x-www-form-urlencoded; charset=UTF-8
Cookies:		<none>
Multiparts:		<none>
Body:			<none>
HTTP/1.1 200 OK
access-control-allow-origin: *
access-control-allow-credentials: true
access-control-allow-methods: GET, POST, PUT, DELETE, PATCH
access-control-allow-headers: Origin, X-Requested-With, Authorization, Content-Type, Accept, X-Auth-Token
content-type: application/json; charset=utf-8
content-encoding: gzip
etag: W/"16e-H8LPFWEOveLKj6DOYlQ9h29XDkg"
set-cookie: express:sess=eyJmbGFzaCI6e319; path=/; httponly
set-cookie: express:sess.sig=tdt42nQZiQvICqmrvHQ1_16fHk0; path=/; httponly
date: Sat, 19 Jul 2025 13:25:04 GMT
connection: keep-alive
keep-alive: timeout=5
transfer-encoding: chunked

{
    "success": true,
    "status": 200,
    "message": "Note successfully created",
    "data": {
        "id": "687b9cb09d1b4b028865d87d",
        "title": "6p8zy4js82k5rat5arl1z67c4rb",
        "description": "Expedita minima vero voluptate suscipit esse quod.",
        "category": "Work",
        "completed": false,
        "created_at": "2025-07-19T13:25:04.458Z",
        "updated_at": "2025-07-19T13:25:04.458Z",
        "user_id": "687b9cae9d1b4b028865d875"
    }
}
Request URI:	https://practice.expandtesting.com/notes/api/notes/687b9cb09d1b4b028865d87d
Request URI:	https://practice.expandtesting.com/notes/api/notes/687b9cb09d1b4b028865d87d
Request URI:	https://practice.expandtesting.com/notes/api/notes/687b9cb09d1b4b028865d87d
Request URI:	https://practice.expandtesting.com/notes/api/notes/687b9cb09d1b4b028865d87d
Request URI:	https://practice.expandtesting.com/notes/api/notes/687b9cb09d1b4b028865d87d
Request URI:	https://practice.expandtesting.com/notes/api/notes/687b9cb09d1b4b028865d87d
Request URI:	https://practice.expandtesting.com/notes/api/notes/687b9cb09d1b4b028865d87d
Request URI:	https://practice.expandtesting.com/notes/api/notes/687b9cb09d1b4b028865d87d
Request URI:	https://practice.expandtesting.com/notes/api/notes/687b9cb09d1b4b028865d87d
Request URI:	https://practice.expandtesting.com/notes/api/notes/687b9cb09d1b4b028865d87d
Request URI:	https://practice.expandtesting.com/notes/api/notes/687b9cb09d1b4b028865d87d
Request URI:	https://practice.expandtesting.com/notes/api/notes/687b9cb09d1b4b028865d87d
Request URI:	https://practice.expandtesting.com/notes/api/notes/687b9cb09d1b4b028865d87d
Request URI:	https://practice.expandtesting.com/notes/api/notes/687b9cb09d1b4b028865d87d
Request URI:	https://practice.expandtesting.com/notes/api/notes/687b9cb09d1b4b028865d87d
Request URI:	https://practice.expandtesting.com/notes/api/notes/687b9cb09d1b4b028865d87d
Request URI:	https://practice.expandtesting.com/notes/api/notes/687b9cb09d1b4b028865d87d
Request URI:	https://practice.expandtesting.com/notes/api/notes/687b9cb09d1b4b028865d87d
Request URI:	https://practice.expandtesting.com/notes/api/notes/687b9cb09d1b4b028865d87d
Request URI:	https://practice.expandtesting.com/notes/api/notes/687b9cb09d1b4b028865d87d
Request URI:	https://practice.expandtesting.com/notes/api/notes/687b9cb09d1b4b028865d87d
Request URI:	https://practice.expandtesting.com/notes/api/notes/687b9cb09d1b4b028865d87d
Request URI:	https://practice.expandtesting.com/notes/api/notes/687b9cb09d1b4b028865d87d
Request URI:	https://practice.expandtesting.com/notes/api/notes/687b9cb09d1b4b028865d87d
Request URI:	https://practice.expandtesting.com/notes/api/notes/687b9cb09d1b4b028865d87d
Request URI:	https://practice.expandtesting.com/notes/api/notes/687b9cb09d1b4b028865d87d
Request URI:	https://practice.expandtesting.com/notes/api/notes/687b9cb09d1b4b028865d87d
Request URI:	https://practice.expandtesting.com/notes/api/notes/687b9cb09d1b4b028865d87d
Request URI:	https://practice.expandtesting.com/notes/api/notes/687b9cb09d1b4b028865d87d
Request URI:	https://practice.expandtesting.com/notes/api/notes/687b9cb09d1b4b028865d87d
Request URI:	https://practice.expandtesting.com/notes/api/notes/687b9cb09d1b4b028865d87d
Request URI:	https://practice.expandtesting.com/notes/api/notes/687b9cb09d1b4b028865d87d
Request URI:	https://practice.expandtesting.com/notes/api/notes/687b9cb09d1b4b028865d87d
Request URI:	https://practice.expandtesting.com/notes/api/notes/687b9cb09d1b4b028865d87d
Request URI:	https://practice.expandtesting.com/notes/api/notes/687b9cb09d1b4b028865d87d
Request URI:	https://practice.expandtesting.com/notes/api/notes/687b9cb09d1b4b028865d87d
Request URI:	https://practice.expandtesting.com/notes/api/notes/687b9cb09d1b4b028865d87d
Request URI:	https://practice.expandtesting.com/notes/api/notes/687b9cb09d1b4b028865d87d
Request URI:	https://practice.expandtesting.com/notes/api/notes/687b9cb09d1b4b028865d87d
Request URI:	https://practice.expandtesting.com/notes/api/notes/687b9cb09d1b4b028865d87d
Request URI:	https://practice.expandtesting.com/notes/api/notes/687b9cb09d1b4b028865d87d
Request URI:	https://practice.expandtesting.com/notes/api/notes/687b9cb09d1b4b028865d87d
Request URI:	https://practice.expandtesting.com/notes/api/notes/687b9cb09d1b4b028865d87d
Request URI:	https://practice.expandtesting.com/notes/api/notes/687b9cb09d1b4b028865d87d
Request URI:	https://practice.expandtesting.com/notes/api/notes/687b9cb09d1b4b028865d87d
Request URI:	https://practice.expandtesting.com/notes/api/notes/687b9cb09d1b4b028865d87d
Request URI:	https://practice.expandtesting.com/notes/api/notes/687b9cb09d1b4b028865d87d
Request URI:	https://practice.expandtesting.com/notes/api/notes/687b9cb09d1b4b028865d87d
Request URI:	https://practice.expandtesting.com/notes/api/notes/687b9cb09d1b4b028865d87d
Request method:	DELETE
Request URI:	https://practice.expandtesting.com/notes/api/notes/687b9cb09d1b4b028865d87d
Proxy:			<none>
Request params:	<none>
Query params:	<none>
Form params:	<none>
Path params:	id=687b9cb09d1b4b028865d87d
Headers:		X-Auth-Token=d1cbfbf4ddeb438ea55d048ded0d0924d0ed0cd94d0b4f75a2471527e698f8fc
				Accept=*/*
				Content-Type=application/json
Cookies:		<none>
Multiparts:		<none>
Body:			<none>
HTTP/1.1 200 OK
access-control-allow-origin: *
access-control-allow-credentials: true
access-control-allow-methods: GET, POST, PUT, DELETE, PATCH
access-control-allow-headers: Origin, X-Requested-With, Authorization, Content-Type, Accept, X-Auth-Token
content-type: application/json; charset=utf-8
content-encoding: gzip
etag: W/"43-NRjYUraIosLt+x2lOOhDKG8vqCU"
set-cookie: express:sess=eyJmbGFzaCI6e319; path=/; httponly
set-cookie: express:sess.sig=tdt42nQZiQvICqmrvHQ1_16fHk0; path=/; httponly
date: Sat, 19 Jul 2025 13:25:04 GMT
connection: keep-alive
keep-alive: timeout=5
transfer-encoding: chunked

{
    "success": true,
    "status": 200,
    "message": "Note successfully deleted"
}
Request URI:	https://practice.expandtesting.com/notes/api/notes/me
Request URI:	https://practice.expandtesting.com/notes/api/notes/me
Request URI:	https://practice.expandtesting.com/notes/api/notes/me
Request URI:	https://practice.expandtesting.com/notes/api/notes/me
Request URI:	https://practice.expandtesting.com/notes/api/notes/me
Request URI:	https://practice.expandtesting.com/notes/api/notes/me
Request URI:	https://practice.expandtesting.com/notes/api/notes/me
Request URI:	https://practice.expandtesting.com/notes/api/notes/me
Request URI:	https://practice.expandtesting.com/notes/api/notes/me
Request URI:	https://practice.expandtesting.com/notes/api/notes/me
Request URI:	https://practice.expandtesting.com/notes/api/notes/me
Request URI:	https://practice.expandtesting.com/notes/api/notes/me
Request URI:	https://practice.expandtesting.com/notes/api/notes/me
Request URI:	https://practice.expandtesting.com/notes/api/notes/me
Request URI:	https://practice.expandtesting.com/notes/api/notes/me
Request URI:	https://practice.expandtesting.com/notes/api/notes/me
Request URI:	https://practice.expandtesting.com/notes/api/notes/me
Request URI:	https://practice.expandtesting.com/notes/api/notes/me
Request URI:	https://practice.expandtesting.com/notes/api/notes/me
Request URI:	https://practice.expandtesting.com/notes/api/notes/me
Request URI:	https://practice.expandtesting.com/notes/api/notes/me
Request URI:	https://practice.expandtesting.com/notes/api/notes/me
Request URI:	https://practice.expandtesting.com/notes/api/notes/me
Request URI:	https://practice.expandtesting.com/notes/api/notes/me
Request URI:	https://practice.expandtesting.com/notes/api/notes/me
Request URI:	https://practice.expandtesting.com/notes/api/notes/me
Request URI:	https://practice.expandtesting.com/notes/api/notes/me
Request URI:	https://practice.expandtesting.com/notes/api/notes/me
Request URI:	https://practice.expandtesting.com/notes/api/notes/me
Request URI:	https://practice.expandtesting.com/notes/api/notes/me
Request URI:	https://practice.expandtesting.com/notes/api/notes/me
Request URI:	https://practice.expandtesting.com/notes/api/notes/me
Request URI:	https://practice.expandtesting.com/notes/api/notes/me
Request URI:	https://practice.expandtesting.com/notes/api/notes/me
Request URI:	https://practice.expandtesting.com/notes/api/notes/me
Request URI:	https://practice.expandtesting.com/notes/api/notes/me
Request URI:	https://practice.expandtesting.com/notes/api/notes/me
Request URI:	https://practice.expandtesting.com/notes/api/notes/me
Request URI:	https://practice.expandtesting.com/notes/api/notes/me
Request URI:	https://practice.expandtesting.com/notes/api/notes/me
Request URI:	https://practice.expandtesting.com/notes/api/notes/me
Request URI:	https://practice.expandtesting.com/notes/api/notes/me
Request URI:	https://practice.expandtesting.com/notes/api/notes/me
Request URI:	https://practice.expandtesting.com/notes/api/notes/me
Request URI:	https://practice.expandtesting.com/notes/api/notes/me
Request URI:	https://practice.expandtesting.com/notes/api/notes/me
Request URI:	https://practice.expandtesting.com/notes/api/notes/me
Request URI:	https://practice.expandtesting.com/notes/api/notes/me
Request URI:	https://practice.expandtesting.com/notes/api/notes/me
Request URI:	https://practice.expandtesting.com/notes/api/users/register
Request URI:	https://practice.expandtesting.com/notes/api/users/register
Request URI:	https://practice.expandtesting.com/notes/api/users/register
Request URI:	https://practice.expandtesting.com/notes/api/users/register
Request URI:	https://practice.expandtesting.com/notes/api/users/register
Request URI:	https://practice.expandtesting.com/notes/api/users/register
Request URI:	https://practice.expandtesting.com/notes/api/users/register
Request URI:	https://practice.expandtesting.com/notes/api/users/register
Request URI:	https://practice.expandtesting.com/notes/api/users/register
Request URI:	https://practice.expandtesting.com/notes/api/users/register
Request URI:	https://practice.expandtesting.com/notes/api/users/register
Request URI:	https://practice.expandtesting.com/notes/api/users/register
Request URI:	https://practice.expandtesting.com/notes/api/users/register
Request URI:	https://practice.expandtesting.com/notes/api/users/register
Request URI:	https://practice.expandtesting.com/notes/api/users/register
Request URI:	https://practice.expandtesting.com/notes/api/users/register
Request URI:	https://practice.expandtesting.com/notes/api/users/register
Request URI:	https://practice.expandtesting.com/notes/api/users/register
Request URI:	https://practice.expandtesting.com/notes/api/users/register
Request URI:	https://practice.expandtesting.com/notes/api/users/register
Request URI:	https://practice.expandtesting.com/notes/api/users/register
Request URI:	https://practice.expandtesting.com/notes/api/users/register
Request URI:	https://practice.expandtesting.com/notes/api/users/register
Request URI:	https://practice.expandtesting.com/notes/api/users/register
Request URI:	https://practice.expandtesting.com/notes/api/users/register
Request URI:	https://practice.expandtesting.com/notes/api/users/register
Request URI:	https://practice.expandtesting.com/notes/api/users/register
Request URI:	https://practice.expandtesting.com/notes/api/users/register
Request URI:	https://practice.expandtesting.com/notes/api/users/register
Request URI:	https://practice.expandtesting.com/notes/api/users/register
Request URI:	https://practice.expandtesting.com/notes/api/users/register
Request URI:	https://practice.expandtesting.com/notes/api/users/register
Request URI:	https://practice.expandtesting.com/notes/api/users/register
Request URI:	https://practice.expandtesting.com/notes/api/users/register
Request URI:	https://practice.expandtesting.com/notes/api/users/register
Request URI:	https://practice.expandtesting.com/notes/api/users/register
Request URI:	https://practice.expandtesting.com/notes/api/users/register
Request URI:	https://practice.expandtesting.com/notes/api/users/register
Request URI:	https://practice.expandtesting.com/notes/api/users/register
Request URI:	https://practice.expandtesting.com/notes/api/users/register
Request URI:	https://practice.expandtesting.com/notes/api/users/register
Request URI:	https://practice.expandtesting.com/notes/api/users/register
Request URI:	https://practice.expandtesting.com/notes/api/users/register
Request URI:	https://practice.expandtesting.com/notes/api/users/register
Request URI:	https://practice.expandtesting.com/notes/api/users/register
Request URI:	https://practice.expandtesting.com/notes/api/users/register
Request URI:	https://practice.expandtesting.com/notes/api/users/register
Request URI:	https://practice.expandtesting.com/notes/api/users/register
Request URI:	https://practice.expandtesting.com/notes/api/users/register
Request URI:	https://practice.expandtesting.com/notes/api/users/register
HTTP/1.1 201 Created
access-control-allow-origin: *
access-control-allow-credentials: true
access-control-allow-methods: GET, POST, PUT, DELETE, PATCH
access-control-allow-headers: Origin, X-Requested-With, Authorization, Content-Type, Accept, X-Auth-Token
content-type: application/json; charset=utf-8
content-encoding: gzip
etag: W/"b2-WWBapTxC1e2jW/wNM/U/7jsdLFc"
set-cookie: express:sess=eyJmbGFzaCI6e319; path=/; httponly
set-cookie: express:sess.sig=tdt42nQZiQvICqmrvHQ1_16fHk0; path=/; httponly
date: Sat, 19 Jul 2025 13:25:05 GMT
connection: keep-alive
keep-alive: timeout=5
transfer-encoding: chunked

{
    "success": true,
    "status": 201,
    "message": "User account created successfully",
    "data": {
        "id": "687b9cb19d1b4b028865d884",
        "name": "devora.gutkowski",
        "email": "mercy.gleason@hotmail.com"
    }
}
Request URI:	https://practice.expandtesting.com/notes/api/users/login
Request URI:	https://practice.expandtesting.com/notes/api/users/login
Request URI:	https://practice.expandtesting.com/notes/api/users/login
Request URI:	https://practice.expandtesting.com/notes/api/users/login
Request URI:	https://practice.expandtesting.com/notes/api/users/login
Request URI:	https://practice.expandtesting.com/notes/api/users/login
Request URI:	https://practice.expandtesting.com/notes/api/users/login
Request URI:	https://practice.expandtesting.com/notes/api/users/login
Request URI:	https://practice.expandtesting.com/notes/api/users/login
Request URI:	https://practice.expandtesting.com/notes/api/users/login
Request URI:	https://practice.expandtesting.com/notes/api/users/login
Request URI:	https://practice.expandtesting.com/notes/api/users/login
Request URI:	https://practice.expandtesting.com/notes/api/users/login
Request URI:	https://practice.expandtesting.com/notes/api/users/login
Request URI:	https://practice.expandtesting.com/notes/api/users/login
Request URI:	https://practice.expandtesting.com/notes/api/users/login
Request URI:	https://practice.expandtesting.com/notes/api/users/login
Request URI:	https://practice.expandtesting.com/notes/api/users/login
Request URI:	https://practice.expandtesting.com/notes/api/users/login
Request URI:	https://practice.expandtesting.com/notes/api/users/login
Request URI:	https://practice.expandtesting.com/notes/api/users/login
Request URI:	https://practice.expandtesting.com/notes/api/users/login
Request URI:	https://practice.expandtesting.com/notes/api/users/login
Request URI:	https://practice.expandtesting.com/notes/api/users/login
Request URI:	https://practice.expandtesting.com/notes/api/users/login
Request URI:	https://practice.expandtesting.com/notes/api/users/login
Request URI:	https://practice.expandtesting.com/notes/api/users/login
Request URI:	https://practice.expandtesting.com/notes/api/users/login
Request URI:	https://practice.expandtesting.com/notes/api/users/login
Request URI:	https://practice.expandtesting.com/notes/api/users/login
Request URI:	https://practice.expandtesting.com/notes/api/users/login
Request URI:	https://practice.expandtesting.com/notes/api/users/login
Request URI:	https://practice.expandtesting.com/notes/api/users/login
Request URI:	https://practice.expandtesting.com/notes/api/users/login
Request URI:	https://practice.expandtesting.com/notes/api/users/login
Request URI:	https://practice.expandtesting.com/notes/api/users/login
Request URI:	https://practice.expandtesting.com/notes/api/users/login
Request URI:	https://practice.expandtesting.com/notes/api/users/login
Request URI:	https://practice.expandtesting.com/notes/api/users/login
Request URI:	https://practice.expandtesting.com/notes/api/users/login
Request URI:	https://practice.expandtesting.com/notes/api/users/login
Request URI:	https://practice.expandtesting.com/notes/api/users/login
Request URI:	https://practice.expandtesting.com/notes/api/users/login
Request URI:	https://practice.expandtesting.com/notes/api/users/login
Request URI:	https://practice.expandtesting.com/notes/api/users/login
Request URI:	https://practice.expandtesting.com/notes/api/users/login
Request URI:	https://practice.expandtesting.com/notes/api/users/login
Request URI:	https://practice.expandtesting.com/notes/api/users/login
Request URI:	https://practice.expandtesting.com/notes/api/users/login
Request URI:	https://practice.expandtesting.com/notes/api/users/login
HTTP/1.1 200 OK
access-control-allow-origin: *
access-control-allow-credentials: true
access-control-allow-methods: GET, POST, PUT, DELETE, PATCH
access-control-allow-headers: Origin, X-Requested-With, Authorization, Content-Type, Accept, X-Auth-Token
content-type: application/json; charset=utf-8
content-encoding: gzip
etag: W/"ec-+BSZov27kzgkqHZfCNLG7tg1PBA"
set-cookie: express:sess=eyJmbGFzaCI6e319; path=/; httponly
set-cookie: express:sess.sig=tdt42nQZiQvICqmrvHQ1_16fHk0; path=/; httponly
date: Sat, 19 Jul 2025 13:25:07 GMT
connection: keep-alive
keep-alive: timeout=5
transfer-encoding: chunked

{
    "success": true,
    "status": 200,
    "message": "Login successful",
    "data": {
        "id": "687b9cb19d1b4b028865d884",
        "name": "devora.gutkowski",
        "email": "mercy.gleason@hotmail.com",
        "token": "9f757c812010441e888fa577c112c1f4ecb55868cbb3489991d39a23630ca88e"
    }
}
Request URI:	https://practice.expandtesting.com/notes/api/notes
Request URI:	https://practice.expandtesting.com/notes/api/notes
Request URI:	https://practice.expandtesting.com/notes/api/notes
Request URI:	https://practice.expandtesting.com/notes/api/notes
Request URI:	https://practice.expandtesting.com/notes/api/notes
Request URI:	https://practice.expandtesting.com/notes/api/notes
Request URI:	https://practice.expandtesting.com/notes/api/notes
Request URI:	https://practice.expandtesting.com/notes/api/notes
Request URI:	https://practice.expandtesting.com/notes/api/notes
Request URI:	https://practice.expandtesting.com/notes/api/notes
Request URI:	https://practice.expandtesting.com/notes/api/notes
Request URI:	https://practice.expandtesting.com/notes/api/notes
Request URI:	https://practice.expandtesting.com/notes/api/notes
Request URI:	https://practice.expandtesting.com/notes/api/notes
Request URI:	https://practice.expandtesting.com/notes/api/notes
Request URI:	https://practice.expandtesting.com/notes/api/notes
Request URI:	https://practice.expandtesting.com/notes/api/notes
Request URI:	https://practice.expandtesting.com/notes/api/notes
Request URI:	https://practice.expandtesting.com/notes/api/notes
Request URI:	https://practice.expandtesting.com/notes/api/notes
Request URI:	https://practice.expandtesting.com/notes/api/notes
Request URI:	https://practice.expandtesting.com/notes/api/notes
Request URI:	https://practice.expandtesting.com/notes/api/notes
Request URI:	https://practice.expandtesting.com/notes/api/notes
Request URI:	https://practice.expandtesting.com/notes/api/notes
Request URI:	https://practice.expandtesting.com/notes/api/notes
Request URI:	https://practice.expandtesting.com/notes/api/notes
Request URI:	https://practice.expandtesting.com/notes/api/notes
Request URI:	https://practice.expandtesting.com/notes/api/notes
Request URI:	https://practice.expandtesting.com/notes/api/notes
Request URI:	https://practice.expandtesting.com/notes/api/notes
Request URI:	https://practice.expandtesting.com/notes/api/notes
Request URI:	https://practice.expandtesting.com/notes/api/notes
Request URI:	https://practice.expandtesting.com/notes/api/notes
Request URI:	https://practice.expandtesting.com/notes/api/notes
Request URI:	https://practice.expandtesting.com/notes/api/notes
Request URI:	https://practice.expandtesting.com/notes/api/notes
Request URI:	https://practice.expandtesting.com/notes/api/notes
Request URI:	https://practice.expandtesting.com/notes/api/notes
Request URI:	https://practice.expandtesting.com/notes/api/notes
Request URI:	https://practice.expandtesting.com/notes/api/notes
Request URI:	https://practice.expandtesting.com/notes/api/notes
Request URI:	https://practice.expandtesting.com/notes/api/notes
Request URI:	https://practice.expandtesting.com/notes/api/notes
Request URI:	https://practice.expandtesting.com/notes/api/notes
Request URI:	https://practice.expandtesting.com/notes/api/notes
Request URI:	https://practice.expandtesting.com/notes/api/notes
Request URI:	https://practice.expandtesting.com/notes/api/notes
Request URI:	https://practice.expandtesting.com/notes/api/notes
Request URI:	https://practice.expandtesting.com/notes/api/notes
Request method:	POST
Request URI:	https://practice.expandtesting.com/notes/api/notes
Proxy:			<none>
Request params:	<none>
Query params:	<none>
Form params:	title=4dnoxet7mrb251e3xtvl1nmjkg4kqef94h0
				description=Qui aut quo.
				category=Work
Path params:	<none>
Headers:		X-Auth-Token=9f757c812010441e888fa577c112c1f4ecb55868cbb3489991d39a23630ca88e
				Accept=application/json, application/javascript, text/javascript, text/json
				Content-Type=application/x-www-form-urlencoded; charset=UTF-8
Cookies:		<none>
Multiparts:		<none>
Body:			<none>
HTTP/1.1 200 OK
access-control-allow-origin: *
access-control-allow-credentials: true
access-control-allow-methods: GET, POST, PUT, DELETE, PATCH
access-control-allow-headers: Origin, X-Requested-With, Authorization, Content-Type, Accept, X-Auth-Token
content-type: application/json; charset=utf-8
content-encoding: gzip
etag: W/"150-GwTfVGIs/mpsoEBRPlmuVfCKXnQ"
set-cookie: express:sess=eyJmbGFzaCI6e319; path=/; httponly
set-cookie: express:sess.sig=tdt42nQZiQvICqmrvHQ1_16fHk0; path=/; httponly
date: Sat, 19 Jul 2025 13:25:07 GMT
connection: keep-alive
keep-alive: timeout=5
transfer-encoding: chunked

{
    "success": true,
    "status": 200,
    "message": "Note successfully created",
    "data": {
        "id": "687b9cb39d1b4b028865d88c",
        "title": "4dnoxet7mrb251e3xtvl1nmjkg4kqef94h0",
        "description": "Qui aut quo.",
        "category": "Work",
        "completed": false,
        "created_at": "2025-07-19T13:25:07.536Z",
        "updated_at": "2025-07-19T13:25:07.536Z",
        "user_id": "687b9cb19d1b4b028865d884"
    }
}
Request URI:	https://practice.expandtesting.com/notes/api/notes/687b9cb39d1b4b028865d88c
Request URI:	https://practice.expandtesting.com/notes/api/notes/687b9cb39d1b4b028865d88c
Request URI:	https://practice.expandtesting.com/notes/api/notes/687b9cb39d1b4b028865d88c
Request URI:	https://practice.expandtesting.com/notes/api/notes/687b9cb39d1b4b028865d88c
Request URI:	https://practice.expandtesting.com/notes/api/notes/687b9cb39d1b4b028865d88c
Request URI:	https://practice.expandtesting.com/notes/api/notes/687b9cb39d1b4b028865d88c
Request URI:	https://practice.expandtesting.com/notes/api/notes/687b9cb39d1b4b028865d88c
Request URI:	https://practice.expandtesting.com/notes/api/notes/687b9cb39d1b4b028865d88c
Request URI:	https://practice.expandtesting.com/notes/api/notes/687b9cb39d1b4b028865d88c
Request URI:	https://practice.expandtesting.com/notes/api/notes/687b9cb39d1b4b028865d88c
Request URI:	https://practice.expandtesting.com/notes/api/notes/687b9cb39d1b4b028865d88c
Request URI:	https://practice.expandtesting.com/notes/api/notes/687b9cb39d1b4b028865d88c
Request URI:	https://practice.expandtesting.com/notes/api/notes/687b9cb39d1b4b028865d88c
Request URI:	https://practice.expandtesting.com/notes/api/notes/687b9cb39d1b4b028865d88c
Request URI:	https://practice.expandtesting.com/notes/api/notes/687b9cb39d1b4b028865d88c
Request URI:	https://practice.expandtesting.com/notes/api/notes/687b9cb39d1b4b028865d88c
Request URI:	https://practice.expandtesting.com/notes/api/notes/687b9cb39d1b4b028865d88c
Request URI:	https://practice.expandtesting.com/notes/api/notes/687b9cb39d1b4b028865d88c
Request URI:	https://practice.expandtesting.com/notes/api/notes/687b9cb39d1b4b028865d88c
Request URI:	https://practice.expandtesting.com/notes/api/notes/687b9cb39d1b4b028865d88c
Request URI:	https://practice.expandtesting.com/notes/api/notes/687b9cb39d1b4b028865d88c
Request URI:	https://practice.expandtesting.com/notes/api/notes/687b9cb39d1b4b028865d88c
Request URI:	https://practice.expandtesting.com/notes/api/notes/687b9cb39d1b4b028865d88c
Request URI:	https://practice.expandtesting.com/notes/api/notes/687b9cb39d1b4b028865d88c
Request URI:	https://practice.expandtesting.com/notes/api/notes/687b9cb39d1b4b028865d88c
Request URI:	https://practice.expandtesting.com/notes/api/notes/687b9cb39d1b4b028865d88c
Request URI:	https://practice.expandtesting.com/notes/api/notes/687b9cb39d1b4b028865d88c
Request URI:	https://practice.expandtesting.com/notes/api/notes/687b9cb39d1b4b028865d88c
Request URI:	https://practice.expandtesting.com/notes/api/notes/687b9cb39d1b4b028865d88c
Request URI:	https://practice.expandtesting.com/notes/api/notes/687b9cb39d1b4b028865d88c
Request URI:	https://practice.expandtesting.com/notes/api/notes/687b9cb39d1b4b028865d88c
Request URI:	https://practice.expandtesting.com/notes/api/notes/687b9cb39d1b4b028865d88c
Request URI:	https://practice.expandtesting.com/notes/api/notes/687b9cb39d1b4b028865d88c
Request URI:	https://practice.expandtesting.com/notes/api/notes/687b9cb39d1b4b028865d88c
Request URI:	https://practice.expandtesting.com/notes/api/notes/687b9cb39d1b4b028865d88c
Request URI:	https://practice.expandtesting.com/notes/api/notes/687b9cb39d1b4b028865d88c
Request URI:	https://practice.expandtesting.com/notes/api/notes/687b9cb39d1b4b028865d88c
Request URI:	https://practice.expandtesting.com/notes/api/notes/687b9cb39d1b4b028865d88c
Request URI:	https://practice.expandtesting.com/notes/api/notes/687b9cb39d1b4b028865d88c
Request URI:	https://practice.expandtesting.com/notes/api/notes/687b9cb39d1b4b028865d88c
Request URI:	https://practice.expandtesting.com/notes/api/notes/687b9cb39d1b4b028865d88c
Request URI:	https://practice.expandtesting.com/notes/api/notes/687b9cb39d1b4b028865d88c
Request URI:	https://practice.expandtesting.com/notes/api/notes/687b9cb39d1b4b028865d88c
Request URI:	https://practice.expandtesting.com/notes/api/notes/687b9cb39d1b4b028865d88c
Request URI:	https://practice.expandtesting.com/notes/api/notes/687b9cb39d1b4b028865d88c
Request URI:	https://practice.expandtesting.com/notes/api/notes/687b9cb39d1b4b028865d88c
Request URI:	https://practice.expandtesting.com/notes/api/notes/687b9cb39d1b4b028865d88c
Request URI:	https://practice.expandtesting.com/notes/api/notes/687b9cb39d1b4b028865d88c
Request URI:	https://practice.expandtesting.com/notes/api/notes/687b9cb39d1b4b028865d88c
Request URI:	https://practice.expandtesting.com/notes/api/notes/687b9cb39d1b4b028865d88c
Request method:	PUT
Request URI:	https://practice.expandtesting.com/notes/api/notes/687b9cb39d1b4b028865d88c
Proxy:			<none>
Request params:	<none>
Query params:	<none>
Form params:	<none>
Path params:	<none>
Headers:		X-Auth-Token=9f757c812010441e888fa577c112c1f4ecb55868cbb3489991d39a23630ca88e
				Accept=*/*
				Content-Type=application/json
Cookies:		<none>
Multiparts:		<none>
Body:
HTTP/1.1 400 Bad Request
access-control-allow-origin: *
access-control-allow-credentials: true
access-control-allow-methods: GET, POST, PUT, DELETE, PATCH
access-control-allow-headers: Origin, X-Requested-With, Authorization, Content-Type, Accept, X-Auth-Token
content-type: application/json; charset=utf-8
content-encoding: gzip
etag: W/"55-m7rTFXimjgWH5Ep/8NBs2z2X024"
set-cookie: express:sess=eyJmbGFzaCI6e319; path=/; httponly
set-cookie: express:sess.sig=tdt42nQZiQvICqmrvHQ1_16fHk0; path=/; httponly
date: Sat, 19 Jul 2025 13:25:07 GMT
connection: keep-alive
keep-alive: timeout=5
transfer-encoding: chunked

{
    "success": false,
    "status": 400,
    "message": "Title must be between 4 and 100 characters"
}
Request URI:	https://practice.expandtesting.com/notes/api/notes/me
Request URI:	https://practice.expandtesting.com/notes/api/notes/me
Request URI:	https://practice.expandtesting.com/notes/api/notes/me
Request URI:	https://practice.expandtesting.com/notes/api/notes/me
Request URI:	https://practice.expandtesting.com/notes/api/notes/me
Request URI:	https://practice.expandtesting.com/notes/api/notes/me
Request URI:	https://practice.expandtesting.com/notes/api/notes/me
Request URI:	https://practice.expandtesting.com/notes/api/notes/me
Request URI:	https://practice.expandtesting.com/notes/api/notes/me
Request URI:	https://practice.expandtesting.com/notes/api/notes/me
Request URI:	https://practice.expandtesting.com/notes/api/notes/me
Request URI:	https://practice.expandtesting.com/notes/api/notes/me
Request URI:	https://practice.expandtesting.com/notes/api/notes/me
Request URI:	https://practice.expandtesting.com/notes/api/notes/me
Request URI:	https://practice.expandtesting.com/notes/api/notes/me
Request URI:	https://practice.expandtesting.com/notes/api/notes/me
Request URI:	https://practice.expandtesting.com/notes/api/notes/me
Request URI:	https://practice.expandtesting.com/notes/api/notes/me
Request URI:	https://practice.expandtesting.com/notes/api/notes/me
Request URI:	https://practice.expandtesting.com/notes/api/notes/me
Request URI:	https://practice.expandtesting.com/notes/api/notes/me
Request URI:	https://practice.expandtesting.com/notes/api/notes/me
Request URI:	https://practice.expandtesting.com/notes/api/notes/me
Request URI:	https://practice.expandtesting.com/notes/api/notes/me
Request URI:	https://practice.expandtesting.com/notes/api/notes/me
Request URI:	https://practice.expandtesting.com/notes/api/notes/me
Request URI:	https://practice.expandtesting.com/notes/api/notes/me
Request URI:	https://practice.expandtesting.com/notes/api/notes/me
Request URI:	https://practice.expandtesting.com/notes/api/notes/me
Request URI:	https://practice.expandtesting.com/notes/api/notes/me
Request URI:	https://practice.expandtesting.com/notes/api/notes/me
Request URI:	https://practice.expandtesting.com/notes/api/notes/me
Request URI:	https://practice.expandtesting.com/notes/api/notes/me
Request URI:	https://practice.expandtesting.com/notes/api/notes/me
Request URI:	https://practice.expandtesting.com/notes/api/notes/me
Request URI:	https://practice.expandtesting.com/notes/api/notes/me
Request URI:	https://practice.expandtesting.com/notes/api/notes/me
Request URI:	https://practice.expandtesting.com/notes/api/notes/me
Request URI:	https://practice.expandtesting.com/notes/api/notes/me
Request URI:	https://practice.expandtesting.com/notes/api/notes/me
Request URI:	https://practice.expandtesting.com/notes/api/notes/me
Request URI:	https://practice.expandtesting.com/notes/api/notes/me
Request URI:	https://practice.expandtesting.com/notes/api/notes/me
Request URI:	https://practice.expandtesting.com/notes/api/notes/me
Request URI:	https://practice.expandtesting.com/notes/api/notes/me
Request URI:	https://practice.expandtesting.com/notes/api/notes/me
Request URI:	https://practice.expandtesting.com/notes/api/notes/me
Request URI:	https://practice.expandtesting.com/notes/api/notes/me
Request URI:	https://practice.expandtesting.com/notes/api/notes/me
Request URI:	https://practice.expandtesting.com/notes/api/notes/me
]]></system-out>
  <system-err><![CDATA[]]></system-err>
</testsuite>
