<?xml version="1.0" encoding="UTF-8"?>
<testsuite name="apiTests.UserAccountApiTests.UserAccountApiTests" tests="36" skipped="0" failures="0" errors="0" timestamp="2025-07-19T13:15:41" hostname="DESKTOP-7SJ24SJ" time="598.338">
  <properties/>
  <testcase name="Проверка работоспособности сервера API" classname="apiTests.UserAccountApiTests.UserAccountApiTests" time="2.104"/>
  <testcase name="Логин и сохранение токена" classname="apiTests.UserAccountApiTests.UserAccountApiTests" time="2.104"/>
  <testcase name="Профиль возвращается корректно для авторизованного пользователя" classname="apiTests.UserAccountApiTests.UserAccountApiTests" time="1.434"/>
  <testcase name="Профиль успешно обновляется" classname="apiTests.UserAccountApiTests.UserAccountApiTests" time="1.824"/>
  <testcase name="Сбрасываем пароль" classname="apiTests.UserAccountApiTests.UserAccountApiTests" time="2.912"/>
  <testcase name="Сброс пароля работает при фиктивном токене (эмуляция)" classname="apiTests.UserAccountApiTests.UserAccountApiTests" time="1.65"/>
  <testcase name="Меняем пароль" classname="apiTests.UserAccountApiTests.UserAccountApiTests" time="1.667"/>
  <testcase name="Выходим из системы" classname="apiTests.UserAccountApiTests.UserAccountApiTests" time="1.569"/>
  <testcase name="Удаление аккаунта" classname="apiTests.UserAccountApiTests.UserAccountApiTests" time="1.575"/>
  <testcase name="Логин с неверным паролем" classname="apiTests.UserAccountApiTests.UserAccountApiTests" time="1.388"/>
  <testcase name="Логин без тела запроса" classname="apiTests.UserAccountApiTests.UserAccountApiTests" time="1.708"/>
  <testcase name="Логин с незарегистрированным email" classname="apiTests.UserAccountApiTests.UserAccountApiTests" time="1.418"/>
  <testcase name="Регистрация без тела запроса" classname="apiTests.UserAccountApiTests.UserAccountApiTests" time="1.522"/>
  <testcase name="Логин с некорректным Content-Type" classname="apiTests.UserAccountApiTests.UserAccountApiTests" time="1.292"/>
  <testcase name="Регистрация с пустым email" classname="apiTests.UserAccountApiTests.UserAccountApiTests" time="1.278"/>
  <testcase name="Регистрация с уже существующим email" classname="apiTests.UserAccountApiTests.UserAccountApiTests" time="2.288"/>
  <testcase name="Регистрация с коротким паролем" classname="apiTests.UserAccountApiTests.UserAccountApiTests" time="1.711"/>
  <testcase name="Регистрация с некорректным email" classname="apiTests.UserAccountApiTests.UserAccountApiTests" time="2.059"/>
  <testcase name="Проверка работоспособности сервера API" classname="apiTests.UserAccountApiTests.UserAccountApiTests" time="2.247"/>
  <testcase name="Логин и сохранение токена" classname="apiTests.UserAccountApiTests.UserAccountApiTests" time="2.363"/>
  <testcase name="Профиль возвращается корректно для авторизованного пользователя" classname="apiTests.UserAccountApiTests.UserAccountApiTests" time="1.511"/>
  <testcase name="Профиль успешно обновляется" classname="apiTests.UserAccountApiTests.UserAccountApiTests" time="2.108"/>
  <testcase name="Сбрасываем пароль" classname="apiTests.UserAccountApiTests.UserAccountApiTests" time="1.495"/>
  <testcase name="Сброс пароля работает при фиктивном токене (эмуляция)" classname="apiTests.UserAccountApiTests.UserAccountApiTests" time="1.626"/>
  <testcase name="Меняем пароль" classname="apiTests.UserAccountApiTests.UserAccountApiTests" time="1.667"/>
  <testcase name="Выходим из системы" classname="apiTests.UserAccountApiTests.UserAccountApiTests" time="1.371"/>
  <testcase name="Удаление аккаунта" classname="apiTests.UserAccountApiTests.UserAccountApiTests" time="1.53"/>
  <testcase name="Логин с неверным паролем" classname="apiTests.UserAccountApiTests.UserAccountApiTests" time="1.299"/>
  <testcase name="Логин без тела запроса" classname="apiTests.UserAccountApiTests.UserAccountApiTests" time="1.802"/>
  <testcase name="Логин с незарегистрированным email" classname="apiTests.UserAccountApiTests.UserAccountApiTests" time="1.533"/>
  <testcase name="Регистрация без тела запроса" classname="apiTests.UserAccountApiTests.UserAccountApiTests" time="1.569"/>
  <testcase name="Логин с некорректным Content-Type" classname="apiTests.UserAccountApiTests.UserAccountApiTests" time="3.265"/>
  <testcase name="Регистрация с пустым email" classname="apiTests.UserAccountApiTests.UserAccountApiTests" time="1.304"/>
  <testcase name="Регистрация с уже существующим email" classname="apiTests.UserAccountApiTests.UserAccountApiTests" time="2.058"/>
  <testcase name="Регистрация с коротким паролем" classname="apiTests.UserAccountApiTests.UserAccountApiTests" time="2.597"/>
  <testcase name="Регистрация с некорректным email" classname="apiTests.UserAccountApiTests.UserAccountApiTests" time="1.398"/>
  <system-out><![CDATA[Request URI:	https://practice.expandtesting.com/notes/api/users/register
Request URI:	https://practice.expandtesting.com/notes/api/users/register
Request URI:	https://practice.expandtesting.com/notes/api/users/register
Request URI:	https://practice.expandtesting.com/notes/api/users/register
Request URI:	https://practice.expandtesting.com/notes/api/users/register
Request URI:	https://practice.expandtesting.com/notes/api/users/register
Request URI:	https://practice.expandtesting.com/notes/api/users/register
Request URI:	https://practice.expandtesting.com/notes/api/users/register
Request URI:	https://practice.expandtesting.com/notes/api/users/register
Request URI:	https://practice.expandtesting.com/notes/api/users/register
Request URI:	https://practice.expandtesting.com/notes/api/users/register
Request URI:	https://practice.expandtesting.com/notes/api/users/register
Request URI:	https://practice.expandtesting.com/notes/api/users/register
Request URI:	https://practice.expandtesting.com/notes/api/users/register
Request URI:	https://practice.expandtesting.com/notes/api/users/register
Request URI:	https://practice.expandtesting.com/notes/api/users/register
Request URI:	https://practice.expandtesting.com/notes/api/users/register
HTTP/1.1 201 Created
access-control-allow-origin: *
access-control-allow-credentials: true
access-control-allow-methods: GET, POST, PUT, DELETE, PATCH
access-control-allow-headers: Origin, X-Requested-With, Authorization, Content-Type, Accept, X-Auth-Token
content-type: application/json; charset=utf-8
content-encoding: gzip
etag: W/"b8-gGXfIfqq3M/5hpIgJ1DnrHQea34"
set-cookie: express:sess=eyJmbGFzaCI6e319; path=/; httponly
set-cookie: express:sess.sig=tdt42nQZiQvICqmrvHQ1_16fHk0; path=/; httponly
date: Sat, 19 Jul 2025 13:15:43 GMT
connection: keep-alive
keep-alive: timeout=5
transfer-encoding: chunked

{
    "success": true,
    "status": 201,
    "message": "User account created successfully",
    "data": {
        "id": "687b9a7f9d1b4b028865d711",
        "name": "chantal.cartwright",
        "email": "courtney.rutherford@yahoo.com"
    }
}
Request URI:	https://practice.expandtesting.com/notes/api/users/login
Request URI:	https://practice.expandtesting.com/notes/api/users/login
Request URI:	https://practice.expandtesting.com/notes/api/users/login
Request URI:	https://practice.expandtesting.com/notes/api/users/login
Request URI:	https://practice.expandtesting.com/notes/api/users/login
Request URI:	https://practice.expandtesting.com/notes/api/users/login
Request URI:	https://practice.expandtesting.com/notes/api/users/login
Request URI:	https://practice.expandtesting.com/notes/api/users/login
Request URI:	https://practice.expandtesting.com/notes/api/users/login
Request URI:	https://practice.expandtesting.com/notes/api/users/login
Request URI:	https://practice.expandtesting.com/notes/api/users/login
Request URI:	https://practice.expandtesting.com/notes/api/users/login
Request URI:	https://practice.expandtesting.com/notes/api/users/login
Request URI:	https://practice.expandtesting.com/notes/api/users/login
Request URI:	https://practice.expandtesting.com/notes/api/users/login
Request URI:	https://practice.expandtesting.com/notes/api/users/login
Request URI:	https://practice.expandtesting.com/notes/api/users/login
HTTP/1.1 200 OK
access-control-allow-origin: *
access-control-allow-credentials: true
access-control-allow-methods: GET, POST, PUT, DELETE, PATCH
access-control-allow-headers: Origin, X-Requested-With, Authorization, Content-Type, Accept, X-Auth-Token
content-type: application/json; charset=utf-8
content-encoding: gzip
etag: W/"f2-f5NwQm9n3JSKtV9Snz1PAtL4c3I"
set-cookie: express:sess=eyJmbGFzaCI6e319; path=/; httponly
set-cookie: express:sess.sig=tdt42nQZiQvICqmrvHQ1_16fHk0; path=/; httponly
date: Sat, 19 Jul 2025 13:15:44 GMT
connection: keep-alive
keep-alive: timeout=5
transfer-encoding: chunked

{
    "success": true,
    "status": 200,
    "message": "Login successful",
    "data": {
        "id": "687b9a7f9d1b4b028865d711",
        "name": "chantal.cartwright",
        "email": "courtney.rutherford@yahoo.com",
        "token": "7adbe9f6fc1a4c6d8a9e0f25918c18a3a74f1f925003442fbcbc64bac74168c7"
    }
}
Request URI:	https://practice.expandtesting.com/notes/api/health-check
Request URI:	https://practice.expandtesting.com/notes/api/health-check
Request URI:	https://practice.expandtesting.com/notes/api/health-check
Request URI:	https://practice.expandtesting.com/notes/api/health-check
Request URI:	https://practice.expandtesting.com/notes/api/health-check
Request URI:	https://practice.expandtesting.com/notes/api/health-check
Request URI:	https://practice.expandtesting.com/notes/api/health-check
Request URI:	https://practice.expandtesting.com/notes/api/health-check
Request URI:	https://practice.expandtesting.com/notes/api/health-check
Request URI:	https://practice.expandtesting.com/notes/api/health-check
Request URI:	https://practice.expandtesting.com/notes/api/health-check
Request URI:	https://practice.expandtesting.com/notes/api/health-check
Request URI:	https://practice.expandtesting.com/notes/api/health-check
Request URI:	https://practice.expandtesting.com/notes/api/health-check
Request URI:	https://practice.expandtesting.com/notes/api/health-check
Request URI:	https://practice.expandtesting.com/notes/api/health-check
Request URI:	https://practice.expandtesting.com/notes/api/health-check
HTTP/1.1 200 OK
access-control-allow-origin: *
access-control-allow-credentials: true
access-control-allow-methods: GET, POST, PUT, DELETE, PATCH
access-control-allow-headers: Origin, X-Requested-With, Authorization, Content-Type, Accept, X-Auth-Token
content-type: application/json; charset=utf-8
content-encoding: gzip
etag: W/"3e-FE3Nfnlblw5s6WOK197+HBp7tw8"
set-cookie: express:sess=eyJmbGFzaCI6e319; path=/; httponly
set-cookie: express:sess.sig=tdt42nQZiQvICqmrvHQ1_16fHk0; path=/; httponly
date: Sat, 19 Jul 2025 13:15:44 GMT
connection: keep-alive
keep-alive: timeout=5
transfer-encoding: chunked

{
    "success": true,
    "status": 200,
    "message": "Notes API is Running"
}
Request URI:	https://practice.expandtesting.com/notes/api/users/register
Request URI:	https://practice.expandtesting.com/notes/api/users/register
Request URI:	https://practice.expandtesting.com/notes/api/users/register
Request URI:	https://practice.expandtesting.com/notes/api/users/register
Request URI:	https://practice.expandtesting.com/notes/api/users/register
Request URI:	https://practice.expandtesting.com/notes/api/users/register
Request URI:	https://practice.expandtesting.com/notes/api/users/register
Request URI:	https://practice.expandtesting.com/notes/api/users/register
Request URI:	https://practice.expandtesting.com/notes/api/users/register
Request URI:	https://practice.expandtesting.com/notes/api/users/register
Request URI:	https://practice.expandtesting.com/notes/api/users/register
Request URI:	https://practice.expandtesting.com/notes/api/users/register
Request URI:	https://practice.expandtesting.com/notes/api/users/register
Request URI:	https://practice.expandtesting.com/notes/api/users/register
Request URI:	https://practice.expandtesting.com/notes/api/users/register
Request URI:	https://practice.expandtesting.com/notes/api/users/register
Request URI:	https://practice.expandtesting.com/notes/api/users/register
Request URI:	https://practice.expandtesting.com/notes/api/users/register
HTTP/1.1 201 Created
access-control-allow-origin: *
access-control-allow-credentials: true
access-control-allow-methods: GET, POST, PUT, DELETE, PATCH
access-control-allow-headers: Origin, X-Requested-With, Authorization, Content-Type, Accept, X-Auth-Token
content-type: application/json; charset=utf-8
content-encoding: gzip
etag: W/"a9-1e+LUudfKwp8l2LNrQC7TmcQ4Zc"
set-cookie: express:sess=eyJmbGFzaCI6e319; path=/; httponly
set-cookie: express:sess.sig=tdt42nQZiQvICqmrvHQ1_16fHk0; path=/; httponly
date: Sat, 19 Jul 2025 13:15:45 GMT
connection: keep-alive
keep-alive: timeout=5
transfer-encoding: chunked

{
    "success": true,
    "status": 201,
    "message": "User account created successfully",
    "data": {
        "id": "687b9a819d1b4b028865d718",
        "name": "scott.legros",
        "email": "sang.morar@yahoo.com"
    }
}
Request URI:	https://practice.expandtesting.com/notes/api/users/login
Request URI:	https://practice.expandtesting.com/notes/api/users/login
Request URI:	https://practice.expandtesting.com/notes/api/users/login
Request URI:	https://practice.expandtesting.com/notes/api/users/login
Request URI:	https://practice.expandtesting.com/notes/api/users/login
Request URI:	https://practice.expandtesting.com/notes/api/users/login
Request URI:	https://practice.expandtesting.com/notes/api/users/login
Request URI:	https://practice.expandtesting.com/notes/api/users/login
Request URI:	https://practice.expandtesting.com/notes/api/users/login
Request URI:	https://practice.expandtesting.com/notes/api/users/login
Request URI:	https://practice.expandtesting.com/notes/api/users/login
Request URI:	https://practice.expandtesting.com/notes/api/users/login
Request URI:	https://practice.expandtesting.com/notes/api/users/login
Request URI:	https://practice.expandtesting.com/notes/api/users/login
Request URI:	https://practice.expandtesting.com/notes/api/users/login
Request URI:	https://practice.expandtesting.com/notes/api/users/login
Request URI:	https://practice.expandtesting.com/notes/api/users/login
Request URI:	https://practice.expandtesting.com/notes/api/users/login
HTTP/1.1 200 OK
access-control-allow-origin: *
access-control-allow-credentials: true
access-control-allow-methods: GET, POST, PUT, DELETE, PATCH
access-control-allow-headers: Origin, X-Requested-With, Authorization, Content-Type, Accept, X-Auth-Token
content-type: application/json; charset=utf-8
content-encoding: gzip
etag: W/"e3-2I4wJX5B7J++vCZxXtmHsinuTkY"
set-cookie: express:sess=eyJmbGFzaCI6e319; path=/; httponly
set-cookie: express:sess.sig=tdt42nQZiQvICqmrvHQ1_16fHk0; path=/; httponly
date: Sat, 19 Jul 2025 13:15:46 GMT
connection: keep-alive
keep-alive: timeout=5
transfer-encoding: chunked

{
    "success": true,
    "status": 200,
    "message": "Login successful",
    "data": {
        "id": "687b9a819d1b4b028865d718",
        "name": "scott.legros",
        "email": "sang.morar@yahoo.com",
        "token": "90955c58f25346018372fc601fc19d99a3a430a24b8849949d6f8ed7b3d6e89e"
    }
}
Request URI:	https://practice.expandtesting.com/notes/api/users/login
Request URI:	https://practice.expandtesting.com/notes/api/users/login
Request URI:	https://practice.expandtesting.com/notes/api/users/login
Request URI:	https://practice.expandtesting.com/notes/api/users/login
Request URI:	https://practice.expandtesting.com/notes/api/users/login
Request URI:	https://practice.expandtesting.com/notes/api/users/login
Request URI:	https://practice.expandtesting.com/notes/api/users/login
Request URI:	https://practice.expandtesting.com/notes/api/users/login
Request URI:	https://practice.expandtesting.com/notes/api/users/login
Request URI:	https://practice.expandtesting.com/notes/api/users/login
Request URI:	https://practice.expandtesting.com/notes/api/users/login
Request URI:	https://practice.expandtesting.com/notes/api/users/login
Request URI:	https://practice.expandtesting.com/notes/api/users/login
Request URI:	https://practice.expandtesting.com/notes/api/users/login
Request URI:	https://practice.expandtesting.com/notes/api/users/login
Request URI:	https://practice.expandtesting.com/notes/api/users/login
Request URI:	https://practice.expandtesting.com/notes/api/users/login
Request URI:	https://practice.expandtesting.com/notes/api/users/login
HTTP/1.1 200 OK
access-control-allow-origin: *
access-control-allow-credentials: true
access-control-allow-methods: GET, POST, PUT, DELETE, PATCH
access-control-allow-headers: Origin, X-Requested-With, Authorization, Content-Type, Accept, X-Auth-Token
content-type: application/json; charset=utf-8
content-encoding: gzip
etag: W/"e3-2I4wJX5B7J++vCZxXtmHsinuTkY"
set-cookie: express:sess=eyJmbGFzaCI6e319; path=/; httponly
set-cookie: express:sess.sig=tdt42nQZiQvICqmrvHQ1_16fHk0; path=/; httponly
date: Sat, 19 Jul 2025 13:15:46 GMT
connection: keep-alive
keep-alive: timeout=5
transfer-encoding: chunked

{
    "success": true,
    "status": 200,
    "message": "Login successful",
    "data": {
        "id": "687b9a819d1b4b028865d718",
        "name": "scott.legros",
        "email": "sang.morar@yahoo.com",
        "token": "90955c58f25346018372fc601fc19d99a3a430a24b8849949d6f8ed7b3d6e89e"
    }
}
Request URI:	https://practice.expandtesting.com/notes/api/users/register
Request URI:	https://practice.expandtesting.com/notes/api/users/register
Request URI:	https://practice.expandtesting.com/notes/api/users/register
Request URI:	https://practice.expandtesting.com/notes/api/users/register
Request URI:	https://practice.expandtesting.com/notes/api/users/register
Request URI:	https://practice.expandtesting.com/notes/api/users/register
Request URI:	https://practice.expandtesting.com/notes/api/users/register
Request URI:	https://practice.expandtesting.com/notes/api/users/register
Request URI:	https://practice.expandtesting.com/notes/api/users/register
Request URI:	https://practice.expandtesting.com/notes/api/users/register
Request URI:	https://practice.expandtesting.com/notes/api/users/register
Request URI:	https://practice.expandtesting.com/notes/api/users/register
Request URI:	https://practice.expandtesting.com/notes/api/users/register
Request URI:	https://practice.expandtesting.com/notes/api/users/register
Request URI:	https://practice.expandtesting.com/notes/api/users/register
Request URI:	https://practice.expandtesting.com/notes/api/users/register
Request URI:	https://practice.expandtesting.com/notes/api/users/register
Request URI:	https://practice.expandtesting.com/notes/api/users/register
Request URI:	https://practice.expandtesting.com/notes/api/users/register
HTTP/1.1 201 Created
access-control-allow-origin: *
access-control-allow-credentials: true
access-control-allow-methods: GET, POST, PUT, DELETE, PATCH
access-control-allow-headers: Origin, X-Requested-With, Authorization, Content-Type, Accept, X-Auth-Token
content-type: application/json; charset=utf-8
content-encoding: gzip
etag: W/"ac-8+vmZJKbktucgpNbCXlK/MzWG/c"
set-cookie: express:sess=eyJmbGFzaCI6e319; path=/; httponly
set-cookie: express:sess.sig=tdt42nQZiQvICqmrvHQ1_16fHk0; path=/; httponly
date: Sat, 19 Jul 2025 13:15:47 GMT
connection: keep-alive
keep-alive: timeout=5
transfer-encoding: chunked

{
    "success": true,
    "status": 201,
    "message": "User account created successfully",
    "data": {
        "id": "687b9a839d1b4b028865d721",
        "name": "vida.schimmel",
        "email": "pearly.blick@gmail.com"
    }
}
Request URI:	https://practice.expandtesting.com/notes/api/users/login
Request URI:	https://practice.expandtesting.com/notes/api/users/login
Request URI:	https://practice.expandtesting.com/notes/api/users/login
Request URI:	https://practice.expandtesting.com/notes/api/users/login
Request URI:	https://practice.expandtesting.com/notes/api/users/login
Request URI:	https://practice.expandtesting.com/notes/api/users/login
Request URI:	https://practice.expandtesting.com/notes/api/users/login
Request URI:	https://practice.expandtesting.com/notes/api/users/login
Request URI:	https://practice.expandtesting.com/notes/api/users/login
Request URI:	https://practice.expandtesting.com/notes/api/users/login
Request URI:	https://practice.expandtesting.com/notes/api/users/login
Request URI:	https://practice.expandtesting.com/notes/api/users/login
Request URI:	https://practice.expandtesting.com/notes/api/users/login
Request URI:	https://practice.expandtesting.com/notes/api/users/login
Request URI:	https://practice.expandtesting.com/notes/api/users/login
Request URI:	https://practice.expandtesting.com/notes/api/users/login
Request URI:	https://practice.expandtesting.com/notes/api/users/login
Request URI:	https://practice.expandtesting.com/notes/api/users/login
Request URI:	https://practice.expandtesting.com/notes/api/users/login
HTTP/1.1 200 OK
access-control-allow-origin: *
access-control-allow-credentials: true
access-control-allow-methods: GET, POST, PUT, DELETE, PATCH
access-control-allow-headers: Origin, X-Requested-With, Authorization, Content-Type, Accept, X-Auth-Token
content-type: application/json; charset=utf-8
content-encoding: gzip
etag: W/"e6-zFhxftHsUuJqX5+FXHsnUu9iL50"
set-cookie: express:sess=eyJmbGFzaCI6e319; path=/; httponly
set-cookie: express:sess.sig=tdt42nQZiQvICqmrvHQ1_16fHk0; path=/; httponly
date: Sat, 19 Jul 2025 13:15:48 GMT
connection: keep-alive
keep-alive: timeout=5
transfer-encoding: chunked

{
    "success": true,
    "status": 200,
    "message": "Login successful",
    "data": {
        "id": "687b9a839d1b4b028865d721",
        "name": "vida.schimmel",
        "email": "pearly.blick@gmail.com",
        "token": "5b2b7b311968466888ed44f8a91c2f84f22b7255de9c444d8967c03bb0302d9d"
    }
}
Request URI:	https://practice.expandtesting.com/notes/api/users/profile
Request URI:	https://practice.expandtesting.com/notes/api/users/profile
Request URI:	https://practice.expandtesting.com/notes/api/users/profile
Request URI:	https://practice.expandtesting.com/notes/api/users/profile
Request URI:	https://practice.expandtesting.com/notes/api/users/profile
Request URI:	https://practice.expandtesting.com/notes/api/users/profile
Request URI:	https://practice.expandtesting.com/notes/api/users/profile
Request URI:	https://practice.expandtesting.com/notes/api/users/profile
Request URI:	https://practice.expandtesting.com/notes/api/users/profile
Request URI:	https://practice.expandtesting.com/notes/api/users/profile
Request URI:	https://practice.expandtesting.com/notes/api/users/profile
Request URI:	https://practice.expandtesting.com/notes/api/users/profile
Request URI:	https://practice.expandtesting.com/notes/api/users/profile
Request URI:	https://practice.expandtesting.com/notes/api/users/profile
Request URI:	https://practice.expandtesting.com/notes/api/users/profile
Request URI:	https://practice.expandtesting.com/notes/api/users/profile
Request URI:	https://practice.expandtesting.com/notes/api/users/profile
Request URI:	https://practice.expandtesting.com/notes/api/users/profile
Request URI:	https://practice.expandtesting.com/notes/api/users/profile
Request URI:	https://practice.expandtesting.com/notes/api/users/register
Request URI:	https://practice.expandtesting.com/notes/api/users/register
Request URI:	https://practice.expandtesting.com/notes/api/users/register
Request URI:	https://practice.expandtesting.com/notes/api/users/register
Request URI:	https://practice.expandtesting.com/notes/api/users/register
Request URI:	https://practice.expandtesting.com/notes/api/users/register
Request URI:	https://practice.expandtesting.com/notes/api/users/register
Request URI:	https://practice.expandtesting.com/notes/api/users/register
Request URI:	https://practice.expandtesting.com/notes/api/users/register
Request URI:	https://practice.expandtesting.com/notes/api/users/register
Request URI:	https://practice.expandtesting.com/notes/api/users/register
Request URI:	https://practice.expandtesting.com/notes/api/users/register
Request URI:	https://practice.expandtesting.com/notes/api/users/register
Request URI:	https://practice.expandtesting.com/notes/api/users/register
Request URI:	https://practice.expandtesting.com/notes/api/users/register
Request URI:	https://practice.expandtesting.com/notes/api/users/register
Request URI:	https://practice.expandtesting.com/notes/api/users/register
Request URI:	https://practice.expandtesting.com/notes/api/users/register
Request URI:	https://practice.expandtesting.com/notes/api/users/register
Request URI:	https://practice.expandtesting.com/notes/api/users/register
HTTP/1.1 201 Created
access-control-allow-origin: *
access-control-allow-credentials: true
access-control-allow-methods: GET, POST, PUT, DELETE, PATCH
access-control-allow-headers: Origin, X-Requested-With, Authorization, Content-Type, Accept, X-Auth-Token
content-type: application/json; charset=utf-8
content-encoding: gzip
etag: W/"ae-Gfr560CBat2UxkLSNmca5kZ9vIM"
set-cookie: express:sess=eyJmbGFzaCI6e319; path=/; httponly
set-cookie: express:sess.sig=tdt42nQZiQvICqmrvHQ1_16fHk0; path=/; httponly
date: Sat, 19 Jul 2025 13:15:48 GMT
connection: keep-alive
keep-alive: timeout=5
transfer-encoding: chunked

{
    "success": true,
    "status": 201,
    "message": "User account created successfully",
    "data": {
        "id": "687b9a849d1b4b028865d72a",
        "name": "mathew.abbott",
        "email": "tommie.bosco@hotmail.com"
    }
}
Request URI:	https://practice.expandtesting.com/notes/api/users/login
Request URI:	https://practice.expandtesting.com/notes/api/users/login
Request URI:	https://practice.expandtesting.com/notes/api/users/login
Request URI:	https://practice.expandtesting.com/notes/api/users/login
Request URI:	https://practice.expandtesting.com/notes/api/users/login
Request URI:	https://practice.expandtesting.com/notes/api/users/login
Request URI:	https://practice.expandtesting.com/notes/api/users/login
Request URI:	https://practice.expandtesting.com/notes/api/users/login
Request URI:	https://practice.expandtesting.com/notes/api/users/login
Request URI:	https://practice.expandtesting.com/notes/api/users/login
Request URI:	https://practice.expandtesting.com/notes/api/users/login
Request URI:	https://practice.expandtesting.com/notes/api/users/login
Request URI:	https://practice.expandtesting.com/notes/api/users/login
Request URI:	https://practice.expandtesting.com/notes/api/users/login
Request URI:	https://practice.expandtesting.com/notes/api/users/login
Request URI:	https://practice.expandtesting.com/notes/api/users/login
Request URI:	https://practice.expandtesting.com/notes/api/users/login
Request URI:	https://practice.expandtesting.com/notes/api/users/login
Request URI:	https://practice.expandtesting.com/notes/api/users/login
Request URI:	https://practice.expandtesting.com/notes/api/users/login
HTTP/1.1 200 OK
access-control-allow-origin: *
access-control-allow-credentials: true
access-control-allow-methods: GET, POST, PUT, DELETE, PATCH
access-control-allow-headers: Origin, X-Requested-With, Authorization, Content-Type, Accept, X-Auth-Token
content-type: application/json; charset=utf-8
content-encoding: gzip
etag: W/"e8-B57XJgg8gveIaFIjaXJ+Eel7XDk"
set-cookie: express:sess=eyJmbGFzaCI6e319; path=/; httponly
set-cookie: express:sess.sig=tdt42nQZiQvICqmrvHQ1_16fHk0; path=/; httponly
date: Sat, 19 Jul 2025 13:15:49 GMT
connection: keep-alive
keep-alive: timeout=5
transfer-encoding: chunked

{
    "success": true,
    "status": 200,
    "message": "Login successful",
    "data": {
        "id": "687b9a849d1b4b028865d72a",
        "name": "mathew.abbott",
        "email": "tommie.bosco@hotmail.com",
        "token": "07459de83fcd4fe69457cadfd7ec72abd263fbb95780442683cae770e4f0d2fa"
    }
}
Request URI:	https://practice.expandtesting.com/notes/api/users/profile
Request URI:	https://practice.expandtesting.com/notes/api/users/profile
Request URI:	https://practice.expandtesting.com/notes/api/users/profile
Request URI:	https://practice.expandtesting.com/notes/api/users/profile
Request URI:	https://practice.expandtesting.com/notes/api/users/profile
Request URI:	https://practice.expandtesting.com/notes/api/users/profile
Request URI:	https://practice.expandtesting.com/notes/api/users/profile
Request URI:	https://practice.expandtesting.com/notes/api/users/profile
Request URI:	https://practice.expandtesting.com/notes/api/users/profile
Request URI:	https://practice.expandtesting.com/notes/api/users/profile
Request URI:	https://practice.expandtesting.com/notes/api/users/profile
Request URI:	https://practice.expandtesting.com/notes/api/users/profile
Request URI:	https://practice.expandtesting.com/notes/api/users/profile
Request URI:	https://practice.expandtesting.com/notes/api/users/profile
Request URI:	https://practice.expandtesting.com/notes/api/users/profile
Request URI:	https://practice.expandtesting.com/notes/api/users/profile
Request URI:	https://practice.expandtesting.com/notes/api/users/profile
Request URI:	https://practice.expandtesting.com/notes/api/users/profile
Request URI:	https://practice.expandtesting.com/notes/api/users/profile
Request URI:	https://practice.expandtesting.com/notes/api/users/profile
Request method:	PATCH
Request URI:	https://practice.expandtesting.com/notes/api/users/profile
Proxy:			<none>
Request params:	<none>
Query params:	<none>
Form params:	name=Jeanne Wuckert
				phone=6208292163
				company=Greenholt, Crona and Anderson
Path params:	<none>
Headers:		X-Auth-Token=07459de83fcd4fe69457cadfd7ec72abd263fbb95780442683cae770e4f0d2fa
				Accept=application/json, application/javascript, text/javascript, text/json
				Content-Type=application/x-www-form-urlencoded; charset=UTF-8
Cookies:		<none>
Multiparts:		<none>
Body:			<none>
HTTP/1.1 200 OK
access-control-allow-origin: *
access-control-allow-credentials: true
access-control-allow-methods: GET, POST, PUT, DELETE, PATCH
access-control-allow-headers: Origin, X-Requested-With, Authorization, Content-Type, Accept, X-Auth-Token
content-type: application/json; charset=utf-8
content-encoding: gzip
etag: W/"e7-skbypX0N69XNVz53ETjyKf0QKNs"
set-cookie: express:sess=eyJmbGFzaCI6e319; path=/; httponly
set-cookie: express:sess.sig=tdt42nQZiQvICqmrvHQ1_16fHk0; path=/; httponly
date: Sat, 19 Jul 2025 13:15:49 GMT
connection: keep-alive
keep-alive: timeout=5
transfer-encoding: chunked

{
    "success": true,
    "status": 200,
    "message": "Profile updated successful",
    "data": {
        "id": "687b9a849d1b4b028865d72a",
        "name": "Jeanne Wuckert",
        "email": "tommie.bosco@hotmail.com",
        "phone": "6208292163",
        "company": "Greenholt, Crona and Anderson"
    }
}
Request URI:	https://practice.expandtesting.com/notes/api/users/profile
Request URI:	https://practice.expandtesting.com/notes/api/users/profile
Request URI:	https://practice.expandtesting.com/notes/api/users/profile
Request URI:	https://practice.expandtesting.com/notes/api/users/profile
Request URI:	https://practice.expandtesting.com/notes/api/users/profile
Request URI:	https://practice.expandtesting.com/notes/api/users/profile
Request URI:	https://practice.expandtesting.com/notes/api/users/profile
Request URI:	https://practice.expandtesting.com/notes/api/users/profile
Request URI:	https://practice.expandtesting.com/notes/api/users/profile
Request URI:	https://practice.expandtesting.com/notes/api/users/profile
Request URI:	https://practice.expandtesting.com/notes/api/users/profile
Request URI:	https://practice.expandtesting.com/notes/api/users/profile
Request URI:	https://practice.expandtesting.com/notes/api/users/profile
Request URI:	https://practice.expandtesting.com/notes/api/users/profile
Request URI:	https://practice.expandtesting.com/notes/api/users/profile
Request URI:	https://practice.expandtesting.com/notes/api/users/profile
Request URI:	https://practice.expandtesting.com/notes/api/users/profile
Request URI:	https://practice.expandtesting.com/notes/api/users/profile
Request URI:	https://practice.expandtesting.com/notes/api/users/profile
Request URI:	https://practice.expandtesting.com/notes/api/users/profile
Request URI:	https://practice.expandtesting.com/notes/api/users/register
Request URI:	https://practice.expandtesting.com/notes/api/users/register
Request URI:	https://practice.expandtesting.com/notes/api/users/register
Request URI:	https://practice.expandtesting.com/notes/api/users/register
Request URI:	https://practice.expandtesting.com/notes/api/users/register
Request URI:	https://practice.expandtesting.com/notes/api/users/register
Request URI:	https://practice.expandtesting.com/notes/api/users/register
Request URI:	https://practice.expandtesting.com/notes/api/users/register
Request URI:	https://practice.expandtesting.com/notes/api/users/register
Request URI:	https://practice.expandtesting.com/notes/api/users/register
Request URI:	https://practice.expandtesting.com/notes/api/users/register
Request URI:	https://practice.expandtesting.com/notes/api/users/register
Request URI:	https://practice.expandtesting.com/notes/api/users/register
Request URI:	https://practice.expandtesting.com/notes/api/users/register
Request URI:	https://practice.expandtesting.com/notes/api/users/register
Request URI:	https://practice.expandtesting.com/notes/api/users/register
Request URI:	https://practice.expandtesting.com/notes/api/users/register
Request URI:	https://practice.expandtesting.com/notes/api/users/register
Request URI:	https://practice.expandtesting.com/notes/api/users/register
Request URI:	https://practice.expandtesting.com/notes/api/users/register
Request URI:	https://practice.expandtesting.com/notes/api/users/register
HTTP/1.1 201 Created
access-control-allow-origin: *
access-control-allow-credentials: true
access-control-allow-methods: GET, POST, PUT, DELETE, PATCH
access-control-allow-headers: Origin, X-Requested-With, Authorization, Content-Type, Accept, X-Auth-Token
content-type: application/json; charset=utf-8
content-encoding: gzip
etag: W/"ae-LEdgkmcrAOhboUpBVVmu9ZerRN4"
set-cookie: express:sess=eyJmbGFzaCI6e319; path=/; httponly
set-cookie: express:sess.sig=tdt42nQZiQvICqmrvHQ1_16fHk0; path=/; httponly
date: Sat, 19 Jul 2025 13:15:50 GMT
connection: keep-alive
keep-alive: timeout=5
transfer-encoding: chunked

{
    "success": true,
    "status": 201,
    "message": "User account created successfully",
    "data": {
        "id": "687b9a869d1b4b028865d736",
        "name": "jacques.erdman",
        "email": "carlton.walsh@yahoo.com"
    }
}
Request URI:	https://practice.expandtesting.com/notes/api/users/login
Request URI:	https://practice.expandtesting.com/notes/api/users/login
Request URI:	https://practice.expandtesting.com/notes/api/users/login
Request URI:	https://practice.expandtesting.com/notes/api/users/login
Request URI:	https://practice.expandtesting.com/notes/api/users/login
Request URI:	https://practice.expandtesting.com/notes/api/users/login
Request URI:	https://practice.expandtesting.com/notes/api/users/login
Request URI:	https://practice.expandtesting.com/notes/api/users/login
Request URI:	https://practice.expandtesting.com/notes/api/users/login
Request URI:	https://practice.expandtesting.com/notes/api/users/login
Request URI:	https://practice.expandtesting.com/notes/api/users/login
Request URI:	https://practice.expandtesting.com/notes/api/users/login
Request URI:	https://practice.expandtesting.com/notes/api/users/login
Request URI:	https://practice.expandtesting.com/notes/api/users/login
Request URI:	https://practice.expandtesting.com/notes/api/users/login
Request URI:	https://practice.expandtesting.com/notes/api/users/login
Request URI:	https://practice.expandtesting.com/notes/api/users/login
Request URI:	https://practice.expandtesting.com/notes/api/users/login
Request URI:	https://practice.expandtesting.com/notes/api/users/login
Request URI:	https://practice.expandtesting.com/notes/api/users/login
Request URI:	https://practice.expandtesting.com/notes/api/users/login
HTTP/1.1 200 OK
access-control-allow-origin: *
access-control-allow-credentials: true
access-control-allow-methods: GET, POST, PUT, DELETE, PATCH
access-control-allow-headers: Origin, X-Requested-With, Authorization, Content-Type, Accept, X-Auth-Token
content-type: application/json; charset=utf-8
content-encoding: gzip
etag: W/"e8-7vbMsuiHWsnTSWUMWBsN2Xt1W8g"
set-cookie: express:sess=eyJmbGFzaCI6e319; path=/; httponly
set-cookie: express:sess.sig=tdt42nQZiQvICqmrvHQ1_16fHk0; path=/; httponly
date: Sat, 19 Jul 2025 13:15:51 GMT
connection: keep-alive
keep-alive: timeout=5
transfer-encoding: chunked

{
    "success": true,
    "status": 200,
    "message": "Login successful",
    "data": {
        "id": "687b9a869d1b4b028865d736",
        "name": "jacques.erdman",
        "email": "carlton.walsh@yahoo.com",
        "token": "f772e8c24364433f921141d3c699a35b3d1f3b09e67a4a30a8fd47af3fe6dd4c"
    }
}
Request URI:	https://practice.expandtesting.com/notes/api/users/forgot-password
Request URI:	https://practice.expandtesting.com/notes/api/users/forgot-password
Request URI:	https://practice.expandtesting.com/notes/api/users/forgot-password
Request URI:	https://practice.expandtesting.com/notes/api/users/forgot-password
Request URI:	https://practice.expandtesting.com/notes/api/users/forgot-password
Request URI:	https://practice.expandtesting.com/notes/api/users/forgot-password
Request URI:	https://practice.expandtesting.com/notes/api/users/forgot-password
Request URI:	https://practice.expandtesting.com/notes/api/users/forgot-password
Request URI:	https://practice.expandtesting.com/notes/api/users/forgot-password
Request URI:	https://practice.expandtesting.com/notes/api/users/forgot-password
Request URI:	https://practice.expandtesting.com/notes/api/users/forgot-password
Request URI:	https://practice.expandtesting.com/notes/api/users/forgot-password
Request URI:	https://practice.expandtesting.com/notes/api/users/forgot-password
Request URI:	https://practice.expandtesting.com/notes/api/users/forgot-password
Request URI:	https://practice.expandtesting.com/notes/api/users/forgot-password
Request URI:	https://practice.expandtesting.com/notes/api/users/forgot-password
Request URI:	https://practice.expandtesting.com/notes/api/users/forgot-password
Request URI:	https://practice.expandtesting.com/notes/api/users/forgot-password
Request URI:	https://practice.expandtesting.com/notes/api/users/forgot-password
Request URI:	https://practice.expandtesting.com/notes/api/users/forgot-password
Request URI:	https://practice.expandtesting.com/notes/api/users/forgot-password
Request method:	POST
Request URI:	https://practice.expandtesting.com/notes/api/users/forgot-password
Proxy:			<none>
Request params:	<none>
Query params:	<none>
Form params:	email=sergej.ocheretko1@gmail.com
Path params:	<none>
Headers:		Accept=application/json, application/javascript, text/javascript, text/json
				Content-Type=application/x-www-form-urlencoded; charset=UTF-8
Cookies:		<none>
Multiparts:		<none>
Body:			<none>
HTTP/1.1 200 OK
access-control-allow-origin: *
access-control-allow-credentials: true
access-control-allow-methods: GET, POST, PUT, DELETE, PATCH
access-control-allow-headers: Origin, X-Requested-With, Authorization, Content-Type, Accept, X-Auth-Token
content-type: application/json; charset=utf-8
content-encoding: gzip
etag: W/"9b-cA1HaMhP3nj2SjqeG5PfB3ZLVCU"
set-cookie: express:sess=eyJmbGFzaCI6e319; path=/; httponly
set-cookie: express:sess.sig=tdt42nQZiQvICqmrvHQ1_16fHk0; path=/; httponly
date: Sat, 19 Jul 2025 13:15:53 GMT
connection: keep-alive
keep-alive: timeout=5
transfer-encoding: chunked

{
    "success": true,
    "status": 200,
    "message": "Password reset link successfully sent to sergej.ocheretko1@gmail.com. Please verify by clicking on the given link"
}
Request URI:	https://practice.expandtesting.com/notes/api/users/register
Request URI:	https://practice.expandtesting.com/notes/api/users/register
Request URI:	https://practice.expandtesting.com/notes/api/users/register
Request URI:	https://practice.expandtesting.com/notes/api/users/register
Request URI:	https://practice.expandtesting.com/notes/api/users/register
Request URI:	https://practice.expandtesting.com/notes/api/users/register
Request URI:	https://practice.expandtesting.com/notes/api/users/register
Request URI:	https://practice.expandtesting.com/notes/api/users/register
Request URI:	https://practice.expandtesting.com/notes/api/users/register
Request URI:	https://practice.expandtesting.com/notes/api/users/register
Request URI:	https://practice.expandtesting.com/notes/api/users/register
Request URI:	https://practice.expandtesting.com/notes/api/users/register
Request URI:	https://practice.expandtesting.com/notes/api/users/register
Request URI:	https://practice.expandtesting.com/notes/api/users/register
Request URI:	https://practice.expandtesting.com/notes/api/users/register
Request URI:	https://practice.expandtesting.com/notes/api/users/register
Request URI:	https://practice.expandtesting.com/notes/api/users/register
Request URI:	https://practice.expandtesting.com/notes/api/users/register
Request URI:	https://practice.expandtesting.com/notes/api/users/register
Request URI:	https://practice.expandtesting.com/notes/api/users/register
Request URI:	https://practice.expandtesting.com/notes/api/users/register
Request URI:	https://practice.expandtesting.com/notes/api/users/register
HTTP/1.1 201 Created
access-control-allow-origin: *
access-control-allow-credentials: true
access-control-allow-methods: GET, POST, PUT, DELETE, PATCH
access-control-allow-headers: Origin, X-Requested-With, Authorization, Content-Type, Accept, X-Auth-Token
content-type: application/json; charset=utf-8
content-encoding: gzip
etag: W/"ad-6VZUGXfercTUQfql1EzsqV+n7x8"
set-cookie: express:sess=eyJmbGFzaCI6e319; path=/; httponly
set-cookie: express:sess.sig=tdt42nQZiQvICqmrvHQ1_16fHk0; path=/; httponly
date: Sat, 19 Jul 2025 13:15:53 GMT
connection: keep-alive
keep-alive: timeout=5
transfer-encoding: chunked

{
    "success": true,
    "status": 201,
    "message": "User account created successfully",
    "data": {
        "id": "687b9a899d1b4b028865d741",
        "name": "ralph.hudson",
        "email": "royal.schumm@hotmail.com"
    }
}
Request URI:	https://practice.expandtesting.com/notes/api/users/login
Request URI:	https://practice.expandtesting.com/notes/api/users/login
Request URI:	https://practice.expandtesting.com/notes/api/users/login
Request URI:	https://practice.expandtesting.com/notes/api/users/login
Request URI:	https://practice.expandtesting.com/notes/api/users/login
Request URI:	https://practice.expandtesting.com/notes/api/users/login
Request URI:	https://practice.expandtesting.com/notes/api/users/login
Request URI:	https://practice.expandtesting.com/notes/api/users/login
Request URI:	https://practice.expandtesting.com/notes/api/users/login
Request URI:	https://practice.expandtesting.com/notes/api/users/login
Request URI:	https://practice.expandtesting.com/notes/api/users/login
Request URI:	https://practice.expandtesting.com/notes/api/users/login
Request URI:	https://practice.expandtesting.com/notes/api/users/login
Request URI:	https://practice.expandtesting.com/notes/api/users/login
Request URI:	https://practice.expandtesting.com/notes/api/users/login
Request URI:	https://practice.expandtesting.com/notes/api/users/login
Request URI:	https://practice.expandtesting.com/notes/api/users/login
Request URI:	https://practice.expandtesting.com/notes/api/users/login
Request URI:	https://practice.expandtesting.com/notes/api/users/login
Request URI:	https://practice.expandtesting.com/notes/api/users/login
Request URI:	https://practice.expandtesting.com/notes/api/users/login
Request URI:	https://practice.expandtesting.com/notes/api/users/login
HTTP/1.1 200 OK
access-control-allow-origin: *
access-control-allow-credentials: true
access-control-allow-methods: GET, POST, PUT, DELETE, PATCH
access-control-allow-headers: Origin, X-Requested-With, Authorization, Content-Type, Accept, X-Auth-Token
content-type: application/json; charset=utf-8
content-encoding: gzip
etag: W/"e7-/oNa8bmno8UTNeUoEChKAaixuaY"
set-cookie: express:sess=eyJmbGFzaCI6e319; path=/; httponly
set-cookie: express:sess.sig=tdt42nQZiQvICqmrvHQ1_16fHk0; path=/; httponly
date: Sat, 19 Jul 2025 13:15:54 GMT
connection: keep-alive
keep-alive: timeout=5
transfer-encoding: chunked

{
    "success": true,
    "status": 200,
    "message": "Login successful",
    "data": {
        "id": "687b9a899d1b4b028865d741",
        "name": "ralph.hudson",
        "email": "royal.schumm@hotmail.com",
        "token": "8d65b74f1e114438a115ca96f0e2ee139a9aad6e571241c9982b5fa114864179"
    }
}
Request URI:	https://practice.expandtesting.com/notes/api/users/forgot-password
Request URI:	https://practice.expandtesting.com/notes/api/users/forgot-password
Request URI:	https://practice.expandtesting.com/notes/api/users/forgot-password
Request URI:	https://practice.expandtesting.com/notes/api/users/forgot-password
Request URI:	https://practice.expandtesting.com/notes/api/users/forgot-password
Request URI:	https://practice.expandtesting.com/notes/api/users/forgot-password
Request URI:	https://practice.expandtesting.com/notes/api/users/forgot-password
Request URI:	https://practice.expandtesting.com/notes/api/users/forgot-password
Request URI:	https://practice.expandtesting.com/notes/api/users/forgot-password
Request URI:	https://practice.expandtesting.com/notes/api/users/forgot-password
Request URI:	https://practice.expandtesting.com/notes/api/users/forgot-password
Request URI:	https://practice.expandtesting.com/notes/api/users/forgot-password
Request URI:	https://practice.expandtesting.com/notes/api/users/forgot-password
Request URI:	https://practice.expandtesting.com/notes/api/users/forgot-password
Request URI:	https://practice.expandtesting.com/notes/api/users/forgot-password
Request URI:	https://practice.expandtesting.com/notes/api/users/forgot-password
Request URI:	https://practice.expandtesting.com/notes/api/users/forgot-password
Request URI:	https://practice.expandtesting.com/notes/api/users/forgot-password
Request URI:	https://practice.expandtesting.com/notes/api/users/forgot-password
Request URI:	https://practice.expandtesting.com/notes/api/users/forgot-password
Request URI:	https://practice.expandtesting.com/notes/api/users/forgot-password
Request URI:	https://practice.expandtesting.com/notes/api/users/forgot-password
Request method:	POST
Request URI:	https://practice.expandtesting.com/notes/api/users/forgot-password
Proxy:			<none>
Request params:	<none>
Query params:	<none>
Form params:	email=sergej.ocheretko1@gmail.com
Path params:	<none>
Headers:		Accept=application/json, application/javascript, text/javascript, text/json
				Content-Type=application/x-www-form-urlencoded; charset=UTF-8
Cookies:		<none>
Multiparts:		<none>
Body:			<none>
HTTP/1.1 200 OK
access-control-allow-origin: *
access-control-allow-credentials: true
access-control-allow-methods: GET, POST, PUT, DELETE, PATCH
access-control-allow-headers: Origin, X-Requested-With, Authorization, Content-Type, Accept, X-Auth-Token
content-type: application/json; charset=utf-8
content-encoding: gzip
etag: W/"9b-cA1HaMhP3nj2SjqeG5PfB3ZLVCU"
set-cookie: express:sess=eyJmbGFzaCI6e319; path=/; httponly
set-cookie: express:sess.sig=tdt42nQZiQvICqmrvHQ1_16fHk0; path=/; httponly
date: Sat, 19 Jul 2025 13:15:54 GMT
connection: keep-alive
keep-alive: timeout=5
transfer-encoding: chunked

{
    "success": true,
    "status": 200,
    "message": "Password reset link successfully sent to sergej.ocheretko1@gmail.com. Please verify by clicking on the given link"
}
Request URI:	https://practice.expandtesting.com/notes/api/users/register
Request URI:	https://practice.expandtesting.com/notes/api/users/register
Request URI:	https://practice.expandtesting.com/notes/api/users/register
Request URI:	https://practice.expandtesting.com/notes/api/users/register
Request URI:	https://practice.expandtesting.com/notes/api/users/register
Request URI:	https://practice.expandtesting.com/notes/api/users/register
Request URI:	https://practice.expandtesting.com/notes/api/users/register
Request URI:	https://practice.expandtesting.com/notes/api/users/register
Request URI:	https://practice.expandtesting.com/notes/api/users/register
Request URI:	https://practice.expandtesting.com/notes/api/users/register
Request URI:	https://practice.expandtesting.com/notes/api/users/register
Request URI:	https://practice.expandtesting.com/notes/api/users/register
Request URI:	https://practice.expandtesting.com/notes/api/users/register
Request URI:	https://practice.expandtesting.com/notes/api/users/register
Request URI:	https://practice.expandtesting.com/notes/api/users/register
Request URI:	https://practice.expandtesting.com/notes/api/users/register
Request URI:	https://practice.expandtesting.com/notes/api/users/register
Request URI:	https://practice.expandtesting.com/notes/api/users/register
Request URI:	https://practice.expandtesting.com/notes/api/users/register
Request URI:	https://practice.expandtesting.com/notes/api/users/register
Request URI:	https://practice.expandtesting.com/notes/api/users/register
Request URI:	https://practice.expandtesting.com/notes/api/users/register
Request URI:	https://practice.expandtesting.com/notes/api/users/register
HTTP/1.1 201 Created
access-control-allow-origin: *
access-control-allow-credentials: true
access-control-allow-methods: GET, POST, PUT, DELETE, PATCH
access-control-allow-headers: Origin, X-Requested-With, Authorization, Content-Type, Accept, X-Auth-Token
content-type: application/json; charset=utf-8
content-encoding: gzip
etag: W/"ad-u+BFdKzQM/Qp9dxp3ssN9doUdHY"
set-cookie: express:sess=eyJmbGFzaCI6e319; path=/; httponly
set-cookie: express:sess.sig=tdt42nQZiQvICqmrvHQ1_16fHk0; path=/; httponly
date: Sat, 19 Jul 2025 13:15:55 GMT
connection: keep-alive
keep-alive: timeout=5
transfer-encoding: chunked

{
    "success": true,
    "status": 201,
    "message": "User account created successfully",
    "data": {
        "id": "687b9a8b9d1b4b028865d74c",
        "name": "bret.schmeler",
        "email": "logan.moore@hotmail.com"
    }
}
Request URI:	https://practice.expandtesting.com/notes/api/users/login
Request URI:	https://practice.expandtesting.com/notes/api/users/login
Request URI:	https://practice.expandtesting.com/notes/api/users/login
Request URI:	https://practice.expandtesting.com/notes/api/users/login
Request URI:	https://practice.expandtesting.com/notes/api/users/login
Request URI:	https://practice.expandtesting.com/notes/api/users/login
Request URI:	https://practice.expandtesting.com/notes/api/users/login
Request URI:	https://practice.expandtesting.com/notes/api/users/login
Request URI:	https://practice.expandtesting.com/notes/api/users/login
Request URI:	https://practice.expandtesting.com/notes/api/users/login
Request URI:	https://practice.expandtesting.com/notes/api/users/login
Request URI:	https://practice.expandtesting.com/notes/api/users/login
Request URI:	https://practice.expandtesting.com/notes/api/users/login
Request URI:	https://practice.expandtesting.com/notes/api/users/login
Request URI:	https://practice.expandtesting.com/notes/api/users/login
Request URI:	https://practice.expandtesting.com/notes/api/users/login
Request URI:	https://practice.expandtesting.com/notes/api/users/login
Request URI:	https://practice.expandtesting.com/notes/api/users/login
Request URI:	https://practice.expandtesting.com/notes/api/users/login
Request URI:	https://practice.expandtesting.com/notes/api/users/login
Request URI:	https://practice.expandtesting.com/notes/api/users/login
Request URI:	https://practice.expandtesting.com/notes/api/users/login
Request URI:	https://practice.expandtesting.com/notes/api/users/login
HTTP/1.1 200 OK
access-control-allow-origin: *
access-control-allow-credentials: true
access-control-allow-methods: GET, POST, PUT, DELETE, PATCH
access-control-allow-headers: Origin, X-Requested-With, Authorization, Content-Type, Accept, X-Auth-Token
content-type: application/json; charset=utf-8
content-encoding: gzip
etag: W/"e7-PNvQx/yaQw7xTegyCz2hrPon+Yg"
set-cookie: express:sess=eyJmbGFzaCI6e319; path=/; httponly
set-cookie: express:sess.sig=tdt42nQZiQvICqmrvHQ1_16fHk0; path=/; httponly
date: Sat, 19 Jul 2025 13:15:55 GMT
connection: keep-alive
keep-alive: timeout=5
transfer-encoding: chunked

{
    "success": true,
    "status": 200,
    "message": "Login successful",
    "data": {
        "id": "687b9a8b9d1b4b028865d74c",
        "name": "bret.schmeler",
        "email": "logan.moore@hotmail.com",
        "token": "c835fdcb658948faa303333da375286781118a61f33346339e9715aa8474000b"
    }
}
Request URI:	https://practice.expandtesting.com/notes/api/users/change-password
Request URI:	https://practice.expandtesting.com/notes/api/users/change-password
Request URI:	https://practice.expandtesting.com/notes/api/users/change-password
Request URI:	https://practice.expandtesting.com/notes/api/users/change-password
Request URI:	https://practice.expandtesting.com/notes/api/users/change-password
Request URI:	https://practice.expandtesting.com/notes/api/users/change-password
Request URI:	https://practice.expandtesting.com/notes/api/users/change-password
Request URI:	https://practice.expandtesting.com/notes/api/users/change-password
Request URI:	https://practice.expandtesting.com/notes/api/users/change-password
Request URI:	https://practice.expandtesting.com/notes/api/users/change-password
Request URI:	https://practice.expandtesting.com/notes/api/users/change-password
Request URI:	https://practice.expandtesting.com/notes/api/users/change-password
Request URI:	https://practice.expandtesting.com/notes/api/users/change-password
Request URI:	https://practice.expandtesting.com/notes/api/users/change-password
Request URI:	https://practice.expandtesting.com/notes/api/users/change-password
Request URI:	https://practice.expandtesting.com/notes/api/users/change-password
Request URI:	https://practice.expandtesting.com/notes/api/users/change-password
Request URI:	https://practice.expandtesting.com/notes/api/users/change-password
Request URI:	https://practice.expandtesting.com/notes/api/users/change-password
Request URI:	https://practice.expandtesting.com/notes/api/users/change-password
Request URI:	https://practice.expandtesting.com/notes/api/users/change-password
Request URI:	https://practice.expandtesting.com/notes/api/users/change-password
Request URI:	https://practice.expandtesting.com/notes/api/users/change-password
Request method:	POST
Request URI:	https://practice.expandtesting.com/notes/api/users/change-password
Proxy:			<none>
Request params:	<none>
Query params:	<none>
Form params:	<none>
Path params:	<none>
Headers:		X-Auth-Token=c835fdcb658948faa303333da375286781118a61f33346339e9715aa8474000b
				Accept=application/json, application/javascript, text/javascript, text/json
				Content-Type=application/json
Cookies:		<none>
Multiparts:		<none>
Body:
{
    "currentPassword": "3c0tptsm",
    "newPassword": "b&##IO@H$MTG3"
}
HTTP/1.1 200 OK
access-control-allow-origin: *
access-control-allow-credentials: true
access-control-allow-methods: GET, POST, PUT, DELETE, PATCH
access-control-allow-headers: Origin, X-Requested-With, Authorization, Content-Type, Accept, X-Auth-Token
content-type: application/json; charset=utf-8
content-encoding: gzip
etag: W/"4f-ava50LOZV9GrNX1jv2XMGsJdMdg"
set-cookie: express:sess=eyJmbGFzaCI6e319; path=/; httponly
set-cookie: express:sess.sig=tdt42nQZiQvICqmrvHQ1_16fHk0; path=/; httponly
date: Sat, 19 Jul 2025 13:15:56 GMT
connection: keep-alive
keep-alive: timeout=5
transfer-encoding: chunked

{
    "success": true,
    "status": 200,
    "message": "The password was successfully updated"
}
]]>&#x1f510;<![CDATA[ Пароль успешно обновлён: b&##IO@H$MTG3
Request URI:	https://practice.expandtesting.com/notes/api/users/register
Request URI:	https://practice.expandtesting.com/notes/api/users/register
Request URI:	https://practice.expandtesting.com/notes/api/users/register
Request URI:	https://practice.expandtesting.com/notes/api/users/register
Request URI:	https://practice.expandtesting.com/notes/api/users/register
Request URI:	https://practice.expandtesting.com/notes/api/users/register
Request URI:	https://practice.expandtesting.com/notes/api/users/register
Request URI:	https://practice.expandtesting.com/notes/api/users/register
Request URI:	https://practice.expandtesting.com/notes/api/users/register
Request URI:	https://practice.expandtesting.com/notes/api/users/register
Request URI:	https://practice.expandtesting.com/notes/api/users/register
Request URI:	https://practice.expandtesting.com/notes/api/users/register
Request URI:	https://practice.expandtesting.com/notes/api/users/register
Request URI:	https://practice.expandtesting.com/notes/api/users/register
Request URI:	https://practice.expandtesting.com/notes/api/users/register
Request URI:	https://practice.expandtesting.com/notes/api/users/register
Request URI:	https://practice.expandtesting.com/notes/api/users/register
Request URI:	https://practice.expandtesting.com/notes/api/users/register
Request URI:	https://practice.expandtesting.com/notes/api/users/register
Request URI:	https://practice.expandtesting.com/notes/api/users/register
Request URI:	https://practice.expandtesting.com/notes/api/users/register
Request URI:	https://practice.expandtesting.com/notes/api/users/register
Request URI:	https://practice.expandtesting.com/notes/api/users/register
Request URI:	https://practice.expandtesting.com/notes/api/users/register
HTTP/1.1 201 Created
access-control-allow-origin: *
access-control-allow-credentials: true
access-control-allow-methods: GET, POST, PUT, DELETE, PATCH
access-control-allow-headers: Origin, X-Requested-With, Authorization, Content-Type, Accept, X-Auth-Token
content-type: application/json; charset=utf-8
content-encoding: gzip
etag: W/"ae-L79fbPKbNKF9GbemWbyEFaDTV2I"
set-cookie: express:sess=eyJmbGFzaCI6e319; path=/; httponly
set-cookie: express:sess.sig=tdt42nQZiQvICqmrvHQ1_16fHk0; path=/; httponly
date: Sat, 19 Jul 2025 13:15:57 GMT
connection: keep-alive
keep-alive: timeout=5
transfer-encoding: chunked

{
    "success": true,
    "status": 201,
    "message": "User account created successfully",
    "data": {
        "id": "687b9a8d9d1b4b028865d756",
        "name": "eugene.cassin",
        "email": "josephine.feil@yahoo.com"
    }
}
Request URI:	https://practice.expandtesting.com/notes/api/users/login
Request URI:	https://practice.expandtesting.com/notes/api/users/login
Request URI:	https://practice.expandtesting.com/notes/api/users/login
Request URI:	https://practice.expandtesting.com/notes/api/users/login
Request URI:	https://practice.expandtesting.com/notes/api/users/login
Request URI:	https://practice.expandtesting.com/notes/api/users/login
Request URI:	https://practice.expandtesting.com/notes/api/users/login
Request URI:	https://practice.expandtesting.com/notes/api/users/login
Request URI:	https://practice.expandtesting.com/notes/api/users/login
Request URI:	https://practice.expandtesting.com/notes/api/users/login
Request URI:	https://practice.expandtesting.com/notes/api/users/login
Request URI:	https://practice.expandtesting.com/notes/api/users/login
Request URI:	https://practice.expandtesting.com/notes/api/users/login
Request URI:	https://practice.expandtesting.com/notes/api/users/login
Request URI:	https://practice.expandtesting.com/notes/api/users/login
Request URI:	https://practice.expandtesting.com/notes/api/users/login
Request URI:	https://practice.expandtesting.com/notes/api/users/login
Request URI:	https://practice.expandtesting.com/notes/api/users/login
Request URI:	https://practice.expandtesting.com/notes/api/users/login
Request URI:	https://practice.expandtesting.com/notes/api/users/login
Request URI:	https://practice.expandtesting.com/notes/api/users/login
Request URI:	https://practice.expandtesting.com/notes/api/users/login
Request URI:	https://practice.expandtesting.com/notes/api/users/login
Request URI:	https://practice.expandtesting.com/notes/api/users/login
HTTP/1.1 200 OK
access-control-allow-origin: *
access-control-allow-credentials: true
access-control-allow-methods: GET, POST, PUT, DELETE, PATCH
access-control-allow-headers: Origin, X-Requested-With, Authorization, Content-Type, Accept, X-Auth-Token
content-type: application/json; charset=utf-8
content-encoding: gzip
etag: W/"e8-ZFQ72hjsYmsye8F7ciMkLiO3nMQ"
set-cookie: express:sess=eyJmbGFzaCI6e319; path=/; httponly
set-cookie: express:sess.sig=tdt42nQZiQvICqmrvHQ1_16fHk0; path=/; httponly
date: Sat, 19 Jul 2025 13:15:57 GMT
connection: keep-alive
keep-alive: timeout=5
transfer-encoding: chunked

{
    "success": true,
    "status": 200,
    "message": "Login successful",
    "data": {
        "id": "687b9a8d9d1b4b028865d756",
        "name": "eugene.cassin",
        "email": "josephine.feil@yahoo.com",
        "token": "8d904a5af1bd4c7998e7590704054415acc013360d0c4b969399432fad6e2e73"
    }
}
Request URI:	https://practice.expandtesting.com/notes/api/users/logout
Request URI:	https://practice.expandtesting.com/notes/api/users/logout
Request URI:	https://practice.expandtesting.com/notes/api/users/logout
Request URI:	https://practice.expandtesting.com/notes/api/users/logout
Request URI:	https://practice.expandtesting.com/notes/api/users/logout
Request URI:	https://practice.expandtesting.com/notes/api/users/logout
Request URI:	https://practice.expandtesting.com/notes/api/users/logout
Request URI:	https://practice.expandtesting.com/notes/api/users/logout
Request URI:	https://practice.expandtesting.com/notes/api/users/logout
Request URI:	https://practice.expandtesting.com/notes/api/users/logout
Request URI:	https://practice.expandtesting.com/notes/api/users/logout
Request URI:	https://practice.expandtesting.com/notes/api/users/logout
Request URI:	https://practice.expandtesting.com/notes/api/users/logout
Request URI:	https://practice.expandtesting.com/notes/api/users/logout
Request URI:	https://practice.expandtesting.com/notes/api/users/logout
Request URI:	https://practice.expandtesting.com/notes/api/users/logout
Request URI:	https://practice.expandtesting.com/notes/api/users/logout
Request URI:	https://practice.expandtesting.com/notes/api/users/logout
Request URI:	https://practice.expandtesting.com/notes/api/users/logout
Request URI:	https://practice.expandtesting.com/notes/api/users/logout
Request URI:	https://practice.expandtesting.com/notes/api/users/logout
Request URI:	https://practice.expandtesting.com/notes/api/users/logout
Request URI:	https://practice.expandtesting.com/notes/api/users/logout
Request URI:	https://practice.expandtesting.com/notes/api/users/logout
Request method:	DELETE
Request URI:	https://practice.expandtesting.com/notes/api/users/logout
Proxy:			<none>
Request params:	<none>
Query params:	<none>
Form params:	<none>
Path params:	<none>
Headers:		X-Auth-Token=8d904a5af1bd4c7998e7590704054415acc013360d0c4b969399432fad6e2e73
				Accept=application/json, application/javascript, text/javascript, text/json
				Content-Type=application/json
Cookies:		<none>
Multiparts:		<none>
Body:			<none>
HTTP/1.1 200 OK
access-control-allow-origin: *
access-control-allow-credentials: true
access-control-allow-methods: GET, POST, PUT, DELETE, PATCH
access-control-allow-headers: Origin, X-Requested-With, Authorization, Content-Type, Accept, X-Auth-Token
content-type: application/json; charset=utf-8
content-encoding: gzip
etag: W/"4f-7fu1YLvqWAlBLt3rT+vlZvUfugw"
set-cookie: express:sess=eyJmbGFzaCI6e319; path=/; httponly
set-cookie: express:sess.sig=tdt42nQZiQvICqmrvHQ1_16fHk0; path=/; httponly
date: Sat, 19 Jul 2025 13:15:58 GMT
connection: keep-alive
keep-alive: timeout=5
transfer-encoding: chunked

{
    "success": true,
    "status": 200,
    "message": "User has been successfully logged out"
}
Request URI:	https://practice.expandtesting.com/notes/api/users/register
Request URI:	https://practice.expandtesting.com/notes/api/users/register
Request URI:	https://practice.expandtesting.com/notes/api/users/register
Request URI:	https://practice.expandtesting.com/notes/api/users/register
Request URI:	https://practice.expandtesting.com/notes/api/users/register
Request URI:	https://practice.expandtesting.com/notes/api/users/register
Request URI:	https://practice.expandtesting.com/notes/api/users/register
Request URI:	https://practice.expandtesting.com/notes/api/users/register
Request URI:	https://practice.expandtesting.com/notes/api/users/register
Request URI:	https://practice.expandtesting.com/notes/api/users/register
Request URI:	https://practice.expandtesting.com/notes/api/users/register
Request URI:	https://practice.expandtesting.com/notes/api/users/register
Request URI:	https://practice.expandtesting.com/notes/api/users/register
Request URI:	https://practice.expandtesting.com/notes/api/users/register
Request URI:	https://practice.expandtesting.com/notes/api/users/register
Request URI:	https://practice.expandtesting.com/notes/api/users/register
Request URI:	https://practice.expandtesting.com/notes/api/users/register
Request URI:	https://practice.expandtesting.com/notes/api/users/register
Request URI:	https://practice.expandtesting.com/notes/api/users/register
Request URI:	https://practice.expandtesting.com/notes/api/users/register
Request URI:	https://practice.expandtesting.com/notes/api/users/register
Request URI:	https://practice.expandtesting.com/notes/api/users/register
Request URI:	https://practice.expandtesting.com/notes/api/users/register
Request URI:	https://practice.expandtesting.com/notes/api/users/register
Request URI:	https://practice.expandtesting.com/notes/api/users/register
HTTP/1.1 201 Created
access-control-allow-origin: *
access-control-allow-credentials: true
access-control-allow-methods: GET, POST, PUT, DELETE, PATCH
access-control-allow-headers: Origin, X-Requested-With, Authorization, Content-Type, Accept, X-Auth-Token
content-type: application/json; charset=utf-8
content-encoding: gzip
etag: W/"b3-MJpe1SgJPYmYFKF0O15ZOLdRcxs"
set-cookie: express:sess=eyJmbGFzaCI6e319; path=/; httponly
set-cookie: express:sess.sig=tdt42nQZiQvICqmrvHQ1_16fHk0; path=/; httponly
date: Sat, 19 Jul 2025 13:15:58 GMT
connection: keep-alive
keep-alive: timeout=5
transfer-encoding: chunked

{
    "success": true,
    "status": 201,
    "message": "User account created successfully",
    "data": {
        "id": "687b9a8e9d1b4b028865d760",
        "name": "jerome.hettinger",
        "email": "harvey.kovacek@hotmail.com"
    }
}
Request URI:	https://practice.expandtesting.com/notes/api/users/login
Request URI:	https://practice.expandtesting.com/notes/api/users/login
Request URI:	https://practice.expandtesting.com/notes/api/users/login
Request URI:	https://practice.expandtesting.com/notes/api/users/login
Request URI:	https://practice.expandtesting.com/notes/api/users/login
Request URI:	https://practice.expandtesting.com/notes/api/users/login
Request URI:	https://practice.expandtesting.com/notes/api/users/login
Request URI:	https://practice.expandtesting.com/notes/api/users/login
Request URI:	https://practice.expandtesting.com/notes/api/users/login
Request URI:	https://practice.expandtesting.com/notes/api/users/login
Request URI:	https://practice.expandtesting.com/notes/api/users/login
Request URI:	https://practice.expandtesting.com/notes/api/users/login
Request URI:	https://practice.expandtesting.com/notes/api/users/login
Request URI:	https://practice.expandtesting.com/notes/api/users/login
Request URI:	https://practice.expandtesting.com/notes/api/users/login
Request URI:	https://practice.expandtesting.com/notes/api/users/login
Request URI:	https://practice.expandtesting.com/notes/api/users/login
Request URI:	https://practice.expandtesting.com/notes/api/users/login
Request URI:	https://practice.expandtesting.com/notes/api/users/login
Request URI:	https://practice.expandtesting.com/notes/api/users/login
Request URI:	https://practice.expandtesting.com/notes/api/users/login
Request URI:	https://practice.expandtesting.com/notes/api/users/login
Request URI:	https://practice.expandtesting.com/notes/api/users/login
Request URI:	https://practice.expandtesting.com/notes/api/users/login
Request URI:	https://practice.expandtesting.com/notes/api/users/login
HTTP/1.1 200 OK
access-control-allow-origin: *
access-control-allow-credentials: true
access-control-allow-methods: GET, POST, PUT, DELETE, PATCH
access-control-allow-headers: Origin, X-Requested-With, Authorization, Content-Type, Accept, X-Auth-Token
content-type: application/json; charset=utf-8
content-encoding: gzip
etag: W/"ed-L36XnUhDCTgoOmbUo32AjCz3GvE"
set-cookie: express:sess=eyJmbGFzaCI6e319; path=/; httponly
set-cookie: express:sess.sig=tdt42nQZiQvICqmrvHQ1_16fHk0; path=/; httponly
date: Sat, 19 Jul 2025 13:15:59 GMT
connection: keep-alive
keep-alive: timeout=5
transfer-encoding: chunked

{
    "success": true,
    "status": 200,
    "message": "Login successful",
    "data": {
        "id": "687b9a8e9d1b4b028865d760",
        "name": "jerome.hettinger",
        "email": "harvey.kovacek@hotmail.com",
        "token": "1c47ea59ac1745149ba0a2c2322abf5966447832733a415cacaf9a633931fec2"
    }
}
Request URI:	https://practice.expandtesting.com/notes/api/users/delete-account
Request URI:	https://practice.expandtesting.com/notes/api/users/delete-account
Request URI:	https://practice.expandtesting.com/notes/api/users/delete-account
Request URI:	https://practice.expandtesting.com/notes/api/users/delete-account
Request URI:	https://practice.expandtesting.com/notes/api/users/delete-account
Request URI:	https://practice.expandtesting.com/notes/api/users/delete-account
Request URI:	https://practice.expandtesting.com/notes/api/users/delete-account
Request URI:	https://practice.expandtesting.com/notes/api/users/delete-account
Request URI:	https://practice.expandtesting.com/notes/api/users/delete-account
Request URI:	https://practice.expandtesting.com/notes/api/users/delete-account
Request URI:	https://practice.expandtesting.com/notes/api/users/delete-account
Request URI:	https://practice.expandtesting.com/notes/api/users/delete-account
Request URI:	https://practice.expandtesting.com/notes/api/users/delete-account
Request URI:	https://practice.expandtesting.com/notes/api/users/delete-account
Request URI:	https://practice.expandtesting.com/notes/api/users/delete-account
Request URI:	https://practice.expandtesting.com/notes/api/users/delete-account
Request URI:	https://practice.expandtesting.com/notes/api/users/delete-account
Request URI:	https://practice.expandtesting.com/notes/api/users/delete-account
Request URI:	https://practice.expandtesting.com/notes/api/users/delete-account
Request URI:	https://practice.expandtesting.com/notes/api/users/delete-account
Request URI:	https://practice.expandtesting.com/notes/api/users/delete-account
Request URI:	https://practice.expandtesting.com/notes/api/users/delete-account
Request URI:	https://practice.expandtesting.com/notes/api/users/delete-account
Request URI:	https://practice.expandtesting.com/notes/api/users/delete-account
Request URI:	https://practice.expandtesting.com/notes/api/users/delete-account
Request method:	DELETE
Request URI:	https://practice.expandtesting.com/notes/api/users/delete-account
Proxy:			<none>
Request params:	<none>
Query params:	<none>
Form params:	<none>
Path params:	<none>
Headers:		X-Auth-Token=1c47ea59ac1745149ba0a2c2322abf5966447832733a415cacaf9a633931fec2
				Accept=application/json, application/javascript, text/javascript, text/json
				Content-Type=application/json
Cookies:		<none>
Multiparts:		<none>
Body:			<none>
HTTP/1.1 200 OK
access-control-allow-origin: *
access-control-allow-credentials: true
access-control-allow-methods: GET, POST, PUT, DELETE, PATCH
access-control-allow-headers: Origin, X-Requested-With, Authorization, Content-Type, Accept, X-Auth-Token
content-type: application/json; charset=utf-8
content-encoding: gzip
etag: W/"46-xvIiFl/4e/p/xA8LA+FZxbRy7yU"
set-cookie: express:sess=eyJmbGFzaCI6e319; path=/; httponly
set-cookie: express:sess.sig=tdt42nQZiQvICqmrvHQ1_16fHk0; path=/; httponly
date: Sat, 19 Jul 2025 13:15:59 GMT
connection: keep-alive
keep-alive: timeout=5
transfer-encoding: chunked

{
    "success": true,
    "status": 200,
    "message": "Account successfully deleted"
}
Request URI:	https://practice.expandtesting.com/notes/api/users/register
Request URI:	https://practice.expandtesting.com/notes/api/users/register
Request URI:	https://practice.expandtesting.com/notes/api/users/register
Request URI:	https://practice.expandtesting.com/notes/api/users/register
Request URI:	https://practice.expandtesting.com/notes/api/users/register
Request URI:	https://practice.expandtesting.com/notes/api/users/register
Request URI:	https://practice.expandtesting.com/notes/api/users/register
Request URI:	https://practice.expandtesting.com/notes/api/users/register
Request URI:	https://practice.expandtesting.com/notes/api/users/register
Request URI:	https://practice.expandtesting.com/notes/api/users/register
Request URI:	https://practice.expandtesting.com/notes/api/users/register
Request URI:	https://practice.expandtesting.com/notes/api/users/register
Request URI:	https://practice.expandtesting.com/notes/api/users/register
Request URI:	https://practice.expandtesting.com/notes/api/users/register
Request URI:	https://practice.expandtesting.com/notes/api/users/register
Request URI:	https://practice.expandtesting.com/notes/api/users/register
Request URI:	https://practice.expandtesting.com/notes/api/users/register
Request URI:	https://practice.expandtesting.com/notes/api/users/register
Request URI:	https://practice.expandtesting.com/notes/api/users/register
Request URI:	https://practice.expandtesting.com/notes/api/users/register
Request URI:	https://practice.expandtesting.com/notes/api/users/register
Request URI:	https://practice.expandtesting.com/notes/api/users/register
Request URI:	https://practice.expandtesting.com/notes/api/users/register
Request URI:	https://practice.expandtesting.com/notes/api/users/register
Request URI:	https://practice.expandtesting.com/notes/api/users/register
Request URI:	https://practice.expandtesting.com/notes/api/users/register
HTTP/1.1 201 Created
access-control-allow-origin: *
access-control-allow-credentials: true
access-control-allow-methods: GET, POST, PUT, DELETE, PATCH
access-control-allow-headers: Origin, X-Requested-With, Authorization, Content-Type, Accept, X-Auth-Token
content-type: application/json; charset=utf-8
content-encoding: gzip
etag: W/"ab-SUUKXMGj7BVw5+PGXusfi1Ru9j8"
set-cookie: express:sess=eyJmbGFzaCI6e319; path=/; httponly
set-cookie: express:sess.sig=tdt42nQZiQvICqmrvHQ1_16fHk0; path=/; httponly
date: Sat, 19 Jul 2025 13:16:00 GMT
connection: keep-alive
keep-alive: timeout=5
transfer-encoding: chunked

{
    "success": true,
    "status": 201,
    "message": "User account created successfully",
    "data": {
        "id": "687b9a909d1b4b028865d76c",
        "name": "buster.weimann",
        "email": "etta.braun@yahoo.com"
    }
}
Request URI:	https://practice.expandtesting.com/notes/api/users/login
Request URI:	https://practice.expandtesting.com/notes/api/users/login
Request URI:	https://practice.expandtesting.com/notes/api/users/login
Request URI:	https://practice.expandtesting.com/notes/api/users/login
Request URI:	https://practice.expandtesting.com/notes/api/users/login
Request URI:	https://practice.expandtesting.com/notes/api/users/login
Request URI:	https://practice.expandtesting.com/notes/api/users/login
Request URI:	https://practice.expandtesting.com/notes/api/users/login
Request URI:	https://practice.expandtesting.com/notes/api/users/login
Request URI:	https://practice.expandtesting.com/notes/api/users/login
Request URI:	https://practice.expandtesting.com/notes/api/users/login
Request URI:	https://practice.expandtesting.com/notes/api/users/login
Request URI:	https://practice.expandtesting.com/notes/api/users/login
Request URI:	https://practice.expandtesting.com/notes/api/users/login
Request URI:	https://practice.expandtesting.com/notes/api/users/login
Request URI:	https://practice.expandtesting.com/notes/api/users/login
Request URI:	https://practice.expandtesting.com/notes/api/users/login
Request URI:	https://practice.expandtesting.com/notes/api/users/login
Request URI:	https://practice.expandtesting.com/notes/api/users/login
Request URI:	https://practice.expandtesting.com/notes/api/users/login
Request URI:	https://practice.expandtesting.com/notes/api/users/login
Request URI:	https://practice.expandtesting.com/notes/api/users/login
Request URI:	https://practice.expandtesting.com/notes/api/users/login
Request URI:	https://practice.expandtesting.com/notes/api/users/login
Request URI:	https://practice.expandtesting.com/notes/api/users/login
Request URI:	https://practice.expandtesting.com/notes/api/users/login
HTTP/1.1 200 OK
access-control-allow-origin: *
access-control-allow-credentials: true
access-control-allow-methods: GET, POST, PUT, DELETE, PATCH
access-control-allow-headers: Origin, X-Requested-With, Authorization, Content-Type, Accept, X-Auth-Token
content-type: application/json; charset=utf-8
content-encoding: gzip
etag: W/"e5-rsww4MhJ3uG16baTkTJen3/euVk"
set-cookie: express:sess=eyJmbGFzaCI6e319; path=/; httponly
set-cookie: express:sess.sig=tdt42nQZiQvICqmrvHQ1_16fHk0; path=/; httponly
date: Sat, 19 Jul 2025 13:16:00 GMT
connection: keep-alive
keep-alive: timeout=5
transfer-encoding: chunked

{
    "success": true,
    "status": 200,
    "message": "Login successful",
    "data": {
        "id": "687b9a909d1b4b028865d76c",
        "name": "buster.weimann",
        "email": "etta.braun@yahoo.com",
        "token": "3579b9f537d349349ba4d3ab58421e777396c3a1607945e6bcc098d8b490f633"
    }
}
Request URI:	https://practice.expandtesting.com/notes/api/users/login
Request URI:	https://practice.expandtesting.com/notes/api/users/login
Request URI:	https://practice.expandtesting.com/notes/api/users/login
Request URI:	https://practice.expandtesting.com/notes/api/users/login
Request URI:	https://practice.expandtesting.com/notes/api/users/login
Request URI:	https://practice.expandtesting.com/notes/api/users/login
Request URI:	https://practice.expandtesting.com/notes/api/users/login
Request URI:	https://practice.expandtesting.com/notes/api/users/login
Request URI:	https://practice.expandtesting.com/notes/api/users/login
Request URI:	https://practice.expandtesting.com/notes/api/users/login
Request URI:	https://practice.expandtesting.com/notes/api/users/login
Request URI:	https://practice.expandtesting.com/notes/api/users/login
Request URI:	https://practice.expandtesting.com/notes/api/users/login
Request URI:	https://practice.expandtesting.com/notes/api/users/login
Request URI:	https://practice.expandtesting.com/notes/api/users/login
Request URI:	https://practice.expandtesting.com/notes/api/users/login
Request URI:	https://practice.expandtesting.com/notes/api/users/login
Request URI:	https://practice.expandtesting.com/notes/api/users/login
Request URI:	https://practice.expandtesting.com/notes/api/users/login
Request URI:	https://practice.expandtesting.com/notes/api/users/login
Request URI:	https://practice.expandtesting.com/notes/api/users/login
Request URI:	https://practice.expandtesting.com/notes/api/users/login
Request URI:	https://practice.expandtesting.com/notes/api/users/login
Request URI:	https://practice.expandtesting.com/notes/api/users/login
Request URI:	https://practice.expandtesting.com/notes/api/users/login
Request URI:	https://practice.expandtesting.com/notes/api/users/login
Request method:	POST
Request URI:	https://practice.expandtesting.com/notes/api/users/login
Proxy:			<none>
Request params:	<none>
Query params:	<none>
Form params:	<none>
Path params:	<none>
Headers:		X-Auth-Token=3579b9f537d349349ba4d3ab58421e777396c3a1607945e6bcc098d8b490f633
				Accept=*/*
				Content-Type=application/json
Cookies:		<none>
Multiparts:		<none>
Body:
{
    "email": "etta.braun@yahoo.com",
    "password": "1",
    "name": "buster.weimann"
}
HTTP/1.1 400 Bad Request
access-control-allow-origin: *
access-control-allow-credentials: true
access-control-allow-methods: GET, POST, PUT, DELETE, PATCH
access-control-allow-headers: Origin, X-Requested-With, Authorization, Content-Type, Accept, X-Auth-Token
content-type: application/json; charset=utf-8
content-encoding: gzip
etag: W/"57-ga9Obemf7qKhR/hJ6piFBY3CIZ0"
set-cookie: express:sess=eyJmbGFzaCI6e319; path=/; httponly
set-cookie: express:sess.sig=tdt42nQZiQvICqmrvHQ1_16fHk0; path=/; httponly
date: Sat, 19 Jul 2025 13:16:01 GMT
connection: keep-alive
keep-alive: timeout=5
transfer-encoding: chunked

{
    "success": false,
    "status": 400,
    "message": "Password must be between 6 and 30 characters"
}
Request URI:	https://practice.expandtesting.com/notes/api/users/register
Request URI:	https://practice.expandtesting.com/notes/api/users/register
Request URI:	https://practice.expandtesting.com/notes/api/users/register
Request URI:	https://practice.expandtesting.com/notes/api/users/register
Request URI:	https://practice.expandtesting.com/notes/api/users/register
Request URI:	https://practice.expandtesting.com/notes/api/users/register
Request URI:	https://practice.expandtesting.com/notes/api/users/register
Request URI:	https://practice.expandtesting.com/notes/api/users/register
Request URI:	https://practice.expandtesting.com/notes/api/users/register
Request URI:	https://practice.expandtesting.com/notes/api/users/register
Request URI:	https://practice.expandtesting.com/notes/api/users/register
Request URI:	https://practice.expandtesting.com/notes/api/users/register
Request URI:	https://practice.expandtesting.com/notes/api/users/register
Request URI:	https://practice.expandtesting.com/notes/api/users/register
Request URI:	https://practice.expandtesting.com/notes/api/users/register
Request URI:	https://practice.expandtesting.com/notes/api/users/register
Request URI:	https://practice.expandtesting.com/notes/api/users/register
Request URI:	https://practice.expandtesting.com/notes/api/users/register
Request URI:	https://practice.expandtesting.com/notes/api/users/register
Request URI:	https://practice.expandtesting.com/notes/api/users/register
Request URI:	https://practice.expandtesting.com/notes/api/users/register
Request URI:	https://practice.expandtesting.com/notes/api/users/register
Request URI:	https://practice.expandtesting.com/notes/api/users/register
Request URI:	https://practice.expandtesting.com/notes/api/users/register
Request URI:	https://practice.expandtesting.com/notes/api/users/register
Request URI:	https://practice.expandtesting.com/notes/api/users/register
Request URI:	https://practice.expandtesting.com/notes/api/users/register
HTTP/1.1 201 Created
access-control-allow-origin: *
access-control-allow-credentials: true
access-control-allow-methods: GET, POST, PUT, DELETE, PATCH
access-control-allow-headers: Origin, X-Requested-With, Authorization, Content-Type, Accept, X-Auth-Token
content-type: application/json; charset=utf-8
content-encoding: gzip
etag: W/"b1-g7aYnCS8ue7CQGBtifwYv9sq38c"
set-cookie: express:sess=eyJmbGFzaCI6e319; path=/; httponly
set-cookie: express:sess.sig=tdt42nQZiQvICqmrvHQ1_16fHk0; path=/; httponly
date: Sat, 19 Jul 2025 13:16:01 GMT
connection: keep-alive
keep-alive: timeout=5
transfer-encoding: chunked

{
    "success": true,
    "status": 201,
    "message": "User account created successfully",
    "data": {
        "id": "687b9a919d1b4b028865d773",
        "name": "giovanni.kunde",
        "email": "gerard.schroeder@yahoo.com"
    }
}
Request URI:	https://practice.expandtesting.com/notes/api/users/login
Request URI:	https://practice.expandtesting.com/notes/api/users/login
Request URI:	https://practice.expandtesting.com/notes/api/users/login
Request URI:	https://practice.expandtesting.com/notes/api/users/login
Request URI:	https://practice.expandtesting.com/notes/api/users/login
Request URI:	https://practice.expandtesting.com/notes/api/users/login
Request URI:	https://practice.expandtesting.com/notes/api/users/login
Request URI:	https://practice.expandtesting.com/notes/api/users/login
Request URI:	https://practice.expandtesting.com/notes/api/users/login
Request URI:	https://practice.expandtesting.com/notes/api/users/login
Request URI:	https://practice.expandtesting.com/notes/api/users/login
Request URI:	https://practice.expandtesting.com/notes/api/users/login
Request URI:	https://practice.expandtesting.com/notes/api/users/login
Request URI:	https://practice.expandtesting.com/notes/api/users/login
Request URI:	https://practice.expandtesting.com/notes/api/users/login
Request URI:	https://practice.expandtesting.com/notes/api/users/login
Request URI:	https://practice.expandtesting.com/notes/api/users/login
Request URI:	https://practice.expandtesting.com/notes/api/users/login
Request URI:	https://practice.expandtesting.com/notes/api/users/login
Request URI:	https://practice.expandtesting.com/notes/api/users/login
Request URI:	https://practice.expandtesting.com/notes/api/users/login
Request URI:	https://practice.expandtesting.com/notes/api/users/login
Request URI:	https://practice.expandtesting.com/notes/api/users/login
Request URI:	https://practice.expandtesting.com/notes/api/users/login
Request URI:	https://practice.expandtesting.com/notes/api/users/login
Request URI:	https://practice.expandtesting.com/notes/api/users/login
Request URI:	https://practice.expandtesting.com/notes/api/users/login
HTTP/1.1 200 OK
access-control-allow-origin: *
access-control-allow-credentials: true
access-control-allow-methods: GET, POST, PUT, DELETE, PATCH
access-control-allow-headers: Origin, X-Requested-With, Authorization, Content-Type, Accept, X-Auth-Token
content-type: application/json; charset=utf-8
content-encoding: gzip
etag: W/"eb-JPEx4TeOsf4Ieb4TeVhKQxTgwws"
set-cookie: express:sess=eyJmbGFzaCI6e319; path=/; httponly
set-cookie: express:sess.sig=tdt42nQZiQvICqmrvHQ1_16fHk0; path=/; httponly
date: Sat, 19 Jul 2025 13:16:02 GMT
connection: keep-alive
keep-alive: timeout=5
transfer-encoding: chunked

{
    "success": true,
    "status": 200,
    "message": "Login successful",
    "data": {
        "id": "687b9a919d1b4b028865d773",
        "name": "giovanni.kunde",
        "email": "gerard.schroeder@yahoo.com",
        "token": "0ca1eb5da64a4316b0dd4b4da5f37f9c656860b8ae424060911296c8fb14420d"
    }
}
Request URI:	https://practice.expandtesting.com/notes/api/users/login
Request URI:	https://practice.expandtesting.com/notes/api/users/login
Request URI:	https://practice.expandtesting.com/notes/api/users/login
Request URI:	https://practice.expandtesting.com/notes/api/users/login
Request URI:	https://practice.expandtesting.com/notes/api/users/login
Request URI:	https://practice.expandtesting.com/notes/api/users/login
Request URI:	https://practice.expandtesting.com/notes/api/users/login
Request URI:	https://practice.expandtesting.com/notes/api/users/login
Request URI:	https://practice.expandtesting.com/notes/api/users/login
Request URI:	https://practice.expandtesting.com/notes/api/users/login
Request URI:	https://practice.expandtesting.com/notes/api/users/login
Request URI:	https://practice.expandtesting.com/notes/api/users/login
Request URI:	https://practice.expandtesting.com/notes/api/users/login
Request URI:	https://practice.expandtesting.com/notes/api/users/login
Request URI:	https://practice.expandtesting.com/notes/api/users/login
Request URI:	https://practice.expandtesting.com/notes/api/users/login
Request URI:	https://practice.expandtesting.com/notes/api/users/login
Request URI:	https://practice.expandtesting.com/notes/api/users/login
Request URI:	https://practice.expandtesting.com/notes/api/users/login
Request URI:	https://practice.expandtesting.com/notes/api/users/login
Request URI:	https://practice.expandtesting.com/notes/api/users/login
Request URI:	https://practice.expandtesting.com/notes/api/users/login
Request URI:	https://practice.expandtesting.com/notes/api/users/login
Request URI:	https://practice.expandtesting.com/notes/api/users/login
Request URI:	https://practice.expandtesting.com/notes/api/users/login
Request URI:	https://practice.expandtesting.com/notes/api/users/login
Request URI:	https://practice.expandtesting.com/notes/api/users/login
Request method:	POST
Request URI:	https://practice.expandtesting.com/notes/api/users/login
Proxy:			<none>
Request params:	<none>
Query params:	<none>
Form params:	<none>
Path params:	<none>
Headers:		X-Auth-Token=0ca1eb5da64a4316b0dd4b4da5f37f9c656860b8ae424060911296c8fb14420d
				Accept=*/*
				Content-Type=application/json
Cookies:		<none>
Multiparts:		<none>
Body:
{
    "email": "",
    "password": "",
    "name": ""
}
HTTP/1.1 400 Bad Request
access-control-allow-origin: *
access-control-allow-credentials: true
access-control-allow-methods: GET, POST, PUT, DELETE, PATCH
access-control-allow-headers: Origin, X-Requested-With, Authorization, Content-Type, Accept, X-Auth-Token
content-type: application/json; charset=utf-8
content-encoding: gzip
etag: W/"4c-2CHdrZOfnaVxbkWhhDN4H2L/4l8"
set-cookie: express:sess=eyJmbGFzaCI6e319; path=/; httponly
set-cookie: express:sess.sig=tdt42nQZiQvICqmrvHQ1_16fHk0; path=/; httponly
date: Sat, 19 Jul 2025 13:16:02 GMT
connection: keep-alive
keep-alive: timeout=5
transfer-encoding: chunked

{
    "success": false,
    "status": 400,
    "message": "A valid email address is required"
}
Request URI:	https://practice.expandtesting.com/notes/api/users/register
Request URI:	https://practice.expandtesting.com/notes/api/users/register
Request URI:	https://practice.expandtesting.com/notes/api/users/register
Request URI:	https://practice.expandtesting.com/notes/api/users/register
Request URI:	https://practice.expandtesting.com/notes/api/users/register
Request URI:	https://practice.expandtesting.com/notes/api/users/register
Request URI:	https://practice.expandtesting.com/notes/api/users/register
Request URI:	https://practice.expandtesting.com/notes/api/users/register
Request URI:	https://practice.expandtesting.com/notes/api/users/register
Request URI:	https://practice.expandtesting.com/notes/api/users/register
Request URI:	https://practice.expandtesting.com/notes/api/users/register
Request URI:	https://practice.expandtesting.com/notes/api/users/register
Request URI:	https://practice.expandtesting.com/notes/api/users/register
Request URI:	https://practice.expandtesting.com/notes/api/users/register
Request URI:	https://practice.expandtesting.com/notes/api/users/register
Request URI:	https://practice.expandtesting.com/notes/api/users/register
Request URI:	https://practice.expandtesting.com/notes/api/users/register
Request URI:	https://practice.expandtesting.com/notes/api/users/register
Request URI:	https://practice.expandtesting.com/notes/api/users/register
Request URI:	https://practice.expandtesting.com/notes/api/users/register
Request URI:	https://practice.expandtesting.com/notes/api/users/register
Request URI:	https://practice.expandtesting.com/notes/api/users/register
Request URI:	https://practice.expandtesting.com/notes/api/users/register
Request URI:	https://practice.expandtesting.com/notes/api/users/register
Request URI:	https://practice.expandtesting.com/notes/api/users/register
Request URI:	https://practice.expandtesting.com/notes/api/users/register
Request URI:	https://practice.expandtesting.com/notes/api/users/register
Request URI:	https://practice.expandtesting.com/notes/api/users/register
HTTP/1.1 201 Created
access-control-allow-origin: *
access-control-allow-credentials: true
access-control-allow-methods: GET, POST, PUT, DELETE, PATCH
access-control-allow-headers: Origin, X-Requested-With, Authorization, Content-Type, Accept, X-Auth-Token
content-type: application/json; charset=utf-8
content-encoding: gzip
etag: W/"b1-M3xmwRHXfijz8YnvIkuYdciQ+nk"
set-cookie: express:sess=eyJmbGFzaCI6e319; path=/; httponly
set-cookie: express:sess.sig=tdt42nQZiQvICqmrvHQ1_16fHk0; path=/; httponly
date: Sat, 19 Jul 2025 13:16:03 GMT
connection: keep-alive
keep-alive: timeout=5
transfer-encoding: chunked

{
    "success": true,
    "status": 201,
    "message": "User account created successfully",
    "data": {
        "id": "687b9a939d1b4b028865d77a",
        "name": "thanh.yost",
        "email": "mariano.christiansen@gmail.com"
    }
}
Request URI:	https://practice.expandtesting.com/notes/api/users/login
Request URI:	https://practice.expandtesting.com/notes/api/users/login
Request URI:	https://practice.expandtesting.com/notes/api/users/login
Request URI:	https://practice.expandtesting.com/notes/api/users/login
Request URI:	https://practice.expandtesting.com/notes/api/users/login
Request URI:	https://practice.expandtesting.com/notes/api/users/login
Request URI:	https://practice.expandtesting.com/notes/api/users/login
Request URI:	https://practice.expandtesting.com/notes/api/users/login
Request URI:	https://practice.expandtesting.com/notes/api/users/login
Request URI:	https://practice.expandtesting.com/notes/api/users/login
Request URI:	https://practice.expandtesting.com/notes/api/users/login
Request URI:	https://practice.expandtesting.com/notes/api/users/login
Request URI:	https://practice.expandtesting.com/notes/api/users/login
Request URI:	https://practice.expandtesting.com/notes/api/users/login
Request URI:	https://practice.expandtesting.com/notes/api/users/login
Request URI:	https://practice.expandtesting.com/notes/api/users/login
Request URI:	https://practice.expandtesting.com/notes/api/users/login
Request URI:	https://practice.expandtesting.com/notes/api/users/login
Request URI:	https://practice.expandtesting.com/notes/api/users/login
Request URI:	https://practice.expandtesting.com/notes/api/users/login
Request URI:	https://practice.expandtesting.com/notes/api/users/login
Request URI:	https://practice.expandtesting.com/notes/api/users/login
Request URI:	https://practice.expandtesting.com/notes/api/users/login
Request URI:	https://practice.expandtesting.com/notes/api/users/login
Request URI:	https://practice.expandtesting.com/notes/api/users/login
Request URI:	https://practice.expandtesting.com/notes/api/users/login
Request URI:	https://practice.expandtesting.com/notes/api/users/login
Request URI:	https://practice.expandtesting.com/notes/api/users/login
HTTP/1.1 200 OK
access-control-allow-origin: *
access-control-allow-credentials: true
access-control-allow-methods: GET, POST, PUT, DELETE, PATCH
access-control-allow-headers: Origin, X-Requested-With, Authorization, Content-Type, Accept, X-Auth-Token
content-type: application/json; charset=utf-8
content-encoding: gzip
etag: W/"eb-cN78uvDG+f7e7uHzjwmGQbjHLxs"
set-cookie: express:sess=eyJmbGFzaCI6e319; path=/; httponly
set-cookie: express:sess.sig=tdt42nQZiQvICqmrvHQ1_16fHk0; path=/; httponly
date: Sat, 19 Jul 2025 13:16:03 GMT
connection: keep-alive
keep-alive: timeout=5
transfer-encoding: chunked

{
    "success": true,
    "status": 200,
    "message": "Login successful",
    "data": {
        "id": "687b9a939d1b4b028865d77a",
        "name": "thanh.yost",
        "email": "mariano.christiansen@gmail.com",
        "token": "b0c4df496c41407ba80878e03579e35457cbf6832ab040ea8a8ea4d80abc42a5"
    }
}
Request URI:	https://practice.expandtesting.com/notes/api/users/login
Request URI:	https://practice.expandtesting.com/notes/api/users/login
Request URI:	https://practice.expandtesting.com/notes/api/users/login
Request URI:	https://practice.expandtesting.com/notes/api/users/login
Request URI:	https://practice.expandtesting.com/notes/api/users/login
Request URI:	https://practice.expandtesting.com/notes/api/users/login
Request URI:	https://practice.expandtesting.com/notes/api/users/login
Request URI:	https://practice.expandtesting.com/notes/api/users/login
Request URI:	https://practice.expandtesting.com/notes/api/users/login
Request URI:	https://practice.expandtesting.com/notes/api/users/login
Request URI:	https://practice.expandtesting.com/notes/api/users/login
Request URI:	https://practice.expandtesting.com/notes/api/users/login
Request URI:	https://practice.expandtesting.com/notes/api/users/login
Request URI:	https://practice.expandtesting.com/notes/api/users/login
Request URI:	https://practice.expandtesting.com/notes/api/users/login
Request URI:	https://practice.expandtesting.com/notes/api/users/login
Request URI:	https://practice.expandtesting.com/notes/api/users/login
Request URI:	https://practice.expandtesting.com/notes/api/users/login
Request URI:	https://practice.expandtesting.com/notes/api/users/login
Request URI:	https://practice.expandtesting.com/notes/api/users/login
Request URI:	https://practice.expandtesting.com/notes/api/users/login
Request URI:	https://practice.expandtesting.com/notes/api/users/login
Request URI:	https://practice.expandtesting.com/notes/api/users/login
Request URI:	https://practice.expandtesting.com/notes/api/users/login
Request URI:	https://practice.expandtesting.com/notes/api/users/login
Request URI:	https://practice.expandtesting.com/notes/api/users/login
Request URI:	https://practice.expandtesting.com/notes/api/users/login
Request URI:	https://practice.expandtesting.com/notes/api/users/login
Request method:	POST
Request URI:	https://practice.expandtesting.com/notes/api/users/login
Proxy:			<none>
Request params:	<none>
Query params:	<none>
Form params:	<none>
Path params:	<none>
Headers:		X-Auth-Token=b0c4df496c41407ba80878e03579e35457cbf6832ab040ea8a8ea4d80abc42a5
				Accept=*/*
				Content-Type=application/json
Cookies:		<none>
Multiparts:		<none>
Body:
{
    "email": "s.ocheretko@gmail.com",
    "password": "gtkvqmgf",
    "name": "thanh.yost"
}
HTTP/1.1 401 Unauthorized
access-control-allow-origin: *
access-control-allow-credentials: true
access-control-allow-methods: GET, POST, PUT, DELETE, PATCH
access-control-allow-headers: Origin, X-Requested-With, Authorization, Content-Type, Accept, X-Auth-Token
content-type: application/json; charset=utf-8
content-encoding: gzip
etag: W/"4e-wFVQo8i7laSDLBCYzUhef+OME+4"
set-cookie: express:sess=eyJmbGFzaCI6e319; path=/; httponly
set-cookie: express:sess.sig=tdt42nQZiQvICqmrvHQ1_16fHk0; path=/; httponly
date: Sat, 19 Jul 2025 13:16:04 GMT
connection: keep-alive
keep-alive: timeout=5
transfer-encoding: chunked

{
    "success": false,
    "status": 401,
    "message": "Incorrect email address or password"
}
Request URI:	https://practice.expandtesting.com/notes/api/users/register
Request URI:	https://practice.expandtesting.com/notes/api/users/register
Request URI:	https://practice.expandtesting.com/notes/api/users/register
Request URI:	https://practice.expandtesting.com/notes/api/users/register
Request URI:	https://practice.expandtesting.com/notes/api/users/register
Request URI:	https://practice.expandtesting.com/notes/api/users/register
Request URI:	https://practice.expandtesting.com/notes/api/users/register
Request URI:	https://practice.expandtesting.com/notes/api/users/register
Request URI:	https://practice.expandtesting.com/notes/api/users/register
Request URI:	https://practice.expandtesting.com/notes/api/users/register
Request URI:	https://practice.expandtesting.com/notes/api/users/register
Request URI:	https://practice.expandtesting.com/notes/api/users/register
Request URI:	https://practice.expandtesting.com/notes/api/users/register
Request URI:	https://practice.expandtesting.com/notes/api/users/register
Request URI:	https://practice.expandtesting.com/notes/api/users/register
Request URI:	https://practice.expandtesting.com/notes/api/users/register
Request URI:	https://practice.expandtesting.com/notes/api/users/register
Request URI:	https://practice.expandtesting.com/notes/api/users/register
Request URI:	https://practice.expandtesting.com/notes/api/users/register
Request URI:	https://practice.expandtesting.com/notes/api/users/register
Request URI:	https://practice.expandtesting.com/notes/api/users/register
Request URI:	https://practice.expandtesting.com/notes/api/users/register
Request URI:	https://practice.expandtesting.com/notes/api/users/register
Request URI:	https://practice.expandtesting.com/notes/api/users/register
Request URI:	https://practice.expandtesting.com/notes/api/users/register
Request URI:	https://practice.expandtesting.com/notes/api/users/register
Request URI:	https://practice.expandtesting.com/notes/api/users/register
Request URI:	https://practice.expandtesting.com/notes/api/users/register
Request URI:	https://practice.expandtesting.com/notes/api/users/register
HTTP/1.1 201 Created
access-control-allow-origin: *
access-control-allow-credentials: true
access-control-allow-methods: GET, POST, PUT, DELETE, PATCH
access-control-allow-headers: Origin, X-Requested-With, Authorization, Content-Type, Accept, X-Auth-Token
content-type: application/json; charset=utf-8
content-encoding: gzip
etag: W/"b1-e6wQAHJ1vVBNkD0eZbO5qNpHs1A"
set-cookie: express:sess=eyJmbGFzaCI6e319; path=/; httponly
set-cookie: express:sess.sig=tdt42nQZiQvICqmrvHQ1_16fHk0; path=/; httponly
date: Sat, 19 Jul 2025 13:16:04 GMT
connection: keep-alive
keep-alive: timeout=5
transfer-encoding: chunked

{
    "success": true,
    "status": 201,
    "message": "User account created successfully",
    "data": {
        "id": "687b9a949d1b4b028865d782",
        "name": "justine.glover",
        "email": "cordell.sawayn@hotmail.com"
    }
}
Request URI:	https://practice.expandtesting.com/notes/api/users/login
Request URI:	https://practice.expandtesting.com/notes/api/users/login
Request URI:	https://practice.expandtesting.com/notes/api/users/login
Request URI:	https://practice.expandtesting.com/notes/api/users/login
Request URI:	https://practice.expandtesting.com/notes/api/users/login
Request URI:	https://practice.expandtesting.com/notes/api/users/login
Request URI:	https://practice.expandtesting.com/notes/api/users/login
Request URI:	https://practice.expandtesting.com/notes/api/users/login
Request URI:	https://practice.expandtesting.com/notes/api/users/login
Request URI:	https://practice.expandtesting.com/notes/api/users/login
Request URI:	https://practice.expandtesting.com/notes/api/users/login
Request URI:	https://practice.expandtesting.com/notes/api/users/login
Request URI:	https://practice.expandtesting.com/notes/api/users/login
Request URI:	https://practice.expandtesting.com/notes/api/users/login
Request URI:	https://practice.expandtesting.com/notes/api/users/login
Request URI:	https://practice.expandtesting.com/notes/api/users/login
Request URI:	https://practice.expandtesting.com/notes/api/users/login
Request URI:	https://practice.expandtesting.com/notes/api/users/login
Request URI:	https://practice.expandtesting.com/notes/api/users/login
Request URI:	https://practice.expandtesting.com/notes/api/users/login
Request URI:	https://practice.expandtesting.com/notes/api/users/login
Request URI:	https://practice.expandtesting.com/notes/api/users/login
Request URI:	https://practice.expandtesting.com/notes/api/users/login
Request URI:	https://practice.expandtesting.com/notes/api/users/login
Request URI:	https://practice.expandtesting.com/notes/api/users/login
Request URI:	https://practice.expandtesting.com/notes/api/users/login
Request URI:	https://practice.expandtesting.com/notes/api/users/login
Request URI:	https://practice.expandtesting.com/notes/api/users/login
Request URI:	https://practice.expandtesting.com/notes/api/users/login
HTTP/1.1 200 OK
access-control-allow-origin: *
access-control-allow-credentials: true
access-control-allow-methods: GET, POST, PUT, DELETE, PATCH
access-control-allow-headers: Origin, X-Requested-With, Authorization, Content-Type, Accept, X-Auth-Token
content-type: application/json; charset=utf-8
content-encoding: gzip
etag: W/"eb-QbSETZBoLWFlT2Ri+YMqblaiOs8"
set-cookie: express:sess=eyJmbGFzaCI6e319; path=/; httponly
set-cookie: express:sess.sig=tdt42nQZiQvICqmrvHQ1_16fHk0; path=/; httponly
date: Sat, 19 Jul 2025 13:16:05 GMT
connection: keep-alive
keep-alive: timeout=5
transfer-encoding: chunked

{
    "success": true,
    "status": 200,
    "message": "Login successful",
    "data": {
        "id": "687b9a949d1b4b028865d782",
        "name": "justine.glover",
        "email": "cordell.sawayn@hotmail.com",
        "token": "085d0cca17084524b19681eb67a1030aa88a57a6907a4d92b31e5b6fa92d885f"
    }
}
Request URI:	https://practice.expandtesting.com/notes/api/users/register
Request URI:	https://practice.expandtesting.com/notes/api/users/register
Request URI:	https://practice.expandtesting.com/notes/api/users/register
Request URI:	https://practice.expandtesting.com/notes/api/users/register
Request URI:	https://practice.expandtesting.com/notes/api/users/register
Request URI:	https://practice.expandtesting.com/notes/api/users/register
Request URI:	https://practice.expandtesting.com/notes/api/users/register
Request URI:	https://practice.expandtesting.com/notes/api/users/register
Request URI:	https://practice.expandtesting.com/notes/api/users/register
Request URI:	https://practice.expandtesting.com/notes/api/users/register
Request URI:	https://practice.expandtesting.com/notes/api/users/register
Request URI:	https://practice.expandtesting.com/notes/api/users/register
Request URI:	https://practice.expandtesting.com/notes/api/users/register
Request URI:	https://practice.expandtesting.com/notes/api/users/register
Request URI:	https://practice.expandtesting.com/notes/api/users/register
Request URI:	https://practice.expandtesting.com/notes/api/users/register
Request URI:	https://practice.expandtesting.com/notes/api/users/register
Request URI:	https://practice.expandtesting.com/notes/api/users/register
Request URI:	https://practice.expandtesting.com/notes/api/users/register
Request URI:	https://practice.expandtesting.com/notes/api/users/register
Request URI:	https://practice.expandtesting.com/notes/api/users/register
Request URI:	https://practice.expandtesting.com/notes/api/users/register
Request URI:	https://practice.expandtesting.com/notes/api/users/register
Request URI:	https://practice.expandtesting.com/notes/api/users/register
Request URI:	https://practice.expandtesting.com/notes/api/users/register
Request URI:	https://practice.expandtesting.com/notes/api/users/register
Request URI:	https://practice.expandtesting.com/notes/api/users/register
Request URI:	https://practice.expandtesting.com/notes/api/users/register
Request URI:	https://practice.expandtesting.com/notes/api/users/register
Request method:	POST
Request URI:	https://practice.expandtesting.com/notes/api/users/register
Proxy:			<none>
Request params:	<none>
Query params:	<none>
Form params:	<none>
Path params:	<none>
Headers:		X-Auth-Token=085d0cca17084524b19681eb67a1030aa88a57a6907a4d92b31e5b6fa92d885f
				Accept=*/*
				Content-Type=application/json
Cookies:		<none>
Multiparts:		<none>
Body:
{
    "email": "",
    "password": "",
    "name": ""
}
HTTP/1.1 400 Bad Request
access-control-allow-origin: *
access-control-allow-credentials: true
access-control-allow-methods: GET, POST, PUT, DELETE, PATCH
access-control-allow-headers: Origin, X-Requested-With, Authorization, Content-Type, Accept, X-Auth-Token
content-type: application/json; charset=utf-8
content-encoding: gzip
etag: W/"58-te2VZDtbFjHO92AYryi5RoFxHjc"
set-cookie: express:sess=eyJmbGFzaCI6e319; path=/; httponly
set-cookie: express:sess.sig=tdt42nQZiQvICqmrvHQ1_16fHk0; path=/; httponly
date: Sat, 19 Jul 2025 13:16:05 GMT
connection: keep-alive
keep-alive: timeout=5
transfer-encoding: chunked

{
    "success": false,
    "status": 400,
    "message": "User name must be between 4 and 30 characters"
}
Request URI:	https://practice.expandtesting.com/notes/api/users/register
Request URI:	https://practice.expandtesting.com/notes/api/users/register
Request URI:	https://practice.expandtesting.com/notes/api/users/register
Request URI:	https://practice.expandtesting.com/notes/api/users/register
Request URI:	https://practice.expandtesting.com/notes/api/users/register
Request URI:	https://practice.expandtesting.com/notes/api/users/register
Request URI:	https://practice.expandtesting.com/notes/api/users/register
Request URI:	https://practice.expandtesting.com/notes/api/users/register
Request URI:	https://practice.expandtesting.com/notes/api/users/register
Request URI:	https://practice.expandtesting.com/notes/api/users/register
Request URI:	https://practice.expandtesting.com/notes/api/users/register
Request URI:	https://practice.expandtesting.com/notes/api/users/register
Request URI:	https://practice.expandtesting.com/notes/api/users/register
Request URI:	https://practice.expandtesting.com/notes/api/users/register
Request URI:	https://practice.expandtesting.com/notes/api/users/register
Request URI:	https://practice.expandtesting.com/notes/api/users/register
Request URI:	https://practice.expandtesting.com/notes/api/users/register
Request URI:	https://practice.expandtesting.com/notes/api/users/register
Request URI:	https://practice.expandtesting.com/notes/api/users/register
Request URI:	https://practice.expandtesting.com/notes/api/users/register
Request URI:	https://practice.expandtesting.com/notes/api/users/register
Request URI:	https://practice.expandtesting.com/notes/api/users/register
Request URI:	https://practice.expandtesting.com/notes/api/users/register
Request URI:	https://practice.expandtesting.com/notes/api/users/register
Request URI:	https://practice.expandtesting.com/notes/api/users/register
Request URI:	https://practice.expandtesting.com/notes/api/users/register
Request URI:	https://practice.expandtesting.com/notes/api/users/register
Request URI:	https://practice.expandtesting.com/notes/api/users/register
Request URI:	https://practice.expandtesting.com/notes/api/users/register
Request URI:	https://practice.expandtesting.com/notes/api/users/register
HTTP/1.1 201 Created
access-control-allow-origin: *
access-control-allow-credentials: true
access-control-allow-methods: GET, POST, PUT, DELETE, PATCH
access-control-allow-headers: Origin, X-Requested-With, Authorization, Content-Type, Accept, X-Auth-Token
content-type: application/json; charset=utf-8
content-encoding: gzip
etag: W/"b4-EBoaEYmIfzk/aSaHPMDh2fI/ho0"
set-cookie: express:sess=eyJmbGFzaCI6e319; path=/; httponly
set-cookie: express:sess.sig=tdt42nQZiQvICqmrvHQ1_16fHk0; path=/; httponly
date: Sat, 19 Jul 2025 13:16:06 GMT
connection: keep-alive
keep-alive: timeout=5
transfer-encoding: chunked

{
    "success": true,
    "status": 201,
    "message": "User account created successfully",
    "data": {
        "id": "687b9a969d1b4b028865d789",
        "name": "georgene.cartwright",
        "email": "august.roberts@yahoo.com"
    }
}
Request URI:	https://practice.expandtesting.com/notes/api/users/login
Request URI:	https://practice.expandtesting.com/notes/api/users/login
Request URI:	https://practice.expandtesting.com/notes/api/users/login
Request URI:	https://practice.expandtesting.com/notes/api/users/login
Request URI:	https://practice.expandtesting.com/notes/api/users/login
Request URI:	https://practice.expandtesting.com/notes/api/users/login
Request URI:	https://practice.expandtesting.com/notes/api/users/login
Request URI:	https://practice.expandtesting.com/notes/api/users/login
Request URI:	https://practice.expandtesting.com/notes/api/users/login
Request URI:	https://practice.expandtesting.com/notes/api/users/login
Request URI:	https://practice.expandtesting.com/notes/api/users/login
Request URI:	https://practice.expandtesting.com/notes/api/users/login
Request URI:	https://practice.expandtesting.com/notes/api/users/login
Request URI:	https://practice.expandtesting.com/notes/api/users/login
Request URI:	https://practice.expandtesting.com/notes/api/users/login
Request URI:	https://practice.expandtesting.com/notes/api/users/login
Request URI:	https://practice.expandtesting.com/notes/api/users/login
Request URI:	https://practice.expandtesting.com/notes/api/users/login
Request URI:	https://practice.expandtesting.com/notes/api/users/login
Request URI:	https://practice.expandtesting.com/notes/api/users/login
Request URI:	https://practice.expandtesting.com/notes/api/users/login
Request URI:	https://practice.expandtesting.com/notes/api/users/login
Request URI:	https://practice.expandtesting.com/notes/api/users/login
Request URI:	https://practice.expandtesting.com/notes/api/users/login
Request URI:	https://practice.expandtesting.com/notes/api/users/login
Request URI:	https://practice.expandtesting.com/notes/api/users/login
Request URI:	https://practice.expandtesting.com/notes/api/users/login
Request URI:	https://practice.expandtesting.com/notes/api/users/login
Request URI:	https://practice.expandtesting.com/notes/api/users/login
Request URI:	https://practice.expandtesting.com/notes/api/users/login
HTTP/1.1 200 OK
access-control-allow-origin: *
access-control-allow-credentials: true
access-control-allow-methods: GET, POST, PUT, DELETE, PATCH
access-control-allow-headers: Origin, X-Requested-With, Authorization, Content-Type, Accept, X-Auth-Token
content-type: application/json; charset=utf-8
content-encoding: gzip
etag: W/"ee-QpeMJJz+Abu54ogkiWsG8wPRNZ0"
set-cookie: express:sess=eyJmbGFzaCI6e319; path=/; httponly
set-cookie: express:sess.sig=tdt42nQZiQvICqmrvHQ1_16fHk0; path=/; httponly
date: Sat, 19 Jul 2025 13:16:06 GMT
connection: keep-alive
keep-alive: timeout=5
transfer-encoding: chunked

{
    "success": true,
    "status": 200,
    "message": "Login successful",
    "data": {
        "id": "687b9a969d1b4b028865d789",
        "name": "georgene.cartwright",
        "email": "august.roberts@yahoo.com",
        "token": "8a157212e51746df94bf4cd9107c2991c0163d8f72a94105875ba1dac5f4b927"
    }
}
Request URI:	https://practice.expandtesting.com/notes/api/users/login
Request URI:	https://practice.expandtesting.com/notes/api/users/login
Request URI:	https://practice.expandtesting.com/notes/api/users/login
Request URI:	https://practice.expandtesting.com/notes/api/users/login
Request URI:	https://practice.expandtesting.com/notes/api/users/login
Request URI:	https://practice.expandtesting.com/notes/api/users/login
Request URI:	https://practice.expandtesting.com/notes/api/users/login
Request URI:	https://practice.expandtesting.com/notes/api/users/login
Request URI:	https://practice.expandtesting.com/notes/api/users/login
Request URI:	https://practice.expandtesting.com/notes/api/users/login
Request URI:	https://practice.expandtesting.com/notes/api/users/login
Request URI:	https://practice.expandtesting.com/notes/api/users/login
Request URI:	https://practice.expandtesting.com/notes/api/users/login
Request URI:	https://practice.expandtesting.com/notes/api/users/login
Request URI:	https://practice.expandtesting.com/notes/api/users/login
Request URI:	https://practice.expandtesting.com/notes/api/users/login
Request URI:	https://practice.expandtesting.com/notes/api/users/login
Request URI:	https://practice.expandtesting.com/notes/api/users/login
Request URI:	https://practice.expandtesting.com/notes/api/users/login
Request URI:	https://practice.expandtesting.com/notes/api/users/login
Request URI:	https://practice.expandtesting.com/notes/api/users/login
Request URI:	https://practice.expandtesting.com/notes/api/users/login
Request URI:	https://practice.expandtesting.com/notes/api/users/login
Request URI:	https://practice.expandtesting.com/notes/api/users/login
Request URI:	https://practice.expandtesting.com/notes/api/users/login
Request URI:	https://practice.expandtesting.com/notes/api/users/login
Request URI:	https://practice.expandtesting.com/notes/api/users/login
Request URI:	https://practice.expandtesting.com/notes/api/users/login
Request URI:	https://practice.expandtesting.com/notes/api/users/login
Request URI:	https://practice.expandtesting.com/notes/api/users/login
Request method:	POST
Request URI:	https://practice.expandtesting.com/notes/api/users/login
Proxy:			<none>
Request params:	<none>
Query params:	<none>
Form params:	<none>
Path params:	<none>
Headers:		X-Auth-Token=8a157212e51746df94bf4cd9107c2991c0163d8f72a94105875ba1dac5f4b927
				Accept=*/*
				Content-Type=text/plain; charset=ISO-8859-1
Cookies:		<none>
Multiparts:		<none>
Body:			<none>
HTTP/1.1 400 Bad Request
access-control-allow-origin: *
access-control-allow-credentials: true
access-control-allow-methods: GET, POST, PUT, DELETE, PATCH
access-control-allow-headers: Origin, X-Requested-With, Authorization, Content-Type, Accept, X-Auth-Token
content-type: application/json; charset=utf-8
content-encoding: gzip
etag: W/"4c-2CHdrZOfnaVxbkWhhDN4H2L/4l8"
set-cookie: express:sess=eyJmbGFzaCI6e319; path=/; httponly
set-cookie: express:sess.sig=tdt42nQZiQvICqmrvHQ1_16fHk0; path=/; httponly
date: Sat, 19 Jul 2025 13:16:07 GMT
connection: keep-alive
keep-alive: timeout=5
transfer-encoding: chunked

{
    "success": false,
    "status": 400,
    "message": "A valid email address is required"
}
Request URI:	https://practice.expandtesting.com/notes/api/users/register
Request URI:	https://practice.expandtesting.com/notes/api/users/register
Request URI:	https://practice.expandtesting.com/notes/api/users/register
Request URI:	https://practice.expandtesting.com/notes/api/users/register
Request URI:	https://practice.expandtesting.com/notes/api/users/register
Request URI:	https://practice.expandtesting.com/notes/api/users/register
Request URI:	https://practice.expandtesting.com/notes/api/users/register
Request URI:	https://practice.expandtesting.com/notes/api/users/register
Request URI:	https://practice.expandtesting.com/notes/api/users/register
Request URI:	https://practice.expandtesting.com/notes/api/users/register
Request URI:	https://practice.expandtesting.com/notes/api/users/register
Request URI:	https://practice.expandtesting.com/notes/api/users/register
Request URI:	https://practice.expandtesting.com/notes/api/users/register
Request URI:	https://practice.expandtesting.com/notes/api/users/register
Request URI:	https://practice.expandtesting.com/notes/api/users/register
Request URI:	https://practice.expandtesting.com/notes/api/users/register
Request URI:	https://practice.expandtesting.com/notes/api/users/register
Request URI:	https://practice.expandtesting.com/notes/api/users/register
Request URI:	https://practice.expandtesting.com/notes/api/users/register
Request URI:	https://practice.expandtesting.com/notes/api/users/register
Request URI:	https://practice.expandtesting.com/notes/api/users/register
Request URI:	https://practice.expandtesting.com/notes/api/users/register
Request URI:	https://practice.expandtesting.com/notes/api/users/register
Request URI:	https://practice.expandtesting.com/notes/api/users/register
Request URI:	https://practice.expandtesting.com/notes/api/users/register
Request URI:	https://practice.expandtesting.com/notes/api/users/register
Request URI:	https://practice.expandtesting.com/notes/api/users/register
Request URI:	https://practice.expandtesting.com/notes/api/users/register
Request URI:	https://practice.expandtesting.com/notes/api/users/register
Request URI:	https://practice.expandtesting.com/notes/api/users/register
Request URI:	https://practice.expandtesting.com/notes/api/users/register
HTTP/1.1 201 Created
access-control-allow-origin: *
access-control-allow-credentials: true
access-control-allow-methods: GET, POST, PUT, DELETE, PATCH
access-control-allow-headers: Origin, X-Requested-With, Authorization, Content-Type, Accept, X-Auth-Token
content-type: application/json; charset=utf-8
content-encoding: gzip
etag: W/"b4-+qSlO8S8KF4OvHVxxB0XQT20w4M"
set-cookie: express:sess=eyJmbGFzaCI6e319; path=/; httponly
set-cookie: express:sess.sig=tdt42nQZiQvICqmrvHQ1_16fHk0; path=/; httponly
date: Sat, 19 Jul 2025 13:16:07 GMT
connection: keep-alive
keep-alive: timeout=5
transfer-encoding: chunked

{
    "success": true,
    "status": 201,
    "message": "User account created successfully",
    "data": {
        "id": "687b9a979d1b4b028865d790",
        "name": "rashida.morissette",
        "email": "frank.schmitt@hotmail.com"
    }
}
Request URI:	https://practice.expandtesting.com/notes/api/users/login
Request URI:	https://practice.expandtesting.com/notes/api/users/login
Request URI:	https://practice.expandtesting.com/notes/api/users/login
Request URI:	https://practice.expandtesting.com/notes/api/users/login
Request URI:	https://practice.expandtesting.com/notes/api/users/login
Request URI:	https://practice.expandtesting.com/notes/api/users/login
Request URI:	https://practice.expandtesting.com/notes/api/users/login
Request URI:	https://practice.expandtesting.com/notes/api/users/login
Request URI:	https://practice.expandtesting.com/notes/api/users/login
Request URI:	https://practice.expandtesting.com/notes/api/users/login
Request URI:	https://practice.expandtesting.com/notes/api/users/login
Request URI:	https://practice.expandtesting.com/notes/api/users/login
Request URI:	https://practice.expandtesting.com/notes/api/users/login
Request URI:	https://practice.expandtesting.com/notes/api/users/login
Request URI:	https://practice.expandtesting.com/notes/api/users/login
Request URI:	https://practice.expandtesting.com/notes/api/users/login
Request URI:	https://practice.expandtesting.com/notes/api/users/login
Request URI:	https://practice.expandtesting.com/notes/api/users/login
Request URI:	https://practice.expandtesting.com/notes/api/users/login
Request URI:	https://practice.expandtesting.com/notes/api/users/login
Request URI:	https://practice.expandtesting.com/notes/api/users/login
Request URI:	https://practice.expandtesting.com/notes/api/users/login
Request URI:	https://practice.expandtesting.com/notes/api/users/login
Request URI:	https://practice.expandtesting.com/notes/api/users/login
Request URI:	https://practice.expandtesting.com/notes/api/users/login
Request URI:	https://practice.expandtesting.com/notes/api/users/login
Request URI:	https://practice.expandtesting.com/notes/api/users/login
Request URI:	https://practice.expandtesting.com/notes/api/users/login
Request URI:	https://practice.expandtesting.com/notes/api/users/login
Request URI:	https://practice.expandtesting.com/notes/api/users/login
Request URI:	https://practice.expandtesting.com/notes/api/users/login
HTTP/1.1 200 OK
access-control-allow-origin: *
access-control-allow-credentials: true
access-control-allow-methods: GET, POST, PUT, DELETE, PATCH
access-control-allow-headers: Origin, X-Requested-With, Authorization, Content-Type, Accept, X-Auth-Token
content-type: application/json; charset=utf-8
content-encoding: gzip
etag: W/"ee-bdq6MNyO7ZokUbZmm5i84DsCA7A"
set-cookie: express:sess=eyJmbGFzaCI6e319; path=/; httponly
set-cookie: express:sess.sig=tdt42nQZiQvICqmrvHQ1_16fHk0; path=/; httponly
date: Sat, 19 Jul 2025 13:16:08 GMT
connection: keep-alive
keep-alive: timeout=5
transfer-encoding: chunked

{
    "success": true,
    "status": 200,
    "message": "Login successful",
    "data": {
        "id": "687b9a979d1b4b028865d790",
        "name": "rashida.morissette",
        "email": "frank.schmitt@hotmail.com",
        "token": "ccc4451471b44efb9a664997b1e14bd3afef267dcf494714b2cf3618077d8d63"
    }
}
Request URI:	https://practice.expandtesting.com/notes/api/users/register
Request URI:	https://practice.expandtesting.com/notes/api/users/register
Request URI:	https://practice.expandtesting.com/notes/api/users/register
Request URI:	https://practice.expandtesting.com/notes/api/users/register
Request URI:	https://practice.expandtesting.com/notes/api/users/register
Request URI:	https://practice.expandtesting.com/notes/api/users/register
Request URI:	https://practice.expandtesting.com/notes/api/users/register
Request URI:	https://practice.expandtesting.com/notes/api/users/register
Request URI:	https://practice.expandtesting.com/notes/api/users/register
Request URI:	https://practice.expandtesting.com/notes/api/users/register
Request URI:	https://practice.expandtesting.com/notes/api/users/register
Request URI:	https://practice.expandtesting.com/notes/api/users/register
Request URI:	https://practice.expandtesting.com/notes/api/users/register
Request URI:	https://practice.expandtesting.com/notes/api/users/register
Request URI:	https://practice.expandtesting.com/notes/api/users/register
Request URI:	https://practice.expandtesting.com/notes/api/users/register
Request URI:	https://practice.expandtesting.com/notes/api/users/register
Request URI:	https://practice.expandtesting.com/notes/api/users/register
Request URI:	https://practice.expandtesting.com/notes/api/users/register
Request URI:	https://practice.expandtesting.com/notes/api/users/register
Request URI:	https://practice.expandtesting.com/notes/api/users/register
Request URI:	https://practice.expandtesting.com/notes/api/users/register
Request URI:	https://practice.expandtesting.com/notes/api/users/register
Request URI:	https://practice.expandtesting.com/notes/api/users/register
Request URI:	https://practice.expandtesting.com/notes/api/users/register
Request URI:	https://practice.expandtesting.com/notes/api/users/register
Request URI:	https://practice.expandtesting.com/notes/api/users/register
Request URI:	https://practice.expandtesting.com/notes/api/users/register
Request URI:	https://practice.expandtesting.com/notes/api/users/register
Request URI:	https://practice.expandtesting.com/notes/api/users/register
Request URI:	https://practice.expandtesting.com/notes/api/users/register
Request method:	POST
Request URI:	https://practice.expandtesting.com/notes/api/users/register
Proxy:			<none>
Request params:	<none>
Query params:	<none>
Form params:	<none>
Path params:	<none>
Headers:		X-Auth-Token=ccc4451471b44efb9a664997b1e14bd3afef267dcf494714b2cf3618077d8d63
				Accept=*/*
				Content-Type=application/json
Cookies:		<none>
Multiparts:		<none>
Body:
{
    "email": "",
    "password": "6dljztqc4b0q",
    "name": "rashida.morissette"
}
HTTP/1.1 400 Bad Request
access-control-allow-origin: *
access-control-allow-credentials: true
access-control-allow-methods: GET, POST, PUT, DELETE, PATCH
access-control-allow-headers: Origin, X-Requested-With, Authorization, Content-Type, Accept, X-Auth-Token
content-type: application/json; charset=utf-8
content-encoding: gzip
etag: W/"4c-2CHdrZOfnaVxbkWhhDN4H2L/4l8"
set-cookie: express:sess=eyJmbGFzaCI6e319; path=/; httponly
set-cookie: express:sess.sig=tdt42nQZiQvICqmrvHQ1_16fHk0; path=/; httponly
date: Sat, 19 Jul 2025 13:16:08 GMT
connection: keep-alive
keep-alive: timeout=5
transfer-encoding: chunked

{
    "success": false,
    "status": 400,
    "message": "A valid email address is required"
}
Request URI:	https://practice.expandtesting.com/notes/api/users/register
Request URI:	https://practice.expandtesting.com/notes/api/users/register
Request URI:	https://practice.expandtesting.com/notes/api/users/register
Request URI:	https://practice.expandtesting.com/notes/api/users/register
Request URI:	https://practice.expandtesting.com/notes/api/users/register
Request URI:	https://practice.expandtesting.com/notes/api/users/register
Request URI:	https://practice.expandtesting.com/notes/api/users/register
Request URI:	https://practice.expandtesting.com/notes/api/users/register
Request URI:	https://practice.expandtesting.com/notes/api/users/register
Request URI:	https://practice.expandtesting.com/notes/api/users/register
Request URI:	https://practice.expandtesting.com/notes/api/users/register
Request URI:	https://practice.expandtesting.com/notes/api/users/register
Request URI:	https://practice.expandtesting.com/notes/api/users/register
Request URI:	https://practice.expandtesting.com/notes/api/users/register
Request URI:	https://practice.expandtesting.com/notes/api/users/register
Request URI:	https://practice.expandtesting.com/notes/api/users/register
Request URI:	https://practice.expandtesting.com/notes/api/users/register
Request URI:	https://practice.expandtesting.com/notes/api/users/register
Request URI:	https://practice.expandtesting.com/notes/api/users/register
Request URI:	https://practice.expandtesting.com/notes/api/users/register
Request URI:	https://practice.expandtesting.com/notes/api/users/register
Request URI:	https://practice.expandtesting.com/notes/api/users/register
Request URI:	https://practice.expandtesting.com/notes/api/users/register
Request URI:	https://practice.expandtesting.com/notes/api/users/register
Request URI:	https://practice.expandtesting.com/notes/api/users/register
Request URI:	https://practice.expandtesting.com/notes/api/users/register
Request URI:	https://practice.expandtesting.com/notes/api/users/register
Request URI:	https://practice.expandtesting.com/notes/api/users/register
Request URI:	https://practice.expandtesting.com/notes/api/users/register
Request URI:	https://practice.expandtesting.com/notes/api/users/register
Request URI:	https://practice.expandtesting.com/notes/api/users/register
Request URI:	https://practice.expandtesting.com/notes/api/users/register
HTTP/1.1 201 Created
access-control-allow-origin: *
access-control-allow-credentials: true
access-control-allow-methods: GET, POST, PUT, DELETE, PATCH
access-control-allow-headers: Origin, X-Requested-With, Authorization, Content-Type, Accept, X-Auth-Token
content-type: application/json; charset=utf-8
content-encoding: gzip
etag: W/"ab-rTo2zKgILXhmPG2SgYZInQ0+WRA"
set-cookie: express:sess=eyJmbGFzaCI6e319; path=/; httponly
set-cookie: express:sess.sig=tdt42nQZiQvICqmrvHQ1_16fHk0; path=/; httponly
date: Sat, 19 Jul 2025 13:16:08 GMT
connection: keep-alive
keep-alive: timeout=5
transfer-encoding: chunked

{
    "success": true,
    "status": 201,
    "message": "User account created successfully",
    "data": {
        "id": "687b9a989d1b4b028865d797",
        "name": "nakia.littel",
        "email": "lorine.kunde@gmail.com"
    }
}
Request URI:	https://practice.expandtesting.com/notes/api/users/login
Request URI:	https://practice.expandtesting.com/notes/api/users/login
Request URI:	https://practice.expandtesting.com/notes/api/users/login
Request URI:	https://practice.expandtesting.com/notes/api/users/login
Request URI:	https://practice.expandtesting.com/notes/api/users/login
Request URI:	https://practice.expandtesting.com/notes/api/users/login
Request URI:	https://practice.expandtesting.com/notes/api/users/login
Request URI:	https://practice.expandtesting.com/notes/api/users/login
Request URI:	https://practice.expandtesting.com/notes/api/users/login
Request URI:	https://practice.expandtesting.com/notes/api/users/login
Request URI:	https://practice.expandtesting.com/notes/api/users/login
Request URI:	https://practice.expandtesting.com/notes/api/users/login
Request URI:	https://practice.expandtesting.com/notes/api/users/login
Request URI:	https://practice.expandtesting.com/notes/api/users/login
Request URI:	https://practice.expandtesting.com/notes/api/users/login
Request URI:	https://practice.expandtesting.com/notes/api/users/login
Request URI:	https://practice.expandtesting.com/notes/api/users/login
Request URI:	https://practice.expandtesting.com/notes/api/users/login
Request URI:	https://practice.expandtesting.com/notes/api/users/login
Request URI:	https://practice.expandtesting.com/notes/api/users/login
Request URI:	https://practice.expandtesting.com/notes/api/users/login
Request URI:	https://practice.expandtesting.com/notes/api/users/login
Request URI:	https://practice.expandtesting.com/notes/api/users/login
Request URI:	https://practice.expandtesting.com/notes/api/users/login
Request URI:	https://practice.expandtesting.com/notes/api/users/login
Request URI:	https://practice.expandtesting.com/notes/api/users/login
Request URI:	https://practice.expandtesting.com/notes/api/users/login
Request URI:	https://practice.expandtesting.com/notes/api/users/login
Request URI:	https://practice.expandtesting.com/notes/api/users/login
Request URI:	https://practice.expandtesting.com/notes/api/users/login
Request URI:	https://practice.expandtesting.com/notes/api/users/login
Request URI:	https://practice.expandtesting.com/notes/api/users/login
HTTP/1.1 200 OK
access-control-allow-origin: *
access-control-allow-credentials: true
access-control-allow-methods: GET, POST, PUT, DELETE, PATCH
access-control-allow-headers: Origin, X-Requested-With, Authorization, Content-Type, Accept, X-Auth-Token
content-type: application/json; charset=utf-8
content-encoding: gzip
etag: W/"e5-3lnOi8nj0i9nv0QpPnx4nyxQGLs"
set-cookie: express:sess=eyJmbGFzaCI6e319; path=/; httponly
set-cookie: express:sess.sig=tdt42nQZiQvICqmrvHQ1_16fHk0; path=/; httponly
date: Sat, 19 Jul 2025 13:16:09 GMT
connection: keep-alive
keep-alive: timeout=5
transfer-encoding: chunked

{
    "success": true,
    "status": 200,
    "message": "Login successful",
    "data": {
        "id": "687b9a989d1b4b028865d797",
        "name": "nakia.littel",
        "email": "lorine.kunde@gmail.com",
        "token": "d7ccdfd04d6a47fb99dfc20d2521d803e1b14437769747aea64a8006a96434ff"
    }
}
Request URI:	https://practice.expandtesting.com/notes/api/users/register
Request URI:	https://practice.expandtesting.com/notes/api/users/register
Request URI:	https://practice.expandtesting.com/notes/api/users/register
Request URI:	https://practice.expandtesting.com/notes/api/users/register
Request URI:	https://practice.expandtesting.com/notes/api/users/register
Request URI:	https://practice.expandtesting.com/notes/api/users/register
Request URI:	https://practice.expandtesting.com/notes/api/users/register
Request URI:	https://practice.expandtesting.com/notes/api/users/register
Request URI:	https://practice.expandtesting.com/notes/api/users/register
Request URI:	https://practice.expandtesting.com/notes/api/users/register
Request URI:	https://practice.expandtesting.com/notes/api/users/register
Request URI:	https://practice.expandtesting.com/notes/api/users/register
Request URI:	https://practice.expandtesting.com/notes/api/users/register
Request URI:	https://practice.expandtesting.com/notes/api/users/register
Request URI:	https://practice.expandtesting.com/notes/api/users/register
Request URI:	https://practice.expandtesting.com/notes/api/users/register
Request URI:	https://practice.expandtesting.com/notes/api/users/register
Request URI:	https://practice.expandtesting.com/notes/api/users/register
Request URI:	https://practice.expandtesting.com/notes/api/users/register
Request URI:	https://practice.expandtesting.com/notes/api/users/register
Request URI:	https://practice.expandtesting.com/notes/api/users/register
Request URI:	https://practice.expandtesting.com/notes/api/users/register
Request URI:	https://practice.expandtesting.com/notes/api/users/register
Request URI:	https://practice.expandtesting.com/notes/api/users/register
Request URI:	https://practice.expandtesting.com/notes/api/users/register
Request URI:	https://practice.expandtesting.com/notes/api/users/register
Request URI:	https://practice.expandtesting.com/notes/api/users/register
Request URI:	https://practice.expandtesting.com/notes/api/users/register
Request URI:	https://practice.expandtesting.com/notes/api/users/register
Request URI:	https://practice.expandtesting.com/notes/api/users/register
Request URI:	https://practice.expandtesting.com/notes/api/users/register
Request URI:	https://practice.expandtesting.com/notes/api/users/register
Request method:	POST
Request URI:	https://practice.expandtesting.com/notes/api/users/register
Proxy:			<none>
Request params:	<none>
Query params:	<none>
Form params:	<none>
Path params:	<none>
Headers:		X-Auth-Token=d7ccdfd04d6a47fb99dfc20d2521d803e1b14437769747aea64a8006a96434ff
				Accept=*/*
				Content-Type=application/json
Cookies:		<none>
Multiparts:		<none>
Body:
{
    "email": "sergej.ocheretko1@gmail.com",
    "password": "yuvt8fixg4ykrw",
    "name": "nakia.littel"
}
HTTP/1.1 409 Conflict
access-control-allow-origin: *
access-control-allow-credentials: true
access-control-allow-methods: GET, POST, PUT, DELETE, PATCH
access-control-allow-headers: Origin, X-Requested-With, Authorization, Content-Type, Accept, X-Auth-Token
content-type: application/json; charset=utf-8
content-encoding: gzip
etag: W/"60-1FDx49viOvdCVw+AmA0rzVYpPoA"
set-cookie: express:sess=eyJmbGFzaCI6e319; path=/; httponly
set-cookie: express:sess.sig=tdt42nQZiQvICqmrvHQ1_16fHk0; path=/; httponly
date: Sat, 19 Jul 2025 13:16:10 GMT
connection: keep-alive
keep-alive: timeout=5
transfer-encoding: chunked

{
    "success": false,
    "status": 409,
    "message": "An account already exists with the same email address"
}
Request URI:	https://practice.expandtesting.com/notes/api/users/register
Request URI:	https://practice.expandtesting.com/notes/api/users/register
Request URI:	https://practice.expandtesting.com/notes/api/users/register
Request URI:	https://practice.expandtesting.com/notes/api/users/register
Request URI:	https://practice.expandtesting.com/notes/api/users/register
Request URI:	https://practice.expandtesting.com/notes/api/users/register
Request URI:	https://practice.expandtesting.com/notes/api/users/register
Request URI:	https://practice.expandtesting.com/notes/api/users/register
Request URI:	https://practice.expandtesting.com/notes/api/users/register
Request URI:	https://practice.expandtesting.com/notes/api/users/register
Request URI:	https://practice.expandtesting.com/notes/api/users/register
Request URI:	https://practice.expandtesting.com/notes/api/users/register
Request URI:	https://practice.expandtesting.com/notes/api/users/register
Request URI:	https://practice.expandtesting.com/notes/api/users/register
Request URI:	https://practice.expandtesting.com/notes/api/users/register
Request URI:	https://practice.expandtesting.com/notes/api/users/register
Request URI:	https://practice.expandtesting.com/notes/api/users/register
Request URI:	https://practice.expandtesting.com/notes/api/users/register
Request URI:	https://practice.expandtesting.com/notes/api/users/register
Request URI:	https://practice.expandtesting.com/notes/api/users/register
Request URI:	https://practice.expandtesting.com/notes/api/users/register
Request URI:	https://practice.expandtesting.com/notes/api/users/register
Request URI:	https://practice.expandtesting.com/notes/api/users/register
Request URI:	https://practice.expandtesting.com/notes/api/users/register
Request URI:	https://practice.expandtesting.com/notes/api/users/register
Request URI:	https://practice.expandtesting.com/notes/api/users/register
Request URI:	https://practice.expandtesting.com/notes/api/users/register
Request URI:	https://practice.expandtesting.com/notes/api/users/register
Request URI:	https://practice.expandtesting.com/notes/api/users/register
Request URI:	https://practice.expandtesting.com/notes/api/users/register
Request URI:	https://practice.expandtesting.com/notes/api/users/register
Request URI:	https://practice.expandtesting.com/notes/api/users/register
Request URI:	https://practice.expandtesting.com/notes/api/users/register
HTTP/1.1 201 Created
access-control-allow-origin: *
access-control-allow-credentials: true
access-control-allow-methods: GET, POST, PUT, DELETE, PATCH
access-control-allow-headers: Origin, X-Requested-With, Authorization, Content-Type, Accept, X-Auth-Token
content-type: application/json; charset=utf-8
content-encoding: gzip
etag: W/"a7-A/y/KD4UjOa48D+1q39DbkSSUpE"
set-cookie: express:sess=eyJmbGFzaCI6e319; path=/; httponly
set-cookie: express:sess.sig=tdt42nQZiQvICqmrvHQ1_16fHk0; path=/; httponly
date: Sat, 19 Jul 2025 13:16:11 GMT
connection: keep-alive
keep-alive: timeout=5
transfer-encoding: chunked

{
    "success": true,
    "status": 201,
    "message": "User account created successfully",
    "data": {
        "id": "687b9a9b9d1b4b028865d79f",
        "name": "tana.rice",
        "email": "harold.west@gmail.com"
    }
}
Request URI:	https://practice.expandtesting.com/notes/api/users/login
Request URI:	https://practice.expandtesting.com/notes/api/users/login
Request URI:	https://practice.expandtesting.com/notes/api/users/login
Request URI:	https://practice.expandtesting.com/notes/api/users/login
Request URI:	https://practice.expandtesting.com/notes/api/users/login
Request URI:	https://practice.expandtesting.com/notes/api/users/login
Request URI:	https://practice.expandtesting.com/notes/api/users/login
Request URI:	https://practice.expandtesting.com/notes/api/users/login
Request URI:	https://practice.expandtesting.com/notes/api/users/login
Request URI:	https://practice.expandtesting.com/notes/api/users/login
Request URI:	https://practice.expandtesting.com/notes/api/users/login
Request URI:	https://practice.expandtesting.com/notes/api/users/login
Request URI:	https://practice.expandtesting.com/notes/api/users/login
Request URI:	https://practice.expandtesting.com/notes/api/users/login
Request URI:	https://practice.expandtesting.com/notes/api/users/login
Request URI:	https://practice.expandtesting.com/notes/api/users/login
Request URI:	https://practice.expandtesting.com/notes/api/users/login
Request URI:	https://practice.expandtesting.com/notes/api/users/login
Request URI:	https://practice.expandtesting.com/notes/api/users/login
Request URI:	https://practice.expandtesting.com/notes/api/users/login
Request URI:	https://practice.expandtesting.com/notes/api/users/login
Request URI:	https://practice.expandtesting.com/notes/api/users/login
Request URI:	https://practice.expandtesting.com/notes/api/users/login
Request URI:	https://practice.expandtesting.com/notes/api/users/login
Request URI:	https://practice.expandtesting.com/notes/api/users/login
Request URI:	https://practice.expandtesting.com/notes/api/users/login
Request URI:	https://practice.expandtesting.com/notes/api/users/login
Request URI:	https://practice.expandtesting.com/notes/api/users/login
Request URI:	https://practice.expandtesting.com/notes/api/users/login
Request URI:	https://practice.expandtesting.com/notes/api/users/login
Request URI:	https://practice.expandtesting.com/notes/api/users/login
Request URI:	https://practice.expandtesting.com/notes/api/users/login
Request URI:	https://practice.expandtesting.com/notes/api/users/login
HTTP/1.1 200 OK
access-control-allow-origin: *
access-control-allow-credentials: true
access-control-allow-methods: GET, POST, PUT, DELETE, PATCH
access-control-allow-headers: Origin, X-Requested-With, Authorization, Content-Type, Accept, X-Auth-Token
content-type: application/json; charset=utf-8
content-encoding: gzip
etag: W/"e1-rlo6aRl3Mkx+dFP9lxeKjcsuoqk"
set-cookie: express:sess=eyJmbGFzaCI6e319; path=/; httponly
set-cookie: express:sess.sig=tdt42nQZiQvICqmrvHQ1_16fHk0; path=/; httponly
date: Sat, 19 Jul 2025 13:16:12 GMT
connection: keep-alive
keep-alive: timeout=5
transfer-encoding: chunked

{
    "success": true,
    "status": 200,
    "message": "Login successful",
    "data": {
        "id": "687b9a9b9d1b4b028865d79f",
        "name": "tana.rice",
        "email": "harold.west@gmail.com",
        "token": "372610831f3c42eb8895d689c8edbb05f48daec0d0d04079aadc035184f88cc9"
    }
}
Request URI:	https://practice.expandtesting.com/notes/api/users/register
Request URI:	https://practice.expandtesting.com/notes/api/users/register
Request URI:	https://practice.expandtesting.com/notes/api/users/register
Request URI:	https://practice.expandtesting.com/notes/api/users/register
Request URI:	https://practice.expandtesting.com/notes/api/users/register
Request URI:	https://practice.expandtesting.com/notes/api/users/register
Request URI:	https://practice.expandtesting.com/notes/api/users/register
Request URI:	https://practice.expandtesting.com/notes/api/users/register
Request URI:	https://practice.expandtesting.com/notes/api/users/register
Request URI:	https://practice.expandtesting.com/notes/api/users/register
Request URI:	https://practice.expandtesting.com/notes/api/users/register
Request URI:	https://practice.expandtesting.com/notes/api/users/register
Request URI:	https://practice.expandtesting.com/notes/api/users/register
Request URI:	https://practice.expandtesting.com/notes/api/users/register
Request URI:	https://practice.expandtesting.com/notes/api/users/register
Request URI:	https://practice.expandtesting.com/notes/api/users/register
Request URI:	https://practice.expandtesting.com/notes/api/users/register
Request URI:	https://practice.expandtesting.com/notes/api/users/register
Request URI:	https://practice.expandtesting.com/notes/api/users/register
Request URI:	https://practice.expandtesting.com/notes/api/users/register
Request URI:	https://practice.expandtesting.com/notes/api/users/register
Request URI:	https://practice.expandtesting.com/notes/api/users/register
Request URI:	https://practice.expandtesting.com/notes/api/users/register
Request URI:	https://practice.expandtesting.com/notes/api/users/register
Request URI:	https://practice.expandtesting.com/notes/api/users/register
Request URI:	https://practice.expandtesting.com/notes/api/users/register
Request URI:	https://practice.expandtesting.com/notes/api/users/register
Request URI:	https://practice.expandtesting.com/notes/api/users/register
Request URI:	https://practice.expandtesting.com/notes/api/users/register
Request URI:	https://practice.expandtesting.com/notes/api/users/register
Request URI:	https://practice.expandtesting.com/notes/api/users/register
Request URI:	https://practice.expandtesting.com/notes/api/users/register
Request URI:	https://practice.expandtesting.com/notes/api/users/register
Request method:	POST
Request URI:	https://practice.expandtesting.com/notes/api/users/register
Proxy:			<none>
Request params:	<none>
Query params:	<none>
Form params:	<none>
Path params:	<none>
Headers:		X-Auth-Token=372610831f3c42eb8895d689c8edbb05f48daec0d0d04079aadc035184f88cc9
				Accept=*/*
				Content-Type=application/json
Cookies:		<none>
Multiparts:		<none>
Body:
{
    "email": "harold.west@gmail.com",
    "password": "fre",
    "name": "tana.rice"
}
HTTP/1.1 400 Bad Request
access-control-allow-origin: *
access-control-allow-credentials: true
access-control-allow-methods: GET, POST, PUT, DELETE, PATCH
access-control-allow-headers: Origin, X-Requested-With, Authorization, Content-Type, Accept, X-Auth-Token
content-type: application/json; charset=utf-8
content-encoding: gzip
etag: W/"57-ga9Obemf7qKhR/hJ6piFBY3CIZ0"
set-cookie: express:sess=eyJmbGFzaCI6e319; path=/; httponly
set-cookie: express:sess.sig=tdt42nQZiQvICqmrvHQ1_16fHk0; path=/; httponly
date: Sat, 19 Jul 2025 13:16:12 GMT
connection: keep-alive
keep-alive: timeout=5
transfer-encoding: chunked

{
    "success": false,
    "status": 400,
    "message": "Password must be between 6 and 30 characters"
}
Request URI:	https://practice.expandtesting.com/notes/api/users/register
Request URI:	https://practice.expandtesting.com/notes/api/users/register
Request URI:	https://practice.expandtesting.com/notes/api/users/register
Request URI:	https://practice.expandtesting.com/notes/api/users/register
Request URI:	https://practice.expandtesting.com/notes/api/users/register
Request URI:	https://practice.expandtesting.com/notes/api/users/register
Request URI:	https://practice.expandtesting.com/notes/api/users/register
Request URI:	https://practice.expandtesting.com/notes/api/users/register
Request URI:	https://practice.expandtesting.com/notes/api/users/register
Request URI:	https://practice.expandtesting.com/notes/api/users/register
Request URI:	https://practice.expandtesting.com/notes/api/users/register
Request URI:	https://practice.expandtesting.com/notes/api/users/register
Request URI:	https://practice.expandtesting.com/notes/api/users/register
Request URI:	https://practice.expandtesting.com/notes/api/users/register
Request URI:	https://practice.expandtesting.com/notes/api/users/register
Request URI:	https://practice.expandtesting.com/notes/api/users/register
Request URI:	https://practice.expandtesting.com/notes/api/users/register
Request URI:	https://practice.expandtesting.com/notes/api/users/register
Request URI:	https://practice.expandtesting.com/notes/api/users/register
Request URI:	https://practice.expandtesting.com/notes/api/users/register
Request URI:	https://practice.expandtesting.com/notes/api/users/register
Request URI:	https://practice.expandtesting.com/notes/api/users/register
Request URI:	https://practice.expandtesting.com/notes/api/users/register
Request URI:	https://practice.expandtesting.com/notes/api/users/register
Request URI:	https://practice.expandtesting.com/notes/api/users/register
Request URI:	https://practice.expandtesting.com/notes/api/users/register
Request URI:	https://practice.expandtesting.com/notes/api/users/register
Request URI:	https://practice.expandtesting.com/notes/api/users/register
Request URI:	https://practice.expandtesting.com/notes/api/users/register
Request URI:	https://practice.expandtesting.com/notes/api/users/register
Request URI:	https://practice.expandtesting.com/notes/api/users/register
Request URI:	https://practice.expandtesting.com/notes/api/users/register
Request URI:	https://practice.expandtesting.com/notes/api/users/register
Request URI:	https://practice.expandtesting.com/notes/api/users/register
HTTP/1.1 201 Created
access-control-allow-origin: *
access-control-allow-credentials: true
access-control-allow-methods: GET, POST, PUT, DELETE, PATCH
access-control-allow-headers: Origin, X-Requested-With, Authorization, Content-Type, Accept, X-Auth-Token
content-type: application/json; charset=utf-8
content-encoding: gzip
etag: W/"b3-LxjXo0jl6bCx3uM3VEMCAVEJkwU"
set-cookie: express:sess=eyJmbGFzaCI6e319; path=/; httponly
set-cookie: express:sess.sig=tdt42nQZiQvICqmrvHQ1_16fHk0; path=/; httponly
date: Sat, 19 Jul 2025 13:16:12 GMT
connection: keep-alive
keep-alive: timeout=5
transfer-encoding: chunked

{
    "success": true,
    "status": 201,
    "message": "User account created successfully",
    "data": {
        "id": "687b9a9c9d1b4b028865d7a6",
        "name": "devora.gutkowski",
        "email": "brendon.hessel@hotmail.com"
    }
}
Request URI:	https://practice.expandtesting.com/notes/api/users/login
Request URI:	https://practice.expandtesting.com/notes/api/users/login
Request URI:	https://practice.expandtesting.com/notes/api/users/login
Request URI:	https://practice.expandtesting.com/notes/api/users/login
Request URI:	https://practice.expandtesting.com/notes/api/users/login
Request URI:	https://practice.expandtesting.com/notes/api/users/login
Request URI:	https://practice.expandtesting.com/notes/api/users/login
Request URI:	https://practice.expandtesting.com/notes/api/users/login
Request URI:	https://practice.expandtesting.com/notes/api/users/login
Request URI:	https://practice.expandtesting.com/notes/api/users/login
Request URI:	https://practice.expandtesting.com/notes/api/users/login
Request URI:	https://practice.expandtesting.com/notes/api/users/login
Request URI:	https://practice.expandtesting.com/notes/api/users/login
Request URI:	https://practice.expandtesting.com/notes/api/users/login
Request URI:	https://practice.expandtesting.com/notes/api/users/login
Request URI:	https://practice.expandtesting.com/notes/api/users/login
Request URI:	https://practice.expandtesting.com/notes/api/users/login
Request URI:	https://practice.expandtesting.com/notes/api/users/login
Request URI:	https://practice.expandtesting.com/notes/api/users/login
Request URI:	https://practice.expandtesting.com/notes/api/users/login
Request URI:	https://practice.expandtesting.com/notes/api/users/login
Request URI:	https://practice.expandtesting.com/notes/api/users/login
Request URI:	https://practice.expandtesting.com/notes/api/users/login
Request URI:	https://practice.expandtesting.com/notes/api/users/login
Request URI:	https://practice.expandtesting.com/notes/api/users/login
Request URI:	https://practice.expandtesting.com/notes/api/users/login
Request URI:	https://practice.expandtesting.com/notes/api/users/login
Request URI:	https://practice.expandtesting.com/notes/api/users/login
Request URI:	https://practice.expandtesting.com/notes/api/users/login
Request URI:	https://practice.expandtesting.com/notes/api/users/login
Request URI:	https://practice.expandtesting.com/notes/api/users/login
Request URI:	https://practice.expandtesting.com/notes/api/users/login
Request URI:	https://practice.expandtesting.com/notes/api/users/login
Request URI:	https://practice.expandtesting.com/notes/api/users/login
HTTP/1.1 200 OK
access-control-allow-origin: *
access-control-allow-credentials: true
access-control-allow-methods: GET, POST, PUT, DELETE, PATCH
access-control-allow-headers: Origin, X-Requested-With, Authorization, Content-Type, Accept, X-Auth-Token
content-type: application/json; charset=utf-8
content-encoding: gzip
etag: W/"ed-wDnU6WZd2TD47xfh/SlKZVKUjcA"
set-cookie: express:sess=eyJmbGFzaCI6e319; path=/; httponly
set-cookie: express:sess.sig=tdt42nQZiQvICqmrvHQ1_16fHk0; path=/; httponly
date: Sat, 19 Jul 2025 13:16:14 GMT
connection: keep-alive
keep-alive: timeout=5
transfer-encoding: chunked

{
    "success": true,
    "status": 200,
    "message": "Login successful",
    "data": {
        "id": "687b9a9c9d1b4b028865d7a6",
        "name": "devora.gutkowski",
        "email": "brendon.hessel@hotmail.com",
        "token": "664df35cd4214bbebb8a0f554bedddbc23785eddf7474a659c3536376cd8017c"
    }
}
Request URI:	https://practice.expandtesting.com/notes/api/users/register
Request URI:	https://practice.expandtesting.com/notes/api/users/register
Request URI:	https://practice.expandtesting.com/notes/api/users/register
Request URI:	https://practice.expandtesting.com/notes/api/users/register
Request URI:	https://practice.expandtesting.com/notes/api/users/register
Request URI:	https://practice.expandtesting.com/notes/api/users/register
Request URI:	https://practice.expandtesting.com/notes/api/users/register
Request URI:	https://practice.expandtesting.com/notes/api/users/register
Request URI:	https://practice.expandtesting.com/notes/api/users/register
Request URI:	https://practice.expandtesting.com/notes/api/users/register
Request URI:	https://practice.expandtesting.com/notes/api/users/register
Request URI:	https://practice.expandtesting.com/notes/api/users/register
Request URI:	https://practice.expandtesting.com/notes/api/users/register
Request URI:	https://practice.expandtesting.com/notes/api/users/register
Request URI:	https://practice.expandtesting.com/notes/api/users/register
Request URI:	https://practice.expandtesting.com/notes/api/users/register
Request URI:	https://practice.expandtesting.com/notes/api/users/register
Request URI:	https://practice.expandtesting.com/notes/api/users/register
Request URI:	https://practice.expandtesting.com/notes/api/users/register
Request URI:	https://practice.expandtesting.com/notes/api/users/register
Request URI:	https://practice.expandtesting.com/notes/api/users/register
Request URI:	https://practice.expandtesting.com/notes/api/users/register
Request URI:	https://practice.expandtesting.com/notes/api/users/register
Request URI:	https://practice.expandtesting.com/notes/api/users/register
Request URI:	https://practice.expandtesting.com/notes/api/users/register
Request URI:	https://practice.expandtesting.com/notes/api/users/register
Request URI:	https://practice.expandtesting.com/notes/api/users/register
Request URI:	https://practice.expandtesting.com/notes/api/users/register
Request URI:	https://practice.expandtesting.com/notes/api/users/register
Request URI:	https://practice.expandtesting.com/notes/api/users/register
Request URI:	https://practice.expandtesting.com/notes/api/users/register
Request URI:	https://practice.expandtesting.com/notes/api/users/register
Request URI:	https://practice.expandtesting.com/notes/api/users/register
Request URI:	https://practice.expandtesting.com/notes/api/users/register
Request method:	POST
Request URI:	https://practice.expandtesting.com/notes/api/users/register
Proxy:			<none>
Request params:	<none>
Query params:	<none>
Form params:	<none>
Path params:	<none>
Headers:		X-Auth-Token=664df35cd4214bbebb8a0f554bedddbc23785eddf7474a659c3536376cd8017c
				Accept=*/*
				Content-Type=application/json
Cookies:		<none>
Multiparts:		<none>
Body:
{
    "email": "rjgmrtgm@irkmre.com,",
    "password": "g6t6zmv3yn1aaqq",
    "name": "devora.gutkowski"
}
HTTP/1.1 400 Bad Request
access-control-allow-origin: *
access-control-allow-credentials: true
access-control-allow-methods: GET, POST, PUT, DELETE, PATCH
access-control-allow-headers: Origin, X-Requested-With, Authorization, Content-Type, Accept, X-Auth-Token
content-type: application/json; charset=utf-8
content-encoding: gzip
etag: W/"4c-2CHdrZOfnaVxbkWhhDN4H2L/4l8"
set-cookie: express:sess=eyJmbGFzaCI6e319; path=/; httponly
set-cookie: express:sess.sig=tdt42nQZiQvICqmrvHQ1_16fHk0; path=/; httponly
date: Sat, 19 Jul 2025 13:16:14 GMT
connection: keep-alive
keep-alive: timeout=5
transfer-encoding: chunked

{
    "success": false,
    "status": 400,
    "message": "A valid email address is required"
}
Request URI:	https://practice.expandtesting.com/notes/api/users/register
Request URI:	https://practice.expandtesting.com/notes/api/users/register
Request URI:	https://practice.expandtesting.com/notes/api/users/register
Request URI:	https://practice.expandtesting.com/notes/api/users/register
Request URI:	https://practice.expandtesting.com/notes/api/users/register
Request URI:	https://practice.expandtesting.com/notes/api/users/register
Request URI:	https://practice.expandtesting.com/notes/api/users/register
Request URI:	https://practice.expandtesting.com/notes/api/users/register
Request URI:	https://practice.expandtesting.com/notes/api/users/register
Request URI:	https://practice.expandtesting.com/notes/api/users/register
Request URI:	https://practice.expandtesting.com/notes/api/users/register
Request URI:	https://practice.expandtesting.com/notes/api/users/register
Request URI:	https://practice.expandtesting.com/notes/api/users/register
Request URI:	https://practice.expandtesting.com/notes/api/users/register
Request URI:	https://practice.expandtesting.com/notes/api/users/register
Request URI:	https://practice.expandtesting.com/notes/api/users/register
Request URI:	https://practice.expandtesting.com/notes/api/users/register
Request URI:	https://practice.expandtesting.com/notes/api/users/register
Request URI:	https://practice.expandtesting.com/notes/api/users/register
Request URI:	https://practice.expandtesting.com/notes/api/users/register
Request URI:	https://practice.expandtesting.com/notes/api/users/register
Request URI:	https://practice.expandtesting.com/notes/api/users/register
Request URI:	https://practice.expandtesting.com/notes/api/users/register
Request URI:	https://practice.expandtesting.com/notes/api/users/register
Request URI:	https://practice.expandtesting.com/notes/api/users/register
Request URI:	https://practice.expandtesting.com/notes/api/users/register
Request URI:	https://practice.expandtesting.com/notes/api/users/register
Request URI:	https://practice.expandtesting.com/notes/api/users/register
Request URI:	https://practice.expandtesting.com/notes/api/users/register
Request URI:	https://practice.expandtesting.com/notes/api/users/register
Request URI:	https://practice.expandtesting.com/notes/api/users/register
Request URI:	https://practice.expandtesting.com/notes/api/users/register
Request URI:	https://practice.expandtesting.com/notes/api/users/register
Request URI:	https://practice.expandtesting.com/notes/api/users/register
Request URI:	https://practice.expandtesting.com/notes/api/users/register
Request URI:	https://practice.expandtesting.com/notes/api/users/register
Request URI:	https://practice.expandtesting.com/notes/api/users/register
Request URI:	https://practice.expandtesting.com/notes/api/users/register
Request URI:	https://practice.expandtesting.com/notes/api/users/register
Request URI:	https://practice.expandtesting.com/notes/api/users/register
Request URI:	https://practice.expandtesting.com/notes/api/users/register
Request URI:	https://practice.expandtesting.com/notes/api/users/register
Request URI:	https://practice.expandtesting.com/notes/api/users/register
Request URI:	https://practice.expandtesting.com/notes/api/users/register
Request URI:	https://practice.expandtesting.com/notes/api/users/register
Request URI:	https://practice.expandtesting.com/notes/api/users/register
Request URI:	https://practice.expandtesting.com/notes/api/users/register
Request URI:	https://practice.expandtesting.com/notes/api/users/register
Request URI:	https://practice.expandtesting.com/notes/api/users/register
Request URI:	https://practice.expandtesting.com/notes/api/users/register
Request URI:	https://practice.expandtesting.com/notes/api/users/register
HTTP/1.1 201 Created
access-control-allow-origin: *
access-control-allow-credentials: true
access-control-allow-methods: GET, POST, PUT, DELETE, PATCH
access-control-allow-headers: Origin, X-Requested-With, Authorization, Content-Type, Accept, X-Auth-Token
content-type: application/json; charset=utf-8
content-encoding: gzip
etag: W/"ab-qjZpV7aJhINpYUsNwylpx4ggzxE"
set-cookie: express:sess=eyJmbGFzaCI6e319; path=/; httponly
set-cookie: express:sess.sig=tdt42nQZiQvICqmrvHQ1_16fHk0; path=/; httponly
date: Sat, 19 Jul 2025 13:25:08 GMT
connection: keep-alive
keep-alive: timeout=5
transfer-encoding: chunked

{
    "success": true,
    "status": 201,
    "message": "User account created successfully",
    "data": {
        "id": "687b9cb49d1b4b028865d891",
        "name": "sibyl.legros",
        "email": "deon.volkman@yahoo.com"
    }
}
Request URI:	https://practice.expandtesting.com/notes/api/users/login
Request URI:	https://practice.expandtesting.com/notes/api/users/login
Request URI:	https://practice.expandtesting.com/notes/api/users/login
Request URI:	https://practice.expandtesting.com/notes/api/users/login
Request URI:	https://practice.expandtesting.com/notes/api/users/login
Request URI:	https://practice.expandtesting.com/notes/api/users/login
Request URI:	https://practice.expandtesting.com/notes/api/users/login
Request URI:	https://practice.expandtesting.com/notes/api/users/login
Request URI:	https://practice.expandtesting.com/notes/api/users/login
Request URI:	https://practice.expandtesting.com/notes/api/users/login
Request URI:	https://practice.expandtesting.com/notes/api/users/login
Request URI:	https://practice.expandtesting.com/notes/api/users/login
Request URI:	https://practice.expandtesting.com/notes/api/users/login
Request URI:	https://practice.expandtesting.com/notes/api/users/login
Request URI:	https://practice.expandtesting.com/notes/api/users/login
Request URI:	https://practice.expandtesting.com/notes/api/users/login
Request URI:	https://practice.expandtesting.com/notes/api/users/login
Request URI:	https://practice.expandtesting.com/notes/api/users/login
Request URI:	https://practice.expandtesting.com/notes/api/users/login
Request URI:	https://practice.expandtesting.com/notes/api/users/login
Request URI:	https://practice.expandtesting.com/notes/api/users/login
Request URI:	https://practice.expandtesting.com/notes/api/users/login
Request URI:	https://practice.expandtesting.com/notes/api/users/login
Request URI:	https://practice.expandtesting.com/notes/api/users/login
Request URI:	https://practice.expandtesting.com/notes/api/users/login
Request URI:	https://practice.expandtesting.com/notes/api/users/login
Request URI:	https://practice.expandtesting.com/notes/api/users/login
Request URI:	https://practice.expandtesting.com/notes/api/users/login
Request URI:	https://practice.expandtesting.com/notes/api/users/login
Request URI:	https://practice.expandtesting.com/notes/api/users/login
Request URI:	https://practice.expandtesting.com/notes/api/users/login
Request URI:	https://practice.expandtesting.com/notes/api/users/login
Request URI:	https://practice.expandtesting.com/notes/api/users/login
Request URI:	https://practice.expandtesting.com/notes/api/users/login
Request URI:	https://practice.expandtesting.com/notes/api/users/login
Request URI:	https://practice.expandtesting.com/notes/api/users/login
Request URI:	https://practice.expandtesting.com/notes/api/users/login
Request URI:	https://practice.expandtesting.com/notes/api/users/login
Request URI:	https://practice.expandtesting.com/notes/api/users/login
Request URI:	https://practice.expandtesting.com/notes/api/users/login
Request URI:	https://practice.expandtesting.com/notes/api/users/login
Request URI:	https://practice.expandtesting.com/notes/api/users/login
Request URI:	https://practice.expandtesting.com/notes/api/users/login
Request URI:	https://practice.expandtesting.com/notes/api/users/login
Request URI:	https://practice.expandtesting.com/notes/api/users/login
Request URI:	https://practice.expandtesting.com/notes/api/users/login
Request URI:	https://practice.expandtesting.com/notes/api/users/login
Request URI:	https://practice.expandtesting.com/notes/api/users/login
Request URI:	https://practice.expandtesting.com/notes/api/users/login
Request URI:	https://practice.expandtesting.com/notes/api/users/login
Request URI:	https://practice.expandtesting.com/notes/api/users/login
HTTP/1.1 200 OK
access-control-allow-origin: *
access-control-allow-credentials: true
access-control-allow-methods: GET, POST, PUT, DELETE, PATCH
access-control-allow-headers: Origin, X-Requested-With, Authorization, Content-Type, Accept, X-Auth-Token
content-type: application/json; charset=utf-8
content-encoding: gzip
etag: W/"e5-ygxd2eYZoiXxq166NefLvUVhrjk"
set-cookie: express:sess=eyJmbGFzaCI6e319; path=/; httponly
set-cookie: express:sess.sig=tdt42nQZiQvICqmrvHQ1_16fHk0; path=/; httponly
date: Sat, 19 Jul 2025 13:25:09 GMT
connection: keep-alive
keep-alive: timeout=5
transfer-encoding: chunked

{
    "success": true,
    "status": 200,
    "message": "Login successful",
    "data": {
        "id": "687b9cb49d1b4b028865d891",
        "name": "sibyl.legros",
        "email": "deon.volkman@yahoo.com",
        "token": "d1096f223b9e41fe854a0c1c8362c831ef4d2eb5759b48d8a49f20de4cb8289a"
    }
}
Request URI:	https://practice.expandtesting.com/notes/api/health-check
Request URI:	https://practice.expandtesting.com/notes/api/health-check
Request URI:	https://practice.expandtesting.com/notes/api/health-check
Request URI:	https://practice.expandtesting.com/notes/api/health-check
Request URI:	https://practice.expandtesting.com/notes/api/health-check
Request URI:	https://practice.expandtesting.com/notes/api/health-check
Request URI:	https://practice.expandtesting.com/notes/api/health-check
Request URI:	https://practice.expandtesting.com/notes/api/health-check
Request URI:	https://practice.expandtesting.com/notes/api/health-check
Request URI:	https://practice.expandtesting.com/notes/api/health-check
Request URI:	https://practice.expandtesting.com/notes/api/health-check
Request URI:	https://practice.expandtesting.com/notes/api/health-check
Request URI:	https://practice.expandtesting.com/notes/api/health-check
Request URI:	https://practice.expandtesting.com/notes/api/health-check
Request URI:	https://practice.expandtesting.com/notes/api/health-check
Request URI:	https://practice.expandtesting.com/notes/api/health-check
Request URI:	https://practice.expandtesting.com/notes/api/health-check
Request URI:	https://practice.expandtesting.com/notes/api/health-check
Request URI:	https://practice.expandtesting.com/notes/api/health-check
Request URI:	https://practice.expandtesting.com/notes/api/health-check
Request URI:	https://practice.expandtesting.com/notes/api/health-check
Request URI:	https://practice.expandtesting.com/notes/api/health-check
Request URI:	https://practice.expandtesting.com/notes/api/health-check
Request URI:	https://practice.expandtesting.com/notes/api/health-check
Request URI:	https://practice.expandtesting.com/notes/api/health-check
Request URI:	https://practice.expandtesting.com/notes/api/health-check
Request URI:	https://practice.expandtesting.com/notes/api/health-check
Request URI:	https://practice.expandtesting.com/notes/api/health-check
Request URI:	https://practice.expandtesting.com/notes/api/health-check
Request URI:	https://practice.expandtesting.com/notes/api/health-check
Request URI:	https://practice.expandtesting.com/notes/api/health-check
Request URI:	https://practice.expandtesting.com/notes/api/health-check
Request URI:	https://practice.expandtesting.com/notes/api/health-check
Request URI:	https://practice.expandtesting.com/notes/api/health-check
Request URI:	https://practice.expandtesting.com/notes/api/health-check
Request URI:	https://practice.expandtesting.com/notes/api/health-check
Request URI:	https://practice.expandtesting.com/notes/api/health-check
Request URI:	https://practice.expandtesting.com/notes/api/health-check
Request URI:	https://practice.expandtesting.com/notes/api/health-check
Request URI:	https://practice.expandtesting.com/notes/api/health-check
Request URI:	https://practice.expandtesting.com/notes/api/health-check
Request URI:	https://practice.expandtesting.com/notes/api/health-check
Request URI:	https://practice.expandtesting.com/notes/api/health-check
Request URI:	https://practice.expandtesting.com/notes/api/health-check
Request URI:	https://practice.expandtesting.com/notes/api/health-check
Request URI:	https://practice.expandtesting.com/notes/api/health-check
Request URI:	https://practice.expandtesting.com/notes/api/health-check
Request URI:	https://practice.expandtesting.com/notes/api/health-check
Request URI:	https://practice.expandtesting.com/notes/api/health-check
Request URI:	https://practice.expandtesting.com/notes/api/health-check
Request URI:	https://practice.expandtesting.com/notes/api/health-check
HTTP/1.1 200 OK
access-control-allow-origin: *
access-control-allow-credentials: true
access-control-allow-methods: GET, POST, PUT, DELETE, PATCH
access-control-allow-headers: Origin, X-Requested-With, Authorization, Content-Type, Accept, X-Auth-Token
content-type: application/json; charset=utf-8
content-encoding: gzip
etag: W/"3e-FE3Nfnlblw5s6WOK197+HBp7tw8"
set-cookie: express:sess=eyJmbGFzaCI6e319; path=/; httponly
set-cookie: express:sess.sig=tdt42nQZiQvICqmrvHQ1_16fHk0; path=/; httponly
date: Sat, 19 Jul 2025 13:25:10 GMT
connection: keep-alive
keep-alive: timeout=5
transfer-encoding: chunked

{
    "success": true,
    "status": 200,
    "message": "Notes API is Running"
}
Request URI:	https://practice.expandtesting.com/notes/api/users/register
Request URI:	https://practice.expandtesting.com/notes/api/users/register
Request URI:	https://practice.expandtesting.com/notes/api/users/register
Request URI:	https://practice.expandtesting.com/notes/api/users/register
Request URI:	https://practice.expandtesting.com/notes/api/users/register
Request URI:	https://practice.expandtesting.com/notes/api/users/register
Request URI:	https://practice.expandtesting.com/notes/api/users/register
Request URI:	https://practice.expandtesting.com/notes/api/users/register
Request URI:	https://practice.expandtesting.com/notes/api/users/register
Request URI:	https://practice.expandtesting.com/notes/api/users/register
Request URI:	https://practice.expandtesting.com/notes/api/users/register
Request URI:	https://practice.expandtesting.com/notes/api/users/register
Request URI:	https://practice.expandtesting.com/notes/api/users/register
Request URI:	https://practice.expandtesting.com/notes/api/users/register
Request URI:	https://practice.expandtesting.com/notes/api/users/register
Request URI:	https://practice.expandtesting.com/notes/api/users/register
Request URI:	https://practice.expandtesting.com/notes/api/users/register
Request URI:	https://practice.expandtesting.com/notes/api/users/register
Request URI:	https://practice.expandtesting.com/notes/api/users/register
Request URI:	https://practice.expandtesting.com/notes/api/users/register
Request URI:	https://practice.expandtesting.com/notes/api/users/register
Request URI:	https://practice.expandtesting.com/notes/api/users/register
Request URI:	https://practice.expandtesting.com/notes/api/users/register
Request URI:	https://practice.expandtesting.com/notes/api/users/register
Request URI:	https://practice.expandtesting.com/notes/api/users/register
Request URI:	https://practice.expandtesting.com/notes/api/users/register
Request URI:	https://practice.expandtesting.com/notes/api/users/register
Request URI:	https://practice.expandtesting.com/notes/api/users/register
Request URI:	https://practice.expandtesting.com/notes/api/users/register
Request URI:	https://practice.expandtesting.com/notes/api/users/register
Request URI:	https://practice.expandtesting.com/notes/api/users/register
Request URI:	https://practice.expandtesting.com/notes/api/users/register
Request URI:	https://practice.expandtesting.com/notes/api/users/register
Request URI:	https://practice.expandtesting.com/notes/api/users/register
Request URI:	https://practice.expandtesting.com/notes/api/users/register
Request URI:	https://practice.expandtesting.com/notes/api/users/register
Request URI:	https://practice.expandtesting.com/notes/api/users/register
Request URI:	https://practice.expandtesting.com/notes/api/users/register
Request URI:	https://practice.expandtesting.com/notes/api/users/register
Request URI:	https://practice.expandtesting.com/notes/api/users/register
Request URI:	https://practice.expandtesting.com/notes/api/users/register
Request URI:	https://practice.expandtesting.com/notes/api/users/register
Request URI:	https://practice.expandtesting.com/notes/api/users/register
Request URI:	https://practice.expandtesting.com/notes/api/users/register
Request URI:	https://practice.expandtesting.com/notes/api/users/register
Request URI:	https://practice.expandtesting.com/notes/api/users/register
Request URI:	https://practice.expandtesting.com/notes/api/users/register
Request URI:	https://practice.expandtesting.com/notes/api/users/register
Request URI:	https://practice.expandtesting.com/notes/api/users/register
Request URI:	https://practice.expandtesting.com/notes/api/users/register
Request URI:	https://practice.expandtesting.com/notes/api/users/register
Request URI:	https://practice.expandtesting.com/notes/api/users/register
HTTP/1.1 201 Created
access-control-allow-origin: *
access-control-allow-credentials: true
access-control-allow-methods: GET, POST, PUT, DELETE, PATCH
access-control-allow-headers: Origin, X-Requested-With, Authorization, Content-Type, Accept, X-Auth-Token
content-type: application/json; charset=utf-8
content-encoding: gzip
etag: W/"ac-wx/0Bt+UvDpkFsv3iYvOxI+Gl4w"
set-cookie: express:sess=eyJmbGFzaCI6e319; path=/; httponly
set-cookie: express:sess.sig=tdt42nQZiQvICqmrvHQ1_16fHk0; path=/; httponly
date: Sat, 19 Jul 2025 13:25:11 GMT
connection: keep-alive
keep-alive: timeout=5
transfer-encoding: chunked

{
    "success": true,
    "status": 201,
    "message": "User account created successfully",
    "data": {
        "id": "687b9cb69d1b4b028865d898",
        "name": "chara.durgan",
        "email": "renae.labadie@yahoo.com"
    }
}
Request URI:	https://practice.expandtesting.com/notes/api/users/login
Request URI:	https://practice.expandtesting.com/notes/api/users/login
Request URI:	https://practice.expandtesting.com/notes/api/users/login
Request URI:	https://practice.expandtesting.com/notes/api/users/login
Request URI:	https://practice.expandtesting.com/notes/api/users/login
Request URI:	https://practice.expandtesting.com/notes/api/users/login
Request URI:	https://practice.expandtesting.com/notes/api/users/login
Request URI:	https://practice.expandtesting.com/notes/api/users/login
Request URI:	https://practice.expandtesting.com/notes/api/users/login
Request URI:	https://practice.expandtesting.com/notes/api/users/login
Request URI:	https://practice.expandtesting.com/notes/api/users/login
Request URI:	https://practice.expandtesting.com/notes/api/users/login
Request URI:	https://practice.expandtesting.com/notes/api/users/login
Request URI:	https://practice.expandtesting.com/notes/api/users/login
Request URI:	https://practice.expandtesting.com/notes/api/users/login
Request URI:	https://practice.expandtesting.com/notes/api/users/login
Request URI:	https://practice.expandtesting.com/notes/api/users/login
Request URI:	https://practice.expandtesting.com/notes/api/users/login
Request URI:	https://practice.expandtesting.com/notes/api/users/login
Request URI:	https://practice.expandtesting.com/notes/api/users/login
Request URI:	https://practice.expandtesting.com/notes/api/users/login
Request URI:	https://practice.expandtesting.com/notes/api/users/login
Request URI:	https://practice.expandtesting.com/notes/api/users/login
Request URI:	https://practice.expandtesting.com/notes/api/users/login
Request URI:	https://practice.expandtesting.com/notes/api/users/login
Request URI:	https://practice.expandtesting.com/notes/api/users/login
Request URI:	https://practice.expandtesting.com/notes/api/users/login
Request URI:	https://practice.expandtesting.com/notes/api/users/login
Request URI:	https://practice.expandtesting.com/notes/api/users/login
Request URI:	https://practice.expandtesting.com/notes/api/users/login
Request URI:	https://practice.expandtesting.com/notes/api/users/login
Request URI:	https://practice.expandtesting.com/notes/api/users/login
Request URI:	https://practice.expandtesting.com/notes/api/users/login
Request URI:	https://practice.expandtesting.com/notes/api/users/login
Request URI:	https://practice.expandtesting.com/notes/api/users/login
Request URI:	https://practice.expandtesting.com/notes/api/users/login
Request URI:	https://practice.expandtesting.com/notes/api/users/login
Request URI:	https://practice.expandtesting.com/notes/api/users/login
Request URI:	https://practice.expandtesting.com/notes/api/users/login
Request URI:	https://practice.expandtesting.com/notes/api/users/login
Request URI:	https://practice.expandtesting.com/notes/api/users/login
Request URI:	https://practice.expandtesting.com/notes/api/users/login
Request URI:	https://practice.expandtesting.com/notes/api/users/login
Request URI:	https://practice.expandtesting.com/notes/api/users/login
Request URI:	https://practice.expandtesting.com/notes/api/users/login
Request URI:	https://practice.expandtesting.com/notes/api/users/login
Request URI:	https://practice.expandtesting.com/notes/api/users/login
Request URI:	https://practice.expandtesting.com/notes/api/users/login
Request URI:	https://practice.expandtesting.com/notes/api/users/login
Request URI:	https://practice.expandtesting.com/notes/api/users/login
Request URI:	https://practice.expandtesting.com/notes/api/users/login
Request URI:	https://practice.expandtesting.com/notes/api/users/login
HTTP/1.1 200 OK
access-control-allow-origin: *
access-control-allow-credentials: true
access-control-allow-methods: GET, POST, PUT, DELETE, PATCH
access-control-allow-headers: Origin, X-Requested-With, Authorization, Content-Type, Accept, X-Auth-Token
content-type: application/json; charset=utf-8
content-encoding: gzip
etag: W/"e6-1Wp+Ho+g5GodaBaUgM48JjvsKmg"
set-cookie: express:sess=eyJmbGFzaCI6e319; path=/; httponly
set-cookie: express:sess.sig=tdt42nQZiQvICqmrvHQ1_16fHk0; path=/; httponly
date: Sat, 19 Jul 2025 13:25:11 GMT
connection: keep-alive
keep-alive: timeout=5
transfer-encoding: chunked

{
    "success": true,
    "status": 200,
    "message": "Login successful",
    "data": {
        "id": "687b9cb69d1b4b028865d898",
        "name": "chara.durgan",
        "email": "renae.labadie@yahoo.com",
        "token": "7199a103480e47828c76f0554034c1e188ec6182b72a485c8e822dbebd44b125"
    }
}
Request URI:	https://practice.expandtesting.com/notes/api/users/login
Request URI:	https://practice.expandtesting.com/notes/api/users/login
Request URI:	https://practice.expandtesting.com/notes/api/users/login
Request URI:	https://practice.expandtesting.com/notes/api/users/login
Request URI:	https://practice.expandtesting.com/notes/api/users/login
Request URI:	https://practice.expandtesting.com/notes/api/users/login
Request URI:	https://practice.expandtesting.com/notes/api/users/login
Request URI:	https://practice.expandtesting.com/notes/api/users/login
Request URI:	https://practice.expandtesting.com/notes/api/users/login
Request URI:	https://practice.expandtesting.com/notes/api/users/login
Request URI:	https://practice.expandtesting.com/notes/api/users/login
Request URI:	https://practice.expandtesting.com/notes/api/users/login
Request URI:	https://practice.expandtesting.com/notes/api/users/login
Request URI:	https://practice.expandtesting.com/notes/api/users/login
Request URI:	https://practice.expandtesting.com/notes/api/users/login
Request URI:	https://practice.expandtesting.com/notes/api/users/login
Request URI:	https://practice.expandtesting.com/notes/api/users/login
Request URI:	https://practice.expandtesting.com/notes/api/users/login
Request URI:	https://practice.expandtesting.com/notes/api/users/login
Request URI:	https://practice.expandtesting.com/notes/api/users/login
Request URI:	https://practice.expandtesting.com/notes/api/users/login
Request URI:	https://practice.expandtesting.com/notes/api/users/login
Request URI:	https://practice.expandtesting.com/notes/api/users/login
Request URI:	https://practice.expandtesting.com/notes/api/users/login
Request URI:	https://practice.expandtesting.com/notes/api/users/login
Request URI:	https://practice.expandtesting.com/notes/api/users/login
Request URI:	https://practice.expandtesting.com/notes/api/users/login
Request URI:	https://practice.expandtesting.com/notes/api/users/login
Request URI:	https://practice.expandtesting.com/notes/api/users/login
Request URI:	https://practice.expandtesting.com/notes/api/users/login
Request URI:	https://practice.expandtesting.com/notes/api/users/login
Request URI:	https://practice.expandtesting.com/notes/api/users/login
Request URI:	https://practice.expandtesting.com/notes/api/users/login
Request URI:	https://practice.expandtesting.com/notes/api/users/login
Request URI:	https://practice.expandtesting.com/notes/api/users/login
Request URI:	https://practice.expandtesting.com/notes/api/users/login
Request URI:	https://practice.expandtesting.com/notes/api/users/login
Request URI:	https://practice.expandtesting.com/notes/api/users/login
Request URI:	https://practice.expandtesting.com/notes/api/users/login
Request URI:	https://practice.expandtesting.com/notes/api/users/login
Request URI:	https://practice.expandtesting.com/notes/api/users/login
Request URI:	https://practice.expandtesting.com/notes/api/users/login
Request URI:	https://practice.expandtesting.com/notes/api/users/login
Request URI:	https://practice.expandtesting.com/notes/api/users/login
Request URI:	https://practice.expandtesting.com/notes/api/users/login
Request URI:	https://practice.expandtesting.com/notes/api/users/login
Request URI:	https://practice.expandtesting.com/notes/api/users/login
Request URI:	https://practice.expandtesting.com/notes/api/users/login
Request URI:	https://practice.expandtesting.com/notes/api/users/login
Request URI:	https://practice.expandtesting.com/notes/api/users/login
Request URI:	https://practice.expandtesting.com/notes/api/users/login
Request URI:	https://practice.expandtesting.com/notes/api/users/login
HTTP/1.1 200 OK
access-control-allow-origin: *
access-control-allow-credentials: true
access-control-allow-methods: GET, POST, PUT, DELETE, PATCH
access-control-allow-headers: Origin, X-Requested-With, Authorization, Content-Type, Accept, X-Auth-Token
content-type: application/json; charset=utf-8
content-encoding: gzip
etag: W/"e6-1Wp+Ho+g5GodaBaUgM48JjvsKmg"
set-cookie: express:sess=eyJmbGFzaCI6e319; path=/; httponly
set-cookie: express:sess.sig=tdt42nQZiQvICqmrvHQ1_16fHk0; path=/; httponly
date: Sat, 19 Jul 2025 13:25:12 GMT
connection: keep-alive
keep-alive: timeout=5
transfer-encoding: chunked

{
    "success": true,
    "status": 200,
    "message": "Login successful",
    "data": {
        "id": "687b9cb69d1b4b028865d898",
        "name": "chara.durgan",
        "email": "renae.labadie@yahoo.com",
        "token": "7199a103480e47828c76f0554034c1e188ec6182b72a485c8e822dbebd44b125"
    }
}
Request URI:	https://practice.expandtesting.com/notes/api/users/register
Request URI:	https://practice.expandtesting.com/notes/api/users/register
Request URI:	https://practice.expandtesting.com/notes/api/users/register
Request URI:	https://practice.expandtesting.com/notes/api/users/register
Request URI:	https://practice.expandtesting.com/notes/api/users/register
Request URI:	https://practice.expandtesting.com/notes/api/users/register
Request URI:	https://practice.expandtesting.com/notes/api/users/register
Request URI:	https://practice.expandtesting.com/notes/api/users/register
Request URI:	https://practice.expandtesting.com/notes/api/users/register
Request URI:	https://practice.expandtesting.com/notes/api/users/register
Request URI:	https://practice.expandtesting.com/notes/api/users/register
Request URI:	https://practice.expandtesting.com/notes/api/users/register
Request URI:	https://practice.expandtesting.com/notes/api/users/register
Request URI:	https://practice.expandtesting.com/notes/api/users/register
Request URI:	https://practice.expandtesting.com/notes/api/users/register
Request URI:	https://practice.expandtesting.com/notes/api/users/register
Request URI:	https://practice.expandtesting.com/notes/api/users/register
Request URI:	https://practice.expandtesting.com/notes/api/users/register
Request URI:	https://practice.expandtesting.com/notes/api/users/register
Request URI:	https://practice.expandtesting.com/notes/api/users/register
Request URI:	https://practice.expandtesting.com/notes/api/users/register
Request URI:	https://practice.expandtesting.com/notes/api/users/register
Request URI:	https://practice.expandtesting.com/notes/api/users/register
Request URI:	https://practice.expandtesting.com/notes/api/users/register
Request URI:	https://practice.expandtesting.com/notes/api/users/register
Request URI:	https://practice.expandtesting.com/notes/api/users/register
Request URI:	https://practice.expandtesting.com/notes/api/users/register
Request URI:	https://practice.expandtesting.com/notes/api/users/register
Request URI:	https://practice.expandtesting.com/notes/api/users/register
Request URI:	https://practice.expandtesting.com/notes/api/users/register
Request URI:	https://practice.expandtesting.com/notes/api/users/register
Request URI:	https://practice.expandtesting.com/notes/api/users/register
Request URI:	https://practice.expandtesting.com/notes/api/users/register
Request URI:	https://practice.expandtesting.com/notes/api/users/register
Request URI:	https://practice.expandtesting.com/notes/api/users/register
Request URI:	https://practice.expandtesting.com/notes/api/users/register
Request URI:	https://practice.expandtesting.com/notes/api/users/register
Request URI:	https://practice.expandtesting.com/notes/api/users/register
Request URI:	https://practice.expandtesting.com/notes/api/users/register
Request URI:	https://practice.expandtesting.com/notes/api/users/register
Request URI:	https://practice.expandtesting.com/notes/api/users/register
Request URI:	https://practice.expandtesting.com/notes/api/users/register
Request URI:	https://practice.expandtesting.com/notes/api/users/register
Request URI:	https://practice.expandtesting.com/notes/api/users/register
Request URI:	https://practice.expandtesting.com/notes/api/users/register
Request URI:	https://practice.expandtesting.com/notes/api/users/register
Request URI:	https://practice.expandtesting.com/notes/api/users/register
Request URI:	https://practice.expandtesting.com/notes/api/users/register
Request URI:	https://practice.expandtesting.com/notes/api/users/register
Request URI:	https://practice.expandtesting.com/notes/api/users/register
Request URI:	https://practice.expandtesting.com/notes/api/users/register
Request URI:	https://practice.expandtesting.com/notes/api/users/register
Request URI:	https://practice.expandtesting.com/notes/api/users/register
HTTP/1.1 201 Created
access-control-allow-origin: *
access-control-allow-credentials: true
access-control-allow-methods: GET, POST, PUT, DELETE, PATCH
access-control-allow-headers: Origin, X-Requested-With, Authorization, Content-Type, Accept, X-Auth-Token
content-type: application/json; charset=utf-8
content-encoding: gzip
etag: W/"b2-t34Q95+zpUvtFU2hYtop8WflAgM"
set-cookie: express:sess=eyJmbGFzaCI6e319; path=/; httponly
set-cookie: express:sess.sig=tdt42nQZiQvICqmrvHQ1_16fHk0; path=/; httponly
date: Sat, 19 Jul 2025 13:25:13 GMT
connection: keep-alive
keep-alive: timeout=5
transfer-encoding: chunked

{
    "success": true,
    "status": 201,
    "message": "User account created successfully",
    "data": {
        "id": "687b9cb99d1b4b028865d8a1",
        "name": "ingrid.hodkiewicz",
        "email": "ella.wuckert@hotmail.com"
    }
}
Request URI:	https://practice.expandtesting.com/notes/api/users/login
Request URI:	https://practice.expandtesting.com/notes/api/users/login
Request URI:	https://practice.expandtesting.com/notes/api/users/login
Request URI:	https://practice.expandtesting.com/notes/api/users/login
Request URI:	https://practice.expandtesting.com/notes/api/users/login
Request URI:	https://practice.expandtesting.com/notes/api/users/login
Request URI:	https://practice.expandtesting.com/notes/api/users/login
Request URI:	https://practice.expandtesting.com/notes/api/users/login
Request URI:	https://practice.expandtesting.com/notes/api/users/login
Request URI:	https://practice.expandtesting.com/notes/api/users/login
Request URI:	https://practice.expandtesting.com/notes/api/users/login
Request URI:	https://practice.expandtesting.com/notes/api/users/login
Request URI:	https://practice.expandtesting.com/notes/api/users/login
Request URI:	https://practice.expandtesting.com/notes/api/users/login
Request URI:	https://practice.expandtesting.com/notes/api/users/login
Request URI:	https://practice.expandtesting.com/notes/api/users/login
Request URI:	https://practice.expandtesting.com/notes/api/users/login
Request URI:	https://practice.expandtesting.com/notes/api/users/login
Request URI:	https://practice.expandtesting.com/notes/api/users/login
Request URI:	https://practice.expandtesting.com/notes/api/users/login
Request URI:	https://practice.expandtesting.com/notes/api/users/login
Request URI:	https://practice.expandtesting.com/notes/api/users/login
Request URI:	https://practice.expandtesting.com/notes/api/users/login
Request URI:	https://practice.expandtesting.com/notes/api/users/login
Request URI:	https://practice.expandtesting.com/notes/api/users/login
Request URI:	https://practice.expandtesting.com/notes/api/users/login
Request URI:	https://practice.expandtesting.com/notes/api/users/login
Request URI:	https://practice.expandtesting.com/notes/api/users/login
Request URI:	https://practice.expandtesting.com/notes/api/users/login
Request URI:	https://practice.expandtesting.com/notes/api/users/login
Request URI:	https://practice.expandtesting.com/notes/api/users/login
Request URI:	https://practice.expandtesting.com/notes/api/users/login
Request URI:	https://practice.expandtesting.com/notes/api/users/login
Request URI:	https://practice.expandtesting.com/notes/api/users/login
Request URI:	https://practice.expandtesting.com/notes/api/users/login
Request URI:	https://practice.expandtesting.com/notes/api/users/login
Request URI:	https://practice.expandtesting.com/notes/api/users/login
Request URI:	https://practice.expandtesting.com/notes/api/users/login
Request URI:	https://practice.expandtesting.com/notes/api/users/login
Request URI:	https://practice.expandtesting.com/notes/api/users/login
Request URI:	https://practice.expandtesting.com/notes/api/users/login
Request URI:	https://practice.expandtesting.com/notes/api/users/login
Request URI:	https://practice.expandtesting.com/notes/api/users/login
Request URI:	https://practice.expandtesting.com/notes/api/users/login
Request URI:	https://practice.expandtesting.com/notes/api/users/login
Request URI:	https://practice.expandtesting.com/notes/api/users/login
Request URI:	https://practice.expandtesting.com/notes/api/users/login
Request URI:	https://practice.expandtesting.com/notes/api/users/login
Request URI:	https://practice.expandtesting.com/notes/api/users/login
Request URI:	https://practice.expandtesting.com/notes/api/users/login
Request URI:	https://practice.expandtesting.com/notes/api/users/login
Request URI:	https://practice.expandtesting.com/notes/api/users/login
Request URI:	https://practice.expandtesting.com/notes/api/users/login
HTTP/1.1 200 OK
access-control-allow-origin: *
access-control-allow-credentials: true
access-control-allow-methods: GET, POST, PUT, DELETE, PATCH
access-control-allow-headers: Origin, X-Requested-With, Authorization, Content-Type, Accept, X-Auth-Token
content-type: application/json; charset=utf-8
content-encoding: gzip
etag: W/"ec-GFPo/ANIoBAdAMA+WhhKGQxdkXw"
set-cookie: express:sess=eyJmbGFzaCI6e319; path=/; httponly
set-cookie: express:sess.sig=tdt42nQZiQvICqmrvHQ1_16fHk0; path=/; httponly
date: Sat, 19 Jul 2025 13:25:13 GMT
connection: keep-alive
keep-alive: timeout=5
transfer-encoding: chunked

{
    "success": true,
    "status": 200,
    "message": "Login successful",
    "data": {
        "id": "687b9cb99d1b4b028865d8a1",
        "name": "ingrid.hodkiewicz",
        "email": "ella.wuckert@hotmail.com",
        "token": "6d2d22370c17430eb42e30335b8a17993dc7ac880e90413ca4d544a51e4f08bd"
    }
}
Request URI:	https://practice.expandtesting.com/notes/api/users/profile
Request URI:	https://practice.expandtesting.com/notes/api/users/profile
Request URI:	https://practice.expandtesting.com/notes/api/users/profile
Request URI:	https://practice.expandtesting.com/notes/api/users/profile
Request URI:	https://practice.expandtesting.com/notes/api/users/profile
Request URI:	https://practice.expandtesting.com/notes/api/users/profile
Request URI:	https://practice.expandtesting.com/notes/api/users/profile
Request URI:	https://practice.expandtesting.com/notes/api/users/profile
Request URI:	https://practice.expandtesting.com/notes/api/users/profile
Request URI:	https://practice.expandtesting.com/notes/api/users/profile
Request URI:	https://practice.expandtesting.com/notes/api/users/profile
Request URI:	https://practice.expandtesting.com/notes/api/users/profile
Request URI:	https://practice.expandtesting.com/notes/api/users/profile
Request URI:	https://practice.expandtesting.com/notes/api/users/profile
Request URI:	https://practice.expandtesting.com/notes/api/users/profile
Request URI:	https://practice.expandtesting.com/notes/api/users/profile
Request URI:	https://practice.expandtesting.com/notes/api/users/profile
Request URI:	https://practice.expandtesting.com/notes/api/users/profile
Request URI:	https://practice.expandtesting.com/notes/api/users/profile
Request URI:	https://practice.expandtesting.com/notes/api/users/profile
Request URI:	https://practice.expandtesting.com/notes/api/users/profile
Request URI:	https://practice.expandtesting.com/notes/api/users/profile
Request URI:	https://practice.expandtesting.com/notes/api/users/profile
Request URI:	https://practice.expandtesting.com/notes/api/users/profile
Request URI:	https://practice.expandtesting.com/notes/api/users/profile
Request URI:	https://practice.expandtesting.com/notes/api/users/profile
Request URI:	https://practice.expandtesting.com/notes/api/users/profile
Request URI:	https://practice.expandtesting.com/notes/api/users/profile
Request URI:	https://practice.expandtesting.com/notes/api/users/profile
Request URI:	https://practice.expandtesting.com/notes/api/users/profile
Request URI:	https://practice.expandtesting.com/notes/api/users/profile
Request URI:	https://practice.expandtesting.com/notes/api/users/profile
Request URI:	https://practice.expandtesting.com/notes/api/users/profile
Request URI:	https://practice.expandtesting.com/notes/api/users/profile
Request URI:	https://practice.expandtesting.com/notes/api/users/profile
Request URI:	https://practice.expandtesting.com/notes/api/users/profile
Request URI:	https://practice.expandtesting.com/notes/api/users/profile
Request URI:	https://practice.expandtesting.com/notes/api/users/profile
Request URI:	https://practice.expandtesting.com/notes/api/users/profile
Request URI:	https://practice.expandtesting.com/notes/api/users/profile
Request URI:	https://practice.expandtesting.com/notes/api/users/profile
Request URI:	https://practice.expandtesting.com/notes/api/users/profile
Request URI:	https://practice.expandtesting.com/notes/api/users/profile
Request URI:	https://practice.expandtesting.com/notes/api/users/profile
Request URI:	https://practice.expandtesting.com/notes/api/users/profile
Request URI:	https://practice.expandtesting.com/notes/api/users/profile
Request URI:	https://practice.expandtesting.com/notes/api/users/profile
Request URI:	https://practice.expandtesting.com/notes/api/users/profile
Request URI:	https://practice.expandtesting.com/notes/api/users/profile
Request URI:	https://practice.expandtesting.com/notes/api/users/profile
Request URI:	https://practice.expandtesting.com/notes/api/users/profile
Request URI:	https://practice.expandtesting.com/notes/api/users/profile
Request URI:	https://practice.expandtesting.com/notes/api/users/profile
Request URI:	https://practice.expandtesting.com/notes/api/users/register
Request URI:	https://practice.expandtesting.com/notes/api/users/register
Request URI:	https://practice.expandtesting.com/notes/api/users/register
Request URI:	https://practice.expandtesting.com/notes/api/users/register
Request URI:	https://practice.expandtesting.com/notes/api/users/register
Request URI:	https://practice.expandtesting.com/notes/api/users/register
Request URI:	https://practice.expandtesting.com/notes/api/users/register
Request URI:	https://practice.expandtesting.com/notes/api/users/register
Request URI:	https://practice.expandtesting.com/notes/api/users/register
Request URI:	https://practice.expandtesting.com/notes/api/users/register
Request URI:	https://practice.expandtesting.com/notes/api/users/register
Request URI:	https://practice.expandtesting.com/notes/api/users/register
Request URI:	https://practice.expandtesting.com/notes/api/users/register
Request URI:	https://practice.expandtesting.com/notes/api/users/register
Request URI:	https://practice.expandtesting.com/notes/api/users/register
Request URI:	https://practice.expandtesting.com/notes/api/users/register
Request URI:	https://practice.expandtesting.com/notes/api/users/register
Request URI:	https://practice.expandtesting.com/notes/api/users/register
Request URI:	https://practice.expandtesting.com/notes/api/users/register
Request URI:	https://practice.expandtesting.com/notes/api/users/register
Request URI:	https://practice.expandtesting.com/notes/api/users/register
Request URI:	https://practice.expandtesting.com/notes/api/users/register
Request URI:	https://practice.expandtesting.com/notes/api/users/register
Request URI:	https://practice.expandtesting.com/notes/api/users/register
Request URI:	https://practice.expandtesting.com/notes/api/users/register
Request URI:	https://practice.expandtesting.com/notes/api/users/register
Request URI:	https://practice.expandtesting.com/notes/api/users/register
Request URI:	https://practice.expandtesting.com/notes/api/users/register
Request URI:	https://practice.expandtesting.com/notes/api/users/register
Request URI:	https://practice.expandtesting.com/notes/api/users/register
Request URI:	https://practice.expandtesting.com/notes/api/users/register
Request URI:	https://practice.expandtesting.com/notes/api/users/register
Request URI:	https://practice.expandtesting.com/notes/api/users/register
Request URI:	https://practice.expandtesting.com/notes/api/users/register
Request URI:	https://practice.expandtesting.com/notes/api/users/register
Request URI:	https://practice.expandtesting.com/notes/api/users/register
Request URI:	https://practice.expandtesting.com/notes/api/users/register
Request URI:	https://practice.expandtesting.com/notes/api/users/register
Request URI:	https://practice.expandtesting.com/notes/api/users/register
Request URI:	https://practice.expandtesting.com/notes/api/users/register
Request URI:	https://practice.expandtesting.com/notes/api/users/register
Request URI:	https://practice.expandtesting.com/notes/api/users/register
Request URI:	https://practice.expandtesting.com/notes/api/users/register
Request URI:	https://practice.expandtesting.com/notes/api/users/register
Request URI:	https://practice.expandtesting.com/notes/api/users/register
Request URI:	https://practice.expandtesting.com/notes/api/users/register
Request URI:	https://practice.expandtesting.com/notes/api/users/register
Request URI:	https://practice.expandtesting.com/notes/api/users/register
Request URI:	https://practice.expandtesting.com/notes/api/users/register
Request URI:	https://practice.expandtesting.com/notes/api/users/register
Request URI:	https://practice.expandtesting.com/notes/api/users/register
Request URI:	https://practice.expandtesting.com/notes/api/users/register
Request URI:	https://practice.expandtesting.com/notes/api/users/register
Request URI:	https://practice.expandtesting.com/notes/api/users/register
HTTP/1.1 201 Created
access-control-allow-origin: *
access-control-allow-credentials: true
access-control-allow-methods: GET, POST, PUT, DELETE, PATCH
access-control-allow-headers: Origin, X-Requested-With, Authorization, Content-Type, Accept, X-Auth-Token
content-type: application/json; charset=utf-8
content-encoding: gzip
etag: W/"af-ddQmzNauC3YGRxX5NhO2/2jp/TQ"
set-cookie: express:sess=eyJmbGFzaCI6e319; path=/; httponly
set-cookie: express:sess.sig=tdt42nQZiQvICqmrvHQ1_16fHk0; path=/; httponly
date: Sat, 19 Jul 2025 13:25:14 GMT
connection: keep-alive
keep-alive: timeout=5
transfer-encoding: chunked

{
    "success": true,
    "status": 201,
    "message": "User account created successfully",
    "data": {
        "id": "687b9cba9d1b4b028865d8aa",
        "name": "avis.miller",
        "email": "marylouise.willms@yahoo.com"
    }
}
Request URI:	https://practice.expandtesting.com/notes/api/users/login
Request URI:	https://practice.expandtesting.com/notes/api/users/login
Request URI:	https://practice.expandtesting.com/notes/api/users/login
Request URI:	https://practice.expandtesting.com/notes/api/users/login
Request URI:	https://practice.expandtesting.com/notes/api/users/login
Request URI:	https://practice.expandtesting.com/notes/api/users/login
Request URI:	https://practice.expandtesting.com/notes/api/users/login
Request URI:	https://practice.expandtesting.com/notes/api/users/login
Request URI:	https://practice.expandtesting.com/notes/api/users/login
Request URI:	https://practice.expandtesting.com/notes/api/users/login
Request URI:	https://practice.expandtesting.com/notes/api/users/login
Request URI:	https://practice.expandtesting.com/notes/api/users/login
Request URI:	https://practice.expandtesting.com/notes/api/users/login
Request URI:	https://practice.expandtesting.com/notes/api/users/login
Request URI:	https://practice.expandtesting.com/notes/api/users/login
Request URI:	https://practice.expandtesting.com/notes/api/users/login
Request URI:	https://practice.expandtesting.com/notes/api/users/login
Request URI:	https://practice.expandtesting.com/notes/api/users/login
Request URI:	https://practice.expandtesting.com/notes/api/users/login
Request URI:	https://practice.expandtesting.com/notes/api/users/login
Request URI:	https://practice.expandtesting.com/notes/api/users/login
Request URI:	https://practice.expandtesting.com/notes/api/users/login
Request URI:	https://practice.expandtesting.com/notes/api/users/login
Request URI:	https://practice.expandtesting.com/notes/api/users/login
Request URI:	https://practice.expandtesting.com/notes/api/users/login
Request URI:	https://practice.expandtesting.com/notes/api/users/login
Request URI:	https://practice.expandtesting.com/notes/api/users/login
Request URI:	https://practice.expandtesting.com/notes/api/users/login
Request URI:	https://practice.expandtesting.com/notes/api/users/login
Request URI:	https://practice.expandtesting.com/notes/api/users/login
Request URI:	https://practice.expandtesting.com/notes/api/users/login
Request URI:	https://practice.expandtesting.com/notes/api/users/login
Request URI:	https://practice.expandtesting.com/notes/api/users/login
Request URI:	https://practice.expandtesting.com/notes/api/users/login
Request URI:	https://practice.expandtesting.com/notes/api/users/login
Request URI:	https://practice.expandtesting.com/notes/api/users/login
Request URI:	https://practice.expandtesting.com/notes/api/users/login
Request URI:	https://practice.expandtesting.com/notes/api/users/login
Request URI:	https://practice.expandtesting.com/notes/api/users/login
Request URI:	https://practice.expandtesting.com/notes/api/users/login
Request URI:	https://practice.expandtesting.com/notes/api/users/login
Request URI:	https://practice.expandtesting.com/notes/api/users/login
Request URI:	https://practice.expandtesting.com/notes/api/users/login
Request URI:	https://practice.expandtesting.com/notes/api/users/login
Request URI:	https://practice.expandtesting.com/notes/api/users/login
Request URI:	https://practice.expandtesting.com/notes/api/users/login
Request URI:	https://practice.expandtesting.com/notes/api/users/login
Request URI:	https://practice.expandtesting.com/notes/api/users/login
Request URI:	https://practice.expandtesting.com/notes/api/users/login
Request URI:	https://practice.expandtesting.com/notes/api/users/login
Request URI:	https://practice.expandtesting.com/notes/api/users/login
Request URI:	https://practice.expandtesting.com/notes/api/users/login
Request URI:	https://practice.expandtesting.com/notes/api/users/login
Request URI:	https://practice.expandtesting.com/notes/api/users/login
HTTP/1.1 200 OK
access-control-allow-origin: *
access-control-allow-credentials: true
access-control-allow-methods: GET, POST, PUT, DELETE, PATCH
access-control-allow-headers: Origin, X-Requested-With, Authorization, Content-Type, Accept, X-Auth-Token
content-type: application/json; charset=utf-8
content-encoding: gzip
etag: W/"e9-p9s+XKqROkPodVutWDoM0CDhwNY"
set-cookie: express:sess=eyJmbGFzaCI6e319; path=/; httponly
set-cookie: express:sess.sig=tdt42nQZiQvICqmrvHQ1_16fHk0; path=/; httponly
date: Sat, 19 Jul 2025 13:25:15 GMT
connection: keep-alive
keep-alive: timeout=5
transfer-encoding: chunked

{
    "success": true,
    "status": 200,
    "message": "Login successful",
    "data": {
        "id": "687b9cba9d1b4b028865d8aa",
        "name": "avis.miller",
        "email": "marylouise.willms@yahoo.com",
        "token": "744b133e33524f72b94772ae13aefb1ef3ca9037318a4b5696dc5b11c943548e"
    }
}
Request URI:	https://practice.expandtesting.com/notes/api/users/profile
Request URI:	https://practice.expandtesting.com/notes/api/users/profile
Request URI:	https://practice.expandtesting.com/notes/api/users/profile
Request URI:	https://practice.expandtesting.com/notes/api/users/profile
Request URI:	https://practice.expandtesting.com/notes/api/users/profile
Request URI:	https://practice.expandtesting.com/notes/api/users/profile
Request URI:	https://practice.expandtesting.com/notes/api/users/profile
Request URI:	https://practice.expandtesting.com/notes/api/users/profile
Request URI:	https://practice.expandtesting.com/notes/api/users/profile
Request URI:	https://practice.expandtesting.com/notes/api/users/profile
Request URI:	https://practice.expandtesting.com/notes/api/users/profile
Request URI:	https://practice.expandtesting.com/notes/api/users/profile
Request URI:	https://practice.expandtesting.com/notes/api/users/profile
Request URI:	https://practice.expandtesting.com/notes/api/users/profile
Request URI:	https://practice.expandtesting.com/notes/api/users/profile
Request URI:	https://practice.expandtesting.com/notes/api/users/profile
Request URI:	https://practice.expandtesting.com/notes/api/users/profile
Request URI:	https://practice.expandtesting.com/notes/api/users/profile
Request URI:	https://practice.expandtesting.com/notes/api/users/profile
Request URI:	https://practice.expandtesting.com/notes/api/users/profile
Request URI:	https://practice.expandtesting.com/notes/api/users/profile
Request URI:	https://practice.expandtesting.com/notes/api/users/profile
Request URI:	https://practice.expandtesting.com/notes/api/users/profile
Request URI:	https://practice.expandtesting.com/notes/api/users/profile
Request URI:	https://practice.expandtesting.com/notes/api/users/profile
Request URI:	https://practice.expandtesting.com/notes/api/users/profile
Request URI:	https://practice.expandtesting.com/notes/api/users/profile
Request URI:	https://practice.expandtesting.com/notes/api/users/profile
Request URI:	https://practice.expandtesting.com/notes/api/users/profile
Request URI:	https://practice.expandtesting.com/notes/api/users/profile
Request URI:	https://practice.expandtesting.com/notes/api/users/profile
Request URI:	https://practice.expandtesting.com/notes/api/users/profile
Request URI:	https://practice.expandtesting.com/notes/api/users/profile
Request URI:	https://practice.expandtesting.com/notes/api/users/profile
Request URI:	https://practice.expandtesting.com/notes/api/users/profile
Request URI:	https://practice.expandtesting.com/notes/api/users/profile
Request URI:	https://practice.expandtesting.com/notes/api/users/profile
Request URI:	https://practice.expandtesting.com/notes/api/users/profile
Request URI:	https://practice.expandtesting.com/notes/api/users/profile
Request URI:	https://practice.expandtesting.com/notes/api/users/profile
Request URI:	https://practice.expandtesting.com/notes/api/users/profile
Request URI:	https://practice.expandtesting.com/notes/api/users/profile
Request URI:	https://practice.expandtesting.com/notes/api/users/profile
Request URI:	https://practice.expandtesting.com/notes/api/users/profile
Request URI:	https://practice.expandtesting.com/notes/api/users/profile
Request URI:	https://practice.expandtesting.com/notes/api/users/profile
Request URI:	https://practice.expandtesting.com/notes/api/users/profile
Request URI:	https://practice.expandtesting.com/notes/api/users/profile
Request URI:	https://practice.expandtesting.com/notes/api/users/profile
Request URI:	https://practice.expandtesting.com/notes/api/users/profile
Request URI:	https://practice.expandtesting.com/notes/api/users/profile
Request URI:	https://practice.expandtesting.com/notes/api/users/profile
Request URI:	https://practice.expandtesting.com/notes/api/users/profile
Request URI:	https://practice.expandtesting.com/notes/api/users/profile
Request method:	PATCH
Request URI:	https://practice.expandtesting.com/notes/api/users/profile
Proxy:			<none>
Request params:	<none>
Query params:	<none>
Form params:	name=Margart Haley
				phone=0232816121
				company=Jenkins-Terry
Path params:	<none>
Headers:		X-Auth-Token=744b133e33524f72b94772ae13aefb1ef3ca9037318a4b5696dc5b11c943548e
				Accept=application/json, application/javascript, text/javascript, text/json
				Content-Type=application/x-www-form-urlencoded; charset=UTF-8
Cookies:		<none>
Multiparts:		<none>
Body:			<none>
HTTP/1.1 200 OK
access-control-allow-origin: *
access-control-allow-credentials: true
access-control-allow-methods: GET, POST, PUT, DELETE, PATCH
access-control-allow-headers: Origin, X-Requested-With, Authorization, Content-Type, Accept, X-Auth-Token
content-type: application/json; charset=utf-8
content-encoding: gzip
etag: W/"d9-eQAxRiwPPJV1y/2V5/dXQcZOZyw"
set-cookie: express:sess=eyJmbGFzaCI6e319; path=/; httponly
set-cookie: express:sess.sig=tdt42nQZiQvICqmrvHQ1_16fHk0; path=/; httponly
date: Sat, 19 Jul 2025 13:25:15 GMT
connection: keep-alive
keep-alive: timeout=5
transfer-encoding: chunked

{
    "success": true,
    "status": 200,
    "message": "Profile updated successful",
    "data": {
        "id": "687b9cba9d1b4b028865d8aa",
        "name": "Margart Haley",
        "email": "marylouise.willms@yahoo.com",
        "phone": "0232816121",
        "company": "Jenkins-Terry"
    }
}
Request URI:	https://practice.expandtesting.com/notes/api/users/profile
Request URI:	https://practice.expandtesting.com/notes/api/users/profile
Request URI:	https://practice.expandtesting.com/notes/api/users/profile
Request URI:	https://practice.expandtesting.com/notes/api/users/profile
Request URI:	https://practice.expandtesting.com/notes/api/users/profile
Request URI:	https://practice.expandtesting.com/notes/api/users/profile
Request URI:	https://practice.expandtesting.com/notes/api/users/profile
Request URI:	https://practice.expandtesting.com/notes/api/users/profile
Request URI:	https://practice.expandtesting.com/notes/api/users/profile
Request URI:	https://practice.expandtesting.com/notes/api/users/profile
Request URI:	https://practice.expandtesting.com/notes/api/users/profile
Request URI:	https://practice.expandtesting.com/notes/api/users/profile
Request URI:	https://practice.expandtesting.com/notes/api/users/profile
Request URI:	https://practice.expandtesting.com/notes/api/users/profile
Request URI:	https://practice.expandtesting.com/notes/api/users/profile
Request URI:	https://practice.expandtesting.com/notes/api/users/profile
Request URI:	https://practice.expandtesting.com/notes/api/users/profile
Request URI:	https://practice.expandtesting.com/notes/api/users/profile
Request URI:	https://practice.expandtesting.com/notes/api/users/profile
Request URI:	https://practice.expandtesting.com/notes/api/users/profile
Request URI:	https://practice.expandtesting.com/notes/api/users/profile
Request URI:	https://practice.expandtesting.com/notes/api/users/profile
Request URI:	https://practice.expandtesting.com/notes/api/users/profile
Request URI:	https://practice.expandtesting.com/notes/api/users/profile
Request URI:	https://practice.expandtesting.com/notes/api/users/profile
Request URI:	https://practice.expandtesting.com/notes/api/users/profile
Request URI:	https://practice.expandtesting.com/notes/api/users/profile
Request URI:	https://practice.expandtesting.com/notes/api/users/profile
Request URI:	https://practice.expandtesting.com/notes/api/users/profile
Request URI:	https://practice.expandtesting.com/notes/api/users/profile
Request URI:	https://practice.expandtesting.com/notes/api/users/profile
Request URI:	https://practice.expandtesting.com/notes/api/users/profile
Request URI:	https://practice.expandtesting.com/notes/api/users/profile
Request URI:	https://practice.expandtesting.com/notes/api/users/profile
Request URI:	https://practice.expandtesting.com/notes/api/users/profile
Request URI:	https://practice.expandtesting.com/notes/api/users/profile
Request URI:	https://practice.expandtesting.com/notes/api/users/profile
Request URI:	https://practice.expandtesting.com/notes/api/users/profile
Request URI:	https://practice.expandtesting.com/notes/api/users/profile
Request URI:	https://practice.expandtesting.com/notes/api/users/profile
Request URI:	https://practice.expandtesting.com/notes/api/users/profile
Request URI:	https://practice.expandtesting.com/notes/api/users/profile
Request URI:	https://practice.expandtesting.com/notes/api/users/profile
Request URI:	https://practice.expandtesting.com/notes/api/users/profile
Request URI:	https://practice.expandtesting.com/notes/api/users/profile
Request URI:	https://practice.expandtesting.com/notes/api/users/profile
Request URI:	https://practice.expandtesting.com/notes/api/users/profile
Request URI:	https://practice.expandtesting.com/notes/api/users/profile
Request URI:	https://practice.expandtesting.com/notes/api/users/profile
Request URI:	https://practice.expandtesting.com/notes/api/users/profile
Request URI:	https://practice.expandtesting.com/notes/api/users/profile
Request URI:	https://practice.expandtesting.com/notes/api/users/profile
Request URI:	https://practice.expandtesting.com/notes/api/users/profile
Request URI:	https://practice.expandtesting.com/notes/api/users/profile
Request URI:	https://practice.expandtesting.com/notes/api/users/register
Request URI:	https://practice.expandtesting.com/notes/api/users/register
Request URI:	https://practice.expandtesting.com/notes/api/users/register
Request URI:	https://practice.expandtesting.com/notes/api/users/register
Request URI:	https://practice.expandtesting.com/notes/api/users/register
Request URI:	https://practice.expandtesting.com/notes/api/users/register
Request URI:	https://practice.expandtesting.com/notes/api/users/register
Request URI:	https://practice.expandtesting.com/notes/api/users/register
Request URI:	https://practice.expandtesting.com/notes/api/users/register
Request URI:	https://practice.expandtesting.com/notes/api/users/register
Request URI:	https://practice.expandtesting.com/notes/api/users/register
Request URI:	https://practice.expandtesting.com/notes/api/users/register
Request URI:	https://practice.expandtesting.com/notes/api/users/register
Request URI:	https://practice.expandtesting.com/notes/api/users/register
Request URI:	https://practice.expandtesting.com/notes/api/users/register
Request URI:	https://practice.expandtesting.com/notes/api/users/register
Request URI:	https://practice.expandtesting.com/notes/api/users/register
Request URI:	https://practice.expandtesting.com/notes/api/users/register
Request URI:	https://practice.expandtesting.com/notes/api/users/register
Request URI:	https://practice.expandtesting.com/notes/api/users/register
Request URI:	https://practice.expandtesting.com/notes/api/users/register
Request URI:	https://practice.expandtesting.com/notes/api/users/register
Request URI:	https://practice.expandtesting.com/notes/api/users/register
Request URI:	https://practice.expandtesting.com/notes/api/users/register
Request URI:	https://practice.expandtesting.com/notes/api/users/register
Request URI:	https://practice.expandtesting.com/notes/api/users/register
Request URI:	https://practice.expandtesting.com/notes/api/users/register
Request URI:	https://practice.expandtesting.com/notes/api/users/register
Request URI:	https://practice.expandtesting.com/notes/api/users/register
Request URI:	https://practice.expandtesting.com/notes/api/users/register
Request URI:	https://practice.expandtesting.com/notes/api/users/register
Request URI:	https://practice.expandtesting.com/notes/api/users/register
Request URI:	https://practice.expandtesting.com/notes/api/users/register
Request URI:	https://practice.expandtesting.com/notes/api/users/register
Request URI:	https://practice.expandtesting.com/notes/api/users/register
Request URI:	https://practice.expandtesting.com/notes/api/users/register
Request URI:	https://practice.expandtesting.com/notes/api/users/register
Request URI:	https://practice.expandtesting.com/notes/api/users/register
Request URI:	https://practice.expandtesting.com/notes/api/users/register
Request URI:	https://practice.expandtesting.com/notes/api/users/register
Request URI:	https://practice.expandtesting.com/notes/api/users/register
Request URI:	https://practice.expandtesting.com/notes/api/users/register
Request URI:	https://practice.expandtesting.com/notes/api/users/register
Request URI:	https://practice.expandtesting.com/notes/api/users/register
Request URI:	https://practice.expandtesting.com/notes/api/users/register
Request URI:	https://practice.expandtesting.com/notes/api/users/register
Request URI:	https://practice.expandtesting.com/notes/api/users/register
Request URI:	https://practice.expandtesting.com/notes/api/users/register
Request URI:	https://practice.expandtesting.com/notes/api/users/register
Request URI:	https://practice.expandtesting.com/notes/api/users/register
Request URI:	https://practice.expandtesting.com/notes/api/users/register
Request URI:	https://practice.expandtesting.com/notes/api/users/register
Request URI:	https://practice.expandtesting.com/notes/api/users/register
Request URI:	https://practice.expandtesting.com/notes/api/users/register
Request URI:	https://practice.expandtesting.com/notes/api/users/register
HTTP/1.1 201 Created
access-control-allow-origin: *
access-control-allow-credentials: true
access-control-allow-methods: GET, POST, PUT, DELETE, PATCH
access-control-allow-headers: Origin, X-Requested-With, Authorization, Content-Type, Accept, X-Auth-Token
content-type: application/json; charset=utf-8
content-encoding: gzip
etag: W/"ad-9+uYdoJct2LO9JSmBEjPRsDWmEI"
set-cookie: express:sess=eyJmbGFzaCI6e319; path=/; httponly
set-cookie: express:sess.sig=tdt42nQZiQvICqmrvHQ1_16fHk0; path=/; httponly
date: Sat, 19 Jul 2025 13:25:17 GMT
connection: keep-alive
keep-alive: timeout=5
transfer-encoding: chunked

{
    "success": true,
    "status": 201,
    "message": "User account created successfully",
    "data": {
        "id": "687b9cbd9d1b4b028865d8b6",
        "name": "aida.stark",
        "email": "denver.shields@hotmail.com"
    }
}
Request URI:	https://practice.expandtesting.com/notes/api/users/login
Request URI:	https://practice.expandtesting.com/notes/api/users/login
Request URI:	https://practice.expandtesting.com/notes/api/users/login
Request URI:	https://practice.expandtesting.com/notes/api/users/login
Request URI:	https://practice.expandtesting.com/notes/api/users/login
Request URI:	https://practice.expandtesting.com/notes/api/users/login
Request URI:	https://practice.expandtesting.com/notes/api/users/login
Request URI:	https://practice.expandtesting.com/notes/api/users/login
Request URI:	https://practice.expandtesting.com/notes/api/users/login
Request URI:	https://practice.expandtesting.com/notes/api/users/login
Request URI:	https://practice.expandtesting.com/notes/api/users/login
Request URI:	https://practice.expandtesting.com/notes/api/users/login
Request URI:	https://practice.expandtesting.com/notes/api/users/login
Request URI:	https://practice.expandtesting.com/notes/api/users/login
Request URI:	https://practice.expandtesting.com/notes/api/users/login
Request URI:	https://practice.expandtesting.com/notes/api/users/login
Request URI:	https://practice.expandtesting.com/notes/api/users/login
Request URI:	https://practice.expandtesting.com/notes/api/users/login
Request URI:	https://practice.expandtesting.com/notes/api/users/login
Request URI:	https://practice.expandtesting.com/notes/api/users/login
Request URI:	https://practice.expandtesting.com/notes/api/users/login
Request URI:	https://practice.expandtesting.com/notes/api/users/login
Request URI:	https://practice.expandtesting.com/notes/api/users/login
Request URI:	https://practice.expandtesting.com/notes/api/users/login
Request URI:	https://practice.expandtesting.com/notes/api/users/login
Request URI:	https://practice.expandtesting.com/notes/api/users/login
Request URI:	https://practice.expandtesting.com/notes/api/users/login
Request URI:	https://practice.expandtesting.com/notes/api/users/login
Request URI:	https://practice.expandtesting.com/notes/api/users/login
Request URI:	https://practice.expandtesting.com/notes/api/users/login
Request URI:	https://practice.expandtesting.com/notes/api/users/login
Request URI:	https://practice.expandtesting.com/notes/api/users/login
Request URI:	https://practice.expandtesting.com/notes/api/users/login
Request URI:	https://practice.expandtesting.com/notes/api/users/login
Request URI:	https://practice.expandtesting.com/notes/api/users/login
Request URI:	https://practice.expandtesting.com/notes/api/users/login
Request URI:	https://practice.expandtesting.com/notes/api/users/login
Request URI:	https://practice.expandtesting.com/notes/api/users/login
Request URI:	https://practice.expandtesting.com/notes/api/users/login
Request URI:	https://practice.expandtesting.com/notes/api/users/login
Request URI:	https://practice.expandtesting.com/notes/api/users/login
Request URI:	https://practice.expandtesting.com/notes/api/users/login
Request URI:	https://practice.expandtesting.com/notes/api/users/login
Request URI:	https://practice.expandtesting.com/notes/api/users/login
Request URI:	https://practice.expandtesting.com/notes/api/users/login
Request URI:	https://practice.expandtesting.com/notes/api/users/login
Request URI:	https://practice.expandtesting.com/notes/api/users/login
Request URI:	https://practice.expandtesting.com/notes/api/users/login
Request URI:	https://practice.expandtesting.com/notes/api/users/login
Request URI:	https://practice.expandtesting.com/notes/api/users/login
Request URI:	https://practice.expandtesting.com/notes/api/users/login
Request URI:	https://practice.expandtesting.com/notes/api/users/login
Request URI:	https://practice.expandtesting.com/notes/api/users/login
Request URI:	https://practice.expandtesting.com/notes/api/users/login
Request URI:	https://practice.expandtesting.com/notes/api/users/login
HTTP/1.1 200 OK
access-control-allow-origin: *
access-control-allow-credentials: true
access-control-allow-methods: GET, POST, PUT, DELETE, PATCH
access-control-allow-headers: Origin, X-Requested-With, Authorization, Content-Type, Accept, X-Auth-Token
content-type: application/json; charset=utf-8
content-encoding: gzip
etag: W/"e7-w5TojEKjFxKkjy20LQqIOhLY4vw"
set-cookie: express:sess=eyJmbGFzaCI6e319; path=/; httponly
set-cookie: express:sess.sig=tdt42nQZiQvICqmrvHQ1_16fHk0; path=/; httponly
date: Sat, 19 Jul 2025 13:25:17 GMT
connection: keep-alive
keep-alive: timeout=5
transfer-encoding: chunked

{
    "success": true,
    "status": 200,
    "message": "Login successful",
    "data": {
        "id": "687b9cbd9d1b4b028865d8b6",
        "name": "aida.stark",
        "email": "denver.shields@hotmail.com",
        "token": "7df64874cf804c4aaa6b71a6d985eaf692b792c166dd43449c324deec60692ce"
    }
}
Request URI:	https://practice.expandtesting.com/notes/api/users/forgot-password
Request URI:	https://practice.expandtesting.com/notes/api/users/forgot-password
Request URI:	https://practice.expandtesting.com/notes/api/users/forgot-password
Request URI:	https://practice.expandtesting.com/notes/api/users/forgot-password
Request URI:	https://practice.expandtesting.com/notes/api/users/forgot-password
Request URI:	https://practice.expandtesting.com/notes/api/users/forgot-password
Request URI:	https://practice.expandtesting.com/notes/api/users/forgot-password
Request URI:	https://practice.expandtesting.com/notes/api/users/forgot-password
Request URI:	https://practice.expandtesting.com/notes/api/users/forgot-password
Request URI:	https://practice.expandtesting.com/notes/api/users/forgot-password
Request URI:	https://practice.expandtesting.com/notes/api/users/forgot-password
Request URI:	https://practice.expandtesting.com/notes/api/users/forgot-password
Request URI:	https://practice.expandtesting.com/notes/api/users/forgot-password
Request URI:	https://practice.expandtesting.com/notes/api/users/forgot-password
Request URI:	https://practice.expandtesting.com/notes/api/users/forgot-password
Request URI:	https://practice.expandtesting.com/notes/api/users/forgot-password
Request URI:	https://practice.expandtesting.com/notes/api/users/forgot-password
Request URI:	https://practice.expandtesting.com/notes/api/users/forgot-password
Request URI:	https://practice.expandtesting.com/notes/api/users/forgot-password
Request URI:	https://practice.expandtesting.com/notes/api/users/forgot-password
Request URI:	https://practice.expandtesting.com/notes/api/users/forgot-password
Request URI:	https://practice.expandtesting.com/notes/api/users/forgot-password
Request URI:	https://practice.expandtesting.com/notes/api/users/forgot-password
Request URI:	https://practice.expandtesting.com/notes/api/users/forgot-password
Request URI:	https://practice.expandtesting.com/notes/api/users/forgot-password
Request URI:	https://practice.expandtesting.com/notes/api/users/forgot-password
Request URI:	https://practice.expandtesting.com/notes/api/users/forgot-password
Request URI:	https://practice.expandtesting.com/notes/api/users/forgot-password
Request URI:	https://practice.expandtesting.com/notes/api/users/forgot-password
Request URI:	https://practice.expandtesting.com/notes/api/users/forgot-password
Request URI:	https://practice.expandtesting.com/notes/api/users/forgot-password
Request URI:	https://practice.expandtesting.com/notes/api/users/forgot-password
Request URI:	https://practice.expandtesting.com/notes/api/users/forgot-password
Request URI:	https://practice.expandtesting.com/notes/api/users/forgot-password
Request URI:	https://practice.expandtesting.com/notes/api/users/forgot-password
Request URI:	https://practice.expandtesting.com/notes/api/users/forgot-password
Request URI:	https://practice.expandtesting.com/notes/api/users/forgot-password
Request URI:	https://practice.expandtesting.com/notes/api/users/forgot-password
Request URI:	https://practice.expandtesting.com/notes/api/users/forgot-password
Request URI:	https://practice.expandtesting.com/notes/api/users/forgot-password
Request URI:	https://practice.expandtesting.com/notes/api/users/forgot-password
Request URI:	https://practice.expandtesting.com/notes/api/users/forgot-password
Request URI:	https://practice.expandtesting.com/notes/api/users/forgot-password
Request URI:	https://practice.expandtesting.com/notes/api/users/forgot-password
Request URI:	https://practice.expandtesting.com/notes/api/users/forgot-password
Request URI:	https://practice.expandtesting.com/notes/api/users/forgot-password
Request URI:	https://practice.expandtesting.com/notes/api/users/forgot-password
Request URI:	https://practice.expandtesting.com/notes/api/users/forgot-password
Request URI:	https://practice.expandtesting.com/notes/api/users/forgot-password
Request URI:	https://practice.expandtesting.com/notes/api/users/forgot-password
Request URI:	https://practice.expandtesting.com/notes/api/users/forgot-password
Request URI:	https://practice.expandtesting.com/notes/api/users/forgot-password
Request URI:	https://practice.expandtesting.com/notes/api/users/forgot-password
Request URI:	https://practice.expandtesting.com/notes/api/users/forgot-password
Request URI:	https://practice.expandtesting.com/notes/api/users/forgot-password
Request method:	POST
Request URI:	https://practice.expandtesting.com/notes/api/users/forgot-password
Proxy:			<none>
Request params:	<none>
Query params:	<none>
Form params:	email=sergej.ocheretko1@gmail.com
Path params:	<none>
Headers:		Accept=application/json, application/javascript, text/javascript, text/json
				Content-Type=application/x-www-form-urlencoded; charset=UTF-8
Cookies:		<none>
Multiparts:		<none>
Body:			<none>
HTTP/1.1 200 OK
access-control-allow-origin: *
access-control-allow-credentials: true
access-control-allow-methods: GET, POST, PUT, DELETE, PATCH
access-control-allow-headers: Origin, X-Requested-With, Authorization, Content-Type, Accept, X-Auth-Token
content-type: application/json; charset=utf-8
content-encoding: gzip
etag: W/"9b-cA1HaMhP3nj2SjqeG5PfB3ZLVCU"
set-cookie: express:sess=eyJmbGFzaCI6e319; path=/; httponly
set-cookie: express:sess.sig=tdt42nQZiQvICqmrvHQ1_16fHk0; path=/; httponly
date: Sat, 19 Jul 2025 13:25:18 GMT
connection: keep-alive
keep-alive: timeout=5
transfer-encoding: chunked

{
    "success": true,
    "status": 200,
    "message": "Password reset link successfully sent to sergej.ocheretko1@gmail.com. Please verify by clicking on the given link"
}
Request URI:	https://practice.expandtesting.com/notes/api/users/register
Request URI:	https://practice.expandtesting.com/notes/api/users/register
Request URI:	https://practice.expandtesting.com/notes/api/users/register
Request URI:	https://practice.expandtesting.com/notes/api/users/register
Request URI:	https://practice.expandtesting.com/notes/api/users/register
Request URI:	https://practice.expandtesting.com/notes/api/users/register
Request URI:	https://practice.expandtesting.com/notes/api/users/register
Request URI:	https://practice.expandtesting.com/notes/api/users/register
Request URI:	https://practice.expandtesting.com/notes/api/users/register
Request URI:	https://practice.expandtesting.com/notes/api/users/register
Request URI:	https://practice.expandtesting.com/notes/api/users/register
Request URI:	https://practice.expandtesting.com/notes/api/users/register
Request URI:	https://practice.expandtesting.com/notes/api/users/register
Request URI:	https://practice.expandtesting.com/notes/api/users/register
Request URI:	https://practice.expandtesting.com/notes/api/users/register
Request URI:	https://practice.expandtesting.com/notes/api/users/register
Request URI:	https://practice.expandtesting.com/notes/api/users/register
Request URI:	https://practice.expandtesting.com/notes/api/users/register
Request URI:	https://practice.expandtesting.com/notes/api/users/register
Request URI:	https://practice.expandtesting.com/notes/api/users/register
Request URI:	https://practice.expandtesting.com/notes/api/users/register
Request URI:	https://practice.expandtesting.com/notes/api/users/register
Request URI:	https://practice.expandtesting.com/notes/api/users/register
Request URI:	https://practice.expandtesting.com/notes/api/users/register
Request URI:	https://practice.expandtesting.com/notes/api/users/register
Request URI:	https://practice.expandtesting.com/notes/api/users/register
Request URI:	https://practice.expandtesting.com/notes/api/users/register
Request URI:	https://practice.expandtesting.com/notes/api/users/register
Request URI:	https://practice.expandtesting.com/notes/api/users/register
Request URI:	https://practice.expandtesting.com/notes/api/users/register
Request URI:	https://practice.expandtesting.com/notes/api/users/register
Request URI:	https://practice.expandtesting.com/notes/api/users/register
Request URI:	https://practice.expandtesting.com/notes/api/users/register
Request URI:	https://practice.expandtesting.com/notes/api/users/register
Request URI:	https://practice.expandtesting.com/notes/api/users/register
Request URI:	https://practice.expandtesting.com/notes/api/users/register
Request URI:	https://practice.expandtesting.com/notes/api/users/register
Request URI:	https://practice.expandtesting.com/notes/api/users/register
Request URI:	https://practice.expandtesting.com/notes/api/users/register
Request URI:	https://practice.expandtesting.com/notes/api/users/register
Request URI:	https://practice.expandtesting.com/notes/api/users/register
Request URI:	https://practice.expandtesting.com/notes/api/users/register
Request URI:	https://practice.expandtesting.com/notes/api/users/register
Request URI:	https://practice.expandtesting.com/notes/api/users/register
Request URI:	https://practice.expandtesting.com/notes/api/users/register
Request URI:	https://practice.expandtesting.com/notes/api/users/register
Request URI:	https://practice.expandtesting.com/notes/api/users/register
Request URI:	https://practice.expandtesting.com/notes/api/users/register
Request URI:	https://practice.expandtesting.com/notes/api/users/register
Request URI:	https://practice.expandtesting.com/notes/api/users/register
Request URI:	https://practice.expandtesting.com/notes/api/users/register
Request URI:	https://practice.expandtesting.com/notes/api/users/register
Request URI:	https://practice.expandtesting.com/notes/api/users/register
Request URI:	https://practice.expandtesting.com/notes/api/users/register
Request URI:	https://practice.expandtesting.com/notes/api/users/register
Request URI:	https://practice.expandtesting.com/notes/api/users/register
HTTP/1.1 201 Created
access-control-allow-origin: *
access-control-allow-credentials: true
access-control-allow-methods: GET, POST, PUT, DELETE, PATCH
access-control-allow-headers: Origin, X-Requested-With, Authorization, Content-Type, Accept, X-Auth-Token
content-type: application/json; charset=utf-8
content-encoding: gzip
etag: W/"b1-Omw2b6aA2pkQ6fIIPsMdFAgZgS8"
set-cookie: express:sess=eyJmbGFzaCI6e319; path=/; httponly
set-cookie: express:sess.sig=tdt42nQZiQvICqmrvHQ1_16fHk0; path=/; httponly
date: Sat, 19 Jul 2025 13:25:18 GMT
connection: keep-alive
keep-alive: timeout=5
transfer-encoding: chunked

{
    "success": true,
    "status": 201,
    "message": "User account created successfully",
    "data": {
        "id": "687b9cbe9d1b4b028865d8c1",
        "name": "an.lueilwitz",
        "email": "hildred.tremblay@hotmail.com"
    }
}
Request URI:	https://practice.expandtesting.com/notes/api/users/login
Request URI:	https://practice.expandtesting.com/notes/api/users/login
Request URI:	https://practice.expandtesting.com/notes/api/users/login
Request URI:	https://practice.expandtesting.com/notes/api/users/login
Request URI:	https://practice.expandtesting.com/notes/api/users/login
Request URI:	https://practice.expandtesting.com/notes/api/users/login
Request URI:	https://practice.expandtesting.com/notes/api/users/login
Request URI:	https://practice.expandtesting.com/notes/api/users/login
Request URI:	https://practice.expandtesting.com/notes/api/users/login
Request URI:	https://practice.expandtesting.com/notes/api/users/login
Request URI:	https://practice.expandtesting.com/notes/api/users/login
Request URI:	https://practice.expandtesting.com/notes/api/users/login
Request URI:	https://practice.expandtesting.com/notes/api/users/login
Request URI:	https://practice.expandtesting.com/notes/api/users/login
Request URI:	https://practice.expandtesting.com/notes/api/users/login
Request URI:	https://practice.expandtesting.com/notes/api/users/login
Request URI:	https://practice.expandtesting.com/notes/api/users/login
Request URI:	https://practice.expandtesting.com/notes/api/users/login
Request URI:	https://practice.expandtesting.com/notes/api/users/login
Request URI:	https://practice.expandtesting.com/notes/api/users/login
Request URI:	https://practice.expandtesting.com/notes/api/users/login
Request URI:	https://practice.expandtesting.com/notes/api/users/login
Request URI:	https://practice.expandtesting.com/notes/api/users/login
Request URI:	https://practice.expandtesting.com/notes/api/users/login
Request URI:	https://practice.expandtesting.com/notes/api/users/login
Request URI:	https://practice.expandtesting.com/notes/api/users/login
Request URI:	https://practice.expandtesting.com/notes/api/users/login
Request URI:	https://practice.expandtesting.com/notes/api/users/login
Request URI:	https://practice.expandtesting.com/notes/api/users/login
Request URI:	https://practice.expandtesting.com/notes/api/users/login
Request URI:	https://practice.expandtesting.com/notes/api/users/login
Request URI:	https://practice.expandtesting.com/notes/api/users/login
Request URI:	https://practice.expandtesting.com/notes/api/users/login
Request URI:	https://practice.expandtesting.com/notes/api/users/login
Request URI:	https://practice.expandtesting.com/notes/api/users/login
Request URI:	https://practice.expandtesting.com/notes/api/users/login
Request URI:	https://practice.expandtesting.com/notes/api/users/login
Request URI:	https://practice.expandtesting.com/notes/api/users/login
Request URI:	https://practice.expandtesting.com/notes/api/users/login
Request URI:	https://practice.expandtesting.com/notes/api/users/login
Request URI:	https://practice.expandtesting.com/notes/api/users/login
Request URI:	https://practice.expandtesting.com/notes/api/users/login
Request URI:	https://practice.expandtesting.com/notes/api/users/login
Request URI:	https://practice.expandtesting.com/notes/api/users/login
Request URI:	https://practice.expandtesting.com/notes/api/users/login
Request URI:	https://practice.expandtesting.com/notes/api/users/login
Request URI:	https://practice.expandtesting.com/notes/api/users/login
Request URI:	https://practice.expandtesting.com/notes/api/users/login
Request URI:	https://practice.expandtesting.com/notes/api/users/login
Request URI:	https://practice.expandtesting.com/notes/api/users/login
Request URI:	https://practice.expandtesting.com/notes/api/users/login
Request URI:	https://practice.expandtesting.com/notes/api/users/login
Request URI:	https://practice.expandtesting.com/notes/api/users/login
Request URI:	https://practice.expandtesting.com/notes/api/users/login
Request URI:	https://practice.expandtesting.com/notes/api/users/login
Request URI:	https://practice.expandtesting.com/notes/api/users/login
HTTP/1.1 200 OK
access-control-allow-origin: *
access-control-allow-credentials: true
access-control-allow-methods: GET, POST, PUT, DELETE, PATCH
access-control-allow-headers: Origin, X-Requested-With, Authorization, Content-Type, Accept, X-Auth-Token
content-type: application/json; charset=utf-8
content-encoding: gzip
etag: W/"eb-xv3kDgHiNzmUyttygdZEKs+INzo"
set-cookie: express:sess=eyJmbGFzaCI6e319; path=/; httponly
set-cookie: express:sess.sig=tdt42nQZiQvICqmrvHQ1_16fHk0; path=/; httponly
date: Sat, 19 Jul 2025 13:25:19 GMT
connection: keep-alive
keep-alive: timeout=5
transfer-encoding: chunked

{
    "success": true,
    "status": 200,
    "message": "Login successful",
    "data": {
        "id": "687b9cbe9d1b4b028865d8c1",
        "name": "an.lueilwitz",
        "email": "hildred.tremblay@hotmail.com",
        "token": "eb2addb145eb44e68a2cefdf9e60a41ca47915cff7c94a218cd48524d818ccb5"
    }
}
Request URI:	https://practice.expandtesting.com/notes/api/users/forgot-password
Request URI:	https://practice.expandtesting.com/notes/api/users/forgot-password
Request URI:	https://practice.expandtesting.com/notes/api/users/forgot-password
Request URI:	https://practice.expandtesting.com/notes/api/users/forgot-password
Request URI:	https://practice.expandtesting.com/notes/api/users/forgot-password
Request URI:	https://practice.expandtesting.com/notes/api/users/forgot-password
Request URI:	https://practice.expandtesting.com/notes/api/users/forgot-password
Request URI:	https://practice.expandtesting.com/notes/api/users/forgot-password
Request URI:	https://practice.expandtesting.com/notes/api/users/forgot-password
Request URI:	https://practice.expandtesting.com/notes/api/users/forgot-password
Request URI:	https://practice.expandtesting.com/notes/api/users/forgot-password
Request URI:	https://practice.expandtesting.com/notes/api/users/forgot-password
Request URI:	https://practice.expandtesting.com/notes/api/users/forgot-password
Request URI:	https://practice.expandtesting.com/notes/api/users/forgot-password
Request URI:	https://practice.expandtesting.com/notes/api/users/forgot-password
Request URI:	https://practice.expandtesting.com/notes/api/users/forgot-password
Request URI:	https://practice.expandtesting.com/notes/api/users/forgot-password
Request URI:	https://practice.expandtesting.com/notes/api/users/forgot-password
Request URI:	https://practice.expandtesting.com/notes/api/users/forgot-password
Request URI:	https://practice.expandtesting.com/notes/api/users/forgot-password
Request URI:	https://practice.expandtesting.com/notes/api/users/forgot-password
Request URI:	https://practice.expandtesting.com/notes/api/users/forgot-password
Request URI:	https://practice.expandtesting.com/notes/api/users/forgot-password
Request URI:	https://practice.expandtesting.com/notes/api/users/forgot-password
Request URI:	https://practice.expandtesting.com/notes/api/users/forgot-password
Request URI:	https://practice.expandtesting.com/notes/api/users/forgot-password
Request URI:	https://practice.expandtesting.com/notes/api/users/forgot-password
Request URI:	https://practice.expandtesting.com/notes/api/users/forgot-password
Request URI:	https://practice.expandtesting.com/notes/api/users/forgot-password
Request URI:	https://practice.expandtesting.com/notes/api/users/forgot-password
Request URI:	https://practice.expandtesting.com/notes/api/users/forgot-password
Request URI:	https://practice.expandtesting.com/notes/api/users/forgot-password
Request URI:	https://practice.expandtesting.com/notes/api/users/forgot-password
Request URI:	https://practice.expandtesting.com/notes/api/users/forgot-password
Request URI:	https://practice.expandtesting.com/notes/api/users/forgot-password
Request URI:	https://practice.expandtesting.com/notes/api/users/forgot-password
Request URI:	https://practice.expandtesting.com/notes/api/users/forgot-password
Request URI:	https://practice.expandtesting.com/notes/api/users/forgot-password
Request URI:	https://practice.expandtesting.com/notes/api/users/forgot-password
Request URI:	https://practice.expandtesting.com/notes/api/users/forgot-password
Request URI:	https://practice.expandtesting.com/notes/api/users/forgot-password
Request URI:	https://practice.expandtesting.com/notes/api/users/forgot-password
Request URI:	https://practice.expandtesting.com/notes/api/users/forgot-password
Request URI:	https://practice.expandtesting.com/notes/api/users/forgot-password
Request URI:	https://practice.expandtesting.com/notes/api/users/forgot-password
Request URI:	https://practice.expandtesting.com/notes/api/users/forgot-password
Request URI:	https://practice.expandtesting.com/notes/api/users/forgot-password
Request URI:	https://practice.expandtesting.com/notes/api/users/forgot-password
Request URI:	https://practice.expandtesting.com/notes/api/users/forgot-password
Request URI:	https://practice.expandtesting.com/notes/api/users/forgot-password
Request URI:	https://practice.expandtesting.com/notes/api/users/forgot-password
Request URI:	https://practice.expandtesting.com/notes/api/users/forgot-password
Request URI:	https://practice.expandtesting.com/notes/api/users/forgot-password
Request URI:	https://practice.expandtesting.com/notes/api/users/forgot-password
Request URI:	https://practice.expandtesting.com/notes/api/users/forgot-password
Request URI:	https://practice.expandtesting.com/notes/api/users/forgot-password
Request method:	POST
Request URI:	https://practice.expandtesting.com/notes/api/users/forgot-password
Proxy:			<none>
Request params:	<none>
Query params:	<none>
Form params:	email=sergej.ocheretko1@gmail.com
Path params:	<none>
Headers:		Accept=application/json, application/javascript, text/javascript, text/json
				Content-Type=application/x-www-form-urlencoded; charset=UTF-8
Cookies:		<none>
Multiparts:		<none>
Body:			<none>
HTTP/1.1 200 OK
access-control-allow-origin: *
access-control-allow-credentials: true
access-control-allow-methods: GET, POST, PUT, DELETE, PATCH
access-control-allow-headers: Origin, X-Requested-With, Authorization, Content-Type, Accept, X-Auth-Token
content-type: application/json; charset=utf-8
content-encoding: gzip
etag: W/"9b-cA1HaMhP3nj2SjqeG5PfB3ZLVCU"
set-cookie: express:sess=eyJmbGFzaCI6e319; path=/; httponly
set-cookie: express:sess.sig=tdt42nQZiQvICqmrvHQ1_16fHk0; path=/; httponly
date: Sat, 19 Jul 2025 13:25:19 GMT
connection: keep-alive
keep-alive: timeout=5
transfer-encoding: chunked

{
    "success": true,
    "status": 200,
    "message": "Password reset link successfully sent to sergej.ocheretko1@gmail.com. Please verify by clicking on the given link"
}
Request URI:	https://practice.expandtesting.com/notes/api/users/register
Request URI:	https://practice.expandtesting.com/notes/api/users/register
Request URI:	https://practice.expandtesting.com/notes/api/users/register
Request URI:	https://practice.expandtesting.com/notes/api/users/register
Request URI:	https://practice.expandtesting.com/notes/api/users/register
Request URI:	https://practice.expandtesting.com/notes/api/users/register
Request URI:	https://practice.expandtesting.com/notes/api/users/register
Request URI:	https://practice.expandtesting.com/notes/api/users/register
Request URI:	https://practice.expandtesting.com/notes/api/users/register
Request URI:	https://practice.expandtesting.com/notes/api/users/register
Request URI:	https://practice.expandtesting.com/notes/api/users/register
Request URI:	https://practice.expandtesting.com/notes/api/users/register
Request URI:	https://practice.expandtesting.com/notes/api/users/register
Request URI:	https://practice.expandtesting.com/notes/api/users/register
Request URI:	https://practice.expandtesting.com/notes/api/users/register
Request URI:	https://practice.expandtesting.com/notes/api/users/register
Request URI:	https://practice.expandtesting.com/notes/api/users/register
Request URI:	https://practice.expandtesting.com/notes/api/users/register
Request URI:	https://practice.expandtesting.com/notes/api/users/register
Request URI:	https://practice.expandtesting.com/notes/api/users/register
Request URI:	https://practice.expandtesting.com/notes/api/users/register
Request URI:	https://practice.expandtesting.com/notes/api/users/register
Request URI:	https://practice.expandtesting.com/notes/api/users/register
Request URI:	https://practice.expandtesting.com/notes/api/users/register
Request URI:	https://practice.expandtesting.com/notes/api/users/register
Request URI:	https://practice.expandtesting.com/notes/api/users/register
Request URI:	https://practice.expandtesting.com/notes/api/users/register
Request URI:	https://practice.expandtesting.com/notes/api/users/register
Request URI:	https://practice.expandtesting.com/notes/api/users/register
Request URI:	https://practice.expandtesting.com/notes/api/users/register
Request URI:	https://practice.expandtesting.com/notes/api/users/register
Request URI:	https://practice.expandtesting.com/notes/api/users/register
Request URI:	https://practice.expandtesting.com/notes/api/users/register
Request URI:	https://practice.expandtesting.com/notes/api/users/register
Request URI:	https://practice.expandtesting.com/notes/api/users/register
Request URI:	https://practice.expandtesting.com/notes/api/users/register
Request URI:	https://practice.expandtesting.com/notes/api/users/register
Request URI:	https://practice.expandtesting.com/notes/api/users/register
Request URI:	https://practice.expandtesting.com/notes/api/users/register
Request URI:	https://practice.expandtesting.com/notes/api/users/register
Request URI:	https://practice.expandtesting.com/notes/api/users/register
Request URI:	https://practice.expandtesting.com/notes/api/users/register
Request URI:	https://practice.expandtesting.com/notes/api/users/register
Request URI:	https://practice.expandtesting.com/notes/api/users/register
Request URI:	https://practice.expandtesting.com/notes/api/users/register
Request URI:	https://practice.expandtesting.com/notes/api/users/register
Request URI:	https://practice.expandtesting.com/notes/api/users/register
Request URI:	https://practice.expandtesting.com/notes/api/users/register
Request URI:	https://practice.expandtesting.com/notes/api/users/register
Request URI:	https://practice.expandtesting.com/notes/api/users/register
Request URI:	https://practice.expandtesting.com/notes/api/users/register
Request URI:	https://practice.expandtesting.com/notes/api/users/register
Request URI:	https://practice.expandtesting.com/notes/api/users/register
Request URI:	https://practice.expandtesting.com/notes/api/users/register
Request URI:	https://practice.expandtesting.com/notes/api/users/register
Request URI:	https://practice.expandtesting.com/notes/api/users/register
Request URI:	https://practice.expandtesting.com/notes/api/users/register
HTTP/1.1 201 Created
access-control-allow-origin: *
access-control-allow-credentials: true
access-control-allow-methods: GET, POST, PUT, DELETE, PATCH
access-control-allow-headers: Origin, X-Requested-With, Authorization, Content-Type, Accept, X-Auth-Token
content-type: application/json; charset=utf-8
content-encoding: gzip
etag: W/"ab-/7hKZ3uXLwXXgUSQjVmKyOs4678"
set-cookie: express:sess=eyJmbGFzaCI6e319; path=/; httponly
set-cookie: express:sess.sig=tdt42nQZiQvICqmrvHQ1_16fHk0; path=/; httponly
date: Sat, 19 Jul 2025 13:25:20 GMT
connection: keep-alive
keep-alive: timeout=5
transfer-encoding: chunked

{
    "success": true,
    "status": 201,
    "message": "User account created successfully",
    "data": {
        "id": "687b9cc09d1b4b028865d8cc",
        "name": "verona.ohara",
        "email": "dannie.kulas@gmail.com"
    }
}
Request URI:	https://practice.expandtesting.com/notes/api/users/login
Request URI:	https://practice.expandtesting.com/notes/api/users/login
Request URI:	https://practice.expandtesting.com/notes/api/users/login
Request URI:	https://practice.expandtesting.com/notes/api/users/login
Request URI:	https://practice.expandtesting.com/notes/api/users/login
Request URI:	https://practice.expandtesting.com/notes/api/users/login
Request URI:	https://practice.expandtesting.com/notes/api/users/login
Request URI:	https://practice.expandtesting.com/notes/api/users/login
Request URI:	https://practice.expandtesting.com/notes/api/users/login
Request URI:	https://practice.expandtesting.com/notes/api/users/login
Request URI:	https://practice.expandtesting.com/notes/api/users/login
Request URI:	https://practice.expandtesting.com/notes/api/users/login
Request URI:	https://practice.expandtesting.com/notes/api/users/login
Request URI:	https://practice.expandtesting.com/notes/api/users/login
Request URI:	https://practice.expandtesting.com/notes/api/users/login
Request URI:	https://practice.expandtesting.com/notes/api/users/login
Request URI:	https://practice.expandtesting.com/notes/api/users/login
Request URI:	https://practice.expandtesting.com/notes/api/users/login
Request URI:	https://practice.expandtesting.com/notes/api/users/login
Request URI:	https://practice.expandtesting.com/notes/api/users/login
Request URI:	https://practice.expandtesting.com/notes/api/users/login
Request URI:	https://practice.expandtesting.com/notes/api/users/login
Request URI:	https://practice.expandtesting.com/notes/api/users/login
Request URI:	https://practice.expandtesting.com/notes/api/users/login
Request URI:	https://practice.expandtesting.com/notes/api/users/login
Request URI:	https://practice.expandtesting.com/notes/api/users/login
Request URI:	https://practice.expandtesting.com/notes/api/users/login
Request URI:	https://practice.expandtesting.com/notes/api/users/login
Request URI:	https://practice.expandtesting.com/notes/api/users/login
Request URI:	https://practice.expandtesting.com/notes/api/users/login
Request URI:	https://practice.expandtesting.com/notes/api/users/login
Request URI:	https://practice.expandtesting.com/notes/api/users/login
Request URI:	https://practice.expandtesting.com/notes/api/users/login
Request URI:	https://practice.expandtesting.com/notes/api/users/login
Request URI:	https://practice.expandtesting.com/notes/api/users/login
Request URI:	https://practice.expandtesting.com/notes/api/users/login
Request URI:	https://practice.expandtesting.com/notes/api/users/login
Request URI:	https://practice.expandtesting.com/notes/api/users/login
Request URI:	https://practice.expandtesting.com/notes/api/users/login
Request URI:	https://practice.expandtesting.com/notes/api/users/login
Request URI:	https://practice.expandtesting.com/notes/api/users/login
Request URI:	https://practice.expandtesting.com/notes/api/users/login
Request URI:	https://practice.expandtesting.com/notes/api/users/login
Request URI:	https://practice.expandtesting.com/notes/api/users/login
Request URI:	https://practice.expandtesting.com/notes/api/users/login
Request URI:	https://practice.expandtesting.com/notes/api/users/login
Request URI:	https://practice.expandtesting.com/notes/api/users/login
Request URI:	https://practice.expandtesting.com/notes/api/users/login
Request URI:	https://practice.expandtesting.com/notes/api/users/login
Request URI:	https://practice.expandtesting.com/notes/api/users/login
Request URI:	https://practice.expandtesting.com/notes/api/users/login
Request URI:	https://practice.expandtesting.com/notes/api/users/login
Request URI:	https://practice.expandtesting.com/notes/api/users/login
Request URI:	https://practice.expandtesting.com/notes/api/users/login
Request URI:	https://practice.expandtesting.com/notes/api/users/login
Request URI:	https://practice.expandtesting.com/notes/api/users/login
Request URI:	https://practice.expandtesting.com/notes/api/users/login
HTTP/1.1 200 OK
access-control-allow-origin: *
access-control-allow-credentials: true
access-control-allow-methods: GET, POST, PUT, DELETE, PATCH
access-control-allow-headers: Origin, X-Requested-With, Authorization, Content-Type, Accept, X-Auth-Token
content-type: application/json; charset=utf-8
content-encoding: gzip
etag: W/"e5-88S4uc0TCn1EzthbdmZdqotmf0c"
set-cookie: express:sess=eyJmbGFzaCI6e319; path=/; httponly
set-cookie: express:sess.sig=tdt42nQZiQvICqmrvHQ1_16fHk0; path=/; httponly
date: Sat, 19 Jul 2025 13:25:20 GMT
connection: keep-alive
keep-alive: timeout=5
transfer-encoding: chunked

{
    "success": true,
    "status": 200,
    "message": "Login successful",
    "data": {
        "id": "687b9cc09d1b4b028865d8cc",
        "name": "verona.ohara",
        "email": "dannie.kulas@gmail.com",
        "token": "8b3bbdba7354417084a9dd496cba5a083cae027c7d8042f0beb3397aa15452fc"
    }
}
Request URI:	https://practice.expandtesting.com/notes/api/users/change-password
Request URI:	https://practice.expandtesting.com/notes/api/users/change-password
Request URI:	https://practice.expandtesting.com/notes/api/users/change-password
Request URI:	https://practice.expandtesting.com/notes/api/users/change-password
Request URI:	https://practice.expandtesting.com/notes/api/users/change-password
Request URI:	https://practice.expandtesting.com/notes/api/users/change-password
Request URI:	https://practice.expandtesting.com/notes/api/users/change-password
Request URI:	https://practice.expandtesting.com/notes/api/users/change-password
Request URI:	https://practice.expandtesting.com/notes/api/users/change-password
Request URI:	https://practice.expandtesting.com/notes/api/users/change-password
Request URI:	https://practice.expandtesting.com/notes/api/users/change-password
Request URI:	https://practice.expandtesting.com/notes/api/users/change-password
Request URI:	https://practice.expandtesting.com/notes/api/users/change-password
Request URI:	https://practice.expandtesting.com/notes/api/users/change-password
Request URI:	https://practice.expandtesting.com/notes/api/users/change-password
Request URI:	https://practice.expandtesting.com/notes/api/users/change-password
Request URI:	https://practice.expandtesting.com/notes/api/users/change-password
Request URI:	https://practice.expandtesting.com/notes/api/users/change-password
Request URI:	https://practice.expandtesting.com/notes/api/users/change-password
Request URI:	https://practice.expandtesting.com/notes/api/users/change-password
Request URI:	https://practice.expandtesting.com/notes/api/users/change-password
Request URI:	https://practice.expandtesting.com/notes/api/users/change-password
Request URI:	https://practice.expandtesting.com/notes/api/users/change-password
Request URI:	https://practice.expandtesting.com/notes/api/users/change-password
Request URI:	https://practice.expandtesting.com/notes/api/users/change-password
Request URI:	https://practice.expandtesting.com/notes/api/users/change-password
Request URI:	https://practice.expandtesting.com/notes/api/users/change-password
Request URI:	https://practice.expandtesting.com/notes/api/users/change-password
Request URI:	https://practice.expandtesting.com/notes/api/users/change-password
Request URI:	https://practice.expandtesting.com/notes/api/users/change-password
Request URI:	https://practice.expandtesting.com/notes/api/users/change-password
Request URI:	https://practice.expandtesting.com/notes/api/users/change-password
Request URI:	https://practice.expandtesting.com/notes/api/users/change-password
Request URI:	https://practice.expandtesting.com/notes/api/users/change-password
Request URI:	https://practice.expandtesting.com/notes/api/users/change-password
Request URI:	https://practice.expandtesting.com/notes/api/users/change-password
Request URI:	https://practice.expandtesting.com/notes/api/users/change-password
Request URI:	https://practice.expandtesting.com/notes/api/users/change-password
Request URI:	https://practice.expandtesting.com/notes/api/users/change-password
Request URI:	https://practice.expandtesting.com/notes/api/users/change-password
Request URI:	https://practice.expandtesting.com/notes/api/users/change-password
Request URI:	https://practice.expandtesting.com/notes/api/users/change-password
Request URI:	https://practice.expandtesting.com/notes/api/users/change-password
Request URI:	https://practice.expandtesting.com/notes/api/users/change-password
Request URI:	https://practice.expandtesting.com/notes/api/users/change-password
Request URI:	https://practice.expandtesting.com/notes/api/users/change-password
Request URI:	https://practice.expandtesting.com/notes/api/users/change-password
Request URI:	https://practice.expandtesting.com/notes/api/users/change-password
Request URI:	https://practice.expandtesting.com/notes/api/users/change-password
Request URI:	https://practice.expandtesting.com/notes/api/users/change-password
Request URI:	https://practice.expandtesting.com/notes/api/users/change-password
Request URI:	https://practice.expandtesting.com/notes/api/users/change-password
Request URI:	https://practice.expandtesting.com/notes/api/users/change-password
Request URI:	https://practice.expandtesting.com/notes/api/users/change-password
Request URI:	https://practice.expandtesting.com/notes/api/users/change-password
Request URI:	https://practice.expandtesting.com/notes/api/users/change-password
Request URI:	https://practice.expandtesting.com/notes/api/users/change-password
Request method:	POST
Request URI:	https://practice.expandtesting.com/notes/api/users/change-password
Proxy:			<none>
Request params:	<none>
Query params:	<none>
Form params:	<none>
Path params:	<none>
Headers:		X-Auth-Token=8b3bbdba7354417084a9dd496cba5a083cae027c7d8042f0beb3397aa15452fc
				Accept=application/json, application/javascript, text/javascript, text/json
				Content-Type=application/json
Cookies:		<none>
Multiparts:		<none>
Body:
{
    "currentPassword": "wfvn2s6hvvm",
    "newPassword": "Zg%$mZVq@xyQo"
}
HTTP/1.1 200 OK
access-control-allow-origin: *
access-control-allow-credentials: true
access-control-allow-methods: GET, POST, PUT, DELETE, PATCH
access-control-allow-headers: Origin, X-Requested-With, Authorization, Content-Type, Accept, X-Auth-Token
content-type: application/json; charset=utf-8
content-encoding: gzip
etag: W/"4f-ava50LOZV9GrNX1jv2XMGsJdMdg"
set-cookie: express:sess=eyJmbGFzaCI6e319; path=/; httponly
set-cookie: express:sess.sig=tdt42nQZiQvICqmrvHQ1_16fHk0; path=/; httponly
date: Sat, 19 Jul 2025 13:25:21 GMT
connection: keep-alive
keep-alive: timeout=5
transfer-encoding: chunked

{
    "success": true,
    "status": 200,
    "message": "The password was successfully updated"
}
]]>&#x1f510;<![CDATA[ Пароль успешно обновлён: Zg%$mZVq@xyQo
Request URI:	https://practice.expandtesting.com/notes/api/users/register
Request URI:	https://practice.expandtesting.com/notes/api/users/register
Request URI:	https://practice.expandtesting.com/notes/api/users/register
Request URI:	https://practice.expandtesting.com/notes/api/users/register
Request URI:	https://practice.expandtesting.com/notes/api/users/register
Request URI:	https://practice.expandtesting.com/notes/api/users/register
Request URI:	https://practice.expandtesting.com/notes/api/users/register
Request URI:	https://practice.expandtesting.com/notes/api/users/register
Request URI:	https://practice.expandtesting.com/notes/api/users/register
Request URI:	https://practice.expandtesting.com/notes/api/users/register
Request URI:	https://practice.expandtesting.com/notes/api/users/register
Request URI:	https://practice.expandtesting.com/notes/api/users/register
Request URI:	https://practice.expandtesting.com/notes/api/users/register
Request URI:	https://practice.expandtesting.com/notes/api/users/register
Request URI:	https://practice.expandtesting.com/notes/api/users/register
Request URI:	https://practice.expandtesting.com/notes/api/users/register
Request URI:	https://practice.expandtesting.com/notes/api/users/register
Request URI:	https://practice.expandtesting.com/notes/api/users/register
Request URI:	https://practice.expandtesting.com/notes/api/users/register
Request URI:	https://practice.expandtesting.com/notes/api/users/register
Request URI:	https://practice.expandtesting.com/notes/api/users/register
Request URI:	https://practice.expandtesting.com/notes/api/users/register
Request URI:	https://practice.expandtesting.com/notes/api/users/register
Request URI:	https://practice.expandtesting.com/notes/api/users/register
Request URI:	https://practice.expandtesting.com/notes/api/users/register
Request URI:	https://practice.expandtesting.com/notes/api/users/register
Request URI:	https://practice.expandtesting.com/notes/api/users/register
Request URI:	https://practice.expandtesting.com/notes/api/users/register
Request URI:	https://practice.expandtesting.com/notes/api/users/register
Request URI:	https://practice.expandtesting.com/notes/api/users/register
Request URI:	https://practice.expandtesting.com/notes/api/users/register
Request URI:	https://practice.expandtesting.com/notes/api/users/register
Request URI:	https://practice.expandtesting.com/notes/api/users/register
Request URI:	https://practice.expandtesting.com/notes/api/users/register
Request URI:	https://practice.expandtesting.com/notes/api/users/register
Request URI:	https://practice.expandtesting.com/notes/api/users/register
Request URI:	https://practice.expandtesting.com/notes/api/users/register
Request URI:	https://practice.expandtesting.com/notes/api/users/register
Request URI:	https://practice.expandtesting.com/notes/api/users/register
Request URI:	https://practice.expandtesting.com/notes/api/users/register
Request URI:	https://practice.expandtesting.com/notes/api/users/register
Request URI:	https://practice.expandtesting.com/notes/api/users/register
Request URI:	https://practice.expandtesting.com/notes/api/users/register
Request URI:	https://practice.expandtesting.com/notes/api/users/register
Request URI:	https://practice.expandtesting.com/notes/api/users/register
Request URI:	https://practice.expandtesting.com/notes/api/users/register
Request URI:	https://practice.expandtesting.com/notes/api/users/register
Request URI:	https://practice.expandtesting.com/notes/api/users/register
Request URI:	https://practice.expandtesting.com/notes/api/users/register
Request URI:	https://practice.expandtesting.com/notes/api/users/register
Request URI:	https://practice.expandtesting.com/notes/api/users/register
Request URI:	https://practice.expandtesting.com/notes/api/users/register
Request URI:	https://practice.expandtesting.com/notes/api/users/register
Request URI:	https://practice.expandtesting.com/notes/api/users/register
Request URI:	https://practice.expandtesting.com/notes/api/users/register
Request URI:	https://practice.expandtesting.com/notes/api/users/register
Request URI:	https://practice.expandtesting.com/notes/api/users/register
Request URI:	https://practice.expandtesting.com/notes/api/users/register
HTTP/1.1 201 Created
access-control-allow-origin: *
access-control-allow-credentials: true
access-control-allow-methods: GET, POST, PUT, DELETE, PATCH
access-control-allow-headers: Origin, X-Requested-With, Authorization, Content-Type, Accept, X-Auth-Token
content-type: application/json; charset=utf-8
content-encoding: gzip
etag: W/"ae-VxbM8lPJ8eTE2+0gjCe4TuSKI00"
set-cookie: express:sess=eyJmbGFzaCI6e319; path=/; httponly
set-cookie: express:sess.sig=tdt42nQZiQvICqmrvHQ1_16fHk0; path=/; httponly
date: Sat, 19 Jul 2025 13:25:21 GMT
connection: keep-alive
keep-alive: timeout=5
transfer-encoding: chunked

{
    "success": true,
    "status": 201,
    "message": "User account created successfully",
    "data": {
        "id": "687b9cc19d1b4b028865d8d6",
        "name": "arturo.hettinger",
        "email": "milo.maggio@yahoo.com"
    }
}
Request URI:	https://practice.expandtesting.com/notes/api/users/login
Request URI:	https://practice.expandtesting.com/notes/api/users/login
Request URI:	https://practice.expandtesting.com/notes/api/users/login
Request URI:	https://practice.expandtesting.com/notes/api/users/login
Request URI:	https://practice.expandtesting.com/notes/api/users/login
Request URI:	https://practice.expandtesting.com/notes/api/users/login
Request URI:	https://practice.expandtesting.com/notes/api/users/login
Request URI:	https://practice.expandtesting.com/notes/api/users/login
Request URI:	https://practice.expandtesting.com/notes/api/users/login
Request URI:	https://practice.expandtesting.com/notes/api/users/login
Request URI:	https://practice.expandtesting.com/notes/api/users/login
Request URI:	https://practice.expandtesting.com/notes/api/users/login
Request URI:	https://practice.expandtesting.com/notes/api/users/login
Request URI:	https://practice.expandtesting.com/notes/api/users/login
Request URI:	https://practice.expandtesting.com/notes/api/users/login
Request URI:	https://practice.expandtesting.com/notes/api/users/login
Request URI:	https://practice.expandtesting.com/notes/api/users/login
Request URI:	https://practice.expandtesting.com/notes/api/users/login
Request URI:	https://practice.expandtesting.com/notes/api/users/login
Request URI:	https://practice.expandtesting.com/notes/api/users/login
Request URI:	https://practice.expandtesting.com/notes/api/users/login
Request URI:	https://practice.expandtesting.com/notes/api/users/login
Request URI:	https://practice.expandtesting.com/notes/api/users/login
Request URI:	https://practice.expandtesting.com/notes/api/users/login
Request URI:	https://practice.expandtesting.com/notes/api/users/login
Request URI:	https://practice.expandtesting.com/notes/api/users/login
Request URI:	https://practice.expandtesting.com/notes/api/users/login
Request URI:	https://practice.expandtesting.com/notes/api/users/login
Request URI:	https://practice.expandtesting.com/notes/api/users/login
Request URI:	https://practice.expandtesting.com/notes/api/users/login
Request URI:	https://practice.expandtesting.com/notes/api/users/login
Request URI:	https://practice.expandtesting.com/notes/api/users/login
Request URI:	https://practice.expandtesting.com/notes/api/users/login
Request URI:	https://practice.expandtesting.com/notes/api/users/login
Request URI:	https://practice.expandtesting.com/notes/api/users/login
Request URI:	https://practice.expandtesting.com/notes/api/users/login
Request URI:	https://practice.expandtesting.com/notes/api/users/login
Request URI:	https://practice.expandtesting.com/notes/api/users/login
Request URI:	https://practice.expandtesting.com/notes/api/users/login
Request URI:	https://practice.expandtesting.com/notes/api/users/login
Request URI:	https://practice.expandtesting.com/notes/api/users/login
Request URI:	https://practice.expandtesting.com/notes/api/users/login
Request URI:	https://practice.expandtesting.com/notes/api/users/login
Request URI:	https://practice.expandtesting.com/notes/api/users/login
Request URI:	https://practice.expandtesting.com/notes/api/users/login
Request URI:	https://practice.expandtesting.com/notes/api/users/login
Request URI:	https://practice.expandtesting.com/notes/api/users/login
Request URI:	https://practice.expandtesting.com/notes/api/users/login
Request URI:	https://practice.expandtesting.com/notes/api/users/login
Request URI:	https://practice.expandtesting.com/notes/api/users/login
Request URI:	https://practice.expandtesting.com/notes/api/users/login
Request URI:	https://practice.expandtesting.com/notes/api/users/login
Request URI:	https://practice.expandtesting.com/notes/api/users/login
Request URI:	https://practice.expandtesting.com/notes/api/users/login
Request URI:	https://practice.expandtesting.com/notes/api/users/login
Request URI:	https://practice.expandtesting.com/notes/api/users/login
Request URI:	https://practice.expandtesting.com/notes/api/users/login
Request URI:	https://practice.expandtesting.com/notes/api/users/login
HTTP/1.1 200 OK
access-control-allow-origin: *
access-control-allow-credentials: true
access-control-allow-methods: GET, POST, PUT, DELETE, PATCH
access-control-allow-headers: Origin, X-Requested-With, Authorization, Content-Type, Accept, X-Auth-Token
content-type: application/json; charset=utf-8
content-encoding: gzip
etag: W/"e8-rtPIJp8apclOxLI1Qua7i92+OaE"
set-cookie: express:sess=eyJmbGFzaCI6e319; path=/; httponly
set-cookie: express:sess.sig=tdt42nQZiQvICqmrvHQ1_16fHk0; path=/; httponly
date: Sat, 19 Jul 2025 13:25:22 GMT
connection: keep-alive
keep-alive: timeout=5
transfer-encoding: chunked

{
    "success": true,
    "status": 200,
    "message": "Login successful",
    "data": {
        "id": "687b9cc19d1b4b028865d8d6",
        "name": "arturo.hettinger",
        "email": "milo.maggio@yahoo.com",
        "token": "12df1780aad34e548a87e0208098b6b7a5eaacc3f13140339dd028a0605bbc2b"
    }
}
Request URI:	https://practice.expandtesting.com/notes/api/users/logout
Request URI:	https://practice.expandtesting.com/notes/api/users/logout
Request URI:	https://practice.expandtesting.com/notes/api/users/logout
Request URI:	https://practice.expandtesting.com/notes/api/users/logout
Request URI:	https://practice.expandtesting.com/notes/api/users/logout
Request URI:	https://practice.expandtesting.com/notes/api/users/logout
Request URI:	https://practice.expandtesting.com/notes/api/users/logout
Request URI:	https://practice.expandtesting.com/notes/api/users/logout
Request URI:	https://practice.expandtesting.com/notes/api/users/logout
Request URI:	https://practice.expandtesting.com/notes/api/users/logout
Request URI:	https://practice.expandtesting.com/notes/api/users/logout
Request URI:	https://practice.expandtesting.com/notes/api/users/logout
Request URI:	https://practice.expandtesting.com/notes/api/users/logout
Request URI:	https://practice.expandtesting.com/notes/api/users/logout
Request URI:	https://practice.expandtesting.com/notes/api/users/logout
Request URI:	https://practice.expandtesting.com/notes/api/users/logout
Request URI:	https://practice.expandtesting.com/notes/api/users/logout
Request URI:	https://practice.expandtesting.com/notes/api/users/logout
Request URI:	https://practice.expandtesting.com/notes/api/users/logout
Request URI:	https://practice.expandtesting.com/notes/api/users/logout
Request URI:	https://practice.expandtesting.com/notes/api/users/logout
Request URI:	https://practice.expandtesting.com/notes/api/users/logout
Request URI:	https://practice.expandtesting.com/notes/api/users/logout
Request URI:	https://practice.expandtesting.com/notes/api/users/logout
Request URI:	https://practice.expandtesting.com/notes/api/users/logout
Request URI:	https://practice.expandtesting.com/notes/api/users/logout
Request URI:	https://practice.expandtesting.com/notes/api/users/logout
Request URI:	https://practice.expandtesting.com/notes/api/users/logout
Request URI:	https://practice.expandtesting.com/notes/api/users/logout
Request URI:	https://practice.expandtesting.com/notes/api/users/logout
Request URI:	https://practice.expandtesting.com/notes/api/users/logout
Request URI:	https://practice.expandtesting.com/notes/api/users/logout
Request URI:	https://practice.expandtesting.com/notes/api/users/logout
Request URI:	https://practice.expandtesting.com/notes/api/users/logout
Request URI:	https://practice.expandtesting.com/notes/api/users/logout
Request URI:	https://practice.expandtesting.com/notes/api/users/logout
Request URI:	https://practice.expandtesting.com/notes/api/users/logout
Request URI:	https://practice.expandtesting.com/notes/api/users/logout
Request URI:	https://practice.expandtesting.com/notes/api/users/logout
Request URI:	https://practice.expandtesting.com/notes/api/users/logout
Request URI:	https://practice.expandtesting.com/notes/api/users/logout
Request URI:	https://practice.expandtesting.com/notes/api/users/logout
Request URI:	https://practice.expandtesting.com/notes/api/users/logout
Request URI:	https://practice.expandtesting.com/notes/api/users/logout
Request URI:	https://practice.expandtesting.com/notes/api/users/logout
Request URI:	https://practice.expandtesting.com/notes/api/users/logout
Request URI:	https://practice.expandtesting.com/notes/api/users/logout
Request URI:	https://practice.expandtesting.com/notes/api/users/logout
Request URI:	https://practice.expandtesting.com/notes/api/users/logout
Request URI:	https://practice.expandtesting.com/notes/api/users/logout
Request URI:	https://practice.expandtesting.com/notes/api/users/logout
Request URI:	https://practice.expandtesting.com/notes/api/users/logout
Request URI:	https://practice.expandtesting.com/notes/api/users/logout
Request URI:	https://practice.expandtesting.com/notes/api/users/logout
Request URI:	https://practice.expandtesting.com/notes/api/users/logout
Request URI:	https://practice.expandtesting.com/notes/api/users/logout
Request URI:	https://practice.expandtesting.com/notes/api/users/logout
Request URI:	https://practice.expandtesting.com/notes/api/users/logout
Request method:	DELETE
Request URI:	https://practice.expandtesting.com/notes/api/users/logout
Proxy:			<none>
Request params:	<none>
Query params:	<none>
Form params:	<none>
Path params:	<none>
Headers:		X-Auth-Token=12df1780aad34e548a87e0208098b6b7a5eaacc3f13140339dd028a0605bbc2b
				Accept=application/json, application/javascript, text/javascript, text/json
				Content-Type=application/json
Cookies:		<none>
Multiparts:		<none>
Body:			<none>
HTTP/1.1 200 OK
access-control-allow-origin: *
access-control-allow-credentials: true
access-control-allow-methods: GET, POST, PUT, DELETE, PATCH
access-control-allow-headers: Origin, X-Requested-With, Authorization, Content-Type, Accept, X-Auth-Token
content-type: application/json; charset=utf-8
content-encoding: gzip
etag: W/"4f-7fu1YLvqWAlBLt3rT+vlZvUfugw"
set-cookie: express:sess=eyJmbGFzaCI6e319; path=/; httponly
set-cookie: express:sess.sig=tdt42nQZiQvICqmrvHQ1_16fHk0; path=/; httponly
date: Sat, 19 Jul 2025 13:25:22 GMT
connection: keep-alive
keep-alive: timeout=5
transfer-encoding: chunked

{
    "success": true,
    "status": 200,
    "message": "User has been successfully logged out"
}
Request URI:	https://practice.expandtesting.com/notes/api/users/register
Request URI:	https://practice.expandtesting.com/notes/api/users/register
Request URI:	https://practice.expandtesting.com/notes/api/users/register
Request URI:	https://practice.expandtesting.com/notes/api/users/register
Request URI:	https://practice.expandtesting.com/notes/api/users/register
Request URI:	https://practice.expandtesting.com/notes/api/users/register
Request URI:	https://practice.expandtesting.com/notes/api/users/register
Request URI:	https://practice.expandtesting.com/notes/api/users/register
Request URI:	https://practice.expandtesting.com/notes/api/users/register
Request URI:	https://practice.expandtesting.com/notes/api/users/register
Request URI:	https://practice.expandtesting.com/notes/api/users/register
Request URI:	https://practice.expandtesting.com/notes/api/users/register
Request URI:	https://practice.expandtesting.com/notes/api/users/register
Request URI:	https://practice.expandtesting.com/notes/api/users/register
Request URI:	https://practice.expandtesting.com/notes/api/users/register
Request URI:	https://practice.expandtesting.com/notes/api/users/register
Request URI:	https://practice.expandtesting.com/notes/api/users/register
Request URI:	https://practice.expandtesting.com/notes/api/users/register
Request URI:	https://practice.expandtesting.com/notes/api/users/register
Request URI:	https://practice.expandtesting.com/notes/api/users/register
Request URI:	https://practice.expandtesting.com/notes/api/users/register
Request URI:	https://practice.expandtesting.com/notes/api/users/register
Request URI:	https://practice.expandtesting.com/notes/api/users/register
Request URI:	https://practice.expandtesting.com/notes/api/users/register
Request URI:	https://practice.expandtesting.com/notes/api/users/register
Request URI:	https://practice.expandtesting.com/notes/api/users/register
Request URI:	https://practice.expandtesting.com/notes/api/users/register
Request URI:	https://practice.expandtesting.com/notes/api/users/register
Request URI:	https://practice.expandtesting.com/notes/api/users/register
Request URI:	https://practice.expandtesting.com/notes/api/users/register
Request URI:	https://practice.expandtesting.com/notes/api/users/register
Request URI:	https://practice.expandtesting.com/notes/api/users/register
Request URI:	https://practice.expandtesting.com/notes/api/users/register
Request URI:	https://practice.expandtesting.com/notes/api/users/register
Request URI:	https://practice.expandtesting.com/notes/api/users/register
Request URI:	https://practice.expandtesting.com/notes/api/users/register
Request URI:	https://practice.expandtesting.com/notes/api/users/register
Request URI:	https://practice.expandtesting.com/notes/api/users/register
Request URI:	https://practice.expandtesting.com/notes/api/users/register
Request URI:	https://practice.expandtesting.com/notes/api/users/register
Request URI:	https://practice.expandtesting.com/notes/api/users/register
Request URI:	https://practice.expandtesting.com/notes/api/users/register
Request URI:	https://practice.expandtesting.com/notes/api/users/register
Request URI:	https://practice.expandtesting.com/notes/api/users/register
Request URI:	https://practice.expandtesting.com/notes/api/users/register
Request URI:	https://practice.expandtesting.com/notes/api/users/register
Request URI:	https://practice.expandtesting.com/notes/api/users/register
Request URI:	https://practice.expandtesting.com/notes/api/users/register
Request URI:	https://practice.expandtesting.com/notes/api/users/register
Request URI:	https://practice.expandtesting.com/notes/api/users/register
Request URI:	https://practice.expandtesting.com/notes/api/users/register
Request URI:	https://practice.expandtesting.com/notes/api/users/register
Request URI:	https://practice.expandtesting.com/notes/api/users/register
Request URI:	https://practice.expandtesting.com/notes/api/users/register
Request URI:	https://practice.expandtesting.com/notes/api/users/register
Request URI:	https://practice.expandtesting.com/notes/api/users/register
Request URI:	https://practice.expandtesting.com/notes/api/users/register
Request URI:	https://practice.expandtesting.com/notes/api/users/register
Request URI:	https://practice.expandtesting.com/notes/api/users/register
HTTP/1.1 201 Created
access-control-allow-origin: *
access-control-allow-credentials: true
access-control-allow-methods: GET, POST, PUT, DELETE, PATCH
access-control-allow-headers: Origin, X-Requested-With, Authorization, Content-Type, Accept, X-Auth-Token
content-type: application/json; charset=utf-8
content-encoding: gzip
etag: W/"ab-GoZetZr7j1L8OQrvB4WaRCdk76g"
set-cookie: express:sess=eyJmbGFzaCI6e319; path=/; httponly
set-cookie: express:sess.sig=tdt42nQZiQvICqmrvHQ1_16fHk0; path=/; httponly
date: Sat, 19 Jul 2025 13:25:23 GMT
connection: keep-alive
keep-alive: timeout=5
transfer-encoding: chunked

{
    "success": true,
    "status": 201,
    "message": "User account created successfully",
    "data": {
        "id": "687b9cc39d1b4b028865d8e0",
        "name": "kerry.metz",
        "email": "brett.brakus@hotmail.com"
    }
}
Request URI:	https://practice.expandtesting.com/notes/api/users/login
Request URI:	https://practice.expandtesting.com/notes/api/users/login
Request URI:	https://practice.expandtesting.com/notes/api/users/login
Request URI:	https://practice.expandtesting.com/notes/api/users/login
Request URI:	https://practice.expandtesting.com/notes/api/users/login
Request URI:	https://practice.expandtesting.com/notes/api/users/login
Request URI:	https://practice.expandtesting.com/notes/api/users/login
Request URI:	https://practice.expandtesting.com/notes/api/users/login
Request URI:	https://practice.expandtesting.com/notes/api/users/login
Request URI:	https://practice.expandtesting.com/notes/api/users/login
Request URI:	https://practice.expandtesting.com/notes/api/users/login
Request URI:	https://practice.expandtesting.com/notes/api/users/login
Request URI:	https://practice.expandtesting.com/notes/api/users/login
Request URI:	https://practice.expandtesting.com/notes/api/users/login
Request URI:	https://practice.expandtesting.com/notes/api/users/login
Request URI:	https://practice.expandtesting.com/notes/api/users/login
Request URI:	https://practice.expandtesting.com/notes/api/users/login
Request URI:	https://practice.expandtesting.com/notes/api/users/login
Request URI:	https://practice.expandtesting.com/notes/api/users/login
Request URI:	https://practice.expandtesting.com/notes/api/users/login
Request URI:	https://practice.expandtesting.com/notes/api/users/login
Request URI:	https://practice.expandtesting.com/notes/api/users/login
Request URI:	https://practice.expandtesting.com/notes/api/users/login
Request URI:	https://practice.expandtesting.com/notes/api/users/login
Request URI:	https://practice.expandtesting.com/notes/api/users/login
Request URI:	https://practice.expandtesting.com/notes/api/users/login
Request URI:	https://practice.expandtesting.com/notes/api/users/login
Request URI:	https://practice.expandtesting.com/notes/api/users/login
Request URI:	https://practice.expandtesting.com/notes/api/users/login
Request URI:	https://practice.expandtesting.com/notes/api/users/login
Request URI:	https://practice.expandtesting.com/notes/api/users/login
Request URI:	https://practice.expandtesting.com/notes/api/users/login
Request URI:	https://practice.expandtesting.com/notes/api/users/login
Request URI:	https://practice.expandtesting.com/notes/api/users/login
Request URI:	https://practice.expandtesting.com/notes/api/users/login
Request URI:	https://practice.expandtesting.com/notes/api/users/login
Request URI:	https://practice.expandtesting.com/notes/api/users/login
Request URI:	https://practice.expandtesting.com/notes/api/users/login
Request URI:	https://practice.expandtesting.com/notes/api/users/login
Request URI:	https://practice.expandtesting.com/notes/api/users/login
Request URI:	https://practice.expandtesting.com/notes/api/users/login
Request URI:	https://practice.expandtesting.com/notes/api/users/login
Request URI:	https://practice.expandtesting.com/notes/api/users/login
Request URI:	https://practice.expandtesting.com/notes/api/users/login
Request URI:	https://practice.expandtesting.com/notes/api/users/login
Request URI:	https://practice.expandtesting.com/notes/api/users/login
Request URI:	https://practice.expandtesting.com/notes/api/users/login
Request URI:	https://practice.expandtesting.com/notes/api/users/login
Request URI:	https://practice.expandtesting.com/notes/api/users/login
Request URI:	https://practice.expandtesting.com/notes/api/users/login
Request URI:	https://practice.expandtesting.com/notes/api/users/login
Request URI:	https://practice.expandtesting.com/notes/api/users/login
Request URI:	https://practice.expandtesting.com/notes/api/users/login
Request URI:	https://practice.expandtesting.com/notes/api/users/login
Request URI:	https://practice.expandtesting.com/notes/api/users/login
Request URI:	https://practice.expandtesting.com/notes/api/users/login
Request URI:	https://practice.expandtesting.com/notes/api/users/login
Request URI:	https://practice.expandtesting.com/notes/api/users/login
Request URI:	https://practice.expandtesting.com/notes/api/users/login
HTTP/1.1 200 OK
access-control-allow-origin: *
access-control-allow-credentials: true
access-control-allow-methods: GET, POST, PUT, DELETE, PATCH
access-control-allow-headers: Origin, X-Requested-With, Authorization, Content-Type, Accept, X-Auth-Token
content-type: application/json; charset=utf-8
content-encoding: gzip
etag: W/"e5-PRLUxgkXgQs5LWj+MoZuaEHKOcY"
set-cookie: express:sess=eyJmbGFzaCI6e319; path=/; httponly
set-cookie: express:sess.sig=tdt42nQZiQvICqmrvHQ1_16fHk0; path=/; httponly
date: Sat, 19 Jul 2025 13:25:23 GMT
connection: keep-alive
keep-alive: timeout=5
transfer-encoding: chunked

{
    "success": true,
    "status": 200,
    "message": "Login successful",
    "data": {
        "id": "687b9cc39d1b4b028865d8e0",
        "name": "kerry.metz",
        "email": "brett.brakus@hotmail.com",
        "token": "ca36ddd82d78493d9fe6bb8b6d1417b8c415301851c7433f92619507d4a101c3"
    }
}
Request URI:	https://practice.expandtesting.com/notes/api/users/delete-account
Request URI:	https://practice.expandtesting.com/notes/api/users/delete-account
Request URI:	https://practice.expandtesting.com/notes/api/users/delete-account
Request URI:	https://practice.expandtesting.com/notes/api/users/delete-account
Request URI:	https://practice.expandtesting.com/notes/api/users/delete-account
Request URI:	https://practice.expandtesting.com/notes/api/users/delete-account
Request URI:	https://practice.expandtesting.com/notes/api/users/delete-account
Request URI:	https://practice.expandtesting.com/notes/api/users/delete-account
Request URI:	https://practice.expandtesting.com/notes/api/users/delete-account
Request URI:	https://practice.expandtesting.com/notes/api/users/delete-account
Request URI:	https://practice.expandtesting.com/notes/api/users/delete-account
Request URI:	https://practice.expandtesting.com/notes/api/users/delete-account
Request URI:	https://practice.expandtesting.com/notes/api/users/delete-account
Request URI:	https://practice.expandtesting.com/notes/api/users/delete-account
Request URI:	https://practice.expandtesting.com/notes/api/users/delete-account
Request URI:	https://practice.expandtesting.com/notes/api/users/delete-account
Request URI:	https://practice.expandtesting.com/notes/api/users/delete-account
Request URI:	https://practice.expandtesting.com/notes/api/users/delete-account
Request URI:	https://practice.expandtesting.com/notes/api/users/delete-account
Request URI:	https://practice.expandtesting.com/notes/api/users/delete-account
Request URI:	https://practice.expandtesting.com/notes/api/users/delete-account
Request URI:	https://practice.expandtesting.com/notes/api/users/delete-account
Request URI:	https://practice.expandtesting.com/notes/api/users/delete-account
Request URI:	https://practice.expandtesting.com/notes/api/users/delete-account
Request URI:	https://practice.expandtesting.com/notes/api/users/delete-account
Request URI:	https://practice.expandtesting.com/notes/api/users/delete-account
Request URI:	https://practice.expandtesting.com/notes/api/users/delete-account
Request URI:	https://practice.expandtesting.com/notes/api/users/delete-account
Request URI:	https://practice.expandtesting.com/notes/api/users/delete-account
Request URI:	https://practice.expandtesting.com/notes/api/users/delete-account
Request URI:	https://practice.expandtesting.com/notes/api/users/delete-account
Request URI:	https://practice.expandtesting.com/notes/api/users/delete-account
Request URI:	https://practice.expandtesting.com/notes/api/users/delete-account
Request URI:	https://practice.expandtesting.com/notes/api/users/delete-account
Request URI:	https://practice.expandtesting.com/notes/api/users/delete-account
Request URI:	https://practice.expandtesting.com/notes/api/users/delete-account
Request URI:	https://practice.expandtesting.com/notes/api/users/delete-account
Request URI:	https://practice.expandtesting.com/notes/api/users/delete-account
Request URI:	https://practice.expandtesting.com/notes/api/users/delete-account
Request URI:	https://practice.expandtesting.com/notes/api/users/delete-account
Request URI:	https://practice.expandtesting.com/notes/api/users/delete-account
Request URI:	https://practice.expandtesting.com/notes/api/users/delete-account
Request URI:	https://practice.expandtesting.com/notes/api/users/delete-account
Request URI:	https://practice.expandtesting.com/notes/api/users/delete-account
Request URI:	https://practice.expandtesting.com/notes/api/users/delete-account
Request URI:	https://practice.expandtesting.com/notes/api/users/delete-account
Request URI:	https://practice.expandtesting.com/notes/api/users/delete-account
Request URI:	https://practice.expandtesting.com/notes/api/users/delete-account
Request URI:	https://practice.expandtesting.com/notes/api/users/delete-account
Request URI:	https://practice.expandtesting.com/notes/api/users/delete-account
Request URI:	https://practice.expandtesting.com/notes/api/users/delete-account
Request URI:	https://practice.expandtesting.com/notes/api/users/delete-account
Request URI:	https://practice.expandtesting.com/notes/api/users/delete-account
Request URI:	https://practice.expandtesting.com/notes/api/users/delete-account
Request URI:	https://practice.expandtesting.com/notes/api/users/delete-account
Request URI:	https://practice.expandtesting.com/notes/api/users/delete-account
Request URI:	https://practice.expandtesting.com/notes/api/users/delete-account
Request URI:	https://practice.expandtesting.com/notes/api/users/delete-account
Request URI:	https://practice.expandtesting.com/notes/api/users/delete-account
Request method:	DELETE
Request URI:	https://practice.expandtesting.com/notes/api/users/delete-account
Proxy:			<none>
Request params:	<none>
Query params:	<none>
Form params:	<none>
Path params:	<none>
Headers:		X-Auth-Token=ca36ddd82d78493d9fe6bb8b6d1417b8c415301851c7433f92619507d4a101c3
				Accept=application/json, application/javascript, text/javascript, text/json
				Content-Type=application/json
Cookies:		<none>
Multiparts:		<none>
Body:			<none>
HTTP/1.1 200 OK
access-control-allow-origin: *
access-control-allow-credentials: true
access-control-allow-methods: GET, POST, PUT, DELETE, PATCH
access-control-allow-headers: Origin, X-Requested-With, Authorization, Content-Type, Accept, X-Auth-Token
content-type: application/json; charset=utf-8
content-encoding: gzip
etag: W/"46-xvIiFl/4e/p/xA8LA+FZxbRy7yU"
set-cookie: express:sess=eyJmbGFzaCI6e319; path=/; httponly
set-cookie: express:sess.sig=tdt42nQZiQvICqmrvHQ1_16fHk0; path=/; httponly
date: Sat, 19 Jul 2025 13:25:24 GMT
connection: keep-alive
keep-alive: timeout=5
transfer-encoding: chunked

{
    "success": true,
    "status": 200,
    "message": "Account successfully deleted"
}
Request URI:	https://practice.expandtesting.com/notes/api/users/register
Request URI:	https://practice.expandtesting.com/notes/api/users/register
Request URI:	https://practice.expandtesting.com/notes/api/users/register
Request URI:	https://practice.expandtesting.com/notes/api/users/register
Request URI:	https://practice.expandtesting.com/notes/api/users/register
Request URI:	https://practice.expandtesting.com/notes/api/users/register
Request URI:	https://practice.expandtesting.com/notes/api/users/register
Request URI:	https://practice.expandtesting.com/notes/api/users/register
Request URI:	https://practice.expandtesting.com/notes/api/users/register
Request URI:	https://practice.expandtesting.com/notes/api/users/register
Request URI:	https://practice.expandtesting.com/notes/api/users/register
Request URI:	https://practice.expandtesting.com/notes/api/users/register
Request URI:	https://practice.expandtesting.com/notes/api/users/register
Request URI:	https://practice.expandtesting.com/notes/api/users/register
Request URI:	https://practice.expandtesting.com/notes/api/users/register
Request URI:	https://practice.expandtesting.com/notes/api/users/register
Request URI:	https://practice.expandtesting.com/notes/api/users/register
Request URI:	https://practice.expandtesting.com/notes/api/users/register
Request URI:	https://practice.expandtesting.com/notes/api/users/register
Request URI:	https://practice.expandtesting.com/notes/api/users/register
Request URI:	https://practice.expandtesting.com/notes/api/users/register
Request URI:	https://practice.expandtesting.com/notes/api/users/register
Request URI:	https://practice.expandtesting.com/notes/api/users/register
Request URI:	https://practice.expandtesting.com/notes/api/users/register
Request URI:	https://practice.expandtesting.com/notes/api/users/register
Request URI:	https://practice.expandtesting.com/notes/api/users/register
Request URI:	https://practice.expandtesting.com/notes/api/users/register
Request URI:	https://practice.expandtesting.com/notes/api/users/register
Request URI:	https://practice.expandtesting.com/notes/api/users/register
Request URI:	https://practice.expandtesting.com/notes/api/users/register
Request URI:	https://practice.expandtesting.com/notes/api/users/register
Request URI:	https://practice.expandtesting.com/notes/api/users/register
Request URI:	https://practice.expandtesting.com/notes/api/users/register
Request URI:	https://practice.expandtesting.com/notes/api/users/register
Request URI:	https://practice.expandtesting.com/notes/api/users/register
Request URI:	https://practice.expandtesting.com/notes/api/users/register
Request URI:	https://practice.expandtesting.com/notes/api/users/register
Request URI:	https://practice.expandtesting.com/notes/api/users/register
Request URI:	https://practice.expandtesting.com/notes/api/users/register
Request URI:	https://practice.expandtesting.com/notes/api/users/register
Request URI:	https://practice.expandtesting.com/notes/api/users/register
Request URI:	https://practice.expandtesting.com/notes/api/users/register
Request URI:	https://practice.expandtesting.com/notes/api/users/register
Request URI:	https://practice.expandtesting.com/notes/api/users/register
Request URI:	https://practice.expandtesting.com/notes/api/users/register
Request URI:	https://practice.expandtesting.com/notes/api/users/register
Request URI:	https://practice.expandtesting.com/notes/api/users/register
Request URI:	https://practice.expandtesting.com/notes/api/users/register
Request URI:	https://practice.expandtesting.com/notes/api/users/register
Request URI:	https://practice.expandtesting.com/notes/api/users/register
Request URI:	https://practice.expandtesting.com/notes/api/users/register
Request URI:	https://practice.expandtesting.com/notes/api/users/register
Request URI:	https://practice.expandtesting.com/notes/api/users/register
Request URI:	https://practice.expandtesting.com/notes/api/users/register
Request URI:	https://practice.expandtesting.com/notes/api/users/register
Request URI:	https://practice.expandtesting.com/notes/api/users/register
Request URI:	https://practice.expandtesting.com/notes/api/users/register
Request URI:	https://practice.expandtesting.com/notes/api/users/register
Request URI:	https://practice.expandtesting.com/notes/api/users/register
Request URI:	https://practice.expandtesting.com/notes/api/users/register
HTTP/1.1 201 Created
access-control-allow-origin: *
access-control-allow-credentials: true
access-control-allow-methods: GET, POST, PUT, DELETE, PATCH
access-control-allow-headers: Origin, X-Requested-With, Authorization, Content-Type, Accept, X-Auth-Token
content-type: application/json; charset=utf-8
content-encoding: gzip
etag: W/"ad-eB0YGP7R+OQ6gkMTY9tKZ49CDTY"
set-cookie: express:sess=eyJmbGFzaCI6e319; path=/; httponly
set-cookie: express:sess.sig=tdt42nQZiQvICqmrvHQ1_16fHk0; path=/; httponly
date: Sat, 19 Jul 2025 13:25:24 GMT
connection: keep-alive
keep-alive: timeout=5
transfer-encoding: chunked

{
    "success": true,
    "status": 201,
    "message": "User account created successfully",
    "data": {
        "id": "687b9cc49d1b4b028865d8ec",
        "name": "evan.bogan",
        "email": "winfred.maggio@hotmail.com"
    }
}
Request URI:	https://practice.expandtesting.com/notes/api/users/login
Request URI:	https://practice.expandtesting.com/notes/api/users/login
Request URI:	https://practice.expandtesting.com/notes/api/users/login
Request URI:	https://practice.expandtesting.com/notes/api/users/login
Request URI:	https://practice.expandtesting.com/notes/api/users/login
Request URI:	https://practice.expandtesting.com/notes/api/users/login
Request URI:	https://practice.expandtesting.com/notes/api/users/login
Request URI:	https://practice.expandtesting.com/notes/api/users/login
Request URI:	https://practice.expandtesting.com/notes/api/users/login
Request URI:	https://practice.expandtesting.com/notes/api/users/login
Request URI:	https://practice.expandtesting.com/notes/api/users/login
Request URI:	https://practice.expandtesting.com/notes/api/users/login
Request URI:	https://practice.expandtesting.com/notes/api/users/login
Request URI:	https://practice.expandtesting.com/notes/api/users/login
Request URI:	https://practice.expandtesting.com/notes/api/users/login
Request URI:	https://practice.expandtesting.com/notes/api/users/login
Request URI:	https://practice.expandtesting.com/notes/api/users/login
Request URI:	https://practice.expandtesting.com/notes/api/users/login
Request URI:	https://practice.expandtesting.com/notes/api/users/login
Request URI:	https://practice.expandtesting.com/notes/api/users/login
Request URI:	https://practice.expandtesting.com/notes/api/users/login
Request URI:	https://practice.expandtesting.com/notes/api/users/login
Request URI:	https://practice.expandtesting.com/notes/api/users/login
Request URI:	https://practice.expandtesting.com/notes/api/users/login
Request URI:	https://practice.expandtesting.com/notes/api/users/login
Request URI:	https://practice.expandtesting.com/notes/api/users/login
Request URI:	https://practice.expandtesting.com/notes/api/users/login
Request URI:	https://practice.expandtesting.com/notes/api/users/login
Request URI:	https://practice.expandtesting.com/notes/api/users/login
Request URI:	https://practice.expandtesting.com/notes/api/users/login
Request URI:	https://practice.expandtesting.com/notes/api/users/login
Request URI:	https://practice.expandtesting.com/notes/api/users/login
Request URI:	https://practice.expandtesting.com/notes/api/users/login
Request URI:	https://practice.expandtesting.com/notes/api/users/login
Request URI:	https://practice.expandtesting.com/notes/api/users/login
Request URI:	https://practice.expandtesting.com/notes/api/users/login
Request URI:	https://practice.expandtesting.com/notes/api/users/login
Request URI:	https://practice.expandtesting.com/notes/api/users/login
Request URI:	https://practice.expandtesting.com/notes/api/users/login
Request URI:	https://practice.expandtesting.com/notes/api/users/login
Request URI:	https://practice.expandtesting.com/notes/api/users/login
Request URI:	https://practice.expandtesting.com/notes/api/users/login
Request URI:	https://practice.expandtesting.com/notes/api/users/login
Request URI:	https://practice.expandtesting.com/notes/api/users/login
Request URI:	https://practice.expandtesting.com/notes/api/users/login
Request URI:	https://practice.expandtesting.com/notes/api/users/login
Request URI:	https://practice.expandtesting.com/notes/api/users/login
Request URI:	https://practice.expandtesting.com/notes/api/users/login
Request URI:	https://practice.expandtesting.com/notes/api/users/login
Request URI:	https://practice.expandtesting.com/notes/api/users/login
Request URI:	https://practice.expandtesting.com/notes/api/users/login
Request URI:	https://practice.expandtesting.com/notes/api/users/login
Request URI:	https://practice.expandtesting.com/notes/api/users/login
Request URI:	https://practice.expandtesting.com/notes/api/users/login
Request URI:	https://practice.expandtesting.com/notes/api/users/login
Request URI:	https://practice.expandtesting.com/notes/api/users/login
Request URI:	https://practice.expandtesting.com/notes/api/users/login
Request URI:	https://practice.expandtesting.com/notes/api/users/login
Request URI:	https://practice.expandtesting.com/notes/api/users/login
Request URI:	https://practice.expandtesting.com/notes/api/users/login
HTTP/1.1 200 OK
access-control-allow-origin: *
access-control-allow-credentials: true
access-control-allow-methods: GET, POST, PUT, DELETE, PATCH
access-control-allow-headers: Origin, X-Requested-With, Authorization, Content-Type, Accept, X-Auth-Token
content-type: application/json; charset=utf-8
content-encoding: gzip
etag: W/"e7-PLrz1y4vuV/zKnTQ6ChKGhg56dk"
set-cookie: express:sess=eyJmbGFzaCI6e319; path=/; httponly
set-cookie: express:sess.sig=tdt42nQZiQvICqmrvHQ1_16fHk0; path=/; httponly
date: Sat, 19 Jul 2025 13:25:25 GMT
connection: keep-alive
keep-alive: timeout=5
transfer-encoding: chunked

{
    "success": true,
    "status": 200,
    "message": "Login successful",
    "data": {
        "id": "687b9cc49d1b4b028865d8ec",
        "name": "evan.bogan",
        "email": "winfred.maggio@hotmail.com",
        "token": "2167582669da4a0687295547ea47266070d0ee4ee37c4ce9835e9920a539352a"
    }
}
Request URI:	https://practice.expandtesting.com/notes/api/users/login
Request URI:	https://practice.expandtesting.com/notes/api/users/login
Request URI:	https://practice.expandtesting.com/notes/api/users/login
Request URI:	https://practice.expandtesting.com/notes/api/users/login
Request URI:	https://practice.expandtesting.com/notes/api/users/login
Request URI:	https://practice.expandtesting.com/notes/api/users/login
Request URI:	https://practice.expandtesting.com/notes/api/users/login
Request URI:	https://practice.expandtesting.com/notes/api/users/login
Request URI:	https://practice.expandtesting.com/notes/api/users/login
Request URI:	https://practice.expandtesting.com/notes/api/users/login
Request URI:	https://practice.expandtesting.com/notes/api/users/login
Request URI:	https://practice.expandtesting.com/notes/api/users/login
Request URI:	https://practice.expandtesting.com/notes/api/users/login
Request URI:	https://practice.expandtesting.com/notes/api/users/login
Request URI:	https://practice.expandtesting.com/notes/api/users/login
Request URI:	https://practice.expandtesting.com/notes/api/users/login
Request URI:	https://practice.expandtesting.com/notes/api/users/login
Request URI:	https://practice.expandtesting.com/notes/api/users/login
Request URI:	https://practice.expandtesting.com/notes/api/users/login
Request URI:	https://practice.expandtesting.com/notes/api/users/login
Request URI:	https://practice.expandtesting.com/notes/api/users/login
Request URI:	https://practice.expandtesting.com/notes/api/users/login
Request URI:	https://practice.expandtesting.com/notes/api/users/login
Request URI:	https://practice.expandtesting.com/notes/api/users/login
Request URI:	https://practice.expandtesting.com/notes/api/users/login
Request URI:	https://practice.expandtesting.com/notes/api/users/login
Request URI:	https://practice.expandtesting.com/notes/api/users/login
Request URI:	https://practice.expandtesting.com/notes/api/users/login
Request URI:	https://practice.expandtesting.com/notes/api/users/login
Request URI:	https://practice.expandtesting.com/notes/api/users/login
Request URI:	https://practice.expandtesting.com/notes/api/users/login
Request URI:	https://practice.expandtesting.com/notes/api/users/login
Request URI:	https://practice.expandtesting.com/notes/api/users/login
Request URI:	https://practice.expandtesting.com/notes/api/users/login
Request URI:	https://practice.expandtesting.com/notes/api/users/login
Request URI:	https://practice.expandtesting.com/notes/api/users/login
Request URI:	https://practice.expandtesting.com/notes/api/users/login
Request URI:	https://practice.expandtesting.com/notes/api/users/login
Request URI:	https://practice.expandtesting.com/notes/api/users/login
Request URI:	https://practice.expandtesting.com/notes/api/users/login
Request URI:	https://practice.expandtesting.com/notes/api/users/login
Request URI:	https://practice.expandtesting.com/notes/api/users/login
Request URI:	https://practice.expandtesting.com/notes/api/users/login
Request URI:	https://practice.expandtesting.com/notes/api/users/login
Request URI:	https://practice.expandtesting.com/notes/api/users/login
Request URI:	https://practice.expandtesting.com/notes/api/users/login
Request URI:	https://practice.expandtesting.com/notes/api/users/login
Request URI:	https://practice.expandtesting.com/notes/api/users/login
Request URI:	https://practice.expandtesting.com/notes/api/users/login
Request URI:	https://practice.expandtesting.com/notes/api/users/login
Request URI:	https://practice.expandtesting.com/notes/api/users/login
Request URI:	https://practice.expandtesting.com/notes/api/users/login
Request URI:	https://practice.expandtesting.com/notes/api/users/login
Request URI:	https://practice.expandtesting.com/notes/api/users/login
Request URI:	https://practice.expandtesting.com/notes/api/users/login
Request URI:	https://practice.expandtesting.com/notes/api/users/login
Request URI:	https://practice.expandtesting.com/notes/api/users/login
Request URI:	https://practice.expandtesting.com/notes/api/users/login
Request URI:	https://practice.expandtesting.com/notes/api/users/login
Request URI:	https://practice.expandtesting.com/notes/api/users/login
Request method:	POST
Request URI:	https://practice.expandtesting.com/notes/api/users/login
Proxy:			<none>
Request params:	<none>
Query params:	<none>
Form params:	<none>
Path params:	<none>
Headers:		X-Auth-Token=2167582669da4a0687295547ea47266070d0ee4ee37c4ce9835e9920a539352a
				Accept=*/*
				Content-Type=application/json
Cookies:		<none>
Multiparts:		<none>
Body:
{
    "email": "winfred.maggio@hotmail.com",
    "password": "1",
    "name": "evan.bogan"
}
HTTP/1.1 400 Bad Request
access-control-allow-origin: *
access-control-allow-credentials: true
access-control-allow-methods: GET, POST, PUT, DELETE, PATCH
access-control-allow-headers: Origin, X-Requested-With, Authorization, Content-Type, Accept, X-Auth-Token
content-type: application/json; charset=utf-8
content-encoding: gzip
etag: W/"57-ga9Obemf7qKhR/hJ6piFBY3CIZ0"
set-cookie: express:sess=eyJmbGFzaCI6e319; path=/; httponly
set-cookie: express:sess.sig=tdt42nQZiQvICqmrvHQ1_16fHk0; path=/; httponly
date: Sat, 19 Jul 2025 13:25:25 GMT
connection: keep-alive
keep-alive: timeout=5
transfer-encoding: chunked

{
    "success": false,
    "status": 400,
    "message": "Password must be between 6 and 30 characters"
}
Request URI:	https://practice.expandtesting.com/notes/api/users/register
Request URI:	https://practice.expandtesting.com/notes/api/users/register
Request URI:	https://practice.expandtesting.com/notes/api/users/register
Request URI:	https://practice.expandtesting.com/notes/api/users/register
Request URI:	https://practice.expandtesting.com/notes/api/users/register
Request URI:	https://practice.expandtesting.com/notes/api/users/register
Request URI:	https://practice.expandtesting.com/notes/api/users/register
Request URI:	https://practice.expandtesting.com/notes/api/users/register
Request URI:	https://practice.expandtesting.com/notes/api/users/register
Request URI:	https://practice.expandtesting.com/notes/api/users/register
Request URI:	https://practice.expandtesting.com/notes/api/users/register
Request URI:	https://practice.expandtesting.com/notes/api/users/register
Request URI:	https://practice.expandtesting.com/notes/api/users/register
Request URI:	https://practice.expandtesting.com/notes/api/users/register
Request URI:	https://practice.expandtesting.com/notes/api/users/register
Request URI:	https://practice.expandtesting.com/notes/api/users/register
Request URI:	https://practice.expandtesting.com/notes/api/users/register
Request URI:	https://practice.expandtesting.com/notes/api/users/register
Request URI:	https://practice.expandtesting.com/notes/api/users/register
Request URI:	https://practice.expandtesting.com/notes/api/users/register
Request URI:	https://practice.expandtesting.com/notes/api/users/register
Request URI:	https://practice.expandtesting.com/notes/api/users/register
Request URI:	https://practice.expandtesting.com/notes/api/users/register
Request URI:	https://practice.expandtesting.com/notes/api/users/register
Request URI:	https://practice.expandtesting.com/notes/api/users/register
Request URI:	https://practice.expandtesting.com/notes/api/users/register
Request URI:	https://practice.expandtesting.com/notes/api/users/register
Request URI:	https://practice.expandtesting.com/notes/api/users/register
Request URI:	https://practice.expandtesting.com/notes/api/users/register
Request URI:	https://practice.expandtesting.com/notes/api/users/register
Request URI:	https://practice.expandtesting.com/notes/api/users/register
Request URI:	https://practice.expandtesting.com/notes/api/users/register
Request URI:	https://practice.expandtesting.com/notes/api/users/register
Request URI:	https://practice.expandtesting.com/notes/api/users/register
Request URI:	https://practice.expandtesting.com/notes/api/users/register
Request URI:	https://practice.expandtesting.com/notes/api/users/register
Request URI:	https://practice.expandtesting.com/notes/api/users/register
Request URI:	https://practice.expandtesting.com/notes/api/users/register
Request URI:	https://practice.expandtesting.com/notes/api/users/register
Request URI:	https://practice.expandtesting.com/notes/api/users/register
Request URI:	https://practice.expandtesting.com/notes/api/users/register
Request URI:	https://practice.expandtesting.com/notes/api/users/register
Request URI:	https://practice.expandtesting.com/notes/api/users/register
Request URI:	https://practice.expandtesting.com/notes/api/users/register
Request URI:	https://practice.expandtesting.com/notes/api/users/register
Request URI:	https://practice.expandtesting.com/notes/api/users/register
Request URI:	https://practice.expandtesting.com/notes/api/users/register
Request URI:	https://practice.expandtesting.com/notes/api/users/register
Request URI:	https://practice.expandtesting.com/notes/api/users/register
Request URI:	https://practice.expandtesting.com/notes/api/users/register
Request URI:	https://practice.expandtesting.com/notes/api/users/register
Request URI:	https://practice.expandtesting.com/notes/api/users/register
Request URI:	https://practice.expandtesting.com/notes/api/users/register
Request URI:	https://practice.expandtesting.com/notes/api/users/register
Request URI:	https://practice.expandtesting.com/notes/api/users/register
Request URI:	https://practice.expandtesting.com/notes/api/users/register
Request URI:	https://practice.expandtesting.com/notes/api/users/register
Request URI:	https://practice.expandtesting.com/notes/api/users/register
Request URI:	https://practice.expandtesting.com/notes/api/users/register
Request URI:	https://practice.expandtesting.com/notes/api/users/register
Request URI:	https://practice.expandtesting.com/notes/api/users/register
HTTP/1.1 201 Created
access-control-allow-origin: *
access-control-allow-credentials: true
access-control-allow-methods: GET, POST, PUT, DELETE, PATCH
access-control-allow-headers: Origin, X-Requested-With, Authorization, Content-Type, Accept, X-Auth-Token
content-type: application/json; charset=utf-8
content-encoding: gzip
etag: W/"ab-3EwxzekSt7vtsxgOBraHOcfLG0o"
set-cookie: express:sess=eyJmbGFzaCI6e319; path=/; httponly
set-cookie: express:sess.sig=tdt42nQZiQvICqmrvHQ1_16fHk0; path=/; httponly
date: Sat, 19 Jul 2025 13:25:26 GMT
connection: keep-alive
keep-alive: timeout=5
transfer-encoding: chunked

{
    "success": true,
    "status": 201,
    "message": "User account created successfully",
    "data": {
        "id": "687b9cc69d1b4b028865d8f3",
        "name": "rex.auer",
        "email": "milton.bashirian@gmail.com"
    }
}
Request URI:	https://practice.expandtesting.com/notes/api/users/login
Request URI:	https://practice.expandtesting.com/notes/api/users/login
Request URI:	https://practice.expandtesting.com/notes/api/users/login
Request URI:	https://practice.expandtesting.com/notes/api/users/login
Request URI:	https://practice.expandtesting.com/notes/api/users/login
Request URI:	https://practice.expandtesting.com/notes/api/users/login
Request URI:	https://practice.expandtesting.com/notes/api/users/login
Request URI:	https://practice.expandtesting.com/notes/api/users/login
Request URI:	https://practice.expandtesting.com/notes/api/users/login
Request URI:	https://practice.expandtesting.com/notes/api/users/login
Request URI:	https://practice.expandtesting.com/notes/api/users/login
Request URI:	https://practice.expandtesting.com/notes/api/users/login
Request URI:	https://practice.expandtesting.com/notes/api/users/login
Request URI:	https://practice.expandtesting.com/notes/api/users/login
Request URI:	https://practice.expandtesting.com/notes/api/users/login
Request URI:	https://practice.expandtesting.com/notes/api/users/login
Request URI:	https://practice.expandtesting.com/notes/api/users/login
Request URI:	https://practice.expandtesting.com/notes/api/users/login
Request URI:	https://practice.expandtesting.com/notes/api/users/login
Request URI:	https://practice.expandtesting.com/notes/api/users/login
Request URI:	https://practice.expandtesting.com/notes/api/users/login
Request URI:	https://practice.expandtesting.com/notes/api/users/login
Request URI:	https://practice.expandtesting.com/notes/api/users/login
Request URI:	https://practice.expandtesting.com/notes/api/users/login
Request URI:	https://practice.expandtesting.com/notes/api/users/login
Request URI:	https://practice.expandtesting.com/notes/api/users/login
Request URI:	https://practice.expandtesting.com/notes/api/users/login
Request URI:	https://practice.expandtesting.com/notes/api/users/login
Request URI:	https://practice.expandtesting.com/notes/api/users/login
Request URI:	https://practice.expandtesting.com/notes/api/users/login
Request URI:	https://practice.expandtesting.com/notes/api/users/login
Request URI:	https://practice.expandtesting.com/notes/api/users/login
Request URI:	https://practice.expandtesting.com/notes/api/users/login
Request URI:	https://practice.expandtesting.com/notes/api/users/login
Request URI:	https://practice.expandtesting.com/notes/api/users/login
Request URI:	https://practice.expandtesting.com/notes/api/users/login
Request URI:	https://practice.expandtesting.com/notes/api/users/login
Request URI:	https://practice.expandtesting.com/notes/api/users/login
Request URI:	https://practice.expandtesting.com/notes/api/users/login
Request URI:	https://practice.expandtesting.com/notes/api/users/login
Request URI:	https://practice.expandtesting.com/notes/api/users/login
Request URI:	https://practice.expandtesting.com/notes/api/users/login
Request URI:	https://practice.expandtesting.com/notes/api/users/login
Request URI:	https://practice.expandtesting.com/notes/api/users/login
Request URI:	https://practice.expandtesting.com/notes/api/users/login
Request URI:	https://practice.expandtesting.com/notes/api/users/login
Request URI:	https://practice.expandtesting.com/notes/api/users/login
Request URI:	https://practice.expandtesting.com/notes/api/users/login
Request URI:	https://practice.expandtesting.com/notes/api/users/login
Request URI:	https://practice.expandtesting.com/notes/api/users/login
Request URI:	https://practice.expandtesting.com/notes/api/users/login
Request URI:	https://practice.expandtesting.com/notes/api/users/login
Request URI:	https://practice.expandtesting.com/notes/api/users/login
Request URI:	https://practice.expandtesting.com/notes/api/users/login
Request URI:	https://practice.expandtesting.com/notes/api/users/login
Request URI:	https://practice.expandtesting.com/notes/api/users/login
Request URI:	https://practice.expandtesting.com/notes/api/users/login
Request URI:	https://practice.expandtesting.com/notes/api/users/login
Request URI:	https://practice.expandtesting.com/notes/api/users/login
Request URI:	https://practice.expandtesting.com/notes/api/users/login
Request URI:	https://practice.expandtesting.com/notes/api/users/login
HTTP/1.1 200 OK
access-control-allow-origin: *
access-control-allow-credentials: true
access-control-allow-methods: GET, POST, PUT, DELETE, PATCH
access-control-allow-headers: Origin, X-Requested-With, Authorization, Content-Type, Accept, X-Auth-Token
content-type: application/json; charset=utf-8
content-encoding: gzip
etag: W/"e5-sHmGZLvf3dCQEI2x35eLKxQhNW0"
set-cookie: express:sess=eyJmbGFzaCI6e319; path=/; httponly
set-cookie: express:sess.sig=tdt42nQZiQvICqmrvHQ1_16fHk0; path=/; httponly
date: Sat, 19 Jul 2025 13:25:27 GMT
connection: keep-alive
keep-alive: timeout=5
transfer-encoding: chunked

{
    "success": true,
    "status": 200,
    "message": "Login successful",
    "data": {
        "id": "687b9cc69d1b4b028865d8f3",
        "name": "rex.auer",
        "email": "milton.bashirian@gmail.com",
        "token": "68ff615b968e4658ad2d6e74c31f4c7a25ce42aa2e04482dac78a73c51a16321"
    }
}
Request URI:	https://practice.expandtesting.com/notes/api/users/login
Request URI:	https://practice.expandtesting.com/notes/api/users/login
Request URI:	https://practice.expandtesting.com/notes/api/users/login
Request URI:	https://practice.expandtesting.com/notes/api/users/login
Request URI:	https://practice.expandtesting.com/notes/api/users/login
Request URI:	https://practice.expandtesting.com/notes/api/users/login
Request URI:	https://practice.expandtesting.com/notes/api/users/login
Request URI:	https://practice.expandtesting.com/notes/api/users/login
Request URI:	https://practice.expandtesting.com/notes/api/users/login
Request URI:	https://practice.expandtesting.com/notes/api/users/login
Request URI:	https://practice.expandtesting.com/notes/api/users/login
Request URI:	https://practice.expandtesting.com/notes/api/users/login
Request URI:	https://practice.expandtesting.com/notes/api/users/login
Request URI:	https://practice.expandtesting.com/notes/api/users/login
Request URI:	https://practice.expandtesting.com/notes/api/users/login
Request URI:	https://practice.expandtesting.com/notes/api/users/login
Request URI:	https://practice.expandtesting.com/notes/api/users/login
Request URI:	https://practice.expandtesting.com/notes/api/users/login
Request URI:	https://practice.expandtesting.com/notes/api/users/login
Request URI:	https://practice.expandtesting.com/notes/api/users/login
Request URI:	https://practice.expandtesting.com/notes/api/users/login
Request URI:	https://practice.expandtesting.com/notes/api/users/login
Request URI:	https://practice.expandtesting.com/notes/api/users/login
Request URI:	https://practice.expandtesting.com/notes/api/users/login
Request URI:	https://practice.expandtesting.com/notes/api/users/login
Request URI:	https://practice.expandtesting.com/notes/api/users/login
Request URI:	https://practice.expandtesting.com/notes/api/users/login
Request URI:	https://practice.expandtesting.com/notes/api/users/login
Request URI:	https://practice.expandtesting.com/notes/api/users/login
Request URI:	https://practice.expandtesting.com/notes/api/users/login
Request URI:	https://practice.expandtesting.com/notes/api/users/login
Request URI:	https://practice.expandtesting.com/notes/api/users/login
Request URI:	https://practice.expandtesting.com/notes/api/users/login
Request URI:	https://practice.expandtesting.com/notes/api/users/login
Request URI:	https://practice.expandtesting.com/notes/api/users/login
Request URI:	https://practice.expandtesting.com/notes/api/users/login
Request URI:	https://practice.expandtesting.com/notes/api/users/login
Request URI:	https://practice.expandtesting.com/notes/api/users/login
Request URI:	https://practice.expandtesting.com/notes/api/users/login
Request URI:	https://practice.expandtesting.com/notes/api/users/login
Request URI:	https://practice.expandtesting.com/notes/api/users/login
Request URI:	https://practice.expandtesting.com/notes/api/users/login
Request URI:	https://practice.expandtesting.com/notes/api/users/login
Request URI:	https://practice.expandtesting.com/notes/api/users/login
Request URI:	https://practice.expandtesting.com/notes/api/users/login
Request URI:	https://practice.expandtesting.com/notes/api/users/login
Request URI:	https://practice.expandtesting.com/notes/api/users/login
Request URI:	https://practice.expandtesting.com/notes/api/users/login
Request URI:	https://practice.expandtesting.com/notes/api/users/login
Request URI:	https://practice.expandtesting.com/notes/api/users/login
Request URI:	https://practice.expandtesting.com/notes/api/users/login
Request URI:	https://practice.expandtesting.com/notes/api/users/login
Request URI:	https://practice.expandtesting.com/notes/api/users/login
Request URI:	https://practice.expandtesting.com/notes/api/users/login
Request URI:	https://practice.expandtesting.com/notes/api/users/login
Request URI:	https://practice.expandtesting.com/notes/api/users/login
Request URI:	https://practice.expandtesting.com/notes/api/users/login
Request URI:	https://practice.expandtesting.com/notes/api/users/login
Request URI:	https://practice.expandtesting.com/notes/api/users/login
Request URI:	https://practice.expandtesting.com/notes/api/users/login
Request URI:	https://practice.expandtesting.com/notes/api/users/login
Request method:	POST
Request URI:	https://practice.expandtesting.com/notes/api/users/login
Proxy:			<none>
Request params:	<none>
Query params:	<none>
Form params:	<none>
Path params:	<none>
Headers:		X-Auth-Token=68ff615b968e4658ad2d6e74c31f4c7a25ce42aa2e04482dac78a73c51a16321
				Accept=*/*
				Content-Type=application/json
Cookies:		<none>
Multiparts:		<none>
Body:
{
    "email": "",
    "password": "",
    "name": ""
}
HTTP/1.1 400 Bad Request
access-control-allow-origin: *
access-control-allow-credentials: true
access-control-allow-methods: GET, POST, PUT, DELETE, PATCH
access-control-allow-headers: Origin, X-Requested-With, Authorization, Content-Type, Accept, X-Auth-Token
content-type: application/json; charset=utf-8
content-encoding: gzip
etag: W/"4c-2CHdrZOfnaVxbkWhhDN4H2L/4l8"
set-cookie: express:sess=eyJmbGFzaCI6e319; path=/; httponly
set-cookie: express:sess.sig=tdt42nQZiQvICqmrvHQ1_16fHk0; path=/; httponly
date: Sat, 19 Jul 2025 13:25:27 GMT
connection: keep-alive
keep-alive: timeout=5
transfer-encoding: chunked

{
    "success": false,
    "status": 400,
    "message": "A valid email address is required"
}
Request URI:	https://practice.expandtesting.com/notes/api/users/register
Request URI:	https://practice.expandtesting.com/notes/api/users/register
Request URI:	https://practice.expandtesting.com/notes/api/users/register
Request URI:	https://practice.expandtesting.com/notes/api/users/register
Request URI:	https://practice.expandtesting.com/notes/api/users/register
Request URI:	https://practice.expandtesting.com/notes/api/users/register
Request URI:	https://practice.expandtesting.com/notes/api/users/register
Request URI:	https://practice.expandtesting.com/notes/api/users/register
Request URI:	https://practice.expandtesting.com/notes/api/users/register
Request URI:	https://practice.expandtesting.com/notes/api/users/register
Request URI:	https://practice.expandtesting.com/notes/api/users/register
Request URI:	https://practice.expandtesting.com/notes/api/users/register
Request URI:	https://practice.expandtesting.com/notes/api/users/register
Request URI:	https://practice.expandtesting.com/notes/api/users/register
Request URI:	https://practice.expandtesting.com/notes/api/users/register
Request URI:	https://practice.expandtesting.com/notes/api/users/register
Request URI:	https://practice.expandtesting.com/notes/api/users/register
Request URI:	https://practice.expandtesting.com/notes/api/users/register
Request URI:	https://practice.expandtesting.com/notes/api/users/register
Request URI:	https://practice.expandtesting.com/notes/api/users/register
Request URI:	https://practice.expandtesting.com/notes/api/users/register
Request URI:	https://practice.expandtesting.com/notes/api/users/register
Request URI:	https://practice.expandtesting.com/notes/api/users/register
Request URI:	https://practice.expandtesting.com/notes/api/users/register
Request URI:	https://practice.expandtesting.com/notes/api/users/register
Request URI:	https://practice.expandtesting.com/notes/api/users/register
Request URI:	https://practice.expandtesting.com/notes/api/users/register
Request URI:	https://practice.expandtesting.com/notes/api/users/register
Request URI:	https://practice.expandtesting.com/notes/api/users/register
Request URI:	https://practice.expandtesting.com/notes/api/users/register
Request URI:	https://practice.expandtesting.com/notes/api/users/register
Request URI:	https://practice.expandtesting.com/notes/api/users/register
Request URI:	https://practice.expandtesting.com/notes/api/users/register
Request URI:	https://practice.expandtesting.com/notes/api/users/register
Request URI:	https://practice.expandtesting.com/notes/api/users/register
Request URI:	https://practice.expandtesting.com/notes/api/users/register
Request URI:	https://practice.expandtesting.com/notes/api/users/register
Request URI:	https://practice.expandtesting.com/notes/api/users/register
Request URI:	https://practice.expandtesting.com/notes/api/users/register
Request URI:	https://practice.expandtesting.com/notes/api/users/register
Request URI:	https://practice.expandtesting.com/notes/api/users/register
Request URI:	https://practice.expandtesting.com/notes/api/users/register
Request URI:	https://practice.expandtesting.com/notes/api/users/register
Request URI:	https://practice.expandtesting.com/notes/api/users/register
Request URI:	https://practice.expandtesting.com/notes/api/users/register
Request URI:	https://practice.expandtesting.com/notes/api/users/register
Request URI:	https://practice.expandtesting.com/notes/api/users/register
Request URI:	https://practice.expandtesting.com/notes/api/users/register
Request URI:	https://practice.expandtesting.com/notes/api/users/register
Request URI:	https://practice.expandtesting.com/notes/api/users/register
Request URI:	https://practice.expandtesting.com/notes/api/users/register
Request URI:	https://practice.expandtesting.com/notes/api/users/register
Request URI:	https://practice.expandtesting.com/notes/api/users/register
Request URI:	https://practice.expandtesting.com/notes/api/users/register
Request URI:	https://practice.expandtesting.com/notes/api/users/register
Request URI:	https://practice.expandtesting.com/notes/api/users/register
Request URI:	https://practice.expandtesting.com/notes/api/users/register
Request URI:	https://practice.expandtesting.com/notes/api/users/register
Request URI:	https://practice.expandtesting.com/notes/api/users/register
Request URI:	https://practice.expandtesting.com/notes/api/users/register
Request URI:	https://practice.expandtesting.com/notes/api/users/register
Request URI:	https://practice.expandtesting.com/notes/api/users/register
HTTP/1.1 201 Created
access-control-allow-origin: *
access-control-allow-credentials: true
access-control-allow-methods: GET, POST, PUT, DELETE, PATCH
access-control-allow-headers: Origin, X-Requested-With, Authorization, Content-Type, Accept, X-Auth-Token
content-type: application/json; charset=utf-8
content-encoding: gzip
etag: W/"ab-z2dmwp0hU7OrvsO+gFE858nlVnQ"
set-cookie: express:sess=eyJmbGFzaCI6e319; path=/; httponly
set-cookie: express:sess.sig=tdt42nQZiQvICqmrvHQ1_16fHk0; path=/; httponly
date: Sat, 19 Jul 2025 13:25:27 GMT
connection: keep-alive
keep-alive: timeout=5
transfer-encoding: chunked

{
    "success": true,
    "status": 201,
    "message": "User account created successfully",
    "data": {
        "id": "687b9cc79d1b4b028865d8fa",
        "name": "maria.bogan",
        "email": "aretha.herman@yahoo.com"
    }
}
Request URI:	https://practice.expandtesting.com/notes/api/users/login
Request URI:	https://practice.expandtesting.com/notes/api/users/login
Request URI:	https://practice.expandtesting.com/notes/api/users/login
Request URI:	https://practice.expandtesting.com/notes/api/users/login
Request URI:	https://practice.expandtesting.com/notes/api/users/login
Request URI:	https://practice.expandtesting.com/notes/api/users/login
Request URI:	https://practice.expandtesting.com/notes/api/users/login
Request URI:	https://practice.expandtesting.com/notes/api/users/login
Request URI:	https://practice.expandtesting.com/notes/api/users/login
Request URI:	https://practice.expandtesting.com/notes/api/users/login
Request URI:	https://practice.expandtesting.com/notes/api/users/login
Request URI:	https://practice.expandtesting.com/notes/api/users/login
Request URI:	https://practice.expandtesting.com/notes/api/users/login
Request URI:	https://practice.expandtesting.com/notes/api/users/login
Request URI:	https://practice.expandtesting.com/notes/api/users/login
Request URI:	https://practice.expandtesting.com/notes/api/users/login
Request URI:	https://practice.expandtesting.com/notes/api/users/login
Request URI:	https://practice.expandtesting.com/notes/api/users/login
Request URI:	https://practice.expandtesting.com/notes/api/users/login
Request URI:	https://practice.expandtesting.com/notes/api/users/login
Request URI:	https://practice.expandtesting.com/notes/api/users/login
Request URI:	https://practice.expandtesting.com/notes/api/users/login
Request URI:	https://practice.expandtesting.com/notes/api/users/login
Request URI:	https://practice.expandtesting.com/notes/api/users/login
Request URI:	https://practice.expandtesting.com/notes/api/users/login
Request URI:	https://practice.expandtesting.com/notes/api/users/login
Request URI:	https://practice.expandtesting.com/notes/api/users/login
Request URI:	https://practice.expandtesting.com/notes/api/users/login
Request URI:	https://practice.expandtesting.com/notes/api/users/login
Request URI:	https://practice.expandtesting.com/notes/api/users/login
Request URI:	https://practice.expandtesting.com/notes/api/users/login
Request URI:	https://practice.expandtesting.com/notes/api/users/login
Request URI:	https://practice.expandtesting.com/notes/api/users/login
Request URI:	https://practice.expandtesting.com/notes/api/users/login
Request URI:	https://practice.expandtesting.com/notes/api/users/login
Request URI:	https://practice.expandtesting.com/notes/api/users/login
Request URI:	https://practice.expandtesting.com/notes/api/users/login
Request URI:	https://practice.expandtesting.com/notes/api/users/login
Request URI:	https://practice.expandtesting.com/notes/api/users/login
Request URI:	https://practice.expandtesting.com/notes/api/users/login
Request URI:	https://practice.expandtesting.com/notes/api/users/login
Request URI:	https://practice.expandtesting.com/notes/api/users/login
Request URI:	https://practice.expandtesting.com/notes/api/users/login
Request URI:	https://practice.expandtesting.com/notes/api/users/login
Request URI:	https://practice.expandtesting.com/notes/api/users/login
Request URI:	https://practice.expandtesting.com/notes/api/users/login
Request URI:	https://practice.expandtesting.com/notes/api/users/login
Request URI:	https://practice.expandtesting.com/notes/api/users/login
Request URI:	https://practice.expandtesting.com/notes/api/users/login
Request URI:	https://practice.expandtesting.com/notes/api/users/login
Request URI:	https://practice.expandtesting.com/notes/api/users/login
Request URI:	https://practice.expandtesting.com/notes/api/users/login
Request URI:	https://practice.expandtesting.com/notes/api/users/login
Request URI:	https://practice.expandtesting.com/notes/api/users/login
Request URI:	https://practice.expandtesting.com/notes/api/users/login
Request URI:	https://practice.expandtesting.com/notes/api/users/login
Request URI:	https://practice.expandtesting.com/notes/api/users/login
Request URI:	https://practice.expandtesting.com/notes/api/users/login
Request URI:	https://practice.expandtesting.com/notes/api/users/login
Request URI:	https://practice.expandtesting.com/notes/api/users/login
Request URI:	https://practice.expandtesting.com/notes/api/users/login
Request URI:	https://practice.expandtesting.com/notes/api/users/login
HTTP/1.1 200 OK
access-control-allow-origin: *
access-control-allow-credentials: true
access-control-allow-methods: GET, POST, PUT, DELETE, PATCH
access-control-allow-headers: Origin, X-Requested-With, Authorization, Content-Type, Accept, X-Auth-Token
content-type: application/json; charset=utf-8
content-encoding: gzip
etag: W/"e5-sYuE4JZ55CKGP/7h0emf/lkkoGg"
set-cookie: express:sess=eyJmbGFzaCI6e319; path=/; httponly
set-cookie: express:sess.sig=tdt42nQZiQvICqmrvHQ1_16fHk0; path=/; httponly
date: Sat, 19 Jul 2025 13:25:28 GMT
connection: keep-alive
keep-alive: timeout=5
transfer-encoding: chunked

{
    "success": true,
    "status": 200,
    "message": "Login successful",
    "data": {
        "id": "687b9cc79d1b4b028865d8fa",
        "name": "maria.bogan",
        "email": "aretha.herman@yahoo.com",
        "token": "6dc902b47876450c910ef9d2f501187c3c06b52be9bd4d459b936eb1c7008e76"
    }
}
Request URI:	https://practice.expandtesting.com/notes/api/users/login
Request URI:	https://practice.expandtesting.com/notes/api/users/login
Request URI:	https://practice.expandtesting.com/notes/api/users/login
Request URI:	https://practice.expandtesting.com/notes/api/users/login
Request URI:	https://practice.expandtesting.com/notes/api/users/login
Request URI:	https://practice.expandtesting.com/notes/api/users/login
Request URI:	https://practice.expandtesting.com/notes/api/users/login
Request URI:	https://practice.expandtesting.com/notes/api/users/login
Request URI:	https://practice.expandtesting.com/notes/api/users/login
Request URI:	https://practice.expandtesting.com/notes/api/users/login
Request URI:	https://practice.expandtesting.com/notes/api/users/login
Request URI:	https://practice.expandtesting.com/notes/api/users/login
Request URI:	https://practice.expandtesting.com/notes/api/users/login
Request URI:	https://practice.expandtesting.com/notes/api/users/login
Request URI:	https://practice.expandtesting.com/notes/api/users/login
Request URI:	https://practice.expandtesting.com/notes/api/users/login
Request URI:	https://practice.expandtesting.com/notes/api/users/login
Request URI:	https://practice.expandtesting.com/notes/api/users/login
Request URI:	https://practice.expandtesting.com/notes/api/users/login
Request URI:	https://practice.expandtesting.com/notes/api/users/login
Request URI:	https://practice.expandtesting.com/notes/api/users/login
Request URI:	https://practice.expandtesting.com/notes/api/users/login
Request URI:	https://practice.expandtesting.com/notes/api/users/login
Request URI:	https://practice.expandtesting.com/notes/api/users/login
Request URI:	https://practice.expandtesting.com/notes/api/users/login
Request URI:	https://practice.expandtesting.com/notes/api/users/login
Request URI:	https://practice.expandtesting.com/notes/api/users/login
Request URI:	https://practice.expandtesting.com/notes/api/users/login
Request URI:	https://practice.expandtesting.com/notes/api/users/login
Request URI:	https://practice.expandtesting.com/notes/api/users/login
Request URI:	https://practice.expandtesting.com/notes/api/users/login
Request URI:	https://practice.expandtesting.com/notes/api/users/login
Request URI:	https://practice.expandtesting.com/notes/api/users/login
Request URI:	https://practice.expandtesting.com/notes/api/users/login
Request URI:	https://practice.expandtesting.com/notes/api/users/login
Request URI:	https://practice.expandtesting.com/notes/api/users/login
Request URI:	https://practice.expandtesting.com/notes/api/users/login
Request URI:	https://practice.expandtesting.com/notes/api/users/login
Request URI:	https://practice.expandtesting.com/notes/api/users/login
Request URI:	https://practice.expandtesting.com/notes/api/users/login
Request URI:	https://practice.expandtesting.com/notes/api/users/login
Request URI:	https://practice.expandtesting.com/notes/api/users/login
Request URI:	https://practice.expandtesting.com/notes/api/users/login
Request URI:	https://practice.expandtesting.com/notes/api/users/login
Request URI:	https://practice.expandtesting.com/notes/api/users/login
Request URI:	https://practice.expandtesting.com/notes/api/users/login
Request URI:	https://practice.expandtesting.com/notes/api/users/login
Request URI:	https://practice.expandtesting.com/notes/api/users/login
Request URI:	https://practice.expandtesting.com/notes/api/users/login
Request URI:	https://practice.expandtesting.com/notes/api/users/login
Request URI:	https://practice.expandtesting.com/notes/api/users/login
Request URI:	https://practice.expandtesting.com/notes/api/users/login
Request URI:	https://practice.expandtesting.com/notes/api/users/login
Request URI:	https://practice.expandtesting.com/notes/api/users/login
Request URI:	https://practice.expandtesting.com/notes/api/users/login
Request URI:	https://practice.expandtesting.com/notes/api/users/login
Request URI:	https://practice.expandtesting.com/notes/api/users/login
Request URI:	https://practice.expandtesting.com/notes/api/users/login
Request URI:	https://practice.expandtesting.com/notes/api/users/login
Request URI:	https://practice.expandtesting.com/notes/api/users/login
Request URI:	https://practice.expandtesting.com/notes/api/users/login
Request URI:	https://practice.expandtesting.com/notes/api/users/login
Request method:	POST
Request URI:	https://practice.expandtesting.com/notes/api/users/login
Proxy:			<none>
Request params:	<none>
Query params:	<none>
Form params:	<none>
Path params:	<none>
Headers:		X-Auth-Token=6dc902b47876450c910ef9d2f501187c3c06b52be9bd4d459b936eb1c7008e76
				Accept=*/*
				Content-Type=application/json
Cookies:		<none>
Multiparts:		<none>
Body:
{
    "email": "s.ocheretko@gmail.com",
    "password": "cewp1cw9z1gzvgs",
    "name": "maria.bogan"
}
HTTP/1.1 401 Unauthorized
access-control-allow-origin: *
access-control-allow-credentials: true
access-control-allow-methods: GET, POST, PUT, DELETE, PATCH
access-control-allow-headers: Origin, X-Requested-With, Authorization, Content-Type, Accept, X-Auth-Token
content-type: application/json; charset=utf-8
content-encoding: gzip
etag: W/"4e-wFVQo8i7laSDLBCYzUhef+OME+4"
set-cookie: express:sess=eyJmbGFzaCI6e319; path=/; httponly
set-cookie: express:sess.sig=tdt42nQZiQvICqmrvHQ1_16fHk0; path=/; httponly
date: Sat, 19 Jul 2025 13:25:28 GMT
connection: keep-alive
keep-alive: timeout=5
transfer-encoding: chunked

{
    "success": false,
    "status": 401,
    "message": "Incorrect email address or password"
}
Request URI:	https://practice.expandtesting.com/notes/api/users/register
Request URI:	https://practice.expandtesting.com/notes/api/users/register
Request URI:	https://practice.expandtesting.com/notes/api/users/register
Request URI:	https://practice.expandtesting.com/notes/api/users/register
Request URI:	https://practice.expandtesting.com/notes/api/users/register
Request URI:	https://practice.expandtesting.com/notes/api/users/register
Request URI:	https://practice.expandtesting.com/notes/api/users/register
Request URI:	https://practice.expandtesting.com/notes/api/users/register
Request URI:	https://practice.expandtesting.com/notes/api/users/register
Request URI:	https://practice.expandtesting.com/notes/api/users/register
Request URI:	https://practice.expandtesting.com/notes/api/users/register
Request URI:	https://practice.expandtesting.com/notes/api/users/register
Request URI:	https://practice.expandtesting.com/notes/api/users/register
Request URI:	https://practice.expandtesting.com/notes/api/users/register
Request URI:	https://practice.expandtesting.com/notes/api/users/register
Request URI:	https://practice.expandtesting.com/notes/api/users/register
Request URI:	https://practice.expandtesting.com/notes/api/users/register
Request URI:	https://practice.expandtesting.com/notes/api/users/register
Request URI:	https://practice.expandtesting.com/notes/api/users/register
Request URI:	https://practice.expandtesting.com/notes/api/users/register
Request URI:	https://practice.expandtesting.com/notes/api/users/register
Request URI:	https://practice.expandtesting.com/notes/api/users/register
Request URI:	https://practice.expandtesting.com/notes/api/users/register
Request URI:	https://practice.expandtesting.com/notes/api/users/register
Request URI:	https://practice.expandtesting.com/notes/api/users/register
Request URI:	https://practice.expandtesting.com/notes/api/users/register
Request URI:	https://practice.expandtesting.com/notes/api/users/register
Request URI:	https://practice.expandtesting.com/notes/api/users/register
Request URI:	https://practice.expandtesting.com/notes/api/users/register
Request URI:	https://practice.expandtesting.com/notes/api/users/register
Request URI:	https://practice.expandtesting.com/notes/api/users/register
Request URI:	https://practice.expandtesting.com/notes/api/users/register
Request URI:	https://practice.expandtesting.com/notes/api/users/register
Request URI:	https://practice.expandtesting.com/notes/api/users/register
Request URI:	https://practice.expandtesting.com/notes/api/users/register
Request URI:	https://practice.expandtesting.com/notes/api/users/register
Request URI:	https://practice.expandtesting.com/notes/api/users/register
Request URI:	https://practice.expandtesting.com/notes/api/users/register
Request URI:	https://practice.expandtesting.com/notes/api/users/register
Request URI:	https://practice.expandtesting.com/notes/api/users/register
Request URI:	https://practice.expandtesting.com/notes/api/users/register
Request URI:	https://practice.expandtesting.com/notes/api/users/register
Request URI:	https://practice.expandtesting.com/notes/api/users/register
Request URI:	https://practice.expandtesting.com/notes/api/users/register
Request URI:	https://practice.expandtesting.com/notes/api/users/register
Request URI:	https://practice.expandtesting.com/notes/api/users/register
Request URI:	https://practice.expandtesting.com/notes/api/users/register
Request URI:	https://practice.expandtesting.com/notes/api/users/register
Request URI:	https://practice.expandtesting.com/notes/api/users/register
Request URI:	https://practice.expandtesting.com/notes/api/users/register
Request URI:	https://practice.expandtesting.com/notes/api/users/register
Request URI:	https://practice.expandtesting.com/notes/api/users/register
Request URI:	https://practice.expandtesting.com/notes/api/users/register
Request URI:	https://practice.expandtesting.com/notes/api/users/register
Request URI:	https://practice.expandtesting.com/notes/api/users/register
Request URI:	https://practice.expandtesting.com/notes/api/users/register
Request URI:	https://practice.expandtesting.com/notes/api/users/register
Request URI:	https://practice.expandtesting.com/notes/api/users/register
Request URI:	https://practice.expandtesting.com/notes/api/users/register
Request URI:	https://practice.expandtesting.com/notes/api/users/register
Request URI:	https://practice.expandtesting.com/notes/api/users/register
Request URI:	https://practice.expandtesting.com/notes/api/users/register
Request URI:	https://practice.expandtesting.com/notes/api/users/register
HTTP/1.1 201 Created
access-control-allow-origin: *
access-control-allow-credentials: true
access-control-allow-methods: GET, POST, PUT, DELETE, PATCH
access-control-allow-headers: Origin, X-Requested-With, Authorization, Content-Type, Accept, X-Auth-Token
content-type: application/json; charset=utf-8
content-encoding: gzip
etag: W/"ae-iSzQig/DQj3+Pp2n+qaesgWwsYI"
set-cookie: express:sess=eyJmbGFzaCI6e319; path=/; httponly
set-cookie: express:sess.sig=tdt42nQZiQvICqmrvHQ1_16fHk0; path=/; httponly
date: Sat, 19 Jul 2025 13:25:29 GMT
connection: keep-alive
keep-alive: timeout=5
transfer-encoding: chunked

{
    "success": true,
    "status": 201,
    "message": "User account created successfully",
    "data": {
        "id": "687b9cc99d1b4b028865d902",
        "name": "arnita.howe",
        "email": "zachariah.howell@yahoo.com"
    }
}
Request URI:	https://practice.expandtesting.com/notes/api/users/login
Request URI:	https://practice.expandtesting.com/notes/api/users/login
Request URI:	https://practice.expandtesting.com/notes/api/users/login
Request URI:	https://practice.expandtesting.com/notes/api/users/login
Request URI:	https://practice.expandtesting.com/notes/api/users/login
Request URI:	https://practice.expandtesting.com/notes/api/users/login
Request URI:	https://practice.expandtesting.com/notes/api/users/login
Request URI:	https://practice.expandtesting.com/notes/api/users/login
Request URI:	https://practice.expandtesting.com/notes/api/users/login
Request URI:	https://practice.expandtesting.com/notes/api/users/login
Request URI:	https://practice.expandtesting.com/notes/api/users/login
Request URI:	https://practice.expandtesting.com/notes/api/users/login
Request URI:	https://practice.expandtesting.com/notes/api/users/login
Request URI:	https://practice.expandtesting.com/notes/api/users/login
Request URI:	https://practice.expandtesting.com/notes/api/users/login
Request URI:	https://practice.expandtesting.com/notes/api/users/login
Request URI:	https://practice.expandtesting.com/notes/api/users/login
Request URI:	https://practice.expandtesting.com/notes/api/users/login
Request URI:	https://practice.expandtesting.com/notes/api/users/login
Request URI:	https://practice.expandtesting.com/notes/api/users/login
Request URI:	https://practice.expandtesting.com/notes/api/users/login
Request URI:	https://practice.expandtesting.com/notes/api/users/login
Request URI:	https://practice.expandtesting.com/notes/api/users/login
Request URI:	https://practice.expandtesting.com/notes/api/users/login
Request URI:	https://practice.expandtesting.com/notes/api/users/login
Request URI:	https://practice.expandtesting.com/notes/api/users/login
Request URI:	https://practice.expandtesting.com/notes/api/users/login
Request URI:	https://practice.expandtesting.com/notes/api/users/login
Request URI:	https://practice.expandtesting.com/notes/api/users/login
Request URI:	https://practice.expandtesting.com/notes/api/users/login
Request URI:	https://practice.expandtesting.com/notes/api/users/login
Request URI:	https://practice.expandtesting.com/notes/api/users/login
Request URI:	https://practice.expandtesting.com/notes/api/users/login
Request URI:	https://practice.expandtesting.com/notes/api/users/login
Request URI:	https://practice.expandtesting.com/notes/api/users/login
Request URI:	https://practice.expandtesting.com/notes/api/users/login
Request URI:	https://practice.expandtesting.com/notes/api/users/login
Request URI:	https://practice.expandtesting.com/notes/api/users/login
Request URI:	https://practice.expandtesting.com/notes/api/users/login
Request URI:	https://practice.expandtesting.com/notes/api/users/login
Request URI:	https://practice.expandtesting.com/notes/api/users/login
Request URI:	https://practice.expandtesting.com/notes/api/users/login
Request URI:	https://practice.expandtesting.com/notes/api/users/login
Request URI:	https://practice.expandtesting.com/notes/api/users/login
Request URI:	https://practice.expandtesting.com/notes/api/users/login
Request URI:	https://practice.expandtesting.com/notes/api/users/login
Request URI:	https://practice.expandtesting.com/notes/api/users/login
Request URI:	https://practice.expandtesting.com/notes/api/users/login
Request URI:	https://practice.expandtesting.com/notes/api/users/login
Request URI:	https://practice.expandtesting.com/notes/api/users/login
Request URI:	https://practice.expandtesting.com/notes/api/users/login
Request URI:	https://practice.expandtesting.com/notes/api/users/login
Request URI:	https://practice.expandtesting.com/notes/api/users/login
Request URI:	https://practice.expandtesting.com/notes/api/users/login
Request URI:	https://practice.expandtesting.com/notes/api/users/login
Request URI:	https://practice.expandtesting.com/notes/api/users/login
Request URI:	https://practice.expandtesting.com/notes/api/users/login
Request URI:	https://practice.expandtesting.com/notes/api/users/login
Request URI:	https://practice.expandtesting.com/notes/api/users/login
Request URI:	https://practice.expandtesting.com/notes/api/users/login
Request URI:	https://practice.expandtesting.com/notes/api/users/login
Request URI:	https://practice.expandtesting.com/notes/api/users/login
Request URI:	https://practice.expandtesting.com/notes/api/users/login
HTTP/1.1 200 OK
access-control-allow-origin: *
access-control-allow-credentials: true
access-control-allow-methods: GET, POST, PUT, DELETE, PATCH
access-control-allow-headers: Origin, X-Requested-With, Authorization, Content-Type, Accept, X-Auth-Token
content-type: application/json; charset=utf-8
content-encoding: gzip
etag: W/"e8-iZSJbrPXnh7RhDhM9s4OvBQg/F0"
set-cookie: express:sess=eyJmbGFzaCI6e319; path=/; httponly
set-cookie: express:sess.sig=tdt42nQZiQvICqmrvHQ1_16fHk0; path=/; httponly
date: Sat, 19 Jul 2025 13:25:30 GMT
connection: keep-alive
keep-alive: timeout=5
transfer-encoding: chunked

{
    "success": true,
    "status": 200,
    "message": "Login successful",
    "data": {
        "id": "687b9cc99d1b4b028865d902",
        "name": "arnita.howe",
        "email": "zachariah.howell@yahoo.com",
        "token": "431b020329c740269941ae1669e17fb4ae14c4c94c2e4d8898e1930766aabaa8"
    }
}
Request URI:	https://practice.expandtesting.com/notes/api/users/register
Request URI:	https://practice.expandtesting.com/notes/api/users/register
Request URI:	https://practice.expandtesting.com/notes/api/users/register
Request URI:	https://practice.expandtesting.com/notes/api/users/register
Request URI:	https://practice.expandtesting.com/notes/api/users/register
Request URI:	https://practice.expandtesting.com/notes/api/users/register
Request URI:	https://practice.expandtesting.com/notes/api/users/register
Request URI:	https://practice.expandtesting.com/notes/api/users/register
Request URI:	https://practice.expandtesting.com/notes/api/users/register
Request URI:	https://practice.expandtesting.com/notes/api/users/register
Request URI:	https://practice.expandtesting.com/notes/api/users/register
Request URI:	https://practice.expandtesting.com/notes/api/users/register
Request URI:	https://practice.expandtesting.com/notes/api/users/register
Request URI:	https://practice.expandtesting.com/notes/api/users/register
Request URI:	https://practice.expandtesting.com/notes/api/users/register
Request URI:	https://practice.expandtesting.com/notes/api/users/register
Request URI:	https://practice.expandtesting.com/notes/api/users/register
Request URI:	https://practice.expandtesting.com/notes/api/users/register
Request URI:	https://practice.expandtesting.com/notes/api/users/register
Request URI:	https://practice.expandtesting.com/notes/api/users/register
Request URI:	https://practice.expandtesting.com/notes/api/users/register
Request URI:	https://practice.expandtesting.com/notes/api/users/register
Request URI:	https://practice.expandtesting.com/notes/api/users/register
Request URI:	https://practice.expandtesting.com/notes/api/users/register
Request URI:	https://practice.expandtesting.com/notes/api/users/register
Request URI:	https://practice.expandtesting.com/notes/api/users/register
Request URI:	https://practice.expandtesting.com/notes/api/users/register
Request URI:	https://practice.expandtesting.com/notes/api/users/register
Request URI:	https://practice.expandtesting.com/notes/api/users/register
Request URI:	https://practice.expandtesting.com/notes/api/users/register
Request URI:	https://practice.expandtesting.com/notes/api/users/register
Request URI:	https://practice.expandtesting.com/notes/api/users/register
Request URI:	https://practice.expandtesting.com/notes/api/users/register
Request URI:	https://practice.expandtesting.com/notes/api/users/register
Request URI:	https://practice.expandtesting.com/notes/api/users/register
Request URI:	https://practice.expandtesting.com/notes/api/users/register
Request URI:	https://practice.expandtesting.com/notes/api/users/register
Request URI:	https://practice.expandtesting.com/notes/api/users/register
Request URI:	https://practice.expandtesting.com/notes/api/users/register
Request URI:	https://practice.expandtesting.com/notes/api/users/register
Request URI:	https://practice.expandtesting.com/notes/api/users/register
Request URI:	https://practice.expandtesting.com/notes/api/users/register
Request URI:	https://practice.expandtesting.com/notes/api/users/register
Request URI:	https://practice.expandtesting.com/notes/api/users/register
Request URI:	https://practice.expandtesting.com/notes/api/users/register
Request URI:	https://practice.expandtesting.com/notes/api/users/register
Request URI:	https://practice.expandtesting.com/notes/api/users/register
Request URI:	https://practice.expandtesting.com/notes/api/users/register
Request URI:	https://practice.expandtesting.com/notes/api/users/register
Request URI:	https://practice.expandtesting.com/notes/api/users/register
Request URI:	https://practice.expandtesting.com/notes/api/users/register
Request URI:	https://practice.expandtesting.com/notes/api/users/register
Request URI:	https://practice.expandtesting.com/notes/api/users/register
Request URI:	https://practice.expandtesting.com/notes/api/users/register
Request URI:	https://practice.expandtesting.com/notes/api/users/register
Request URI:	https://practice.expandtesting.com/notes/api/users/register
Request URI:	https://practice.expandtesting.com/notes/api/users/register
Request URI:	https://practice.expandtesting.com/notes/api/users/register
Request URI:	https://practice.expandtesting.com/notes/api/users/register
Request URI:	https://practice.expandtesting.com/notes/api/users/register
Request URI:	https://practice.expandtesting.com/notes/api/users/register
Request URI:	https://practice.expandtesting.com/notes/api/users/register
Request URI:	https://practice.expandtesting.com/notes/api/users/register
Request method:	POST
Request URI:	https://practice.expandtesting.com/notes/api/users/register
Proxy:			<none>
Request params:	<none>
Query params:	<none>
Form params:	<none>
Path params:	<none>
Headers:		X-Auth-Token=431b020329c740269941ae1669e17fb4ae14c4c94c2e4d8898e1930766aabaa8
				Accept=*/*
				Content-Type=application/json
Cookies:		<none>
Multiparts:		<none>
Body:
{
    "email": "",
    "password": "",
    "name": ""
}
HTTP/1.1 400 Bad Request
access-control-allow-origin: *
access-control-allow-credentials: true
access-control-allow-methods: GET, POST, PUT, DELETE, PATCH
access-control-allow-headers: Origin, X-Requested-With, Authorization, Content-Type, Accept, X-Auth-Token
content-type: application/json; charset=utf-8
content-encoding: gzip
etag: W/"58-te2VZDtbFjHO92AYryi5RoFxHjc"
set-cookie: express:sess=eyJmbGFzaCI6e319; path=/; httponly
set-cookie: express:sess.sig=tdt42nQZiQvICqmrvHQ1_16fHk0; path=/; httponly
date: Sat, 19 Jul 2025 13:25:30 GMT
connection: keep-alive
keep-alive: timeout=5
transfer-encoding: chunked

{
    "success": false,
    "status": 400,
    "message": "User name must be between 4 and 30 characters"
}
Request URI:	https://practice.expandtesting.com/notes/api/users/register
Request URI:	https://practice.expandtesting.com/notes/api/users/register
Request URI:	https://practice.expandtesting.com/notes/api/users/register
Request URI:	https://practice.expandtesting.com/notes/api/users/register
Request URI:	https://practice.expandtesting.com/notes/api/users/register
Request URI:	https://practice.expandtesting.com/notes/api/users/register
Request URI:	https://practice.expandtesting.com/notes/api/users/register
Request URI:	https://practice.expandtesting.com/notes/api/users/register
Request URI:	https://practice.expandtesting.com/notes/api/users/register
Request URI:	https://practice.expandtesting.com/notes/api/users/register
Request URI:	https://practice.expandtesting.com/notes/api/users/register
Request URI:	https://practice.expandtesting.com/notes/api/users/register
Request URI:	https://practice.expandtesting.com/notes/api/users/register
Request URI:	https://practice.expandtesting.com/notes/api/users/register
Request URI:	https://practice.expandtesting.com/notes/api/users/register
Request URI:	https://practice.expandtesting.com/notes/api/users/register
Request URI:	https://practice.expandtesting.com/notes/api/users/register
Request URI:	https://practice.expandtesting.com/notes/api/users/register
Request URI:	https://practice.expandtesting.com/notes/api/users/register
Request URI:	https://practice.expandtesting.com/notes/api/users/register
Request URI:	https://practice.expandtesting.com/notes/api/users/register
Request URI:	https://practice.expandtesting.com/notes/api/users/register
Request URI:	https://practice.expandtesting.com/notes/api/users/register
Request URI:	https://practice.expandtesting.com/notes/api/users/register
Request URI:	https://practice.expandtesting.com/notes/api/users/register
Request URI:	https://practice.expandtesting.com/notes/api/users/register
Request URI:	https://practice.expandtesting.com/notes/api/users/register
Request URI:	https://practice.expandtesting.com/notes/api/users/register
Request URI:	https://practice.expandtesting.com/notes/api/users/register
Request URI:	https://practice.expandtesting.com/notes/api/users/register
Request URI:	https://practice.expandtesting.com/notes/api/users/register
Request URI:	https://practice.expandtesting.com/notes/api/users/register
Request URI:	https://practice.expandtesting.com/notes/api/users/register
Request URI:	https://practice.expandtesting.com/notes/api/users/register
Request URI:	https://practice.expandtesting.com/notes/api/users/register
Request URI:	https://practice.expandtesting.com/notes/api/users/register
Request URI:	https://practice.expandtesting.com/notes/api/users/register
Request URI:	https://practice.expandtesting.com/notes/api/users/register
Request URI:	https://practice.expandtesting.com/notes/api/users/register
Request URI:	https://practice.expandtesting.com/notes/api/users/register
Request URI:	https://practice.expandtesting.com/notes/api/users/register
Request URI:	https://practice.expandtesting.com/notes/api/users/register
Request URI:	https://practice.expandtesting.com/notes/api/users/register
Request URI:	https://practice.expandtesting.com/notes/api/users/register
Request URI:	https://practice.expandtesting.com/notes/api/users/register
Request URI:	https://practice.expandtesting.com/notes/api/users/register
Request URI:	https://practice.expandtesting.com/notes/api/users/register
Request URI:	https://practice.expandtesting.com/notes/api/users/register
Request URI:	https://practice.expandtesting.com/notes/api/users/register
Request URI:	https://practice.expandtesting.com/notes/api/users/register
Request URI:	https://practice.expandtesting.com/notes/api/users/register
Request URI:	https://practice.expandtesting.com/notes/api/users/register
Request URI:	https://practice.expandtesting.com/notes/api/users/register
Request URI:	https://practice.expandtesting.com/notes/api/users/register
Request URI:	https://practice.expandtesting.com/notes/api/users/register
Request URI:	https://practice.expandtesting.com/notes/api/users/register
Request URI:	https://practice.expandtesting.com/notes/api/users/register
Request URI:	https://practice.expandtesting.com/notes/api/users/register
Request URI:	https://practice.expandtesting.com/notes/api/users/register
Request URI:	https://practice.expandtesting.com/notes/api/users/register
Request URI:	https://practice.expandtesting.com/notes/api/users/register
Request URI:	https://practice.expandtesting.com/notes/api/users/register
Request URI:	https://practice.expandtesting.com/notes/api/users/register
Request URI:	https://practice.expandtesting.com/notes/api/users/register
HTTP/1.1 201 Created
access-control-allow-origin: *
access-control-allow-credentials: true
access-control-allow-methods: GET, POST, PUT, DELETE, PATCH
access-control-allow-headers: Origin, X-Requested-With, Authorization, Content-Type, Accept, X-Auth-Token
content-type: application/json; charset=utf-8
content-encoding: gzip
etag: W/"a7-7tNxJ+10uP71ZoLLVsEm6BtEC4o"
set-cookie: express:sess=eyJmbGFzaCI6e319; path=/; httponly
set-cookie: express:sess.sig=tdt42nQZiQvICqmrvHQ1_16fHk0; path=/; httponly
date: Sat, 19 Jul 2025 13:25:32 GMT
connection: keep-alive
keep-alive: timeout=5
transfer-encoding: chunked

{
    "success": true,
    "status": 201,
    "message": "User account created successfully",
    "data": {
        "id": "687b9ccc9d1b4b028865d909",
        "name": "dillon.orn",
        "email": "noel.braun@gmail.com"
    }
}
Request URI:	https://practice.expandtesting.com/notes/api/users/login
Request URI:	https://practice.expandtesting.com/notes/api/users/login
Request URI:	https://practice.expandtesting.com/notes/api/users/login
Request URI:	https://practice.expandtesting.com/notes/api/users/login
Request URI:	https://practice.expandtesting.com/notes/api/users/login
Request URI:	https://practice.expandtesting.com/notes/api/users/login
Request URI:	https://practice.expandtesting.com/notes/api/users/login
Request URI:	https://practice.expandtesting.com/notes/api/users/login
Request URI:	https://practice.expandtesting.com/notes/api/users/login
Request URI:	https://practice.expandtesting.com/notes/api/users/login
Request URI:	https://practice.expandtesting.com/notes/api/users/login
Request URI:	https://practice.expandtesting.com/notes/api/users/login
Request URI:	https://practice.expandtesting.com/notes/api/users/login
Request URI:	https://practice.expandtesting.com/notes/api/users/login
Request URI:	https://practice.expandtesting.com/notes/api/users/login
Request URI:	https://practice.expandtesting.com/notes/api/users/login
Request URI:	https://practice.expandtesting.com/notes/api/users/login
Request URI:	https://practice.expandtesting.com/notes/api/users/login
Request URI:	https://practice.expandtesting.com/notes/api/users/login
Request URI:	https://practice.expandtesting.com/notes/api/users/login
Request URI:	https://practice.expandtesting.com/notes/api/users/login
Request URI:	https://practice.expandtesting.com/notes/api/users/login
Request URI:	https://practice.expandtesting.com/notes/api/users/login
Request URI:	https://practice.expandtesting.com/notes/api/users/login
Request URI:	https://practice.expandtesting.com/notes/api/users/login
Request URI:	https://practice.expandtesting.com/notes/api/users/login
Request URI:	https://practice.expandtesting.com/notes/api/users/login
Request URI:	https://practice.expandtesting.com/notes/api/users/login
Request URI:	https://practice.expandtesting.com/notes/api/users/login
Request URI:	https://practice.expandtesting.com/notes/api/users/login
Request URI:	https://practice.expandtesting.com/notes/api/users/login
Request URI:	https://practice.expandtesting.com/notes/api/users/login
Request URI:	https://practice.expandtesting.com/notes/api/users/login
Request URI:	https://practice.expandtesting.com/notes/api/users/login
Request URI:	https://practice.expandtesting.com/notes/api/users/login
Request URI:	https://practice.expandtesting.com/notes/api/users/login
Request URI:	https://practice.expandtesting.com/notes/api/users/login
Request URI:	https://practice.expandtesting.com/notes/api/users/login
Request URI:	https://practice.expandtesting.com/notes/api/users/login
Request URI:	https://practice.expandtesting.com/notes/api/users/login
Request URI:	https://practice.expandtesting.com/notes/api/users/login
Request URI:	https://practice.expandtesting.com/notes/api/users/login
Request URI:	https://practice.expandtesting.com/notes/api/users/login
Request URI:	https://practice.expandtesting.com/notes/api/users/login
Request URI:	https://practice.expandtesting.com/notes/api/users/login
Request URI:	https://practice.expandtesting.com/notes/api/users/login
Request URI:	https://practice.expandtesting.com/notes/api/users/login
Request URI:	https://practice.expandtesting.com/notes/api/users/login
Request URI:	https://practice.expandtesting.com/notes/api/users/login
Request URI:	https://practice.expandtesting.com/notes/api/users/login
Request URI:	https://practice.expandtesting.com/notes/api/users/login
Request URI:	https://practice.expandtesting.com/notes/api/users/login
Request URI:	https://practice.expandtesting.com/notes/api/users/login
Request URI:	https://practice.expandtesting.com/notes/api/users/login
Request URI:	https://practice.expandtesting.com/notes/api/users/login
Request URI:	https://practice.expandtesting.com/notes/api/users/login
Request URI:	https://practice.expandtesting.com/notes/api/users/login
Request URI:	https://practice.expandtesting.com/notes/api/users/login
Request URI:	https://practice.expandtesting.com/notes/api/users/login
Request URI:	https://practice.expandtesting.com/notes/api/users/login
Request URI:	https://practice.expandtesting.com/notes/api/users/login
Request URI:	https://practice.expandtesting.com/notes/api/users/login
Request URI:	https://practice.expandtesting.com/notes/api/users/login
Request URI:	https://practice.expandtesting.com/notes/api/users/login
HTTP/1.1 200 OK
access-control-allow-origin: *
access-control-allow-credentials: true
access-control-allow-methods: GET, POST, PUT, DELETE, PATCH
access-control-allow-headers: Origin, X-Requested-With, Authorization, Content-Type, Accept, X-Auth-Token
content-type: application/json; charset=utf-8
content-encoding: gzip
etag: W/"e1-cWCJaP+iiuQUIx41uUc5db4nqGo"
set-cookie: express:sess=eyJmbGFzaCI6e319; path=/; httponly
set-cookie: express:sess.sig=tdt42nQZiQvICqmrvHQ1_16fHk0; path=/; httponly
date: Sat, 19 Jul 2025 13:25:32 GMT
connection: keep-alive
keep-alive: timeout=5
transfer-encoding: chunked

{
    "success": true,
    "status": 200,
    "message": "Login successful",
    "data": {
        "id": "687b9ccc9d1b4b028865d909",
        "name": "dillon.orn",
        "email": "noel.braun@gmail.com",
        "token": "d96e299373cc41f795fc0822d8630cb9b9a9146a7c64419d89a3de4fa1adbecc"
    }
}
Request URI:	https://practice.expandtesting.com/notes/api/users/login
Request URI:	https://practice.expandtesting.com/notes/api/users/login
Request URI:	https://practice.expandtesting.com/notes/api/users/login
Request URI:	https://practice.expandtesting.com/notes/api/users/login
Request URI:	https://practice.expandtesting.com/notes/api/users/login
Request URI:	https://practice.expandtesting.com/notes/api/users/login
Request URI:	https://practice.expandtesting.com/notes/api/users/login
Request URI:	https://practice.expandtesting.com/notes/api/users/login
Request URI:	https://practice.expandtesting.com/notes/api/users/login
Request URI:	https://practice.expandtesting.com/notes/api/users/login
Request URI:	https://practice.expandtesting.com/notes/api/users/login
Request URI:	https://practice.expandtesting.com/notes/api/users/login
Request URI:	https://practice.expandtesting.com/notes/api/users/login
Request URI:	https://practice.expandtesting.com/notes/api/users/login
Request URI:	https://practice.expandtesting.com/notes/api/users/login
Request URI:	https://practice.expandtesting.com/notes/api/users/login
Request URI:	https://practice.expandtesting.com/notes/api/users/login
Request URI:	https://practice.expandtesting.com/notes/api/users/login
Request URI:	https://practice.expandtesting.com/notes/api/users/login
Request URI:	https://practice.expandtesting.com/notes/api/users/login
Request URI:	https://practice.expandtesting.com/notes/api/users/login
Request URI:	https://practice.expandtesting.com/notes/api/users/login
Request URI:	https://practice.expandtesting.com/notes/api/users/login
Request URI:	https://practice.expandtesting.com/notes/api/users/login
Request URI:	https://practice.expandtesting.com/notes/api/users/login
Request URI:	https://practice.expandtesting.com/notes/api/users/login
Request URI:	https://practice.expandtesting.com/notes/api/users/login
Request URI:	https://practice.expandtesting.com/notes/api/users/login
Request URI:	https://practice.expandtesting.com/notes/api/users/login
Request URI:	https://practice.expandtesting.com/notes/api/users/login
Request URI:	https://practice.expandtesting.com/notes/api/users/login
Request URI:	https://practice.expandtesting.com/notes/api/users/login
Request URI:	https://practice.expandtesting.com/notes/api/users/login
Request URI:	https://practice.expandtesting.com/notes/api/users/login
Request URI:	https://practice.expandtesting.com/notes/api/users/login
Request URI:	https://practice.expandtesting.com/notes/api/users/login
Request URI:	https://practice.expandtesting.com/notes/api/users/login
Request URI:	https://practice.expandtesting.com/notes/api/users/login
Request URI:	https://practice.expandtesting.com/notes/api/users/login
Request URI:	https://practice.expandtesting.com/notes/api/users/login
Request URI:	https://practice.expandtesting.com/notes/api/users/login
Request URI:	https://practice.expandtesting.com/notes/api/users/login
Request URI:	https://practice.expandtesting.com/notes/api/users/login
Request URI:	https://practice.expandtesting.com/notes/api/users/login
Request URI:	https://practice.expandtesting.com/notes/api/users/login
Request URI:	https://practice.expandtesting.com/notes/api/users/login
Request URI:	https://practice.expandtesting.com/notes/api/users/login
Request URI:	https://practice.expandtesting.com/notes/api/users/login
Request URI:	https://practice.expandtesting.com/notes/api/users/login
Request URI:	https://practice.expandtesting.com/notes/api/users/login
Request URI:	https://practice.expandtesting.com/notes/api/users/login
Request URI:	https://practice.expandtesting.com/notes/api/users/login
Request URI:	https://practice.expandtesting.com/notes/api/users/login
Request URI:	https://practice.expandtesting.com/notes/api/users/login
Request URI:	https://practice.expandtesting.com/notes/api/users/login
Request URI:	https://practice.expandtesting.com/notes/api/users/login
Request URI:	https://practice.expandtesting.com/notes/api/users/login
Request URI:	https://practice.expandtesting.com/notes/api/users/login
Request URI:	https://practice.expandtesting.com/notes/api/users/login
Request URI:	https://practice.expandtesting.com/notes/api/users/login
Request URI:	https://practice.expandtesting.com/notes/api/users/login
Request URI:	https://practice.expandtesting.com/notes/api/users/login
Request URI:	https://practice.expandtesting.com/notes/api/users/login
Request URI:	https://practice.expandtesting.com/notes/api/users/login
Request method:	POST
Request URI:	https://practice.expandtesting.com/notes/api/users/login
Proxy:			<none>
Request params:	<none>
Query params:	<none>
Form params:	<none>
Path params:	<none>
Headers:		X-Auth-Token=d96e299373cc41f795fc0822d8630cb9b9a9146a7c64419d89a3de4fa1adbecc
				Accept=*/*
				Content-Type=text/plain; charset=ISO-8859-1
Cookies:		<none>
Multiparts:		<none>
Body:			<none>
HTTP/1.1 400 Bad Request
access-control-allow-origin: *
access-control-allow-credentials: true
access-control-allow-methods: GET, POST, PUT, DELETE, PATCH
access-control-allow-headers: Origin, X-Requested-With, Authorization, Content-Type, Accept, X-Auth-Token
content-type: application/json; charset=utf-8
content-encoding: gzip
etag: W/"4c-2CHdrZOfnaVxbkWhhDN4H2L/4l8"
set-cookie: express:sess=eyJmbGFzaCI6e319; path=/; httponly
set-cookie: express:sess.sig=tdt42nQZiQvICqmrvHQ1_16fHk0; path=/; httponly
date: Sat, 19 Jul 2025 13:25:33 GMT
connection: keep-alive
keep-alive: timeout=5
transfer-encoding: chunked

{
    "success": false,
    "status": 400,
    "message": "A valid email address is required"
}
Request URI:	https://practice.expandtesting.com/notes/api/users/register
Request URI:	https://practice.expandtesting.com/notes/api/users/register
Request URI:	https://practice.expandtesting.com/notes/api/users/register
Request URI:	https://practice.expandtesting.com/notes/api/users/register
Request URI:	https://practice.expandtesting.com/notes/api/users/register
Request URI:	https://practice.expandtesting.com/notes/api/users/register
Request URI:	https://practice.expandtesting.com/notes/api/users/register
Request URI:	https://practice.expandtesting.com/notes/api/users/register
Request URI:	https://practice.expandtesting.com/notes/api/users/register
Request URI:	https://practice.expandtesting.com/notes/api/users/register
Request URI:	https://practice.expandtesting.com/notes/api/users/register
Request URI:	https://practice.expandtesting.com/notes/api/users/register
Request URI:	https://practice.expandtesting.com/notes/api/users/register
Request URI:	https://practice.expandtesting.com/notes/api/users/register
Request URI:	https://practice.expandtesting.com/notes/api/users/register
Request URI:	https://practice.expandtesting.com/notes/api/users/register
Request URI:	https://practice.expandtesting.com/notes/api/users/register
Request URI:	https://practice.expandtesting.com/notes/api/users/register
Request URI:	https://practice.expandtesting.com/notes/api/users/register
Request URI:	https://practice.expandtesting.com/notes/api/users/register
Request URI:	https://practice.expandtesting.com/notes/api/users/register
Request URI:	https://practice.expandtesting.com/notes/api/users/register
Request URI:	https://practice.expandtesting.com/notes/api/users/register
Request URI:	https://practice.expandtesting.com/notes/api/users/register
Request URI:	https://practice.expandtesting.com/notes/api/users/register
Request URI:	https://practice.expandtesting.com/notes/api/users/register
Request URI:	https://practice.expandtesting.com/notes/api/users/register
Request URI:	https://practice.expandtesting.com/notes/api/users/register
Request URI:	https://practice.expandtesting.com/notes/api/users/register
Request URI:	https://practice.expandtesting.com/notes/api/users/register
Request URI:	https://practice.expandtesting.com/notes/api/users/register
Request URI:	https://practice.expandtesting.com/notes/api/users/register
Request URI:	https://practice.expandtesting.com/notes/api/users/register
Request URI:	https://practice.expandtesting.com/notes/api/users/register
Request URI:	https://practice.expandtesting.com/notes/api/users/register
Request URI:	https://practice.expandtesting.com/notes/api/users/register
Request URI:	https://practice.expandtesting.com/notes/api/users/register
Request URI:	https://practice.expandtesting.com/notes/api/users/register
Request URI:	https://practice.expandtesting.com/notes/api/users/register
Request URI:	https://practice.expandtesting.com/notes/api/users/register
Request URI:	https://practice.expandtesting.com/notes/api/users/register
Request URI:	https://practice.expandtesting.com/notes/api/users/register
Request URI:	https://practice.expandtesting.com/notes/api/users/register
Request URI:	https://practice.expandtesting.com/notes/api/users/register
Request URI:	https://practice.expandtesting.com/notes/api/users/register
Request URI:	https://practice.expandtesting.com/notes/api/users/register
Request URI:	https://practice.expandtesting.com/notes/api/users/register
Request URI:	https://practice.expandtesting.com/notes/api/users/register
Request URI:	https://practice.expandtesting.com/notes/api/users/register
Request URI:	https://practice.expandtesting.com/notes/api/users/register
Request URI:	https://practice.expandtesting.com/notes/api/users/register
Request URI:	https://practice.expandtesting.com/notes/api/users/register
Request URI:	https://practice.expandtesting.com/notes/api/users/register
Request URI:	https://practice.expandtesting.com/notes/api/users/register
Request URI:	https://practice.expandtesting.com/notes/api/users/register
Request URI:	https://practice.expandtesting.com/notes/api/users/register
Request URI:	https://practice.expandtesting.com/notes/api/users/register
Request URI:	https://practice.expandtesting.com/notes/api/users/register
Request URI:	https://practice.expandtesting.com/notes/api/users/register
Request URI:	https://practice.expandtesting.com/notes/api/users/register
Request URI:	https://practice.expandtesting.com/notes/api/users/register
Request URI:	https://practice.expandtesting.com/notes/api/users/register
Request URI:	https://practice.expandtesting.com/notes/api/users/register
Request URI:	https://practice.expandtesting.com/notes/api/users/register
Request URI:	https://practice.expandtesting.com/notes/api/users/register
HTTP/1.1 201 Created
access-control-allow-origin: *
access-control-allow-credentials: true
access-control-allow-methods: GET, POST, PUT, DELETE, PATCH
access-control-allow-headers: Origin, X-Requested-With, Authorization, Content-Type, Accept, X-Auth-Token
content-type: application/json; charset=utf-8
content-encoding: gzip
etag: W/"ad-P9i0EUONVun8gsq/UxotFt98J54"
set-cookie: express:sess=eyJmbGFzaCI6e319; path=/; httponly
set-cookie: express:sess.sig=tdt42nQZiQvICqmrvHQ1_16fHk0; path=/; httponly
date: Sat, 19 Jul 2025 13:25:34 GMT
connection: keep-alive
keep-alive: timeout=5
transfer-encoding: chunked

{
    "success": true,
    "status": 201,
    "message": "User account created successfully",
    "data": {
        "id": "687b9cce9d1b4b028865d910",
        "name": "houston.wehner",
        "email": "chris.hansen@gmail.com"
    }
}
Request URI:	https://practice.expandtesting.com/notes/api/users/login
Request URI:	https://practice.expandtesting.com/notes/api/users/login
Request URI:	https://practice.expandtesting.com/notes/api/users/login
Request URI:	https://practice.expandtesting.com/notes/api/users/login
Request URI:	https://practice.expandtesting.com/notes/api/users/login
Request URI:	https://practice.expandtesting.com/notes/api/users/login
Request URI:	https://practice.expandtesting.com/notes/api/users/login
Request URI:	https://practice.expandtesting.com/notes/api/users/login
Request URI:	https://practice.expandtesting.com/notes/api/users/login
Request URI:	https://practice.expandtesting.com/notes/api/users/login
Request URI:	https://practice.expandtesting.com/notes/api/users/login
Request URI:	https://practice.expandtesting.com/notes/api/users/login
Request URI:	https://practice.expandtesting.com/notes/api/users/login
Request URI:	https://practice.expandtesting.com/notes/api/users/login
Request URI:	https://practice.expandtesting.com/notes/api/users/login
Request URI:	https://practice.expandtesting.com/notes/api/users/login
Request URI:	https://practice.expandtesting.com/notes/api/users/login
Request URI:	https://practice.expandtesting.com/notes/api/users/login
Request URI:	https://practice.expandtesting.com/notes/api/users/login
Request URI:	https://practice.expandtesting.com/notes/api/users/login
Request URI:	https://practice.expandtesting.com/notes/api/users/login
Request URI:	https://practice.expandtesting.com/notes/api/users/login
Request URI:	https://practice.expandtesting.com/notes/api/users/login
Request URI:	https://practice.expandtesting.com/notes/api/users/login
Request URI:	https://practice.expandtesting.com/notes/api/users/login
Request URI:	https://practice.expandtesting.com/notes/api/users/login
Request URI:	https://practice.expandtesting.com/notes/api/users/login
Request URI:	https://practice.expandtesting.com/notes/api/users/login
Request URI:	https://practice.expandtesting.com/notes/api/users/login
Request URI:	https://practice.expandtesting.com/notes/api/users/login
Request URI:	https://practice.expandtesting.com/notes/api/users/login
Request URI:	https://practice.expandtesting.com/notes/api/users/login
Request URI:	https://practice.expandtesting.com/notes/api/users/login
Request URI:	https://practice.expandtesting.com/notes/api/users/login
Request URI:	https://practice.expandtesting.com/notes/api/users/login
Request URI:	https://practice.expandtesting.com/notes/api/users/login
Request URI:	https://practice.expandtesting.com/notes/api/users/login
Request URI:	https://practice.expandtesting.com/notes/api/users/login
Request URI:	https://practice.expandtesting.com/notes/api/users/login
Request URI:	https://practice.expandtesting.com/notes/api/users/login
Request URI:	https://practice.expandtesting.com/notes/api/users/login
Request URI:	https://practice.expandtesting.com/notes/api/users/login
Request URI:	https://practice.expandtesting.com/notes/api/users/login
Request URI:	https://practice.expandtesting.com/notes/api/users/login
Request URI:	https://practice.expandtesting.com/notes/api/users/login
Request URI:	https://practice.expandtesting.com/notes/api/users/login
Request URI:	https://practice.expandtesting.com/notes/api/users/login
Request URI:	https://practice.expandtesting.com/notes/api/users/login
Request URI:	https://practice.expandtesting.com/notes/api/users/login
Request URI:	https://practice.expandtesting.com/notes/api/users/login
Request URI:	https://practice.expandtesting.com/notes/api/users/login
Request URI:	https://practice.expandtesting.com/notes/api/users/login
Request URI:	https://practice.expandtesting.com/notes/api/users/login
Request URI:	https://practice.expandtesting.com/notes/api/users/login
Request URI:	https://practice.expandtesting.com/notes/api/users/login
Request URI:	https://practice.expandtesting.com/notes/api/users/login
Request URI:	https://practice.expandtesting.com/notes/api/users/login
Request URI:	https://practice.expandtesting.com/notes/api/users/login
Request URI:	https://practice.expandtesting.com/notes/api/users/login
Request URI:	https://practice.expandtesting.com/notes/api/users/login
Request URI:	https://practice.expandtesting.com/notes/api/users/login
Request URI:	https://practice.expandtesting.com/notes/api/users/login
Request URI:	https://practice.expandtesting.com/notes/api/users/login
Request URI:	https://practice.expandtesting.com/notes/api/users/login
Request URI:	https://practice.expandtesting.com/notes/api/users/login
HTTP/1.1 200 OK
access-control-allow-origin: *
access-control-allow-credentials: true
access-control-allow-methods: GET, POST, PUT, DELETE, PATCH
access-control-allow-headers: Origin, X-Requested-With, Authorization, Content-Type, Accept, X-Auth-Token
content-type: application/json; charset=utf-8
content-encoding: gzip
etag: W/"e7-KDKiBr2U6mOM+vd0T3s1DYQnyz8"
set-cookie: express:sess=eyJmbGFzaCI6e319; path=/; httponly
set-cookie: express:sess.sig=tdt42nQZiQvICqmrvHQ1_16fHk0; path=/; httponly
date: Sat, 19 Jul 2025 13:25:34 GMT
connection: keep-alive
keep-alive: timeout=5
transfer-encoding: chunked

{
    "success": true,
    "status": 200,
    "message": "Login successful",
    "data": {
        "id": "687b9cce9d1b4b028865d910",
        "name": "houston.wehner",
        "email": "chris.hansen@gmail.com",
        "token": "75953e25b57d4d45bc7c0d05d3b65ad55861deed87f344709bbc546d3b66bab8"
    }
}
Request URI:	https://practice.expandtesting.com/notes/api/users/register
Request URI:	https://practice.expandtesting.com/notes/api/users/register
Request URI:	https://practice.expandtesting.com/notes/api/users/register
Request URI:	https://practice.expandtesting.com/notes/api/users/register
Request URI:	https://practice.expandtesting.com/notes/api/users/register
Request URI:	https://practice.expandtesting.com/notes/api/users/register
Request URI:	https://practice.expandtesting.com/notes/api/users/register
Request URI:	https://practice.expandtesting.com/notes/api/users/register
Request URI:	https://practice.expandtesting.com/notes/api/users/register
Request URI:	https://practice.expandtesting.com/notes/api/users/register
Request URI:	https://practice.expandtesting.com/notes/api/users/register
Request URI:	https://practice.expandtesting.com/notes/api/users/register
Request URI:	https://practice.expandtesting.com/notes/api/users/register
Request URI:	https://practice.expandtesting.com/notes/api/users/register
Request URI:	https://practice.expandtesting.com/notes/api/users/register
Request URI:	https://practice.expandtesting.com/notes/api/users/register
Request URI:	https://practice.expandtesting.com/notes/api/users/register
Request URI:	https://practice.expandtesting.com/notes/api/users/register
Request URI:	https://practice.expandtesting.com/notes/api/users/register
Request URI:	https://practice.expandtesting.com/notes/api/users/register
Request URI:	https://practice.expandtesting.com/notes/api/users/register
Request URI:	https://practice.expandtesting.com/notes/api/users/register
Request URI:	https://practice.expandtesting.com/notes/api/users/register
Request URI:	https://practice.expandtesting.com/notes/api/users/register
Request URI:	https://practice.expandtesting.com/notes/api/users/register
Request URI:	https://practice.expandtesting.com/notes/api/users/register
Request URI:	https://practice.expandtesting.com/notes/api/users/register
Request URI:	https://practice.expandtesting.com/notes/api/users/register
Request URI:	https://practice.expandtesting.com/notes/api/users/register
Request URI:	https://practice.expandtesting.com/notes/api/users/register
Request URI:	https://practice.expandtesting.com/notes/api/users/register
Request URI:	https://practice.expandtesting.com/notes/api/users/register
Request URI:	https://practice.expandtesting.com/notes/api/users/register
Request URI:	https://practice.expandtesting.com/notes/api/users/register
Request URI:	https://practice.expandtesting.com/notes/api/users/register
Request URI:	https://practice.expandtesting.com/notes/api/users/register
Request URI:	https://practice.expandtesting.com/notes/api/users/register
Request URI:	https://practice.expandtesting.com/notes/api/users/register
Request URI:	https://practice.expandtesting.com/notes/api/users/register
Request URI:	https://practice.expandtesting.com/notes/api/users/register
Request URI:	https://practice.expandtesting.com/notes/api/users/register
Request URI:	https://practice.expandtesting.com/notes/api/users/register
Request URI:	https://practice.expandtesting.com/notes/api/users/register
Request URI:	https://practice.expandtesting.com/notes/api/users/register
Request URI:	https://practice.expandtesting.com/notes/api/users/register
Request URI:	https://practice.expandtesting.com/notes/api/users/register
Request URI:	https://practice.expandtesting.com/notes/api/users/register
Request URI:	https://practice.expandtesting.com/notes/api/users/register
Request URI:	https://practice.expandtesting.com/notes/api/users/register
Request URI:	https://practice.expandtesting.com/notes/api/users/register
Request URI:	https://practice.expandtesting.com/notes/api/users/register
Request URI:	https://practice.expandtesting.com/notes/api/users/register
Request URI:	https://practice.expandtesting.com/notes/api/users/register
Request URI:	https://practice.expandtesting.com/notes/api/users/register
Request URI:	https://practice.expandtesting.com/notes/api/users/register
Request URI:	https://practice.expandtesting.com/notes/api/users/register
Request URI:	https://practice.expandtesting.com/notes/api/users/register
Request URI:	https://practice.expandtesting.com/notes/api/users/register
Request URI:	https://practice.expandtesting.com/notes/api/users/register
Request URI:	https://practice.expandtesting.com/notes/api/users/register
Request URI:	https://practice.expandtesting.com/notes/api/users/register
Request URI:	https://practice.expandtesting.com/notes/api/users/register
Request URI:	https://practice.expandtesting.com/notes/api/users/register
Request URI:	https://practice.expandtesting.com/notes/api/users/register
Request URI:	https://practice.expandtesting.com/notes/api/users/register
Request method:	POST
Request URI:	https://practice.expandtesting.com/notes/api/users/register
Proxy:			<none>
Request params:	<none>
Query params:	<none>
Form params:	<none>
Path params:	<none>
Headers:		X-Auth-Token=75953e25b57d4d45bc7c0d05d3b65ad55861deed87f344709bbc546d3b66bab8
				Accept=*/*
				Content-Type=application/json
Cookies:		<none>
Multiparts:		<none>
Body:
{
    "email": "",
    "password": "zspnpn6i",
    "name": "houston.wehner"
}
HTTP/1.1 400 Bad Request
access-control-allow-origin: *
access-control-allow-credentials: true
access-control-allow-methods: GET, POST, PUT, DELETE, PATCH
access-control-allow-headers: Origin, X-Requested-With, Authorization, Content-Type, Accept, X-Auth-Token
content-type: application/json; charset=utf-8
content-encoding: gzip
etag: W/"4c-2CHdrZOfnaVxbkWhhDN4H2L/4l8"
set-cookie: express:sess=eyJmbGFzaCI6e319; path=/; httponly
set-cookie: express:sess.sig=tdt42nQZiQvICqmrvHQ1_16fHk0; path=/; httponly
date: Sat, 19 Jul 2025 13:25:35 GMT
connection: keep-alive
keep-alive: timeout=5
transfer-encoding: chunked

{
    "success": false,
    "status": 400,
    "message": "A valid email address is required"
}
Request URI:	https://practice.expandtesting.com/notes/api/users/register
Request URI:	https://practice.expandtesting.com/notes/api/users/register
Request URI:	https://practice.expandtesting.com/notes/api/users/register
Request URI:	https://practice.expandtesting.com/notes/api/users/register
Request URI:	https://practice.expandtesting.com/notes/api/users/register
Request URI:	https://practice.expandtesting.com/notes/api/users/register
Request URI:	https://practice.expandtesting.com/notes/api/users/register
Request URI:	https://practice.expandtesting.com/notes/api/users/register
Request URI:	https://practice.expandtesting.com/notes/api/users/register
Request URI:	https://practice.expandtesting.com/notes/api/users/register
Request URI:	https://practice.expandtesting.com/notes/api/users/register
Request URI:	https://practice.expandtesting.com/notes/api/users/register
Request URI:	https://practice.expandtesting.com/notes/api/users/register
Request URI:	https://practice.expandtesting.com/notes/api/users/register
Request URI:	https://practice.expandtesting.com/notes/api/users/register
Request URI:	https://practice.expandtesting.com/notes/api/users/register
Request URI:	https://practice.expandtesting.com/notes/api/users/register
Request URI:	https://practice.expandtesting.com/notes/api/users/register
Request URI:	https://practice.expandtesting.com/notes/api/users/register
Request URI:	https://practice.expandtesting.com/notes/api/users/register
Request URI:	https://practice.expandtesting.com/notes/api/users/register
Request URI:	https://practice.expandtesting.com/notes/api/users/register
Request URI:	https://practice.expandtesting.com/notes/api/users/register
Request URI:	https://practice.expandtesting.com/notes/api/users/register
Request URI:	https://practice.expandtesting.com/notes/api/users/register
Request URI:	https://practice.expandtesting.com/notes/api/users/register
Request URI:	https://practice.expandtesting.com/notes/api/users/register
Request URI:	https://practice.expandtesting.com/notes/api/users/register
Request URI:	https://practice.expandtesting.com/notes/api/users/register
Request URI:	https://practice.expandtesting.com/notes/api/users/register
Request URI:	https://practice.expandtesting.com/notes/api/users/register
Request URI:	https://practice.expandtesting.com/notes/api/users/register
Request URI:	https://practice.expandtesting.com/notes/api/users/register
Request URI:	https://practice.expandtesting.com/notes/api/users/register
Request URI:	https://practice.expandtesting.com/notes/api/users/register
Request URI:	https://practice.expandtesting.com/notes/api/users/register
Request URI:	https://practice.expandtesting.com/notes/api/users/register
Request URI:	https://practice.expandtesting.com/notes/api/users/register
Request URI:	https://practice.expandtesting.com/notes/api/users/register
Request URI:	https://practice.expandtesting.com/notes/api/users/register
Request URI:	https://practice.expandtesting.com/notes/api/users/register
Request URI:	https://practice.expandtesting.com/notes/api/users/register
Request URI:	https://practice.expandtesting.com/notes/api/users/register
Request URI:	https://practice.expandtesting.com/notes/api/users/register
Request URI:	https://practice.expandtesting.com/notes/api/users/register
Request URI:	https://practice.expandtesting.com/notes/api/users/register
Request URI:	https://practice.expandtesting.com/notes/api/users/register
Request URI:	https://practice.expandtesting.com/notes/api/users/register
Request URI:	https://practice.expandtesting.com/notes/api/users/register
Request URI:	https://practice.expandtesting.com/notes/api/users/register
Request URI:	https://practice.expandtesting.com/notes/api/users/register
Request URI:	https://practice.expandtesting.com/notes/api/users/register
Request URI:	https://practice.expandtesting.com/notes/api/users/register
Request URI:	https://practice.expandtesting.com/notes/api/users/register
Request URI:	https://practice.expandtesting.com/notes/api/users/register
Request URI:	https://practice.expandtesting.com/notes/api/users/register
Request URI:	https://practice.expandtesting.com/notes/api/users/register
Request URI:	https://practice.expandtesting.com/notes/api/users/register
Request URI:	https://practice.expandtesting.com/notes/api/users/register
Request URI:	https://practice.expandtesting.com/notes/api/users/register
Request URI:	https://practice.expandtesting.com/notes/api/users/register
Request URI:	https://practice.expandtesting.com/notes/api/users/register
Request URI:	https://practice.expandtesting.com/notes/api/users/register
Request URI:	https://practice.expandtesting.com/notes/api/users/register
Request URI:	https://practice.expandtesting.com/notes/api/users/register
Request URI:	https://practice.expandtesting.com/notes/api/users/register
HTTP/1.1 201 Created
access-control-allow-origin: *
access-control-allow-credentials: true
access-control-allow-methods: GET, POST, PUT, DELETE, PATCH
access-control-allow-headers: Origin, X-Requested-With, Authorization, Content-Type, Accept, X-Auth-Token
content-type: application/json; charset=utf-8
content-encoding: gzip
etag: W/"af-evPDzJOVjak6GqrwBL8yfhCQAtE"
set-cookie: express:sess=eyJmbGFzaCI6e319; path=/; httponly
set-cookie: express:sess.sig=tdt42nQZiQvICqmrvHQ1_16fHk0; path=/; httponly
date: Sat, 19 Jul 2025 13:25:35 GMT
connection: keep-alive
keep-alive: timeout=5
transfer-encoding: chunked

{
    "success": true,
    "status": 201,
    "message": "User account created successfully",
    "data": {
        "id": "687b9ccf9d1b4b028865d917",
        "name": "clark.runte",
        "email": "kimberlie.witting@gmail.com"
    }
}
Request URI:	https://practice.expandtesting.com/notes/api/users/login
Request URI:	https://practice.expandtesting.com/notes/api/users/login
Request URI:	https://practice.expandtesting.com/notes/api/users/login
Request URI:	https://practice.expandtesting.com/notes/api/users/login
Request URI:	https://practice.expandtesting.com/notes/api/users/login
Request URI:	https://practice.expandtesting.com/notes/api/users/login
Request URI:	https://practice.expandtesting.com/notes/api/users/login
Request URI:	https://practice.expandtesting.com/notes/api/users/login
Request URI:	https://practice.expandtesting.com/notes/api/users/login
Request URI:	https://practice.expandtesting.com/notes/api/users/login
Request URI:	https://practice.expandtesting.com/notes/api/users/login
Request URI:	https://practice.expandtesting.com/notes/api/users/login
Request URI:	https://practice.expandtesting.com/notes/api/users/login
Request URI:	https://practice.expandtesting.com/notes/api/users/login
Request URI:	https://practice.expandtesting.com/notes/api/users/login
Request URI:	https://practice.expandtesting.com/notes/api/users/login
Request URI:	https://practice.expandtesting.com/notes/api/users/login
Request URI:	https://practice.expandtesting.com/notes/api/users/login
Request URI:	https://practice.expandtesting.com/notes/api/users/login
Request URI:	https://practice.expandtesting.com/notes/api/users/login
Request URI:	https://practice.expandtesting.com/notes/api/users/login
Request URI:	https://practice.expandtesting.com/notes/api/users/login
Request URI:	https://practice.expandtesting.com/notes/api/users/login
Request URI:	https://practice.expandtesting.com/notes/api/users/login
Request URI:	https://practice.expandtesting.com/notes/api/users/login
Request URI:	https://practice.expandtesting.com/notes/api/users/login
Request URI:	https://practice.expandtesting.com/notes/api/users/login
Request URI:	https://practice.expandtesting.com/notes/api/users/login
Request URI:	https://practice.expandtesting.com/notes/api/users/login
Request URI:	https://practice.expandtesting.com/notes/api/users/login
Request URI:	https://practice.expandtesting.com/notes/api/users/login
Request URI:	https://practice.expandtesting.com/notes/api/users/login
Request URI:	https://practice.expandtesting.com/notes/api/users/login
Request URI:	https://practice.expandtesting.com/notes/api/users/login
Request URI:	https://practice.expandtesting.com/notes/api/users/login
Request URI:	https://practice.expandtesting.com/notes/api/users/login
Request URI:	https://practice.expandtesting.com/notes/api/users/login
Request URI:	https://practice.expandtesting.com/notes/api/users/login
Request URI:	https://practice.expandtesting.com/notes/api/users/login
Request URI:	https://practice.expandtesting.com/notes/api/users/login
Request URI:	https://practice.expandtesting.com/notes/api/users/login
Request URI:	https://practice.expandtesting.com/notes/api/users/login
Request URI:	https://practice.expandtesting.com/notes/api/users/login
Request URI:	https://practice.expandtesting.com/notes/api/users/login
Request URI:	https://practice.expandtesting.com/notes/api/users/login
Request URI:	https://practice.expandtesting.com/notes/api/users/login
Request URI:	https://practice.expandtesting.com/notes/api/users/login
Request URI:	https://practice.expandtesting.com/notes/api/users/login
Request URI:	https://practice.expandtesting.com/notes/api/users/login
Request URI:	https://practice.expandtesting.com/notes/api/users/login
Request URI:	https://practice.expandtesting.com/notes/api/users/login
Request URI:	https://practice.expandtesting.com/notes/api/users/login
Request URI:	https://practice.expandtesting.com/notes/api/users/login
Request URI:	https://practice.expandtesting.com/notes/api/users/login
Request URI:	https://practice.expandtesting.com/notes/api/users/login
Request URI:	https://practice.expandtesting.com/notes/api/users/login
Request URI:	https://practice.expandtesting.com/notes/api/users/login
Request URI:	https://practice.expandtesting.com/notes/api/users/login
Request URI:	https://practice.expandtesting.com/notes/api/users/login
Request URI:	https://practice.expandtesting.com/notes/api/users/login
Request URI:	https://practice.expandtesting.com/notes/api/users/login
Request URI:	https://practice.expandtesting.com/notes/api/users/login
Request URI:	https://practice.expandtesting.com/notes/api/users/login
Request URI:	https://practice.expandtesting.com/notes/api/users/login
Request URI:	https://practice.expandtesting.com/notes/api/users/login
Request URI:	https://practice.expandtesting.com/notes/api/users/login
HTTP/1.1 200 OK
access-control-allow-origin: *
access-control-allow-credentials: true
access-control-allow-methods: GET, POST, PUT, DELETE, PATCH
access-control-allow-headers: Origin, X-Requested-With, Authorization, Content-Type, Accept, X-Auth-Token
content-type: application/json; charset=utf-8
content-encoding: gzip
etag: W/"e9-s5BHpsKrODztUoA9om3kIvjuL/w"
set-cookie: express:sess=eyJmbGFzaCI6e319; path=/; httponly
set-cookie: express:sess.sig=tdt42nQZiQvICqmrvHQ1_16fHk0; path=/; httponly
date: Sat, 19 Jul 2025 13:25:36 GMT
connection: keep-alive
keep-alive: timeout=5
transfer-encoding: chunked

{
    "success": true,
    "status": 200,
    "message": "Login successful",
    "data": {
        "id": "687b9ccf9d1b4b028865d917",
        "name": "clark.runte",
        "email": "kimberlie.witting@gmail.com",
        "token": "c3310ef6401640d498ee3524a4acedf44e436199c8044e8fad365bf8873bc811"
    }
}
Request URI:	https://practice.expandtesting.com/notes/api/users/register
Request URI:	https://practice.expandtesting.com/notes/api/users/register
Request URI:	https://practice.expandtesting.com/notes/api/users/register
Request URI:	https://practice.expandtesting.com/notes/api/users/register
Request URI:	https://practice.expandtesting.com/notes/api/users/register
Request URI:	https://practice.expandtesting.com/notes/api/users/register
Request URI:	https://practice.expandtesting.com/notes/api/users/register
Request URI:	https://practice.expandtesting.com/notes/api/users/register
Request URI:	https://practice.expandtesting.com/notes/api/users/register
Request URI:	https://practice.expandtesting.com/notes/api/users/register
Request URI:	https://practice.expandtesting.com/notes/api/users/register
Request URI:	https://practice.expandtesting.com/notes/api/users/register
Request URI:	https://practice.expandtesting.com/notes/api/users/register
Request URI:	https://practice.expandtesting.com/notes/api/users/register
Request URI:	https://practice.expandtesting.com/notes/api/users/register
Request URI:	https://practice.expandtesting.com/notes/api/users/register
Request URI:	https://practice.expandtesting.com/notes/api/users/register
Request URI:	https://practice.expandtesting.com/notes/api/users/register
Request URI:	https://practice.expandtesting.com/notes/api/users/register
Request URI:	https://practice.expandtesting.com/notes/api/users/register
Request URI:	https://practice.expandtesting.com/notes/api/users/register
Request URI:	https://practice.expandtesting.com/notes/api/users/register
Request URI:	https://practice.expandtesting.com/notes/api/users/register
Request URI:	https://practice.expandtesting.com/notes/api/users/register
Request URI:	https://practice.expandtesting.com/notes/api/users/register
Request URI:	https://practice.expandtesting.com/notes/api/users/register
Request URI:	https://practice.expandtesting.com/notes/api/users/register
Request URI:	https://practice.expandtesting.com/notes/api/users/register
Request URI:	https://practice.expandtesting.com/notes/api/users/register
Request URI:	https://practice.expandtesting.com/notes/api/users/register
Request URI:	https://practice.expandtesting.com/notes/api/users/register
Request URI:	https://practice.expandtesting.com/notes/api/users/register
Request URI:	https://practice.expandtesting.com/notes/api/users/register
Request URI:	https://practice.expandtesting.com/notes/api/users/register
Request URI:	https://practice.expandtesting.com/notes/api/users/register
Request URI:	https://practice.expandtesting.com/notes/api/users/register
Request URI:	https://practice.expandtesting.com/notes/api/users/register
Request URI:	https://practice.expandtesting.com/notes/api/users/register
Request URI:	https://practice.expandtesting.com/notes/api/users/register
Request URI:	https://practice.expandtesting.com/notes/api/users/register
Request URI:	https://practice.expandtesting.com/notes/api/users/register
Request URI:	https://practice.expandtesting.com/notes/api/users/register
Request URI:	https://practice.expandtesting.com/notes/api/users/register
Request URI:	https://practice.expandtesting.com/notes/api/users/register
Request URI:	https://practice.expandtesting.com/notes/api/users/register
Request URI:	https://practice.expandtesting.com/notes/api/users/register
Request URI:	https://practice.expandtesting.com/notes/api/users/register
Request URI:	https://practice.expandtesting.com/notes/api/users/register
Request URI:	https://practice.expandtesting.com/notes/api/users/register
Request URI:	https://practice.expandtesting.com/notes/api/users/register
Request URI:	https://practice.expandtesting.com/notes/api/users/register
Request URI:	https://practice.expandtesting.com/notes/api/users/register
Request URI:	https://practice.expandtesting.com/notes/api/users/register
Request URI:	https://practice.expandtesting.com/notes/api/users/register
Request URI:	https://practice.expandtesting.com/notes/api/users/register
Request URI:	https://practice.expandtesting.com/notes/api/users/register
Request URI:	https://practice.expandtesting.com/notes/api/users/register
Request URI:	https://practice.expandtesting.com/notes/api/users/register
Request URI:	https://practice.expandtesting.com/notes/api/users/register
Request URI:	https://practice.expandtesting.com/notes/api/users/register
Request URI:	https://practice.expandtesting.com/notes/api/users/register
Request URI:	https://practice.expandtesting.com/notes/api/users/register
Request URI:	https://practice.expandtesting.com/notes/api/users/register
Request URI:	https://practice.expandtesting.com/notes/api/users/register
Request URI:	https://practice.expandtesting.com/notes/api/users/register
Request URI:	https://practice.expandtesting.com/notes/api/users/register
Request method:	POST
Request URI:	https://practice.expandtesting.com/notes/api/users/register
Proxy:			<none>
Request params:	<none>
Query params:	<none>
Form params:	<none>
Path params:	<none>
Headers:		X-Auth-Token=c3310ef6401640d498ee3524a4acedf44e436199c8044e8fad365bf8873bc811
				Accept=*/*
				Content-Type=application/json
Cookies:		<none>
Multiparts:		<none>
Body:
{
    "email": "sergej.ocheretko1@gmail.com",
    "password": "rwqe7hdv1ip",
    "name": "clark.runte"
}
HTTP/1.1 409 Conflict
access-control-allow-origin: *
access-control-allow-credentials: true
access-control-allow-methods: GET, POST, PUT, DELETE, PATCH
access-control-allow-headers: Origin, X-Requested-With, Authorization, Content-Type, Accept, X-Auth-Token
content-type: application/json; charset=utf-8
content-encoding: gzip
etag: W/"60-1FDx49viOvdCVw+AmA0rzVYpPoA"
set-cookie: express:sess=eyJmbGFzaCI6e319; path=/; httponly
set-cookie: express:sess.sig=tdt42nQZiQvICqmrvHQ1_16fHk0; path=/; httponly
date: Sat, 19 Jul 2025 13:25:37 GMT
connection: keep-alive
keep-alive: timeout=5
transfer-encoding: chunked

{
    "success": false,
    "status": 409,
    "message": "An account already exists with the same email address"
}
Request URI:	https://practice.expandtesting.com/notes/api/users/register
Request URI:	https://practice.expandtesting.com/notes/api/users/register
Request URI:	https://practice.expandtesting.com/notes/api/users/register
Request URI:	https://practice.expandtesting.com/notes/api/users/register
Request URI:	https://practice.expandtesting.com/notes/api/users/register
Request URI:	https://practice.expandtesting.com/notes/api/users/register
Request URI:	https://practice.expandtesting.com/notes/api/users/register
Request URI:	https://practice.expandtesting.com/notes/api/users/register
Request URI:	https://practice.expandtesting.com/notes/api/users/register
Request URI:	https://practice.expandtesting.com/notes/api/users/register
Request URI:	https://practice.expandtesting.com/notes/api/users/register
Request URI:	https://practice.expandtesting.com/notes/api/users/register
Request URI:	https://practice.expandtesting.com/notes/api/users/register
Request URI:	https://practice.expandtesting.com/notes/api/users/register
Request URI:	https://practice.expandtesting.com/notes/api/users/register
Request URI:	https://practice.expandtesting.com/notes/api/users/register
Request URI:	https://practice.expandtesting.com/notes/api/users/register
Request URI:	https://practice.expandtesting.com/notes/api/users/register
Request URI:	https://practice.expandtesting.com/notes/api/users/register
Request URI:	https://practice.expandtesting.com/notes/api/users/register
Request URI:	https://practice.expandtesting.com/notes/api/users/register
Request URI:	https://practice.expandtesting.com/notes/api/users/register
Request URI:	https://practice.expandtesting.com/notes/api/users/register
Request URI:	https://practice.expandtesting.com/notes/api/users/register
Request URI:	https://practice.expandtesting.com/notes/api/users/register
Request URI:	https://practice.expandtesting.com/notes/api/users/register
Request URI:	https://practice.expandtesting.com/notes/api/users/register
Request URI:	https://practice.expandtesting.com/notes/api/users/register
Request URI:	https://practice.expandtesting.com/notes/api/users/register
Request URI:	https://practice.expandtesting.com/notes/api/users/register
Request URI:	https://practice.expandtesting.com/notes/api/users/register
Request URI:	https://practice.expandtesting.com/notes/api/users/register
Request URI:	https://practice.expandtesting.com/notes/api/users/register
Request URI:	https://practice.expandtesting.com/notes/api/users/register
Request URI:	https://practice.expandtesting.com/notes/api/users/register
Request URI:	https://practice.expandtesting.com/notes/api/users/register
Request URI:	https://practice.expandtesting.com/notes/api/users/register
Request URI:	https://practice.expandtesting.com/notes/api/users/register
Request URI:	https://practice.expandtesting.com/notes/api/users/register
Request URI:	https://practice.expandtesting.com/notes/api/users/register
Request URI:	https://practice.expandtesting.com/notes/api/users/register
Request URI:	https://practice.expandtesting.com/notes/api/users/register
Request URI:	https://practice.expandtesting.com/notes/api/users/register
Request URI:	https://practice.expandtesting.com/notes/api/users/register
Request URI:	https://practice.expandtesting.com/notes/api/users/register
Request URI:	https://practice.expandtesting.com/notes/api/users/register
Request URI:	https://practice.expandtesting.com/notes/api/users/register
Request URI:	https://practice.expandtesting.com/notes/api/users/register
Request URI:	https://practice.expandtesting.com/notes/api/users/register
Request URI:	https://practice.expandtesting.com/notes/api/users/register
Request URI:	https://practice.expandtesting.com/notes/api/users/register
Request URI:	https://practice.expandtesting.com/notes/api/users/register
Request URI:	https://practice.expandtesting.com/notes/api/users/register
Request URI:	https://practice.expandtesting.com/notes/api/users/register
Request URI:	https://practice.expandtesting.com/notes/api/users/register
Request URI:	https://practice.expandtesting.com/notes/api/users/register
Request URI:	https://practice.expandtesting.com/notes/api/users/register
Request URI:	https://practice.expandtesting.com/notes/api/users/register
Request URI:	https://practice.expandtesting.com/notes/api/users/register
Request URI:	https://practice.expandtesting.com/notes/api/users/register
Request URI:	https://practice.expandtesting.com/notes/api/users/register
Request URI:	https://practice.expandtesting.com/notes/api/users/register
Request URI:	https://practice.expandtesting.com/notes/api/users/register
Request URI:	https://practice.expandtesting.com/notes/api/users/register
Request URI:	https://practice.expandtesting.com/notes/api/users/register
Request URI:	https://practice.expandtesting.com/notes/api/users/register
Request URI:	https://practice.expandtesting.com/notes/api/users/register
HTTP/1.1 201 Created
access-control-allow-origin: *
access-control-allow-credentials: true
access-control-allow-methods: GET, POST, PUT, DELETE, PATCH
access-control-allow-headers: Origin, X-Requested-With, Authorization, Content-Type, Accept, X-Auth-Token
content-type: application/json; charset=utf-8
content-encoding: gzip
etag: W/"ad-kdGcjgozS6/A+eq8LYaR+MYocY0"
set-cookie: express:sess=eyJmbGFzaCI6e319; path=/; httponly
set-cookie: express:sess.sig=tdt42nQZiQvICqmrvHQ1_16fHk0; path=/; httponly
date: Sat, 19 Jul 2025 13:25:37 GMT
connection: keep-alive
keep-alive: timeout=5
transfer-encoding: chunked

{
    "success": true,
    "status": 201,
    "message": "User account created successfully",
    "data": {
        "id": "687b9cd19d1b4b028865d91f",
        "name": "benjamin.cassin",
        "email": "juana.ebert@yahoo.com"
    }
}
Request URI:	https://practice.expandtesting.com/notes/api/users/login
Request URI:	https://practice.expandtesting.com/notes/api/users/login
Request URI:	https://practice.expandtesting.com/notes/api/users/login
Request URI:	https://practice.expandtesting.com/notes/api/users/login
Request URI:	https://practice.expandtesting.com/notes/api/users/login
Request URI:	https://practice.expandtesting.com/notes/api/users/login
Request URI:	https://practice.expandtesting.com/notes/api/users/login
Request URI:	https://practice.expandtesting.com/notes/api/users/login
Request URI:	https://practice.expandtesting.com/notes/api/users/login
Request URI:	https://practice.expandtesting.com/notes/api/users/login
Request URI:	https://practice.expandtesting.com/notes/api/users/login
Request URI:	https://practice.expandtesting.com/notes/api/users/login
Request URI:	https://practice.expandtesting.com/notes/api/users/login
Request URI:	https://practice.expandtesting.com/notes/api/users/login
Request URI:	https://practice.expandtesting.com/notes/api/users/login
Request URI:	https://practice.expandtesting.com/notes/api/users/login
Request URI:	https://practice.expandtesting.com/notes/api/users/login
Request URI:	https://practice.expandtesting.com/notes/api/users/login
Request URI:	https://practice.expandtesting.com/notes/api/users/login
Request URI:	https://practice.expandtesting.com/notes/api/users/login
Request URI:	https://practice.expandtesting.com/notes/api/users/login
Request URI:	https://practice.expandtesting.com/notes/api/users/login
Request URI:	https://practice.expandtesting.com/notes/api/users/login
Request URI:	https://practice.expandtesting.com/notes/api/users/login
Request URI:	https://practice.expandtesting.com/notes/api/users/login
Request URI:	https://practice.expandtesting.com/notes/api/users/login
Request URI:	https://practice.expandtesting.com/notes/api/users/login
Request URI:	https://practice.expandtesting.com/notes/api/users/login
Request URI:	https://practice.expandtesting.com/notes/api/users/login
Request URI:	https://practice.expandtesting.com/notes/api/users/login
Request URI:	https://practice.expandtesting.com/notes/api/users/login
Request URI:	https://practice.expandtesting.com/notes/api/users/login
Request URI:	https://practice.expandtesting.com/notes/api/users/login
Request URI:	https://practice.expandtesting.com/notes/api/users/login
Request URI:	https://practice.expandtesting.com/notes/api/users/login
Request URI:	https://practice.expandtesting.com/notes/api/users/login
Request URI:	https://practice.expandtesting.com/notes/api/users/login
Request URI:	https://practice.expandtesting.com/notes/api/users/login
Request URI:	https://practice.expandtesting.com/notes/api/users/login
Request URI:	https://practice.expandtesting.com/notes/api/users/login
Request URI:	https://practice.expandtesting.com/notes/api/users/login
Request URI:	https://practice.expandtesting.com/notes/api/users/login
Request URI:	https://practice.expandtesting.com/notes/api/users/login
Request URI:	https://practice.expandtesting.com/notes/api/users/login
Request URI:	https://practice.expandtesting.com/notes/api/users/login
Request URI:	https://practice.expandtesting.com/notes/api/users/login
Request URI:	https://practice.expandtesting.com/notes/api/users/login
Request URI:	https://practice.expandtesting.com/notes/api/users/login
Request URI:	https://practice.expandtesting.com/notes/api/users/login
Request URI:	https://practice.expandtesting.com/notes/api/users/login
Request URI:	https://practice.expandtesting.com/notes/api/users/login
Request URI:	https://practice.expandtesting.com/notes/api/users/login
Request URI:	https://practice.expandtesting.com/notes/api/users/login
Request URI:	https://practice.expandtesting.com/notes/api/users/login
Request URI:	https://practice.expandtesting.com/notes/api/users/login
Request URI:	https://practice.expandtesting.com/notes/api/users/login
Request URI:	https://practice.expandtesting.com/notes/api/users/login
Request URI:	https://practice.expandtesting.com/notes/api/users/login
Request URI:	https://practice.expandtesting.com/notes/api/users/login
Request URI:	https://practice.expandtesting.com/notes/api/users/login
Request URI:	https://practice.expandtesting.com/notes/api/users/login
Request URI:	https://practice.expandtesting.com/notes/api/users/login
Request URI:	https://practice.expandtesting.com/notes/api/users/login
Request URI:	https://practice.expandtesting.com/notes/api/users/login
Request URI:	https://practice.expandtesting.com/notes/api/users/login
Request URI:	https://practice.expandtesting.com/notes/api/users/login
Request URI:	https://practice.expandtesting.com/notes/api/users/login
HTTP/1.1 200 OK
access-control-allow-origin: *
access-control-allow-credentials: true
access-control-allow-methods: GET, POST, PUT, DELETE, PATCH
access-control-allow-headers: Origin, X-Requested-With, Authorization, Content-Type, Accept, X-Auth-Token
content-type: application/json; charset=utf-8
content-encoding: gzip
etag: W/"e7-aXS5M6u9l8XDnWz1y6HbgcXWrs4"
set-cookie: express:sess=eyJmbGFzaCI6e319; path=/; httponly
set-cookie: express:sess.sig=tdt42nQZiQvICqmrvHQ1_16fHk0; path=/; httponly
date: Sat, 19 Jul 2025 13:25:38 GMT
connection: keep-alive
keep-alive: timeout=5
transfer-encoding: chunked

{
    "success": true,
    "status": 200,
    "message": "Login successful",
    "data": {
        "id": "687b9cd19d1b4b028865d91f",
        "name": "benjamin.cassin",
        "email": "juana.ebert@yahoo.com",
        "token": "130b54e0ac6348b089c291a146da7b5660494aad6e724fb5985227f8154dcd15"
    }
}
Request URI:	https://practice.expandtesting.com/notes/api/users/register
Request URI:	https://practice.expandtesting.com/notes/api/users/register
Request URI:	https://practice.expandtesting.com/notes/api/users/register
Request URI:	https://practice.expandtesting.com/notes/api/users/register
Request URI:	https://practice.expandtesting.com/notes/api/users/register
Request URI:	https://practice.expandtesting.com/notes/api/users/register
Request URI:	https://practice.expandtesting.com/notes/api/users/register
Request URI:	https://practice.expandtesting.com/notes/api/users/register
Request URI:	https://practice.expandtesting.com/notes/api/users/register
Request URI:	https://practice.expandtesting.com/notes/api/users/register
Request URI:	https://practice.expandtesting.com/notes/api/users/register
Request URI:	https://practice.expandtesting.com/notes/api/users/register
Request URI:	https://practice.expandtesting.com/notes/api/users/register
Request URI:	https://practice.expandtesting.com/notes/api/users/register
Request URI:	https://practice.expandtesting.com/notes/api/users/register
Request URI:	https://practice.expandtesting.com/notes/api/users/register
Request URI:	https://practice.expandtesting.com/notes/api/users/register
Request URI:	https://practice.expandtesting.com/notes/api/users/register
Request URI:	https://practice.expandtesting.com/notes/api/users/register
Request URI:	https://practice.expandtesting.com/notes/api/users/register
Request URI:	https://practice.expandtesting.com/notes/api/users/register
Request URI:	https://practice.expandtesting.com/notes/api/users/register
Request URI:	https://practice.expandtesting.com/notes/api/users/register
Request URI:	https://practice.expandtesting.com/notes/api/users/register
Request URI:	https://practice.expandtesting.com/notes/api/users/register
Request URI:	https://practice.expandtesting.com/notes/api/users/register
Request URI:	https://practice.expandtesting.com/notes/api/users/register
Request URI:	https://practice.expandtesting.com/notes/api/users/register
Request URI:	https://practice.expandtesting.com/notes/api/users/register
Request URI:	https://practice.expandtesting.com/notes/api/users/register
Request URI:	https://practice.expandtesting.com/notes/api/users/register
Request URI:	https://practice.expandtesting.com/notes/api/users/register
Request URI:	https://practice.expandtesting.com/notes/api/users/register
Request URI:	https://practice.expandtesting.com/notes/api/users/register
Request URI:	https://practice.expandtesting.com/notes/api/users/register
Request URI:	https://practice.expandtesting.com/notes/api/users/register
Request URI:	https://practice.expandtesting.com/notes/api/users/register
Request URI:	https://practice.expandtesting.com/notes/api/users/register
Request URI:	https://practice.expandtesting.com/notes/api/users/register
Request URI:	https://practice.expandtesting.com/notes/api/users/register
Request URI:	https://practice.expandtesting.com/notes/api/users/register
Request URI:	https://practice.expandtesting.com/notes/api/users/register
Request URI:	https://practice.expandtesting.com/notes/api/users/register
Request URI:	https://practice.expandtesting.com/notes/api/users/register
Request URI:	https://practice.expandtesting.com/notes/api/users/register
Request URI:	https://practice.expandtesting.com/notes/api/users/register
Request URI:	https://practice.expandtesting.com/notes/api/users/register
Request URI:	https://practice.expandtesting.com/notes/api/users/register
Request URI:	https://practice.expandtesting.com/notes/api/users/register
Request URI:	https://practice.expandtesting.com/notes/api/users/register
Request URI:	https://practice.expandtesting.com/notes/api/users/register
Request URI:	https://practice.expandtesting.com/notes/api/users/register
Request URI:	https://practice.expandtesting.com/notes/api/users/register
Request URI:	https://practice.expandtesting.com/notes/api/users/register
Request URI:	https://practice.expandtesting.com/notes/api/users/register
Request URI:	https://practice.expandtesting.com/notes/api/users/register
Request URI:	https://practice.expandtesting.com/notes/api/users/register
Request URI:	https://practice.expandtesting.com/notes/api/users/register
Request URI:	https://practice.expandtesting.com/notes/api/users/register
Request URI:	https://practice.expandtesting.com/notes/api/users/register
Request URI:	https://practice.expandtesting.com/notes/api/users/register
Request URI:	https://practice.expandtesting.com/notes/api/users/register
Request URI:	https://practice.expandtesting.com/notes/api/users/register
Request URI:	https://practice.expandtesting.com/notes/api/users/register
Request URI:	https://practice.expandtesting.com/notes/api/users/register
Request URI:	https://practice.expandtesting.com/notes/api/users/register
Request URI:	https://practice.expandtesting.com/notes/api/users/register
Request method:	POST
Request URI:	https://practice.expandtesting.com/notes/api/users/register
Proxy:			<none>
Request params:	<none>
Query params:	<none>
Form params:	<none>
Path params:	<none>
Headers:		X-Auth-Token=130b54e0ac6348b089c291a146da7b5660494aad6e724fb5985227f8154dcd15
				Accept=*/*
				Content-Type=application/json
Cookies:		<none>
Multiparts:		<none>
Body:
{
    "email": "juana.ebert@yahoo.com",
    "password": "fre",
    "name": "benjamin.cassin"
}
HTTP/1.1 400 Bad Request
access-control-allow-origin: *
access-control-allow-credentials: true
access-control-allow-methods: GET, POST, PUT, DELETE, PATCH
access-control-allow-headers: Origin, X-Requested-With, Authorization, Content-Type, Accept, X-Auth-Token
content-type: application/json; charset=utf-8
content-encoding: gzip
etag: W/"57-ga9Obemf7qKhR/hJ6piFBY3CIZ0"
set-cookie: express:sess=eyJmbGFzaCI6e319; path=/; httponly
set-cookie: express:sess.sig=tdt42nQZiQvICqmrvHQ1_16fHk0; path=/; httponly
date: Sat, 19 Jul 2025 13:25:39 GMT
connection: keep-alive
keep-alive: timeout=5
transfer-encoding: chunked

{
    "success": false,
    "status": 400,
    "message": "Password must be between 6 and 30 characters"
}
Request URI:	https://practice.expandtesting.com/notes/api/users/register
Request URI:	https://practice.expandtesting.com/notes/api/users/register
Request URI:	https://practice.expandtesting.com/notes/api/users/register
Request URI:	https://practice.expandtesting.com/notes/api/users/register
Request URI:	https://practice.expandtesting.com/notes/api/users/register
Request URI:	https://practice.expandtesting.com/notes/api/users/register
Request URI:	https://practice.expandtesting.com/notes/api/users/register
Request URI:	https://practice.expandtesting.com/notes/api/users/register
Request URI:	https://practice.expandtesting.com/notes/api/users/register
Request URI:	https://practice.expandtesting.com/notes/api/users/register
Request URI:	https://practice.expandtesting.com/notes/api/users/register
Request URI:	https://practice.expandtesting.com/notes/api/users/register
Request URI:	https://practice.expandtesting.com/notes/api/users/register
Request URI:	https://practice.expandtesting.com/notes/api/users/register
Request URI:	https://practice.expandtesting.com/notes/api/users/register
Request URI:	https://practice.expandtesting.com/notes/api/users/register
Request URI:	https://practice.expandtesting.com/notes/api/users/register
Request URI:	https://practice.expandtesting.com/notes/api/users/register
Request URI:	https://practice.expandtesting.com/notes/api/users/register
Request URI:	https://practice.expandtesting.com/notes/api/users/register
Request URI:	https://practice.expandtesting.com/notes/api/users/register
Request URI:	https://practice.expandtesting.com/notes/api/users/register
Request URI:	https://practice.expandtesting.com/notes/api/users/register
Request URI:	https://practice.expandtesting.com/notes/api/users/register
Request URI:	https://practice.expandtesting.com/notes/api/users/register
Request URI:	https://practice.expandtesting.com/notes/api/users/register
Request URI:	https://practice.expandtesting.com/notes/api/users/register
Request URI:	https://practice.expandtesting.com/notes/api/users/register
Request URI:	https://practice.expandtesting.com/notes/api/users/register
Request URI:	https://practice.expandtesting.com/notes/api/users/register
Request URI:	https://practice.expandtesting.com/notes/api/users/register
Request URI:	https://practice.expandtesting.com/notes/api/users/register
Request URI:	https://practice.expandtesting.com/notes/api/users/register
Request URI:	https://practice.expandtesting.com/notes/api/users/register
Request URI:	https://practice.expandtesting.com/notes/api/users/register
Request URI:	https://practice.expandtesting.com/notes/api/users/register
Request URI:	https://practice.expandtesting.com/notes/api/users/register
Request URI:	https://practice.expandtesting.com/notes/api/users/register
Request URI:	https://practice.expandtesting.com/notes/api/users/register
Request URI:	https://practice.expandtesting.com/notes/api/users/register
Request URI:	https://practice.expandtesting.com/notes/api/users/register
Request URI:	https://practice.expandtesting.com/notes/api/users/register
Request URI:	https://practice.expandtesting.com/notes/api/users/register
Request URI:	https://practice.expandtesting.com/notes/api/users/register
Request URI:	https://practice.expandtesting.com/notes/api/users/register
Request URI:	https://practice.expandtesting.com/notes/api/users/register
Request URI:	https://practice.expandtesting.com/notes/api/users/register
Request URI:	https://practice.expandtesting.com/notes/api/users/register
Request URI:	https://practice.expandtesting.com/notes/api/users/register
Request URI:	https://practice.expandtesting.com/notes/api/users/register
Request URI:	https://practice.expandtesting.com/notes/api/users/register
Request URI:	https://practice.expandtesting.com/notes/api/users/register
Request URI:	https://practice.expandtesting.com/notes/api/users/register
Request URI:	https://practice.expandtesting.com/notes/api/users/register
Request URI:	https://practice.expandtesting.com/notes/api/users/register
Request URI:	https://practice.expandtesting.com/notes/api/users/register
Request URI:	https://practice.expandtesting.com/notes/api/users/register
Request URI:	https://practice.expandtesting.com/notes/api/users/register
Request URI:	https://practice.expandtesting.com/notes/api/users/register
Request URI:	https://practice.expandtesting.com/notes/api/users/register
Request URI:	https://practice.expandtesting.com/notes/api/users/register
Request URI:	https://practice.expandtesting.com/notes/api/users/register
Request URI:	https://practice.expandtesting.com/notes/api/users/register
Request URI:	https://practice.expandtesting.com/notes/api/users/register
Request URI:	https://practice.expandtesting.com/notes/api/users/register
Request URI:	https://practice.expandtesting.com/notes/api/users/register
Request URI:	https://practice.expandtesting.com/notes/api/users/register
Request URI:	https://practice.expandtesting.com/notes/api/users/register
HTTP/1.1 201 Created
access-control-allow-origin: *
access-control-allow-credentials: true
access-control-allow-methods: GET, POST, PUT, DELETE, PATCH
access-control-allow-headers: Origin, X-Requested-With, Authorization, Content-Type, Accept, X-Auth-Token
content-type: application/json; charset=utf-8
content-encoding: gzip
etag: W/"ac-TVaAnkHvko+i+tfDaYw+V8azixk"
set-cookie: express:sess=eyJmbGFzaCI6e319; path=/; httponly
set-cookie: express:sess.sig=tdt42nQZiQvICqmrvHQ1_16fHk0; path=/; httponly
date: Sat, 19 Jul 2025 13:25:40 GMT
connection: keep-alive
keep-alive: timeout=5
transfer-encoding: chunked

{
    "success": true,
    "status": 201,
    "message": "User account created successfully",
    "data": {
        "id": "687b9cd49d1b4b028865d926",
        "name": "angel.gerhold",
        "email": "lilian.boehm@yahoo.com"
    }
}
Request URI:	https://practice.expandtesting.com/notes/api/users/login
Request URI:	https://practice.expandtesting.com/notes/api/users/login
Request URI:	https://practice.expandtesting.com/notes/api/users/login
Request URI:	https://practice.expandtesting.com/notes/api/users/login
Request URI:	https://practice.expandtesting.com/notes/api/users/login
Request URI:	https://practice.expandtesting.com/notes/api/users/login
Request URI:	https://practice.expandtesting.com/notes/api/users/login
Request URI:	https://practice.expandtesting.com/notes/api/users/login
Request URI:	https://practice.expandtesting.com/notes/api/users/login
Request URI:	https://practice.expandtesting.com/notes/api/users/login
Request URI:	https://practice.expandtesting.com/notes/api/users/login
Request URI:	https://practice.expandtesting.com/notes/api/users/login
Request URI:	https://practice.expandtesting.com/notes/api/users/login
Request URI:	https://practice.expandtesting.com/notes/api/users/login
Request URI:	https://practice.expandtesting.com/notes/api/users/login
Request URI:	https://practice.expandtesting.com/notes/api/users/login
Request URI:	https://practice.expandtesting.com/notes/api/users/login
Request URI:	https://practice.expandtesting.com/notes/api/users/login
Request URI:	https://practice.expandtesting.com/notes/api/users/login
Request URI:	https://practice.expandtesting.com/notes/api/users/login
Request URI:	https://practice.expandtesting.com/notes/api/users/login
Request URI:	https://practice.expandtesting.com/notes/api/users/login
Request URI:	https://practice.expandtesting.com/notes/api/users/login
Request URI:	https://practice.expandtesting.com/notes/api/users/login
Request URI:	https://practice.expandtesting.com/notes/api/users/login
Request URI:	https://practice.expandtesting.com/notes/api/users/login
Request URI:	https://practice.expandtesting.com/notes/api/users/login
Request URI:	https://practice.expandtesting.com/notes/api/users/login
Request URI:	https://practice.expandtesting.com/notes/api/users/login
Request URI:	https://practice.expandtesting.com/notes/api/users/login
Request URI:	https://practice.expandtesting.com/notes/api/users/login
Request URI:	https://practice.expandtesting.com/notes/api/users/login
Request URI:	https://practice.expandtesting.com/notes/api/users/login
Request URI:	https://practice.expandtesting.com/notes/api/users/login
Request URI:	https://practice.expandtesting.com/notes/api/users/login
Request URI:	https://practice.expandtesting.com/notes/api/users/login
Request URI:	https://practice.expandtesting.com/notes/api/users/login
Request URI:	https://practice.expandtesting.com/notes/api/users/login
Request URI:	https://practice.expandtesting.com/notes/api/users/login
Request URI:	https://practice.expandtesting.com/notes/api/users/login
Request URI:	https://practice.expandtesting.com/notes/api/users/login
Request URI:	https://practice.expandtesting.com/notes/api/users/login
Request URI:	https://practice.expandtesting.com/notes/api/users/login
Request URI:	https://practice.expandtesting.com/notes/api/users/login
Request URI:	https://practice.expandtesting.com/notes/api/users/login
Request URI:	https://practice.expandtesting.com/notes/api/users/login
Request URI:	https://practice.expandtesting.com/notes/api/users/login
Request URI:	https://practice.expandtesting.com/notes/api/users/login
Request URI:	https://practice.expandtesting.com/notes/api/users/login
Request URI:	https://practice.expandtesting.com/notes/api/users/login
Request URI:	https://practice.expandtesting.com/notes/api/users/login
Request URI:	https://practice.expandtesting.com/notes/api/users/login
Request URI:	https://practice.expandtesting.com/notes/api/users/login
Request URI:	https://practice.expandtesting.com/notes/api/users/login
Request URI:	https://practice.expandtesting.com/notes/api/users/login
Request URI:	https://practice.expandtesting.com/notes/api/users/login
Request URI:	https://practice.expandtesting.com/notes/api/users/login
Request URI:	https://practice.expandtesting.com/notes/api/users/login
Request URI:	https://practice.expandtesting.com/notes/api/users/login
Request URI:	https://practice.expandtesting.com/notes/api/users/login
Request URI:	https://practice.expandtesting.com/notes/api/users/login
Request URI:	https://practice.expandtesting.com/notes/api/users/login
Request URI:	https://practice.expandtesting.com/notes/api/users/login
Request URI:	https://practice.expandtesting.com/notes/api/users/login
Request URI:	https://practice.expandtesting.com/notes/api/users/login
Request URI:	https://practice.expandtesting.com/notes/api/users/login
Request URI:	https://practice.expandtesting.com/notes/api/users/login
Request URI:	https://practice.expandtesting.com/notes/api/users/login
HTTP/1.1 200 OK
access-control-allow-origin: *
access-control-allow-credentials: true
access-control-allow-methods: GET, POST, PUT, DELETE, PATCH
access-control-allow-headers: Origin, X-Requested-With, Authorization, Content-Type, Accept, X-Auth-Token
content-type: application/json; charset=utf-8
content-encoding: gzip
etag: W/"e6-B7AsG/ZhiKuNeJ6quQjI10IupZw"
set-cookie: express:sess=eyJmbGFzaCI6e319; path=/; httponly
set-cookie: express:sess.sig=tdt42nQZiQvICqmrvHQ1_16fHk0; path=/; httponly
date: Sat, 19 Jul 2025 13:25:40 GMT
connection: keep-alive
keep-alive: timeout=5
transfer-encoding: chunked

{
    "success": true,
    "status": 200,
    "message": "Login successful",
    "data": {
        "id": "687b9cd49d1b4b028865d926",
        "name": "angel.gerhold",
        "email": "lilian.boehm@yahoo.com",
        "token": "ef01e06cbbe146158fa417631ed5c41a2a0bb1bf7214480d8c8aaa93a036fa62"
    }
}
Request URI:	https://practice.expandtesting.com/notes/api/users/register
Request URI:	https://practice.expandtesting.com/notes/api/users/register
Request URI:	https://practice.expandtesting.com/notes/api/users/register
Request URI:	https://practice.expandtesting.com/notes/api/users/register
Request URI:	https://practice.expandtesting.com/notes/api/users/register
Request URI:	https://practice.expandtesting.com/notes/api/users/register
Request URI:	https://practice.expandtesting.com/notes/api/users/register
Request URI:	https://practice.expandtesting.com/notes/api/users/register
Request URI:	https://practice.expandtesting.com/notes/api/users/register
Request URI:	https://practice.expandtesting.com/notes/api/users/register
Request URI:	https://practice.expandtesting.com/notes/api/users/register
Request URI:	https://practice.expandtesting.com/notes/api/users/register
Request URI:	https://practice.expandtesting.com/notes/api/users/register
Request URI:	https://practice.expandtesting.com/notes/api/users/register
Request URI:	https://practice.expandtesting.com/notes/api/users/register
Request URI:	https://practice.expandtesting.com/notes/api/users/register
Request URI:	https://practice.expandtesting.com/notes/api/users/register
Request URI:	https://practice.expandtesting.com/notes/api/users/register
Request URI:	https://practice.expandtesting.com/notes/api/users/register
Request URI:	https://practice.expandtesting.com/notes/api/users/register
Request URI:	https://practice.expandtesting.com/notes/api/users/register
Request URI:	https://practice.expandtesting.com/notes/api/users/register
Request URI:	https://practice.expandtesting.com/notes/api/users/register
Request URI:	https://practice.expandtesting.com/notes/api/users/register
Request URI:	https://practice.expandtesting.com/notes/api/users/register
Request URI:	https://practice.expandtesting.com/notes/api/users/register
Request URI:	https://practice.expandtesting.com/notes/api/users/register
Request URI:	https://practice.expandtesting.com/notes/api/users/register
Request URI:	https://practice.expandtesting.com/notes/api/users/register
Request URI:	https://practice.expandtesting.com/notes/api/users/register
Request URI:	https://practice.expandtesting.com/notes/api/users/register
Request URI:	https://practice.expandtesting.com/notes/api/users/register
Request URI:	https://practice.expandtesting.com/notes/api/users/register
Request URI:	https://practice.expandtesting.com/notes/api/users/register
Request URI:	https://practice.expandtesting.com/notes/api/users/register
Request URI:	https://practice.expandtesting.com/notes/api/users/register
Request URI:	https://practice.expandtesting.com/notes/api/users/register
Request URI:	https://practice.expandtesting.com/notes/api/users/register
Request URI:	https://practice.expandtesting.com/notes/api/users/register
Request URI:	https://practice.expandtesting.com/notes/api/users/register
Request URI:	https://practice.expandtesting.com/notes/api/users/register
Request URI:	https://practice.expandtesting.com/notes/api/users/register
Request URI:	https://practice.expandtesting.com/notes/api/users/register
Request URI:	https://practice.expandtesting.com/notes/api/users/register
Request URI:	https://practice.expandtesting.com/notes/api/users/register
Request URI:	https://practice.expandtesting.com/notes/api/users/register
Request URI:	https://practice.expandtesting.com/notes/api/users/register
Request URI:	https://practice.expandtesting.com/notes/api/users/register
Request URI:	https://practice.expandtesting.com/notes/api/users/register
Request URI:	https://practice.expandtesting.com/notes/api/users/register
Request URI:	https://practice.expandtesting.com/notes/api/users/register
Request URI:	https://practice.expandtesting.com/notes/api/users/register
Request URI:	https://practice.expandtesting.com/notes/api/users/register
Request URI:	https://practice.expandtesting.com/notes/api/users/register
Request URI:	https://practice.expandtesting.com/notes/api/users/register
Request URI:	https://practice.expandtesting.com/notes/api/users/register
Request URI:	https://practice.expandtesting.com/notes/api/users/register
Request URI:	https://practice.expandtesting.com/notes/api/users/register
Request URI:	https://practice.expandtesting.com/notes/api/users/register
Request URI:	https://practice.expandtesting.com/notes/api/users/register
Request URI:	https://practice.expandtesting.com/notes/api/users/register
Request URI:	https://practice.expandtesting.com/notes/api/users/register
Request URI:	https://practice.expandtesting.com/notes/api/users/register
Request URI:	https://practice.expandtesting.com/notes/api/users/register
Request URI:	https://practice.expandtesting.com/notes/api/users/register
Request URI:	https://practice.expandtesting.com/notes/api/users/register
Request URI:	https://practice.expandtesting.com/notes/api/users/register
Request URI:	https://practice.expandtesting.com/notes/api/users/register
Request method:	POST
Request URI:	https://practice.expandtesting.com/notes/api/users/register
Proxy:			<none>
Request params:	<none>
Query params:	<none>
Form params:	<none>
Path params:	<none>
Headers:		X-Auth-Token=ef01e06cbbe146158fa417631ed5c41a2a0bb1bf7214480d8c8aaa93a036fa62
				Accept=*/*
				Content-Type=application/json
Cookies:		<none>
Multiparts:		<none>
Body:
{
    "email": "rjgmrtgm@irkmre.com,",
    "password": "1sbwcvt6g",
    "name": "angel.gerhold"
}
HTTP/1.1 400 Bad Request
access-control-allow-origin: *
access-control-allow-credentials: true
access-control-allow-methods: GET, POST, PUT, DELETE, PATCH
access-control-allow-headers: Origin, X-Requested-With, Authorization, Content-Type, Accept, X-Auth-Token
content-type: application/json; charset=utf-8
content-encoding: gzip
etag: W/"4c-2CHdrZOfnaVxbkWhhDN4H2L/4l8"
set-cookie: express:sess=eyJmbGFzaCI6e319; path=/; httponly
set-cookie: express:sess.sig=tdt42nQZiQvICqmrvHQ1_16fHk0; path=/; httponly
date: Sat, 19 Jul 2025 13:25:41 GMT
connection: keep-alive
keep-alive: timeout=5
transfer-encoding: chunked

{
    "success": false,
    "status": 400,
    "message": "A valid email address is required"
}
]]></system-out>
  <system-err><![CDATA[]]></system-err>
</testsuite>
